#***************************************************************************

#sjplacer

#Version:            1.1

#Build Date:         Apr 29 2016 09:00:55

#File Generated:     May 11 2017 17:05:46

#Purpose:            

#Copyright (C) 2010-2011 by Softjin Technologies Pvt Ltd. All rights reserved.

#***************************************************************************

Executing : C:\Program Files (x86)\Cypress\PSoC Creator\4.0\PSoC Creator\bin/sjplacer.exe --proj-name Hummingbird(Continuous Output) --netlist-vh2 Hummingbird(Continuous Output)_p.vh2 --arch-file C:\Program Files (x86)\Cypress\PSoC Creator\4.0\PSoC Creator\dev/arch/p35_udb4x6.ark --rrg-file C:\Program Files (x86)\Cypress\PSoC Creator\4.0\PSoC Creator\dev/psoc5/psoc5lp/route_arch-rrg.cydata --irq-file C:\Program Files (x86)\Cypress\PSoC Creator\4.0\PSoC Creator\dev/psoc5/psoc5lp/irqconn.cydata --drq-file C:\Program Files (x86)\Cypress\PSoC Creator\4.0\PSoC Creator\dev/psoc5/psoc5lp/dmaconn.cydata --dsi-conn-file C:\Program Files (x86)\Cypress\PSoC Creator\4.0\PSoC Creator\dev/psoc5/psoc5lp/dsiconn.cydata --pins-file pins_68-QFN.xml --lib-file Hummingbird(Continuous Output)_p.lib --sdc-file Hummingbird(Continuous Output).sdc --io-pcf Hummingbird(Continuous Output).pci --outdir .

		Softjin Techologies Placer, Version 1.1

Build Date : Apr 29 2016	08:58:44

D2004: Option and Settings Summary
=============================================================
Netlist vh2 file          - Hummingbird(Continuous Output)_p.vh2
Architecture file         - C:\Program Files (x86)\Cypress\PSoC Creator\4.0\PSoC Creator\dev/arch/p35_udb4x6.ark
Package                   - 
Defparam file             - 
SDC file                  - Hummingbird(Continuous Output).sdc
Output directory          - .
Timing library            - Hummingbird(Continuous Output)_p.lib
IO Placement file         - Hummingbird(Continuous Output).pci

D2050: Starting reading inputs for placer
=============================================================
D2065: Reading netlist file : "Hummingbird(Continuous Output)_p.vh2"
D2065: Reading arch file : "C:\Program Files (x86)\Cypress\PSoC Creator\4.0\PSoC Creator\dev/arch/p35_udb4x6.ark"
D2051: Reading of inputs for placer completed successfully

D2053: Starting placement of the design
=============================================================

Phase 2
Phase 3

Design Statistics after Packing
    Number of Combinational MCs 	:	25
    Number of Sequential MCs    	:	105
    Number of DPs               	:	14
    Number of Controls          	:	6
    Number of Status            	:	8
    Number of SyncCells         	:	3
    Number of count7cells       	:	3

Device Utilization Summary after Packing
    Macrocells                  :	130/192
    UDBS                        :	24/24
    IOs                         :	11/72


D2088: Phase 3, elapsed time : 0.0 (sec)

Phase 4
D2088: Phase 4, elapsed time : 0.0 (sec)

Phase 5
D2088: Phase 5, elapsed time : 0.0 (sec)

Phase 6

######################################################################
Placement Timing Summary

The timing summary is based on estimated routing delays after
placement. For final timing report, please carry out the timing
analysis after routing.
======================================================================

######################################################################
                     Clock Summary 
======================================================================
Number of clocks: 12
Clock: ADC_MIC_theACLK      | Frequency: N/A       | Target:   1.0 MHz
Clock: ADC_MIC_theACLK(routed) | Frequency: N/A       | Target:   1.0 MHz
Clock: ADC_UI_IntClock      | Frequency:  33.6 MHz | Target:   1.0 MHz
Clock: ADC_UI_IntClock(routed) | Frequency: N/A       | Target:   1.0 MHz
Clock: Clock_1              | Frequency:  46.9 MHz | Target:   0.3 MHz
Clock: Clock_2              | Frequency:  43.6 MHz | Target:   0.3 MHz
Clock: CyBUS_CLK            | Frequency:  56.3 MHz | Target:  60.0 MHz
Clock: CyBUS_CLK(fixed-function) | Frequency: N/A       | Target:  60.0 MHz
Clock: CyILO                | Frequency: N/A       | Target:   0.1 MHz
Clock: CyIMO                | Frequency: N/A       | Target:  24.0 MHz
Clock: CyMASTER_CLK         | Frequency: N/A       | Target:  60.0 MHz
Clock: CyPLL_OUT            | Frequency: N/A       | Target:  60.0 MHz

======================================================================
                     End of Clock Summary
######################################################################

D2088: Phase 6, elapsed time : 0.2 (sec)

Phase 7
######################################################################
                     Clock Summary 
======================================================================
Number of clocks: 12
Clock: ADC_MIC_theACLK      | Frequency: N/A       | Target:   1.0 MHz
Clock: ADC_MIC_theACLK(routed) | Frequency: N/A       | Target:   1.0 MHz
Clock: ADC_UI_IntClock      | Frequency:  18.0 MHz | Target:   1.0 MHz
Clock: ADC_UI_IntClock(routed) | Frequency: N/A       | Target:   1.0 MHz
Clock: Clock_1              | Frequency:  52.1 MHz | Target:   0.3 MHz
Clock: Clock_2              | Frequency:  42.6 MHz | Target:   0.3 MHz
Clock: CyBUS_CLK            | Frequency:  18.0 MHz | Target:  60.0 MHz
Clock: CyBUS_CLK(fixed-function) | Frequency: N/A       | Target:  60.0 MHz
Clock: CyILO                | Frequency: N/A       | Target:   0.1 MHz
Clock: CyIMO                | Frequency: N/A       | Target:  24.0 MHz
Clock: CyMASTER_CLK         | Frequency: N/A       | Target:  60.0 MHz
Clock: CyPLL_OUT            | Frequency: N/A       | Target:  60.0 MHz

======================================================================
                     End of Clock Summary
######################################################################
D2088: Phase 7, elapsed time : 3.5 (sec)

Final Design Statistics
    Number of Combinational MCs 	:	25
    Number of Sequential MCs    	:	105
    Number of DPs               	:	14
    Number of Controls          	:	6
    Number of Status            	:	8
    Number of SyncCells         	:	3
    Number of count7cells       	:	3
    Number of IOs       	:	11

Device Utilization Summary
    Macrocells                  :	130/192
    IOs                         :	11/72



######################################################################
Placement Timing Summary

The timing summary is based on estimated routing delays after
placement. For final timing report, please carry out the timing
analysis after routing.
======================================================================


######################################################################
                     Clock Summary 
======================================================================
Number of clocks: 12
Clock: ADC_MIC_theACLK      | Frequency: N/A       | Target:   1.0 MHz
Clock: ADC_MIC_theACLK(routed) | Frequency: N/A       | Target:   1.0 MHz
Clock: ADC_UI_IntClock      | Frequency:  18.0 MHz | Target:   1.0 MHz
Clock: ADC_UI_IntClock(routed) | Frequency: N/A       | Target:   1.0 MHz
Clock: Clock_1              | Frequency:  48.6 MHz | Target:   0.3 MHz
Clock: Clock_2              | Frequency:  69.9 MHz | Target:   0.3 MHz
Clock: CyBUS_CLK            | Frequency:  18.0 MHz | Target:  60.0 MHz
Clock: CyBUS_CLK(fixed-function) | Frequency: N/A       | Target:  60.0 MHz
Clock: CyILO                | Frequency: N/A       | Target:   0.1 MHz
Clock: CyIMO                | Frequency: N/A       | Target:  24.0 MHz
Clock: CyMASTER_CLK         | Frequency: N/A       | Target:  60.0 MHz
Clock: CyPLL_OUT            | Frequency: N/A       | Target:  60.0 MHz

======================================================================
                     End of Clock Summary
######################################################################

Phase 8
D2088: Phase 8, elapsed time : 0.0 (sec)

D2054: Placement of the design completed successfully

I2076: Total run-time: 4.5 sec.

