--------------- Build Started: 02/21/2017 15:19:13 Project: CE95395, Configuration: DP8051 Keil 9.51 Debug ---------------
cydsfit.exe -.appdatapath "C:\Users\mgronber\AppData\Local\Cypress Semiconductor\PSoC Creator\4.0" -.fdsnotice -.fdswarpdepfile=warp_dependencies.txt -.fdselabdepfile=elab_dependencies.txt -.fdsbldfile=generated_files.txt -.fdsreffile=referenced_files.txt -p C:\Users\mgronber\Downloads\CE95395\CE95395.cydsn\CE95395.cyprj -d CY8C3866AXI-040 -s C:\Users\mgronber\Downloads\CE95395\CE95395.cydsn\Generated_Source\PSoC3 -- -yv2 -q10 -ygs -o2 -v3 -.fftcfgtype=BE
Elaborating Design...
ADD: pft.M0074: information: A (re)build is required to use the analog device editor. Unable to load the necessary information from the cyfit file. Partial/wrong data will be displayed until this has been resolved.
 * C:\Users\mgronber\Downloads\CE95395\CE95395.cydsn\CE95395.cydwr ()
HDL Generation...
Synthesis...
Tech Mapping...
ADD: pft.M0040: information: The following 2 pin(s) will be assigned a location by the fitter: \USB:Dm(0)\, \USB:Dp(0)\
Analog Placement...
Analog Routing...
Analog Code Generation...
Digital Placement...
Digital Routing...
Bitstream Generation...
Bitstream Verification...
Static timing analysis...
API Generation...
DEL: pft.M0074: information: A (re)build is required to use the analog device editor. Unable to load the necessary information from the cyfit file. Partial/wrong data will be displayed until this has been resolved.
 * C:\Users\mgronber\Downloads\CE95395\CE95395.cydsn\CE95395.cydwr ()
Dependency Generation...
Cleanup...
c51.exe main.c NOIV LARGE MODDP2 OMF2 VB(1) NOIP "INCDIR(., Generated_Source\PSoC3)" FF(3) DB WL(2) PR(.\DP8051\DP8051_Keil_951\Debug/main.lst) CD OT(2 ,Size) OJ(.\DP8051\DP8051_Keil_951\Debug\main.obj)
c51.exe Generated_Source\PSoC3\MIDI1_UART_INT.c NOIV LARGE MODDP2 OMF2 VB(1) NOIP "INCDIR(., Generated_Source\PSoC3)" FF(3) DB WL(2) PR(.\DP8051\DP8051_Keil_951\Debug/MIDI1_UART_INT.lst) CD OT(2 ,Size) OJ(.\DP8051\DP8051_Keil_951\Debug\MIDI1_UART_INT.obj)
c51.exe Generated_Source\PSoC3\MIDI1_UART.c NOIV LARGE MODDP2 OMF2 VB(1) NOIP "INCDIR(., Generated_Source\PSoC3)" FF(3) DB WL(2) PR(.\DP8051\DP8051_Keil_951\Debug/MIDI1_UART.lst) CD OT(2 ,Size) OJ(.\DP8051\DP8051_Keil_951\Debug\MIDI1_UART.obj)
c51.exe Generated_Source\PSoC3\MIDI1_UART_PM.c NOIV LARGE MODDP2 OMF2 VB(1) NOIP "INCDIR(., Generated_Source\PSoC3)" FF(3) DB WL(2) PR(.\DP8051\DP8051_Keil_951\Debug/MIDI1_UART_PM.lst) CD OT(2 ,Size) OJ(.\DP8051\DP8051_Keil_951\Debug\MIDI1_UART_PM.obj)
c51.exe Generated_Source\PSoC3\MIDI1_UART_BOOT.c NOIV LARGE MODDP2 OMF2 VB(1) NOIP "INCDIR(., Generated_Source\PSoC3)" FF(3) DB WL(2) PR(.\DP8051\DP8051_Keil_951\Debug/MIDI1_UART_BOOT.lst) CD OT(2 ,Size) OJ(.\DP8051\DP8051_Keil_951\Debug\MIDI1_UART_BOOT.obj)
c51.exe Generated_Source\PSoC3\MIDI2_UART_INT.c NOIV LARGE MODDP2 OMF2 VB(1) NOIP "INCDIR(., Generated_Source\PSoC3)" FF(3) DB WL(2) PR(.\DP8051\DP8051_Keil_951\Debug/MIDI2_UART_INT.lst) CD OT(2 ,Size) OJ(.\DP8051\DP8051_Keil_951\Debug\MIDI2_UART_INT.obj)
c51.exe Generated_Source\PSoC3\MIDI2_UART.c NOIV LARGE MODDP2 OMF2 VB(1) NOIP "INCDIR(., Generated_Source\PSoC3)" FF(3) DB WL(2) PR(.\DP8051\DP8051_Keil_951\Debug/MIDI2_UART.lst) CD OT(2 ,Size) OJ(.\DP8051\DP8051_Keil_951\Debug\MIDI2_UART.obj)
c51.exe Generated_Source\PSoC3\MIDI2_UART_PM.c NOIV LARGE MODDP2 OMF2 VB(1) NOIP "INCDIR(., Generated_Source\PSoC3)" FF(3) DB WL(2) PR(.\DP8051\DP8051_Keil_951\Debug/MIDI2_UART_PM.lst) CD OT(2 ,Size) OJ(.\DP8051\DP8051_Keil_951\Debug\MIDI2_UART_PM.obj)
c51.exe Generated_Source\PSoC3\MIDI2_UART_BOOT.c NOIV LARGE MODDP2 OMF2 VB(1) NOIP "INCDIR(., Generated_Source\PSoC3)" FF(3) DB WL(2) PR(.\DP8051\DP8051_Keil_951\Debug/MIDI2_UART_BOOT.lst) CD OT(2 ,Size) OJ(.\DP8051\DP8051_Keil_951\Debug\MIDI2_UART_BOOT.obj)
c51.exe Generated_Source\PSoC3\cyfitter_cfg.c NOIV LARGE MODDP2 OMF2 VB(1) NOIP "INCDIR(., Generated_Source\PSoC3)" FF(3) DB WL(2) PR(.\DP8051\DP8051_Keil_951\Debug/cyfitter_cfg.lst) CD OT(2 ,Size) OJ(.\DP8051\DP8051_Keil_951\Debug\cyfitter_cfg.obj)
c51.exe Generated_Source\PSoC3\SW2.c NOIV LARGE MODDP2 OMF2 VB(1) NOIP "INCDIR(., Generated_Source\PSoC3)" FF(3) DB WL(2) PR(.\DP8051\DP8051_Keil_951\Debug/SW2.lst) CD OT(2 ,Size) OJ(.\DP8051\DP8051_Keil_951\Debug\SW2.obj)
c51.exe Generated_Source\PSoC3\SleepTimer.c NOIV LARGE MODDP2 OMF2 VB(1) NOIP "INCDIR(., Generated_Source\PSoC3)" FF(3) DB WL(2) PR(.\DP8051\DP8051_Keil_951\Debug/SleepTimer.lst) CD OT(2 ,Size) OJ(.\DP8051\DP8051_Keil_951\Debug\SleepTimer.obj)
c51.exe Generated_Source\PSoC3\SW1.c NOIV LARGE MODDP2 OMF2 VB(1) NOIP "INCDIR(., Generated_Source\PSoC3)" FF(3) DB WL(2) PR(.\DP8051\DP8051_Keil_951\Debug/SW1.lst) CD OT(2 ,Size) OJ(.\DP8051\DP8051_Keil_951\Debug\SW1.obj)
c51.exe Generated_Source\PSoC3\MIDI_PWR.c NOIV LARGE MODDP2 OMF2 VB(1) NOIP "INCDIR(., Generated_Source\PSoC3)" FF(3) DB WL(2) PR(.\DP8051\DP8051_Keil_951\Debug/MIDI_PWR.lst) CD OT(2 ,Size) OJ(.\DP8051\DP8051_Keil_951\Debug\MIDI_PWR.obj)
c51.exe Generated_Source\PSoC3\LED_OutB.c NOIV LARGE MODDP2 OMF2 VB(1) NOIP "INCDIR(., Generated_Source\PSoC3)" FF(3) DB WL(2) PR(.\DP8051\DP8051_Keil_951\Debug/LED_OutB.lst) CD OT(2 ,Size) OJ(.\DP8051\DP8051_Keil_951\Debug\LED_OutB.obj)
c51.exe Generated_Source\PSoC3\LED_InB.c NOIV LARGE MODDP2 OMF2 VB(1) NOIP "INCDIR(., Generated_Source\PSoC3)" FF(3) DB WL(2) PR(.\DP8051\DP8051_Keil_951\Debug/LED_InB.lst) CD OT(2 ,Size) OJ(.\DP8051\DP8051_Keil_951\Debug\LED_InB.obj)
c51.exe Generated_Source\PSoC3\LED_OutA.c NOIV LARGE MODDP2 OMF2 VB(1) NOIP "INCDIR(., Generated_Source\PSoC3)" FF(3) DB WL(2) PR(.\DP8051\DP8051_Keil_951\Debug/LED_OutA.lst) CD OT(2 ,Size) OJ(.\DP8051\DP8051_Keil_951\Debug\LED_OutA.obj)
c51.exe Generated_Source\PSoC3\LED_InA.c NOIV LARGE MODDP2 OMF2 VB(1) NOIP "INCDIR(., Generated_Source\PSoC3)" FF(3) DB WL(2) PR(.\DP8051\DP8051_Keil_951\Debug/LED_InA.lst) CD OT(2 ,Size) OJ(.\DP8051\DP8051_Keil_951\Debug\LED_InA.obj)
c51.exe Generated_Source\PSoC3\Clock_1.c NOIV LARGE MODDP2 OMF2 VB(1) NOIP "INCDIR(., Generated_Source\PSoC3)" FF(3) DB WL(2) PR(.\DP8051\DP8051_Keil_951\Debug/Clock_1.lst) CD OT(2 ,Size) OJ(.\DP8051\DP8051_Keil_951\Debug\Clock_1.obj)
c51.exe Generated_Source\PSoC3\USB.c NOIV LARGE MODDP2 OMF2 VB(1) NOIP "INCDIR(., Generated_Source\PSoC3)" FF(3) DB WL(2) PR(.\DP8051\DP8051_Keil_951\Debug/USB.lst) CD OT(2 ,Size) OJ(.\DP8051\DP8051_Keil_951\Debug\USB.obj)
c51.exe Generated_Source\PSoC3\USB_audio.c NOIV LARGE MODDP2 OMF2 VB(1) NOIP "INCDIR(., Generated_Source\PSoC3)" FF(3) DB WL(2) PR(.\DP8051\DP8051_Keil_951\Debug/USB_audio.lst) CD OT(2 ,Size) OJ(.\DP8051\DP8051_Keil_951\Debug\USB_audio.obj)
c51.exe Generated_Source\PSoC3\USB_boot.c NOIV LARGE MODDP2 OMF2 VB(1) NOIP "INCDIR(., Generated_Source\PSoC3)" FF(3) DB WL(2) PR(.\DP8051\DP8051_Keil_951\Debug/USB_boot.lst) CD OT(2 ,Size) OJ(.\DP8051\DP8051_Keil_951\Debug\USB_boot.obj)
c51.exe Generated_Source\PSoC3\USB_cdc.c NOIV LARGE MODDP2 OMF2 VB(1) NOIP "INCDIR(., Generated_Source\PSoC3)" FF(3) DB WL(2) PR(.\DP8051\DP8051_Keil_951\Debug/USB_cdc.lst) CD OT(2 ,Size) OJ(.\DP8051\DP8051_Keil_951\Debug\USB_cdc.obj)
c51.exe Generated_Source\PSoC3\USB_cls.c NOIV LARGE MODDP2 OMF2 VB(1) NOIP "INCDIR(., Generated_Source\PSoC3)" FF(3) DB WL(2) PR(.\DP8051\DP8051_Keil_951\Debug/USB_cls.lst) CD OT(2 ,Size) OJ(.\DP8051\DP8051_Keil_951\Debug\USB_cls.obj)
c51.exe Generated_Source\PSoC3\USB_descr.c NOIV LARGE MODDP2 OMF2 VB(1) NOIP "INCDIR(., Generated_Source\PSoC3)" FF(3) DB WL(2) PR(.\DP8051\DP8051_Keil_951\Debug/USB_descr.lst) CD OT(2 ,Size) OJ(.\DP8051\DP8051_Keil_951\Debug\USB_descr.obj)
c51.exe Generated_Source\PSoC3\USB_drv.c NOIV LARGE MODDP2 OMF2 VB(1) NOIP "INCDIR(., Generated_Source\PSoC3)" FF(3) DB WL(2) PR(.\DP8051\DP8051_Keil_951\Debug/USB_drv.lst) CD OT(2 ,Size) OJ(.\DP8051\DP8051_Keil_951\Debug\USB_drv.obj)
c51.exe Generated_Source\PSoC3\USB_episr.c NOIV LARGE MODDP2 OMF2 VB(1) NOIP "INCDIR(., Generated_Source\PSoC3)" FF(3) DB WL(2) PR(.\DP8051\DP8051_Keil_951\Debug/USB_episr.lst) CD OT(2 ,Size) OJ(.\DP8051\DP8051_Keil_951\Debug\USB_episr.obj)
c51.exe Generated_Source\PSoC3\USB_hid.c NOIV LARGE MODDP2 OMF2 VB(1) NOIP "INCDIR(., Generated_Source\PSoC3)" FF(3) DB WL(2) PR(.\DP8051\DP8051_Keil_951\Debug/USB_hid.lst) CD OT(2 ,Size) OJ(.\DP8051\DP8051_Keil_951\Debug\USB_hid.obj)
c51.exe Generated_Source\PSoC3\USB_pm.c NOIV LARGE MODDP2 OMF2 VB(1) NOIP "INCDIR(., Generated_Source\PSoC3)" FF(3) DB WL(2) PR(.\DP8051\DP8051_Keil_951\Debug/USB_pm.lst) CD OT(2 ,Size) OJ(.\DP8051\DP8051_Keil_951\Debug\USB_pm.obj)
c51.exe Generated_Source\PSoC3\USB_std.c NOIV LARGE MODDP2 OMF2 VB(1) NOIP "INCDIR(., Generated_Source\PSoC3)" FF(3) DB WL(2) PR(.\DP8051\DP8051_Keil_951\Debug/USB_std.lst) CD OT(2 ,Size) OJ(.\DP8051\DP8051_Keil_951\Debug\USB_std.obj)
c51.exe Generated_Source\PSoC3\USB_vnd.c NOIV LARGE MODDP2 OMF2 VB(1) NOIP "INCDIR(., Generated_Source\PSoC3)" FF(3) DB WL(2) PR(.\DP8051\DP8051_Keil_951\Debug/USB_vnd.lst) CD OT(2 ,Size) OJ(.\DP8051\DP8051_Keil_951\Debug\USB_vnd.obj)
c51.exe Generated_Source\PSoC3\USB_midi.c NOIV LARGE MODDP2 OMF2 VB(1) NOIP "INCDIR(., Generated_Source\PSoC3)" FF(3) DB WL(2) PR(.\DP8051\DP8051_Keil_951\Debug/USB_midi.lst) CD OT(2 ,Size) OJ(.\DP8051\DP8051_Keil_951\Debug\USB_midi.obj)
c51.exe Generated_Source\PSoC3\Sleep_isr.c NOIV LARGE MODDP2 OMF2 VB(1) NOIP "INCDIR(., Generated_Source\PSoC3)" FF(3) DB WL(2) PR(.\DP8051\DP8051_Keil_951\Debug/Sleep_isr.lst) CD OT(2 ,Size) OJ(.\DP8051\DP8051_Keil_951\Debug\Sleep_isr.obj)
c51.exe Generated_Source\PSoC3\USB_Dm.c NOIV LARGE MODDP2 OMF2 VB(1) NOIP "INCDIR(., Generated_Source\PSoC3)" FF(3) DB WL(2) PR(.\DP8051\DP8051_Keil_951\Debug/USB_Dm.lst) CD OT(2 ,Size) OJ(.\DP8051\DP8051_Keil_951\Debug\USB_Dm.obj)
c51.exe Generated_Source\PSoC3\USB_Dp.c NOIV LARGE MODDP2 OMF2 VB(1) NOIP "INCDIR(., Generated_Source\PSoC3)" FF(3) DB WL(2) PR(.\DP8051\DP8051_Keil_951\Debug/USB_Dp.lst) CD OT(2 ,Size) OJ(.\DP8051\DP8051_Keil_951\Debug\USB_Dp.obj)
c51.exe Generated_Source\PSoC3\CyDmac.c NOIV LARGE MODDP2 OMF2 VB(1) NOIP "INCDIR(., Generated_Source\PSoC3)" FF(3) DB WL(2) PR(.\DP8051\DP8051_Keil_951\Debug/CyDmac.lst) CD OT(2 ,Size) OJ(.\DP8051\DP8051_Keil_951\Debug\CyDmac.obj)
c51.exe Generated_Source\PSoC3\CyFlash.c NOIV LARGE MODDP2 OMF2 VB(1) NOIP "INCDIR(., Generated_Source\PSoC3)" FF(3) DB WL(2) PR(.\DP8051\DP8051_Keil_951\Debug/CyFlash.lst) CD OT(2 ,Size) OJ(.\DP8051\DP8051_Keil_951\Debug\CyFlash.obj)
c51.exe Generated_Source\PSoC3\CyLib.c NOIV LARGE MODDP2 OMF2 VB(1) NOIP "INCDIR(., Generated_Source\PSoC3)" FF(3) DB WL(2) PR(.\DP8051\DP8051_Keil_951\Debug/CyLib.lst) CD OT(2 ,Size) OJ(.\DP8051\DP8051_Keil_951\Debug\CyLib.obj)
c51.exe Generated_Source\PSoC3\cyPm.c NOIV LARGE MODDP2 OMF2 VB(1) NOIP "INCDIR(., Generated_Source\PSoC3)" FF(3) DB WL(2) PR(.\DP8051\DP8051_Keil_951\Debug/cyPm.lst) CD OT(2 ,Size) OJ(.\DP8051\DP8051_Keil_951\Debug\cyPm.obj)
c51.exe Generated_Source\PSoC3\CySpc.c NOIV LARGE MODDP2 OMF2 VB(1) NOIP "INCDIR(., Generated_Source\PSoC3)" FF(3) DB WL(2) PR(.\DP8051\DP8051_Keil_951\Debug/CySpc.lst) CD OT(2 ,Size) OJ(.\DP8051\DP8051_Keil_951\Debug\CySpc.obj)
c51.exe Generated_Source\PSoC3\cyutils.c NOIV LARGE MODDP2 OMF2 VB(1) NOIP "INCDIR(., Generated_Source\PSoC3)" FF(3) DB WL(2) PR(.\DP8051\DP8051_Keil_951\Debug/cyutils.lst) CD OT(2 ,Size) OJ(.\DP8051\DP8051_Keil_951\Debug\cyutils.obj)
Ax51.exe Generated_Source\PSoC3\CyBootAsmKeil.a51 CASE EP "INCDIR(., Generated_Source\PSoC3)" DB MACRO NOCO PR(.\DP8051\DP8051_Keil_951\Debug/CyBootAsmKeil.lst) OJ(.\DP8051\DP8051_Keil_951\Debug\CyBootAsmKeil.obj)
Ax51.exe Generated_Source\PSoC3\cymem.a51 CASE EP "INCDIR(., Generated_Source\PSoC3)" DB MACRO NOCO PR(.\DP8051\DP8051_Keil_951\Debug/cymem.lst) OJ(.\DP8051\DP8051_Keil_951\Debug\cymem.obj)
Ax51.exe Generated_Source\PSoC3\KeilStart.a51 CASE EP "INCDIR(., Generated_Source\PSoC3)" DB MACRO NOCO PR(.\DP8051\DP8051_Keil_951\Debug/KeilStart.lst) OJ(.\DP8051\DP8051_Keil_951\Debug\KeilStart.obj)
LIBX51.exe TRANSFER '.\DP8051\DP8051_Keil_951\Debug\MIDI1_UART_INT.obj', '.\DP8051\DP8051_Keil_951\Debug\MIDI1_UART.obj', '.\DP8051\DP8051_Keil_951\Debug\MIDI1_UART_PM.obj', '.\DP8051\DP8051_Keil_951\Debug\MIDI1_UART_BOOT.obj', '.\DP8051\DP8051_Keil_951\Debug\MIDI2_UART_INT.obj', '.\DP8051\DP8051_Keil_951\Debug\MIDI2_UART.obj', '.\DP8051\DP8051_Keil_951\Debug\MIDI2_UART_PM.obj', '.\DP8051\DP8051_Keil_951\Debug\MIDI2_UART_BOOT.obj', '.\DP8051\DP8051_Keil_951\Debug\cyfitter_cfg.obj', '.\DP8051\DP8051_Keil_951\Debug\SW2.obj', '.\DP8051\DP8051_Keil_951\Debug\SleepTimer.obj', '.\DP8051\DP8051_Keil_951\Debug\SW1.obj', '.\DP8051\DP8051_Keil_951\Debug\MIDI_PWR.obj', '.\DP8051\DP8051_Keil_951\Debug\LED_OutB.obj', '.\DP8051\DP8051_Keil_951\Debug\LED_InB.obj', '.\DP8051\DP8051_Keil_951\Debug\LED_OutA.obj', '.\DP8051\DP8051_Keil_951\Debug\LED_InA.obj', '.\DP8051\DP8051_Keil_951\Debug\Clock_1.obj', '.\DP8051\DP8051_Keil_951\Debug\USB.obj', '.\DP8051\DP8051_Keil_951\Debug\USB_audio.obj', '.\DP8051\DP8051_Keil_951\Debug\USB_boot.obj', '.\DP8051\DP8051_Keil_951\Debug\USB_cdc.obj', '.\DP8051\DP8051_Keil_951\Debug\USB_cls.obj', '.\DP8051\DP8051_Keil_951\Debug\USB_descr.obj', '.\DP8051\DP8051_Keil_951\Debug\USB_drv.obj', '.\DP8051\DP8051_Keil_951\Debug\USB_episr.obj', '.\DP8051\DP8051_Keil_951\Debug\USB_hid.obj', '.\DP8051\DP8051_Keil_951\Debug\USB_pm.obj', '.\DP8051\DP8051_Keil_951\Debug\USB_std.obj', '.\DP8051\DP8051_Keil_951\Debug\USB_vnd.obj', '.\DP8051\DP8051_Keil_951\Debug\USB_midi.obj', '.\DP8051\DP8051_Keil_951\Debug\Sleep_isr.obj', '.\DP8051\DP8051_Keil_951\Debug\USB_Dm.obj', '.\DP8051\DP8051_Keil_951\Debug\USB_Dp.obj', '.\DP8051\DP8051_Keil_951\Debug\CyDmac.obj', '.\DP8051\DP8051_Keil_951\Debug\CyFlash.obj', '.\DP8051\DP8051_Keil_951\Debug\CyLib.obj', '.\DP8051\DP8051_Keil_951\Debug\cyPm.obj', '.\DP8051\DP8051_Keil_951\Debug\CySpc.obj', '.\DP8051\DP8051_Keil_951\Debug\cyutils.obj', '.\DP8051\DP8051_Keil_951\Debug\CyBootAsmKeil.obj', '.\DP8051\DP8051_Keil_951\Debug\cymem.obj', '.\DP8051\DP8051_Keil_951\Debug\KeilStart.obj' TO '.\DP8051\DP8051_Keil_951\Debug\CE95395.lib'
LX51.exe '.\DP8051\DP8051_Keil_951\Debug\main.obj', '.\DP8051\DP8051_Keil_951\Debug\CE95395.lib', 'C:\Program Files (x86)\Cypress\PSoC Creator\4.0\PSoC Creator\psoc\content\cycomponentlibrary\CyComponentLibrary.cylib\DP8051\DP8051_Keil_951\Debug\CyComponentLibrary.lib' TO '.\DP8051\DP8051_Keil_951\Debug\CE95395.omf' CODE RU RC(10) DW(16) WL(2) PR(.\DP8051\DP8051_Keil_951\Debug/CE95395.map) IX CL(XDATA(X:0x0000-X:0x1FFF)) CL(CODE(C:0x0000-C:0xFFFF)) CL(CONST(C:0x0000-C:0xFFFF))
Program Size: data=24.0 xdata=1441 const=557 code=27738
OHx51.exe CE95395.omf HEXFILE(CE95395.ihx)
c8051-elf-omf2elf.exe CE95395.omf CE95395.elf
cyhextool -o .\DP8051\DP8051_Keil_951\Debug\CE95395.hex -f .\DP8051\DP8051_Keil_951\Debug\CE95395.ihx -prot Generated_Source\PSoC3\protect.hex -id 1E028069 -a EEPROM=90200000:800,PROGRAM=00000000:10000,CONFIG=80000000:2000,PROTECT=90400000:40 -meta 0301 -cunv 00004004 -wonv BC90ACAF -ecc Generated_Source\PSoC3\config.hex
Flash used: 28295 of 65536 bytes (43.2 %).
SRAM used: 1441 of 8192 bytes (17.6 %).
--------------- Build Succeeded: 02/21/2017 15:19:28 ---------------
