ARM GAS  C:\Users\mgronber\AppData\Local\Temp\ccpIxt28.s 			page 1


   1              		.syntax unified
   2              		.cpu cortex-m3
   3              		.fpu softvfp
   4              		.eabi_attribute 20, 1
   5              		.eabi_attribute 21, 1
   6              		.eabi_attribute 23, 3
   7              		.eabi_attribute 24, 1
   8              		.eabi_attribute 25, 1
   9              		.eabi_attribute 26, 1
  10              		.eabi_attribute 30, 2
  11              		.eabi_attribute 34, 1
  12              		.eabi_attribute 18, 4
  13              		.thumb
  14              		.file	"ADC_UI_PM.c"
  15              		.text
  16              	.Ltext0:
  17              		.cfi_sections	.debug_frame
  18              		.section	.text.ADC_UI_Sleep,"ax",%progbits
  19              		.align	2
  20              		.global	ADC_UI_Sleep
  21              		.thumb
  22              		.thumb_func
  23              		.type	ADC_UI_Sleep, %function
  24              	ADC_UI_Sleep:
  25              	.LFB0:
  26              		.file 1 "Generated_Source\\PSoC5\\ADC_UI_PM.c"
   1:Generated_Source\PSoC5/ADC_UI_PM.c **** /*******************************************************************************
   2:Generated_Source\PSoC5/ADC_UI_PM.c **** * File Name: ADC_UI_PM.c
   3:Generated_Source\PSoC5/ADC_UI_PM.c **** * Version 2.0
   4:Generated_Source\PSoC5/ADC_UI_PM.c **** *
   5:Generated_Source\PSoC5/ADC_UI_PM.c **** * Description:
   6:Generated_Source\PSoC5/ADC_UI_PM.c **** *  This file contains the setup, control and status commands to support
   7:Generated_Source\PSoC5/ADC_UI_PM.c **** *  component operations in low power mode.
   8:Generated_Source\PSoC5/ADC_UI_PM.c **** *
   9:Generated_Source\PSoC5/ADC_UI_PM.c **** * Note:
  10:Generated_Source\PSoC5/ADC_UI_PM.c **** *
  11:Generated_Source\PSoC5/ADC_UI_PM.c **** ********************************************************************************
  12:Generated_Source\PSoC5/ADC_UI_PM.c **** * Copyright 2012-2015, Cypress Semiconductor Corporation.  All rights reserved.
  13:Generated_Source\PSoC5/ADC_UI_PM.c **** * You may use this file only in accordance with the license, terms, conditions,
  14:Generated_Source\PSoC5/ADC_UI_PM.c **** * disclaimers, and limitations in the end user license agreement accompanying
  15:Generated_Source\PSoC5/ADC_UI_PM.c **** * the software package with which this file was provided.
  16:Generated_Source\PSoC5/ADC_UI_PM.c **** *******************************************************************************/
  17:Generated_Source\PSoC5/ADC_UI_PM.c **** 
  18:Generated_Source\PSoC5/ADC_UI_PM.c **** #include "ADC_UI.h"
  19:Generated_Source\PSoC5/ADC_UI_PM.c **** #include "ADC_UI_SAR.h"
  20:Generated_Source\PSoC5/ADC_UI_PM.c **** #if(ADC_UI_CLOCK_SOURCE == ADC_UI_CLOCK_INTERNAL)
  21:Generated_Source\PSoC5/ADC_UI_PM.c ****     #include "ADC_UI_IntClock.h"
  22:Generated_Source\PSoC5/ADC_UI_PM.c **** #endif   /* ADC_UI_CLOCK_SOURCE == ADC_UI_CLOCK_INTERNAL */
  23:Generated_Source\PSoC5/ADC_UI_PM.c **** 
  24:Generated_Source\PSoC5/ADC_UI_PM.c **** 
  25:Generated_Source\PSoC5/ADC_UI_PM.c **** /*******************************************************************************
  26:Generated_Source\PSoC5/ADC_UI_PM.c **** * Function Name: ADC_UI_Sleep
  27:Generated_Source\PSoC5/ADC_UI_PM.c **** ********************************************************************************
  28:Generated_Source\PSoC5/ADC_UI_PM.c **** *
  29:Generated_Source\PSoC5/ADC_UI_PM.c **** * Summary:
  30:Generated_Source\PSoC5/ADC_UI_PM.c **** *  Stops the ADC operation and saves the configuration registers and component
  31:Generated_Source\PSoC5/ADC_UI_PM.c **** *  enable state. Should be called just prior to entering sleep
ARM GAS  C:\Users\mgronber\AppData\Local\Temp\ccpIxt28.s 			page 2


  32:Generated_Source\PSoC5/ADC_UI_PM.c **** *
  33:Generated_Source\PSoC5/ADC_UI_PM.c **** * Parameters:
  34:Generated_Source\PSoC5/ADC_UI_PM.c **** *  None.
  35:Generated_Source\PSoC5/ADC_UI_PM.c **** *
  36:Generated_Source\PSoC5/ADC_UI_PM.c **** * Return:
  37:Generated_Source\PSoC5/ADC_UI_PM.c **** *  None.
  38:Generated_Source\PSoC5/ADC_UI_PM.c **** *
  39:Generated_Source\PSoC5/ADC_UI_PM.c **** * Side Effects:
  40:Generated_Source\PSoC5/ADC_UI_PM.c **** *  None.
  41:Generated_Source\PSoC5/ADC_UI_PM.c **** *
  42:Generated_Source\PSoC5/ADC_UI_PM.c **** * Reentrant:
  43:Generated_Source\PSoC5/ADC_UI_PM.c **** *  No.
  44:Generated_Source\PSoC5/ADC_UI_PM.c **** *
  45:Generated_Source\PSoC5/ADC_UI_PM.c **** *******************************************************************************/
  46:Generated_Source\PSoC5/ADC_UI_PM.c **** void ADC_UI_Sleep(void)
  47:Generated_Source\PSoC5/ADC_UI_PM.c **** {
  27              		.loc 1 47 0
  28              		.cfi_startproc
  29              		@ args = 0, pretend = 0, frame = 0
  30              		@ frame_needed = 0, uses_anonymous_args = 0
  31 0000 08B5     		push	{r3, lr}
  32              		.cfi_def_cfa_offset 8
  33              		.cfi_offset 3, -8
  34              		.cfi_offset 14, -4
  48:Generated_Source\PSoC5/ADC_UI_PM.c ****     ADC_UI_SAR_Stop();
  35              		.loc 1 48 0
  36 0002 FFF7FEFF 		bl	ADC_UI_SAR_Stop
  37              	.LVL0:
  49:Generated_Source\PSoC5/ADC_UI_PM.c ****     ADC_UI_SAR_Sleep();
  38              		.loc 1 49 0
  39 0006 FFF7FEFF 		bl	ADC_UI_SAR_Sleep
  40              	.LVL1:
  50:Generated_Source\PSoC5/ADC_UI_PM.c ****     ADC_UI_Disable();
  41              		.loc 1 50 0
  42 000a FFF7FEFF 		bl	ADC_UI_Disable
  43              	.LVL2:
  51:Generated_Source\PSoC5/ADC_UI_PM.c **** 
  52:Generated_Source\PSoC5/ADC_UI_PM.c ****     #if(ADC_UI_CLOCK_SOURCE == ADC_UI_CLOCK_INTERNAL)
  53:Generated_Source\PSoC5/ADC_UI_PM.c ****         ADC_UI_IntClock_Stop();
  54:Generated_Source\PSoC5/ADC_UI_PM.c ****     #endif   /* ADC_UI_CLOCK_SOURCE == ADC_UI_CLOCK_INTERNAL */
  55:Generated_Source\PSoC5/ADC_UI_PM.c **** }
  44              		.loc 1 55 0
  45 000e BDE80840 		pop	{r3, lr}
  46              		.cfi_restore 14
  47              		.cfi_restore 3
  48              		.cfi_def_cfa_offset 0
  53:Generated_Source\PSoC5/ADC_UI_PM.c ****     #endif   /* ADC_UI_CLOCK_SOURCE == ADC_UI_CLOCK_INTERNAL */
  49              		.loc 1 53 0
  50 0012 FFF7FEBF 		b	ADC_UI_IntClock_Stop
  51              	.LVL3:
  52              		.cfi_endproc
  53              	.LFE0:
  54              		.size	ADC_UI_Sleep, .-ADC_UI_Sleep
  55 0016 00BF     		.section	.text.ADC_UI_Wakeup,"ax",%progbits
  56              		.align	2
  57              		.global	ADC_UI_Wakeup
  58              		.thumb
ARM GAS  C:\Users\mgronber\AppData\Local\Temp\ccpIxt28.s 			page 3


  59              		.thumb_func
  60              		.type	ADC_UI_Wakeup, %function
  61              	ADC_UI_Wakeup:
  62              	.LFB1:
  56:Generated_Source\PSoC5/ADC_UI_PM.c **** 
  57:Generated_Source\PSoC5/ADC_UI_PM.c **** 
  58:Generated_Source\PSoC5/ADC_UI_PM.c **** /*******************************************************************************
  59:Generated_Source\PSoC5/ADC_UI_PM.c **** * Function Name: ADC_UI_Wakeup
  60:Generated_Source\PSoC5/ADC_UI_PM.c **** ********************************************************************************
  61:Generated_Source\PSoC5/ADC_UI_PM.c **** *
  62:Generated_Source\PSoC5/ADC_UI_PM.c **** * Summary:
  63:Generated_Source\PSoC5/ADC_UI_PM.c **** *  Restores the component enable state and configuration registers. This should
  64:Generated_Source\PSoC5/ADC_UI_PM.c **** *  be called just after awaking from sleep mode
  65:Generated_Source\PSoC5/ADC_UI_PM.c **** *
  66:Generated_Source\PSoC5/ADC_UI_PM.c **** * Parameters:
  67:Generated_Source\PSoC5/ADC_UI_PM.c **** *  None.
  68:Generated_Source\PSoC5/ADC_UI_PM.c **** *
  69:Generated_Source\PSoC5/ADC_UI_PM.c **** * Return:
  70:Generated_Source\PSoC5/ADC_UI_PM.c **** *  None.
  71:Generated_Source\PSoC5/ADC_UI_PM.c **** *
  72:Generated_Source\PSoC5/ADC_UI_PM.c **** * Side Effects:
  73:Generated_Source\PSoC5/ADC_UI_PM.c **** *  None.
  74:Generated_Source\PSoC5/ADC_UI_PM.c **** *
  75:Generated_Source\PSoC5/ADC_UI_PM.c **** * Reentrant:
  76:Generated_Source\PSoC5/ADC_UI_PM.c **** *  No.
  77:Generated_Source\PSoC5/ADC_UI_PM.c **** *
  78:Generated_Source\PSoC5/ADC_UI_PM.c **** *******************************************************************************/
  79:Generated_Source\PSoC5/ADC_UI_PM.c **** void ADC_UI_Wakeup(void)
  80:Generated_Source\PSoC5/ADC_UI_PM.c **** {
  63              		.loc 1 80 0
  64              		.cfi_startproc
  65              		@ args = 0, pretend = 0, frame = 0
  66              		@ frame_needed = 0, uses_anonymous_args = 0
  67 0000 08B5     		push	{r3, lr}
  68              		.cfi_def_cfa_offset 8
  69              		.cfi_offset 3, -8
  70              		.cfi_offset 14, -4
  81:Generated_Source\PSoC5/ADC_UI_PM.c ****     ADC_UI_SAR_Wakeup();
  71              		.loc 1 81 0
  72 0002 FFF7FEFF 		bl	ADC_UI_SAR_Wakeup
  73              	.LVL4:
  82:Generated_Source\PSoC5/ADC_UI_PM.c ****     ADC_UI_SAR_Enable();
  74              		.loc 1 82 0
  75 0006 FFF7FEFF 		bl	ADC_UI_SAR_Enable
  76              	.LVL5:
  83:Generated_Source\PSoC5/ADC_UI_PM.c **** 
  84:Generated_Source\PSoC5/ADC_UI_PM.c ****     #if(ADC_UI_CLOCK_SOURCE == ADC_UI_CLOCK_INTERNAL)
  85:Generated_Source\PSoC5/ADC_UI_PM.c ****         ADC_UI_IntClock_Start();
  77              		.loc 1 85 0
  78 000a FFF7FEFF 		bl	ADC_UI_IntClock_Start
  79              	.LVL6:
  86:Generated_Source\PSoC5/ADC_UI_PM.c ****     #endif   /* ADC_UI_CLOCK_SOURCE == ADC_UI_CLOCK_INTERNAL */
  87:Generated_Source\PSoC5/ADC_UI_PM.c **** 
  88:Generated_Source\PSoC5/ADC_UI_PM.c ****     /* The block is ready to use 10 us after the SAR enable signal is set high. */
  89:Generated_Source\PSoC5/ADC_UI_PM.c ****     CyDelayUs(10u);
  80              		.loc 1 89 0
  81 000e 0A20     		movs	r0, #10
ARM GAS  C:\Users\mgronber\AppData\Local\Temp\ccpIxt28.s 			page 4


  82 0010 FFF7FEFF 		bl	CyDelayUs
  83              	.LVL7:
  90:Generated_Source\PSoC5/ADC_UI_PM.c ****     
  91:Generated_Source\PSoC5/ADC_UI_PM.c ****     ADC_UI_Enable();
  84              		.loc 1 91 0
  85 0014 FFF7FEFF 		bl	ADC_UI_Enable
  86              	.LVL8:
  92:Generated_Source\PSoC5/ADC_UI_PM.c **** 
  93:Generated_Source\PSoC5/ADC_UI_PM.c ****     #if(ADC_UI_SAMPLE_MODE == ADC_UI_SAMPLE_MODE_FREE_RUNNING)
  94:Generated_Source\PSoC5/ADC_UI_PM.c ****         ADC_UI_SAR_StartConvert();
  95:Generated_Source\PSoC5/ADC_UI_PM.c ****     #endif /* (ADC_UI_SAMPLE_MODE == ADC_UI_SAMPLE_MODE_FREE_RUNNING) */
  96:Generated_Source\PSoC5/ADC_UI_PM.c **** 
  97:Generated_Source\PSoC5/ADC_UI_PM.c ****     (void) CY_GET_REG8(ADC_UI_STATUS_PTR);
  87              		.loc 1 97 0
  88 0018 014B     		ldr	r3, .L5
  89 001a 1B78     		ldrb	r3, [r3]	@ zero_extendqisi2
  90 001c 08BD     		pop	{r3, pc}
  91              	.L6:
  92 001e 00BF     		.align	2
  93              	.L5:
  94 0020 6A650040 		.word	1073767786
  95              		.cfi_endproc
  96              	.LFE1:
  97              		.size	ADC_UI_Wakeup, .-ADC_UI_Wakeup
  98              		.section	.text.ADC_UI_SaveConfig,"ax",%progbits
  99              		.align	2
 100              		.global	ADC_UI_SaveConfig
 101              		.thumb
 102              		.thumb_func
 103              		.type	ADC_UI_SaveConfig, %function
 104              	ADC_UI_SaveConfig:
 105              	.LFB2:
  98:Generated_Source\PSoC5/ADC_UI_PM.c **** }
  99:Generated_Source\PSoC5/ADC_UI_PM.c **** 
 100:Generated_Source\PSoC5/ADC_UI_PM.c **** 
 101:Generated_Source\PSoC5/ADC_UI_PM.c **** /*******************************************************************************
 102:Generated_Source\PSoC5/ADC_UI_PM.c **** * Function Name: ADC_UI_SaveConfig
 103:Generated_Source\PSoC5/ADC_UI_PM.c **** ********************************************************************************
 104:Generated_Source\PSoC5/ADC_UI_PM.c **** *
 105:Generated_Source\PSoC5/ADC_UI_PM.c **** * Summary:
 106:Generated_Source\PSoC5/ADC_UI_PM.c **** *  Save the current configuration of ADC non-retention registers
 107:Generated_Source\PSoC5/ADC_UI_PM.c **** *
 108:Generated_Source\PSoC5/ADC_UI_PM.c **** * Parameters:
 109:Generated_Source\PSoC5/ADC_UI_PM.c **** *  None.
 110:Generated_Source\PSoC5/ADC_UI_PM.c **** *
 111:Generated_Source\PSoC5/ADC_UI_PM.c **** * Return:
 112:Generated_Source\PSoC5/ADC_UI_PM.c **** *  None.
 113:Generated_Source\PSoC5/ADC_UI_PM.c **** *
 114:Generated_Source\PSoC5/ADC_UI_PM.c **** * Side Effects:
 115:Generated_Source\PSoC5/ADC_UI_PM.c **** *  None.
 116:Generated_Source\PSoC5/ADC_UI_PM.c **** *
 117:Generated_Source\PSoC5/ADC_UI_PM.c **** * Reentrant:
 118:Generated_Source\PSoC5/ADC_UI_PM.c **** *  No.
 119:Generated_Source\PSoC5/ADC_UI_PM.c **** *
 120:Generated_Source\PSoC5/ADC_UI_PM.c **** *******************************************************************************/
 121:Generated_Source\PSoC5/ADC_UI_PM.c **** void ADC_UI_SaveConfig(void)
 122:Generated_Source\PSoC5/ADC_UI_PM.c **** {
ARM GAS  C:\Users\mgronber\AppData\Local\Temp\ccpIxt28.s 			page 5


 106              		.loc 1 122 0
 107              		.cfi_startproc
 108              		@ args = 0, pretend = 0, frame = 0
 109              		@ frame_needed = 0, uses_anonymous_args = 0
 110              		@ link register save eliminated.
 111 0000 7047     		bx	lr
 112              		.cfi_endproc
 113              	.LFE2:
 114              		.size	ADC_UI_SaveConfig, .-ADC_UI_SaveConfig
 115 0002 00BF     		.section	.text.ADC_UI_RestoreConfig,"ax",%progbits
 116              		.align	2
 117              		.global	ADC_UI_RestoreConfig
 118              		.thumb
 119              		.thumb_func
 120              		.type	ADC_UI_RestoreConfig, %function
 121              	ADC_UI_RestoreConfig:
 122              	.LFB3:
 123:Generated_Source\PSoC5/ADC_UI_PM.c **** 
 124:Generated_Source\PSoC5/ADC_UI_PM.c **** }
 125:Generated_Source\PSoC5/ADC_UI_PM.c **** 
 126:Generated_Source\PSoC5/ADC_UI_PM.c **** 
 127:Generated_Source\PSoC5/ADC_UI_PM.c **** /*******************************************************************************
 128:Generated_Source\PSoC5/ADC_UI_PM.c **** * Function Name: ADC_UI_RestoreConfig
 129:Generated_Source\PSoC5/ADC_UI_PM.c **** ********************************************************************************
 130:Generated_Source\PSoC5/ADC_UI_PM.c **** *
 131:Generated_Source\PSoC5/ADC_UI_PM.c **** * Summary:
 132:Generated_Source\PSoC5/ADC_UI_PM.c **** *  Restores the configuration of ADC non-retention registers
 133:Generated_Source\PSoC5/ADC_UI_PM.c **** *
 134:Generated_Source\PSoC5/ADC_UI_PM.c **** * Parameters:
 135:Generated_Source\PSoC5/ADC_UI_PM.c **** *  None.
 136:Generated_Source\PSoC5/ADC_UI_PM.c **** *
 137:Generated_Source\PSoC5/ADC_UI_PM.c **** * Return:
 138:Generated_Source\PSoC5/ADC_UI_PM.c **** *  None.
 139:Generated_Source\PSoC5/ADC_UI_PM.c **** *
 140:Generated_Source\PSoC5/ADC_UI_PM.c **** * Side Effects:
 141:Generated_Source\PSoC5/ADC_UI_PM.c **** *  None.
 142:Generated_Source\PSoC5/ADC_UI_PM.c **** *
 143:Generated_Source\PSoC5/ADC_UI_PM.c **** * Reentrant:
 144:Generated_Source\PSoC5/ADC_UI_PM.c **** *  No.
 145:Generated_Source\PSoC5/ADC_UI_PM.c **** *
 146:Generated_Source\PSoC5/ADC_UI_PM.c **** *******************************************************************************/
 147:Generated_Source\PSoC5/ADC_UI_PM.c **** void ADC_UI_RestoreConfig(void)
 148:Generated_Source\PSoC5/ADC_UI_PM.c **** {
 123              		.loc 1 148 0
 124              		.cfi_startproc
 125              		@ args = 0, pretend = 0, frame = 0
 126              		@ frame_needed = 0, uses_anonymous_args = 0
 127              		@ link register save eliminated.
 128 0000 7047     		bx	lr
 129              		.cfi_endproc
 130              	.LFE3:
 131              		.size	ADC_UI_RestoreConfig, .-ADC_UI_RestoreConfig
 132 0002 00BF     		.text
 133              	.Letext0:
 134              		.file 2 "Generated_Source\\PSoC5\\cytypes.h"
 135              		.file 3 "Generated_Source\\PSoC5\\ADC_UI_SAR.h"
 136              		.file 4 "Generated_Source\\PSoC5\\ADC_UI.h"
ARM GAS  C:\Users\mgronber\AppData\Local\Temp\ccpIxt28.s 			page 6


 137              		.file 5 "Generated_Source\\PSoC5\\ADC_UI_IntClock.h"
 138              		.file 6 "Generated_Source\\PSoC5\\CyLib.h"
 139              		.section	.debug_info,"",%progbits
 140              	.Ldebug_info0:
 141 0000 9C010000 		.4byte	0x19c
 142 0004 0400     		.2byte	0x4
 143 0006 00000000 		.4byte	.Ldebug_abbrev0
 144 000a 04       		.byte	0x4
 145 000b 01       		.uleb128 0x1
 146 000c 93000000 		.4byte	.LASF28
 147 0010 01       		.byte	0x1
 148 0011 70000000 		.4byte	.LASF29
 149 0015 25000000 		.4byte	.LASF30
 150 0019 00000000 		.4byte	.Ldebug_ranges0+0
 151 001d 00000000 		.4byte	0
 152 0021 00000000 		.4byte	.Ldebug_line0
 153 0025 02       		.uleb128 0x2
 154 0026 01       		.byte	0x1
 155 0027 06       		.byte	0x6
 156 0028 53020000 		.4byte	.LASF0
 157 002c 02       		.uleb128 0x2
 158 002d 01       		.byte	0x1
 159 002e 08       		.byte	0x8
 160 002f 34010000 		.4byte	.LASF1
 161 0033 02       		.uleb128 0x2
 162 0034 02       		.byte	0x2
 163 0035 05       		.byte	0x5
 164 0036 1C020000 		.4byte	.LASF2
 165 003a 02       		.uleb128 0x2
 166 003b 02       		.byte	0x2
 167 003c 07       		.byte	0x7
 168 003d 00000000 		.4byte	.LASF3
 169 0041 02       		.uleb128 0x2
 170 0042 04       		.byte	0x4
 171 0043 05       		.byte	0x5
 172 0044 34020000 		.4byte	.LASF4
 173 0048 02       		.uleb128 0x2
 174 0049 04       		.byte	0x4
 175 004a 07       		.byte	0x7
 176 004b 47010000 		.4byte	.LASF5
 177 004f 02       		.uleb128 0x2
 178 0050 08       		.byte	0x8
 179 0051 05       		.byte	0x5
 180 0052 FF010000 		.4byte	.LASF6
 181 0056 02       		.uleb128 0x2
 182 0057 08       		.byte	0x8
 183 0058 07       		.byte	0x7
 184 0059 B8010000 		.4byte	.LASF7
 185 005d 03       		.uleb128 0x3
 186 005e 04       		.byte	0x4
 187 005f 05       		.byte	0x5
 188 0060 696E7400 		.ascii	"int\000"
 189 0064 02       		.uleb128 0x2
 190 0065 04       		.byte	0x4
 191 0066 07       		.byte	0x7
 192 0067 9B010000 		.4byte	.LASF8
 193 006b 04       		.uleb128 0x4
ARM GAS  C:\Users\mgronber\AppData\Local\Temp\ccpIxt28.s 			page 7


 194 006c 59010000 		.4byte	.LASF9
 195 0070 02       		.byte	0x2
 196 0071 5B       		.byte	0x5b
 197 0072 2C000000 		.4byte	0x2c
 198 0076 04       		.uleb128 0x4
 199 0077 94010000 		.4byte	.LASF10
 200 007b 02       		.byte	0x2
 201 007c 5C       		.byte	0x5c
 202 007d 3A000000 		.4byte	0x3a
 203 0081 02       		.uleb128 0x2
 204 0082 04       		.byte	0x4
 205 0083 04       		.byte	0x4
 206 0084 21010000 		.4byte	.LASF11
 207 0088 02       		.uleb128 0x2
 208 0089 08       		.byte	0x8
 209 008a 04       		.byte	0x4
 210 008b 8D010000 		.4byte	.LASF12
 211 008f 02       		.uleb128 0x2
 212 0090 01       		.byte	0x1
 213 0091 08       		.byte	0x8
 214 0092 17020000 		.4byte	.LASF13
 215 0096 04       		.uleb128 0x4
 216 0097 42010000 		.4byte	.LASF14
 217 009b 02       		.byte	0x2
 218 009c F0       		.byte	0xf0
 219 009d A1000000 		.4byte	0xa1
 220 00a1 05       		.uleb128 0x5
 221 00a2 6B000000 		.4byte	0x6b
 222 00a6 02       		.uleb128 0x2
 223 00a7 04       		.byte	0x4
 224 00a8 07       		.byte	0x7
 225 00a9 F6010000 		.4byte	.LASF15
 226 00ad 06       		.uleb128 0x6
 227 00ae 27010000 		.4byte	.LASF16
 228 00b2 01       		.byte	0x1
 229 00b3 2E       		.byte	0x2e
 230 00b4 00000000 		.4byte	.LFB0
 231 00b8 16000000 		.4byte	.LFE0-.LFB0
 232 00bc 01       		.uleb128 0x1
 233 00bd 9C       		.byte	0x9c
 234 00be E7000000 		.4byte	0xe7
 235 00c2 07       		.uleb128 0x7
 236 00c3 06000000 		.4byte	.LVL0
 237 00c7 56010000 		.4byte	0x156
 238 00cb 07       		.uleb128 0x7
 239 00cc 0A000000 		.4byte	.LVL1
 240 00d0 5D010000 		.4byte	0x15d
 241 00d4 07       		.uleb128 0x7
 242 00d5 0E000000 		.4byte	.LVL2
 243 00d9 64010000 		.4byte	0x164
 244 00dd 08       		.uleb128 0x8
 245 00de 16000000 		.4byte	.LVL3
 246 00e2 6B010000 		.4byte	0x16b
 247 00e6 00       		.byte	0
 248 00e7 06       		.uleb128 0x6
 249 00e8 26020000 		.4byte	.LASF17
 250 00ec 01       		.byte	0x1
ARM GAS  C:\Users\mgronber\AppData\Local\Temp\ccpIxt28.s 			page 8


 251 00ed 4F       		.byte	0x4f
 252 00ee 00000000 		.4byte	.LFB1
 253 00f2 24000000 		.4byte	.LFE1-.LFB1
 254 00f6 01       		.uleb128 0x1
 255 00f7 9C       		.byte	0x9c
 256 00f8 34010000 		.4byte	0x134
 257 00fc 07       		.uleb128 0x7
 258 00fd 06000000 		.4byte	.LVL4
 259 0101 72010000 		.4byte	0x172
 260 0105 07       		.uleb128 0x7
 261 0106 0A000000 		.4byte	.LVL5
 262 010a 79010000 		.4byte	0x179
 263 010e 07       		.uleb128 0x7
 264 010f 0E000000 		.4byte	.LVL6
 265 0113 80010000 		.4byte	0x180
 266 0117 09       		.uleb128 0x9
 267 0118 14000000 		.4byte	.LVL7
 268 011c 87010000 		.4byte	0x187
 269 0120 2A010000 		.4byte	0x12a
 270 0124 0A       		.uleb128 0xa
 271 0125 01       		.uleb128 0x1
 272 0126 50       		.byte	0x50
 273 0127 01       		.uleb128 0x1
 274 0128 3A       		.byte	0x3a
 275 0129 00       		.byte	0
 276 012a 07       		.uleb128 0x7
 277 012b 18000000 		.4byte	.LVL8
 278 012f 98010000 		.4byte	0x198
 279 0133 00       		.byte	0
 280 0134 0B       		.uleb128 0xb
 281 0135 74020000 		.4byte	.LASF18
 282 0139 01       		.byte	0x1
 283 013a 79       		.byte	0x79
 284 013b 00000000 		.4byte	.LFB2
 285 013f 02000000 		.4byte	.LFE2-.LFB2
 286 0143 01       		.uleb128 0x1
 287 0144 9C       		.byte	0x9c
 288 0145 0B       		.uleb128 0xb
 289 0146 5F020000 		.4byte	.LASF19
 290 014a 01       		.byte	0x1
 291 014b 93       		.byte	0x93
 292 014c 00000000 		.4byte	.LFB3
 293 0150 02000000 		.4byte	.LFE3-.LFB3
 294 0154 01       		.uleb128 0x1
 295 0155 9C       		.byte	0x9c
 296 0156 0C       		.uleb128 0xc
 297 0157 A8010000 		.4byte	.LASF20
 298 015b 03       		.byte	0x3
 299 015c 35       		.byte	0x35
 300 015d 0C       		.uleb128 0xc
 301 015e 6D010000 		.4byte	.LASF21
 302 0162 03       		.byte	0x3
 303 0163 48       		.byte	0x48
 304 0164 0C       		.uleb128 0xc
 305 0165 7E010000 		.4byte	.LASF22
 306 0169 04       		.byte	0x4
 307 016a 30       		.byte	0x30
ARM GAS  C:\Users\mgronber\AppData\Local\Temp\ccpIxt28.s 			page 9


 308 016b 0C       		.uleb128 0xc
 309 016c CF010000 		.4byte	.LASF23
 310 0170 05       		.byte	0x5
 311 0171 28       		.byte	0x28
 312 0172 0C       		.uleb128 0xc
 313 0173 13000000 		.4byte	.LASF24
 314 0177 03       		.byte	0x3
 315 0178 49       		.byte	0x49
 316 0179 0C       		.uleb128 0xc
 317 017a E4010000 		.4byte	.LASF25
 318 017e 03       		.byte	0x3
 319 017f 44       		.byte	0x44
 320 0180 0C       		.uleb128 0xc
 321 0181 3D020000 		.4byte	.LASF26
 322 0185 05       		.byte	0x5
 323 0186 27       		.byte	0x27
 324 0187 0D       		.uleb128 0xd
 325 0188 0D020000 		.4byte	.LASF31
 326 018c 06       		.byte	0x6
 327 018d 78       		.byte	0x78
 328 018e 98010000 		.4byte	0x198
 329 0192 0E       		.uleb128 0xe
 330 0193 76000000 		.4byte	0x76
 331 0197 00       		.byte	0
 332 0198 0C       		.uleb128 0xc
 333 0199 5F010000 		.4byte	.LASF27
 334 019d 04       		.byte	0x4
 335 019e 2F       		.byte	0x2f
 336 019f 00       		.byte	0
 337              		.section	.debug_abbrev,"",%progbits
 338              	.Ldebug_abbrev0:
 339 0000 01       		.uleb128 0x1
 340 0001 11       		.uleb128 0x11
 341 0002 01       		.byte	0x1
 342 0003 25       		.uleb128 0x25
 343 0004 0E       		.uleb128 0xe
 344 0005 13       		.uleb128 0x13
 345 0006 0B       		.uleb128 0xb
 346 0007 03       		.uleb128 0x3
 347 0008 0E       		.uleb128 0xe
 348 0009 1B       		.uleb128 0x1b
 349 000a 0E       		.uleb128 0xe
 350 000b 55       		.uleb128 0x55
 351 000c 17       		.uleb128 0x17
 352 000d 11       		.uleb128 0x11
 353 000e 01       		.uleb128 0x1
 354 000f 10       		.uleb128 0x10
 355 0010 17       		.uleb128 0x17
 356 0011 00       		.byte	0
 357 0012 00       		.byte	0
 358 0013 02       		.uleb128 0x2
 359 0014 24       		.uleb128 0x24
 360 0015 00       		.byte	0
 361 0016 0B       		.uleb128 0xb
 362 0017 0B       		.uleb128 0xb
 363 0018 3E       		.uleb128 0x3e
 364 0019 0B       		.uleb128 0xb
ARM GAS  C:\Users\mgronber\AppData\Local\Temp\ccpIxt28.s 			page 10


 365 001a 03       		.uleb128 0x3
 366 001b 0E       		.uleb128 0xe
 367 001c 00       		.byte	0
 368 001d 00       		.byte	0
 369 001e 03       		.uleb128 0x3
 370 001f 24       		.uleb128 0x24
 371 0020 00       		.byte	0
 372 0021 0B       		.uleb128 0xb
 373 0022 0B       		.uleb128 0xb
 374 0023 3E       		.uleb128 0x3e
 375 0024 0B       		.uleb128 0xb
 376 0025 03       		.uleb128 0x3
 377 0026 08       		.uleb128 0x8
 378 0027 00       		.byte	0
 379 0028 00       		.byte	0
 380 0029 04       		.uleb128 0x4
 381 002a 16       		.uleb128 0x16
 382 002b 00       		.byte	0
 383 002c 03       		.uleb128 0x3
 384 002d 0E       		.uleb128 0xe
 385 002e 3A       		.uleb128 0x3a
 386 002f 0B       		.uleb128 0xb
 387 0030 3B       		.uleb128 0x3b
 388 0031 0B       		.uleb128 0xb
 389 0032 49       		.uleb128 0x49
 390 0033 13       		.uleb128 0x13
 391 0034 00       		.byte	0
 392 0035 00       		.byte	0
 393 0036 05       		.uleb128 0x5
 394 0037 35       		.uleb128 0x35
 395 0038 00       		.byte	0
 396 0039 49       		.uleb128 0x49
 397 003a 13       		.uleb128 0x13
 398 003b 00       		.byte	0
 399 003c 00       		.byte	0
 400 003d 06       		.uleb128 0x6
 401 003e 2E       		.uleb128 0x2e
 402 003f 01       		.byte	0x1
 403 0040 3F       		.uleb128 0x3f
 404 0041 19       		.uleb128 0x19
 405 0042 03       		.uleb128 0x3
 406 0043 0E       		.uleb128 0xe
 407 0044 3A       		.uleb128 0x3a
 408 0045 0B       		.uleb128 0xb
 409 0046 3B       		.uleb128 0x3b
 410 0047 0B       		.uleb128 0xb
 411 0048 27       		.uleb128 0x27
 412 0049 19       		.uleb128 0x19
 413 004a 11       		.uleb128 0x11
 414 004b 01       		.uleb128 0x1
 415 004c 12       		.uleb128 0x12
 416 004d 06       		.uleb128 0x6
 417 004e 40       		.uleb128 0x40
 418 004f 18       		.uleb128 0x18
 419 0050 9742     		.uleb128 0x2117
 420 0052 19       		.uleb128 0x19
 421 0053 01       		.uleb128 0x1
ARM GAS  C:\Users\mgronber\AppData\Local\Temp\ccpIxt28.s 			page 11


 422 0054 13       		.uleb128 0x13
 423 0055 00       		.byte	0
 424 0056 00       		.byte	0
 425 0057 07       		.uleb128 0x7
 426 0058 898201   		.uleb128 0x4109
 427 005b 00       		.byte	0
 428 005c 11       		.uleb128 0x11
 429 005d 01       		.uleb128 0x1
 430 005e 31       		.uleb128 0x31
 431 005f 13       		.uleb128 0x13
 432 0060 00       		.byte	0
 433 0061 00       		.byte	0
 434 0062 08       		.uleb128 0x8
 435 0063 898201   		.uleb128 0x4109
 436 0066 00       		.byte	0
 437 0067 11       		.uleb128 0x11
 438 0068 01       		.uleb128 0x1
 439 0069 9542     		.uleb128 0x2115
 440 006b 19       		.uleb128 0x19
 441 006c 31       		.uleb128 0x31
 442 006d 13       		.uleb128 0x13
 443 006e 00       		.byte	0
 444 006f 00       		.byte	0
 445 0070 09       		.uleb128 0x9
 446 0071 898201   		.uleb128 0x4109
 447 0074 01       		.byte	0x1
 448 0075 11       		.uleb128 0x11
 449 0076 01       		.uleb128 0x1
 450 0077 31       		.uleb128 0x31
 451 0078 13       		.uleb128 0x13
 452 0079 01       		.uleb128 0x1
 453 007a 13       		.uleb128 0x13
 454 007b 00       		.byte	0
 455 007c 00       		.byte	0
 456 007d 0A       		.uleb128 0xa
 457 007e 8A8201   		.uleb128 0x410a
 458 0081 00       		.byte	0
 459 0082 02       		.uleb128 0x2
 460 0083 18       		.uleb128 0x18
 461 0084 9142     		.uleb128 0x2111
 462 0086 18       		.uleb128 0x18
 463 0087 00       		.byte	0
 464 0088 00       		.byte	0
 465 0089 0B       		.uleb128 0xb
 466 008a 2E       		.uleb128 0x2e
 467 008b 00       		.byte	0
 468 008c 3F       		.uleb128 0x3f
 469 008d 19       		.uleb128 0x19
 470 008e 03       		.uleb128 0x3
 471 008f 0E       		.uleb128 0xe
 472 0090 3A       		.uleb128 0x3a
 473 0091 0B       		.uleb128 0xb
 474 0092 3B       		.uleb128 0x3b
 475 0093 0B       		.uleb128 0xb
 476 0094 27       		.uleb128 0x27
 477 0095 19       		.uleb128 0x19
 478 0096 11       		.uleb128 0x11
ARM GAS  C:\Users\mgronber\AppData\Local\Temp\ccpIxt28.s 			page 12


 479 0097 01       		.uleb128 0x1
 480 0098 12       		.uleb128 0x12
 481 0099 06       		.uleb128 0x6
 482 009a 40       		.uleb128 0x40
 483 009b 18       		.uleb128 0x18
 484 009c 9742     		.uleb128 0x2117
 485 009e 19       		.uleb128 0x19
 486 009f 00       		.byte	0
 487 00a0 00       		.byte	0
 488 00a1 0C       		.uleb128 0xc
 489 00a2 2E       		.uleb128 0x2e
 490 00a3 00       		.byte	0
 491 00a4 3F       		.uleb128 0x3f
 492 00a5 19       		.uleb128 0x19
 493 00a6 03       		.uleb128 0x3
 494 00a7 0E       		.uleb128 0xe
 495 00a8 3A       		.uleb128 0x3a
 496 00a9 0B       		.uleb128 0xb
 497 00aa 3B       		.uleb128 0x3b
 498 00ab 0B       		.uleb128 0xb
 499 00ac 27       		.uleb128 0x27
 500 00ad 19       		.uleb128 0x19
 501 00ae 3C       		.uleb128 0x3c
 502 00af 19       		.uleb128 0x19
 503 00b0 00       		.byte	0
 504 00b1 00       		.byte	0
 505 00b2 0D       		.uleb128 0xd
 506 00b3 2E       		.uleb128 0x2e
 507 00b4 01       		.byte	0x1
 508 00b5 3F       		.uleb128 0x3f
 509 00b6 19       		.uleb128 0x19
 510 00b7 03       		.uleb128 0x3
 511 00b8 0E       		.uleb128 0xe
 512 00b9 3A       		.uleb128 0x3a
 513 00ba 0B       		.uleb128 0xb
 514 00bb 3B       		.uleb128 0x3b
 515 00bc 0B       		.uleb128 0xb
 516 00bd 27       		.uleb128 0x27
 517 00be 19       		.uleb128 0x19
 518 00bf 3C       		.uleb128 0x3c
 519 00c0 19       		.uleb128 0x19
 520 00c1 01       		.uleb128 0x1
 521 00c2 13       		.uleb128 0x13
 522 00c3 00       		.byte	0
 523 00c4 00       		.byte	0
 524 00c5 0E       		.uleb128 0xe
 525 00c6 05       		.uleb128 0x5
 526 00c7 00       		.byte	0
 527 00c8 49       		.uleb128 0x49
 528 00c9 13       		.uleb128 0x13
 529 00ca 00       		.byte	0
 530 00cb 00       		.byte	0
 531 00cc 00       		.byte	0
 532              		.section	.debug_aranges,"",%progbits
 533 0000 34000000 		.4byte	0x34
 534 0004 0200     		.2byte	0x2
 535 0006 00000000 		.4byte	.Ldebug_info0
ARM GAS  C:\Users\mgronber\AppData\Local\Temp\ccpIxt28.s 			page 13


 536 000a 04       		.byte	0x4
 537 000b 00       		.byte	0
 538 000c 0000     		.2byte	0
 539 000e 0000     		.2byte	0
 540 0010 00000000 		.4byte	.LFB0
 541 0014 16000000 		.4byte	.LFE0-.LFB0
 542 0018 00000000 		.4byte	.LFB1
 543 001c 24000000 		.4byte	.LFE1-.LFB1
 544 0020 00000000 		.4byte	.LFB2
 545 0024 02000000 		.4byte	.LFE2-.LFB2
 546 0028 00000000 		.4byte	.LFB3
 547 002c 02000000 		.4byte	.LFE3-.LFB3
 548 0030 00000000 		.4byte	0
 549 0034 00000000 		.4byte	0
 550              		.section	.debug_ranges,"",%progbits
 551              	.Ldebug_ranges0:
 552 0000 00000000 		.4byte	.LFB0
 553 0004 16000000 		.4byte	.LFE0
 554 0008 00000000 		.4byte	.LFB1
 555 000c 24000000 		.4byte	.LFE1
 556 0010 00000000 		.4byte	.LFB2
 557 0014 02000000 		.4byte	.LFE2
 558 0018 00000000 		.4byte	.LFB3
 559 001c 02000000 		.4byte	.LFE3
 560 0020 00000000 		.4byte	0
 561 0024 00000000 		.4byte	0
 562              		.section	.debug_line,"",%progbits
 563              	.Ldebug_line0:
 564 0000 D2000000 		.section	.debug_str,"MS",%progbits,1
 564      02008200 
 564      00000201 
 564      FB0E0D00 
 564      01010101 
 565              	.LASF3:
 566 0000 73686F72 		.ascii	"short unsigned int\000"
 566      7420756E 
 566      7369676E 
 566      65642069 
 566      6E7400
 567              	.LASF24:
 568 0013 4144435F 		.ascii	"ADC_UI_SAR_Wakeup\000"
 568      55495F53 
 568      41525F57 
 568      616B6575 
 568      7000
 569              	.LASF30:
 570 0025 433A5C55 		.ascii	"C:\\Users\\mgronber\\Desktop\\Hummingbird\\Hummingb"
 570      73657273 
 570      5C6D6772 
 570      6F6E6265 
 570      725C4465 
 571 0053 69726428 		.ascii	"ird(Continuous Output).cydsn\000"
 571      436F6E74 
 571      696E756F 
 571      7573204F 
 571      75747075 
 572              	.LASF29:
ARM GAS  C:\Users\mgronber\AppData\Local\Temp\ccpIxt28.s 			page 14


 573 0070 47656E65 		.ascii	"Generated_Source\\PSoC5\\ADC_UI_PM.c\000"
 573      72617465 
 573      645F536F 
 573      75726365 
 573      5C50536F 
 574              	.LASF28:
 575 0093 474E5520 		.ascii	"GNU C 4.9.3 20150303 (release) [ARM/embedded-4_9-br"
 575      4320342E 
 575      392E3320 
 575      32303135 
 575      30333033 
 576 00c6 616E6368 		.ascii	"anch revision 221220] -mcpu=cortex-m3 -mthumb -g -O"
 576      20726576 
 576      6973696F 
 576      6E203232 
 576      31323230 
 577 00f9 32202D66 		.ascii	"2 -ffunction-sections -ffat-lto-objects\000"
 577      66756E63 
 577      74696F6E 
 577      2D736563 
 577      74696F6E 
 578              	.LASF11:
 579 0121 666C6F61 		.ascii	"float\000"
 579      7400
 580              	.LASF16:
 581 0127 4144435F 		.ascii	"ADC_UI_Sleep\000"
 581      55495F53 
 581      6C656570 
 581      00
 582              	.LASF1:
 583 0134 756E7369 		.ascii	"unsigned char\000"
 583      676E6564 
 583      20636861 
 583      7200
 584              	.LASF14:
 585 0142 72656738 		.ascii	"reg8\000"
 585      00
 586              	.LASF5:
 587 0147 6C6F6E67 		.ascii	"long unsigned int\000"
 587      20756E73 
 587      69676E65 
 587      6420696E 
 587      7400
 588              	.LASF9:
 589 0159 75696E74 		.ascii	"uint8\000"
 589      3800
 590              	.LASF27:
 591 015f 4144435F 		.ascii	"ADC_UI_Enable\000"
 591      55495F45 
 591      6E61626C 
 591      6500
 592              	.LASF21:
 593 016d 4144435F 		.ascii	"ADC_UI_SAR_Sleep\000"
 593      55495F53 
 593      41525F53 
 593      6C656570 
 593      00
ARM GAS  C:\Users\mgronber\AppData\Local\Temp\ccpIxt28.s 			page 15


 594              	.LASF22:
 595 017e 4144435F 		.ascii	"ADC_UI_Disable\000"
 595      55495F44 
 595      69736162 
 595      6C6500
 596              	.LASF12:
 597 018d 646F7562 		.ascii	"double\000"
 597      6C6500
 598              	.LASF10:
 599 0194 75696E74 		.ascii	"uint16\000"
 599      313600
 600              	.LASF8:
 601 019b 756E7369 		.ascii	"unsigned int\000"
 601      676E6564 
 601      20696E74 
 601      00
 602              	.LASF20:
 603 01a8 4144435F 		.ascii	"ADC_UI_SAR_Stop\000"
 603      55495F53 
 603      41525F53 
 603      746F7000 
 604              	.LASF7:
 605 01b8 6C6F6E67 		.ascii	"long long unsigned int\000"
 605      206C6F6E 
 605      6720756E 
 605      7369676E 
 605      65642069 
 606              	.LASF23:
 607 01cf 4144435F 		.ascii	"ADC_UI_IntClock_Stop\000"
 607      55495F49 
 607      6E74436C 
 607      6F636B5F 
 607      53746F70 
 608              	.LASF25:
 609 01e4 4144435F 		.ascii	"ADC_UI_SAR_Enable\000"
 609      55495F53 
 609      41525F45 
 609      6E61626C 
 609      6500
 610              	.LASF15:
 611 01f6 73697A65 		.ascii	"sizetype\000"
 611      74797065 
 611      00
 612              	.LASF6:
 613 01ff 6C6F6E67 		.ascii	"long long int\000"
 613      206C6F6E 
 613      6720696E 
 613      7400
 614              	.LASF31:
 615 020d 43794465 		.ascii	"CyDelayUs\000"
 615      6C617955 
 615      7300
 616              	.LASF13:
 617 0217 63686172 		.ascii	"char\000"
 617      00
 618              	.LASF2:
 619 021c 73686F72 		.ascii	"short int\000"
ARM GAS  C:\Users\mgronber\AppData\Local\Temp\ccpIxt28.s 			page 16


 619      7420696E 
 619      7400
 620              	.LASF17:
 621 0226 4144435F 		.ascii	"ADC_UI_Wakeup\000"
 621      55495F57 
 621      616B6575 
 621      7000
 622              	.LASF4:
 623 0234 6C6F6E67 		.ascii	"long int\000"
 623      20696E74 
 623      00
 624              	.LASF26:
 625 023d 4144435F 		.ascii	"ADC_UI_IntClock_Start\000"
 625      55495F49 
 625      6E74436C 
 625      6F636B5F 
 625      53746172 
 626              	.LASF0:
 627 0253 7369676E 		.ascii	"signed char\000"
 627      65642063 
 627      68617200 
 628              	.LASF19:
 629 025f 4144435F 		.ascii	"ADC_UI_RestoreConfig\000"
 629      55495F52 
 629      6573746F 
 629      7265436F 
 629      6E666967 
 630              	.LASF18:
 631 0274 4144435F 		.ascii	"ADC_UI_SaveConfig\000"
 631      55495F53 
 631      61766543 
 631      6F6E6669 
 631      6700
 632              		.ident	"GCC: (GNU Tools for ARM Embedded Processors) 4.9.3 20150303 (release) [ARM/embedded-4_9-br
