ARM GAS  C:\Users\mgronber\AppData\Local\Temp\ccFiFpya.s 			page 1


   1              		.syntax unified
   2              		.cpu cortex-m3
   3              		.fpu softvfp
   4              		.eabi_attribute 20, 1
   5              		.eabi_attribute 21, 1
   6              		.eabi_attribute 23, 3
   7              		.eabi_attribute 24, 1
   8              		.eabi_attribute 25, 1
   9              		.eabi_attribute 26, 1
  10              		.eabi_attribute 30, 2
  11              		.eabi_attribute 34, 1
  12              		.eabi_attribute 18, 4
  13              		.thumb
  14              		.file	"ADC_UI_TempBuf_dma.c"
  15              		.text
  16              	.Ltext0:
  17              		.cfi_sections	.debug_frame
  18              		.section	.text.ADC_UI_TempBuf_DmaInitialize,"ax",%progbits
  19              		.align	2
  20              		.global	ADC_UI_TempBuf_DmaInitialize
  21              		.thumb
  22              		.thumb_func
  23              		.type	ADC_UI_TempBuf_DmaInitialize, %function
  24              	ADC_UI_TempBuf_DmaInitialize:
  25              	.LFB0:
  26              		.file 1 "Generated_Source\\PSoC5\\ADC_UI_TempBuf_dma.c"
   1:Generated_Source\PSoC5/ADC_UI_TempBuf_dma.c **** /***************************************************************************
   2:Generated_Source\PSoC5/ADC_UI_TempBuf_dma.c **** * File Name: ADC_UI_TempBuf_dma.c  
   3:Generated_Source\PSoC5/ADC_UI_TempBuf_dma.c **** * Version 1.70
   4:Generated_Source\PSoC5/ADC_UI_TempBuf_dma.c **** *
   5:Generated_Source\PSoC5/ADC_UI_TempBuf_dma.c **** *  Description:
   6:Generated_Source\PSoC5/ADC_UI_TempBuf_dma.c **** *   Provides an API for the DMAC component. The API includes functions
   7:Generated_Source\PSoC5/ADC_UI_TempBuf_dma.c **** *   for the DMA controller, DMA channels and Transfer Descriptors.
   8:Generated_Source\PSoC5/ADC_UI_TempBuf_dma.c **** *
   9:Generated_Source\PSoC5/ADC_UI_TempBuf_dma.c **** *
  10:Generated_Source\PSoC5/ADC_UI_TempBuf_dma.c **** *   Note:
  11:Generated_Source\PSoC5/ADC_UI_TempBuf_dma.c **** *     This module requires the developer to finish or fill in the auto
  12:Generated_Source\PSoC5/ADC_UI_TempBuf_dma.c **** *     generated funcions and setup the dma channel and TD's.
  13:Generated_Source\PSoC5/ADC_UI_TempBuf_dma.c **** *
  14:Generated_Source\PSoC5/ADC_UI_TempBuf_dma.c **** ********************************************************************************
  15:Generated_Source\PSoC5/ADC_UI_TempBuf_dma.c **** * Copyright 2008-2010, Cypress Semiconductor Corporation.  All rights reserved.
  16:Generated_Source\PSoC5/ADC_UI_TempBuf_dma.c **** * You may use this file only in accordance with the license, terms, conditions, 
  17:Generated_Source\PSoC5/ADC_UI_TempBuf_dma.c **** * disclaimers, and limitations in the end user license agreement accompanying 
  18:Generated_Source\PSoC5/ADC_UI_TempBuf_dma.c **** * the software package with which this file was provided.
  19:Generated_Source\PSoC5/ADC_UI_TempBuf_dma.c **** ********************************************************************************/
  20:Generated_Source\PSoC5/ADC_UI_TempBuf_dma.c **** #include <CYLIB.H>
  21:Generated_Source\PSoC5/ADC_UI_TempBuf_dma.c **** #include <CYDMAC.H>
  22:Generated_Source\PSoC5/ADC_UI_TempBuf_dma.c **** #include <ADC_UI_TempBuf_dma.H>
  23:Generated_Source\PSoC5/ADC_UI_TempBuf_dma.c **** 
  24:Generated_Source\PSoC5/ADC_UI_TempBuf_dma.c **** 
  25:Generated_Source\PSoC5/ADC_UI_TempBuf_dma.c **** 
  26:Generated_Source\PSoC5/ADC_UI_TempBuf_dma.c **** /****************************************************************************
  27:Generated_Source\PSoC5/ADC_UI_TempBuf_dma.c **** * 
  28:Generated_Source\PSoC5/ADC_UI_TempBuf_dma.c **** * The following defines are available in Cyfitter.h
  29:Generated_Source\PSoC5/ADC_UI_TempBuf_dma.c **** * 
  30:Generated_Source\PSoC5/ADC_UI_TempBuf_dma.c **** * 
  31:Generated_Source\PSoC5/ADC_UI_TempBuf_dma.c **** * 
ARM GAS  C:\Users\mgronber\AppData\Local\Temp\ccFiFpya.s 			page 2


  32:Generated_Source\PSoC5/ADC_UI_TempBuf_dma.c **** * ADC_UI_TempBuf__DRQ_CTL_REG
  33:Generated_Source\PSoC5/ADC_UI_TempBuf_dma.c **** * 
  34:Generated_Source\PSoC5/ADC_UI_TempBuf_dma.c **** * 
  35:Generated_Source\PSoC5/ADC_UI_TempBuf_dma.c **** * ADC_UI_TempBuf__DRQ_NUMBER
  36:Generated_Source\PSoC5/ADC_UI_TempBuf_dma.c **** * 
  37:Generated_Source\PSoC5/ADC_UI_TempBuf_dma.c **** * Number of TD's used by this channel.
  38:Generated_Source\PSoC5/ADC_UI_TempBuf_dma.c **** * ADC_UI_TempBuf__NUMBEROF_TDS
  39:Generated_Source\PSoC5/ADC_UI_TempBuf_dma.c **** * 
  40:Generated_Source\PSoC5/ADC_UI_TempBuf_dma.c **** * Priority of this channel.
  41:Generated_Source\PSoC5/ADC_UI_TempBuf_dma.c **** * ADC_UI_TempBuf__PRIORITY
  42:Generated_Source\PSoC5/ADC_UI_TempBuf_dma.c **** * 
  43:Generated_Source\PSoC5/ADC_UI_TempBuf_dma.c **** * True if ADC_UI_TempBuf_TERMIN_SEL is used.
  44:Generated_Source\PSoC5/ADC_UI_TempBuf_dma.c **** * ADC_UI_TempBuf__TERMIN_EN
  45:Generated_Source\PSoC5/ADC_UI_TempBuf_dma.c **** * 
  46:Generated_Source\PSoC5/ADC_UI_TempBuf_dma.c **** * TERMIN interrupt line to signal terminate.
  47:Generated_Source\PSoC5/ADC_UI_TempBuf_dma.c **** * ADC_UI_TempBuf__TERMIN_SEL
  48:Generated_Source\PSoC5/ADC_UI_TempBuf_dma.c **** * 
  49:Generated_Source\PSoC5/ADC_UI_TempBuf_dma.c **** * 
  50:Generated_Source\PSoC5/ADC_UI_TempBuf_dma.c **** * True if ADC_UI_TempBuf_TERMOUT0_SEL is used.
  51:Generated_Source\PSoC5/ADC_UI_TempBuf_dma.c **** * ADC_UI_TempBuf__TERMOUT0_EN
  52:Generated_Source\PSoC5/ADC_UI_TempBuf_dma.c **** * 
  53:Generated_Source\PSoC5/ADC_UI_TempBuf_dma.c **** * 
  54:Generated_Source\PSoC5/ADC_UI_TempBuf_dma.c **** * TERMOUT0 interrupt line to signal completion.
  55:Generated_Source\PSoC5/ADC_UI_TempBuf_dma.c **** * ADC_UI_TempBuf__TERMOUT0_SEL
  56:Generated_Source\PSoC5/ADC_UI_TempBuf_dma.c **** * 
  57:Generated_Source\PSoC5/ADC_UI_TempBuf_dma.c **** * 
  58:Generated_Source\PSoC5/ADC_UI_TempBuf_dma.c **** * True if ADC_UI_TempBuf_TERMOUT1_SEL is used.
  59:Generated_Source\PSoC5/ADC_UI_TempBuf_dma.c **** * ADC_UI_TempBuf__TERMOUT1_EN
  60:Generated_Source\PSoC5/ADC_UI_TempBuf_dma.c **** * 
  61:Generated_Source\PSoC5/ADC_UI_TempBuf_dma.c **** * 
  62:Generated_Source\PSoC5/ADC_UI_TempBuf_dma.c **** * TERMOUT1 interrupt line to signal completion.
  63:Generated_Source\PSoC5/ADC_UI_TempBuf_dma.c **** * ADC_UI_TempBuf__TERMOUT1_SEL
  64:Generated_Source\PSoC5/ADC_UI_TempBuf_dma.c **** * 
  65:Generated_Source\PSoC5/ADC_UI_TempBuf_dma.c **** ****************************************************************************/
  66:Generated_Source\PSoC5/ADC_UI_TempBuf_dma.c **** 
  67:Generated_Source\PSoC5/ADC_UI_TempBuf_dma.c **** 
  68:Generated_Source\PSoC5/ADC_UI_TempBuf_dma.c **** /* Zero based index of ADC_UI_TempBuf dma channel */
  69:Generated_Source\PSoC5/ADC_UI_TempBuf_dma.c **** uint8 ADC_UI_TempBuf_DmaHandle = DMA_INVALID_CHANNEL;
  70:Generated_Source\PSoC5/ADC_UI_TempBuf_dma.c **** 
  71:Generated_Source\PSoC5/ADC_UI_TempBuf_dma.c **** /*********************************************************************
  72:Generated_Source\PSoC5/ADC_UI_TempBuf_dma.c **** * Function Name: uint8 ADC_UI_TempBuf_DmaInitalize
  73:Generated_Source\PSoC5/ADC_UI_TempBuf_dma.c **** **********************************************************************
  74:Generated_Source\PSoC5/ADC_UI_TempBuf_dma.c **** * Summary:
  75:Generated_Source\PSoC5/ADC_UI_TempBuf_dma.c **** *   Allocates and initialises a channel of the DMAC to be used by the
  76:Generated_Source\PSoC5/ADC_UI_TempBuf_dma.c **** *   caller.
  77:Generated_Source\PSoC5/ADC_UI_TempBuf_dma.c **** *
  78:Generated_Source\PSoC5/ADC_UI_TempBuf_dma.c **** * Parameters:
  79:Generated_Source\PSoC5/ADC_UI_TempBuf_dma.c **** *   BurstCount.
  80:Generated_Source\PSoC5/ADC_UI_TempBuf_dma.c **** *       
  81:Generated_Source\PSoC5/ADC_UI_TempBuf_dma.c **** *       
  82:Generated_Source\PSoC5/ADC_UI_TempBuf_dma.c **** *   ReqestPerBurst.
  83:Generated_Source\PSoC5/ADC_UI_TempBuf_dma.c **** *       
  84:Generated_Source\PSoC5/ADC_UI_TempBuf_dma.c **** *       
  85:Generated_Source\PSoC5/ADC_UI_TempBuf_dma.c **** *   UpperSrcAddress.
  86:Generated_Source\PSoC5/ADC_UI_TempBuf_dma.c **** *       
  87:Generated_Source\PSoC5/ADC_UI_TempBuf_dma.c **** *       
  88:Generated_Source\PSoC5/ADC_UI_TempBuf_dma.c **** *   UpperDestAddress.
ARM GAS  C:\Users\mgronber\AppData\Local\Temp\ccFiFpya.s 			page 3


  89:Generated_Source\PSoC5/ADC_UI_TempBuf_dma.c **** *       
  90:Generated_Source\PSoC5/ADC_UI_TempBuf_dma.c **** *
  91:Generated_Source\PSoC5/ADC_UI_TempBuf_dma.c **** * Return:
  92:Generated_Source\PSoC5/ADC_UI_TempBuf_dma.c **** *   The channel that can be used by the caller for DMA activity.
  93:Generated_Source\PSoC5/ADC_UI_TempBuf_dma.c **** *   DMA_INVALID_CHANNEL (0xFF) if there are no channels left. 
  94:Generated_Source\PSoC5/ADC_UI_TempBuf_dma.c **** *
  95:Generated_Source\PSoC5/ADC_UI_TempBuf_dma.c **** *
  96:Generated_Source\PSoC5/ADC_UI_TempBuf_dma.c **** *******************************************************************/
  97:Generated_Source\PSoC5/ADC_UI_TempBuf_dma.c **** uint8 ADC_UI_TempBuf_DmaInitialize(uint8 BurstCount, uint8 ReqestPerBurst, uint16 UpperSrcAddress, 
  98:Generated_Source\PSoC5/ADC_UI_TempBuf_dma.c **** {
  27              		.loc 1 98 0
  28              		.cfi_startproc
  29              		@ args = 0, pretend = 0, frame = 0
  30              		@ frame_needed = 0, uses_anonymous_args = 0
  31              	.LVL0:
  32 0000 2DE9F041 		push	{r4, r5, r6, r7, r8, lr}
  33              		.cfi_def_cfa_offset 24
  34              		.cfi_offset 4, -24
  35              		.cfi_offset 5, -20
  36              		.cfi_offset 6, -16
  37              		.cfi_offset 7, -12
  38              		.cfi_offset 8, -8
  39              		.cfi_offset 14, -4
  40 0004 8E46     		mov	lr, r1
  41 0006 9046     		mov	r8, r2
  42 0008 1F46     		mov	r7, r3
  43 000a 82B0     		sub	sp, sp, #8
  44              		.cfi_def_cfa_offset 32
  99:Generated_Source\PSoC5/ADC_UI_TempBuf_dma.c **** 
 100:Generated_Source\PSoC5/ADC_UI_TempBuf_dma.c ****     /* Allocate a DMA channel. */
 101:Generated_Source\PSoC5/ADC_UI_TempBuf_dma.c ****     ADC_UI_TempBuf_DmaHandle = (uint8)ADC_UI_TempBuf__DRQ_NUMBER;
  45              		.loc 1 101 0
  46 000c 0C4C     		ldr	r4, .L3
  47 000e 0125     		movs	r5, #1
 102:Generated_Source\PSoC5/ADC_UI_TempBuf_dma.c **** 
 103:Generated_Source\PSoC5/ADC_UI_TempBuf_dma.c ****     /* Configure the channel. */
 104:Generated_Source\PSoC5/ADC_UI_TempBuf_dma.c ****     (void)CyDmaChSetConfiguration(ADC_UI_TempBuf_DmaHandle,
  48              		.loc 1 104 0
  49 0010 0026     		movs	r6, #0
  50 0012 7246     		mov	r2, lr
  51              	.LVL1:
  52 0014 2B46     		mov	r3, r5
  53              	.LVL2:
  54 0016 0146     		mov	r1, r0
  55              	.LVL3:
  56 0018 0096     		str	r6, [sp]
  57 001a 2846     		mov	r0, r5
  58              	.LVL4:
  59 001c 0196     		str	r6, [sp, #4]
 101:Generated_Source\PSoC5/ADC_UI_TempBuf_dma.c **** 
  60              		.loc 1 101 0
  61 001e 2570     		strb	r5, [r4]
  62              		.loc 1 104 0
  63 0020 FFF7FEFF 		bl	CyDmaChSetConfiguration
  64              	.LVL5:
 105:Generated_Source\PSoC5/ADC_UI_TempBuf_dma.c ****                                   BurstCount,
 106:Generated_Source\PSoC5/ADC_UI_TempBuf_dma.c ****                                   ReqestPerBurst,
ARM GAS  C:\Users\mgronber\AppData\Local\Temp\ccFiFpya.s 			page 4


 107:Generated_Source\PSoC5/ADC_UI_TempBuf_dma.c ****                                   (uint8)ADC_UI_TempBuf__TERMOUT0_SEL,
 108:Generated_Source\PSoC5/ADC_UI_TempBuf_dma.c ****                                   (uint8)ADC_UI_TempBuf__TERMOUT1_SEL,
 109:Generated_Source\PSoC5/ADC_UI_TempBuf_dma.c ****                                   (uint8)ADC_UI_TempBuf__TERMIN_SEL);
 110:Generated_Source\PSoC5/ADC_UI_TempBuf_dma.c **** 
 111:Generated_Source\PSoC5/ADC_UI_TempBuf_dma.c ****     /* Set the extended address for the transfers */
 112:Generated_Source\PSoC5/ADC_UI_TempBuf_dma.c ****     (void)CyDmaChSetExtendedAddress(ADC_UI_TempBuf_DmaHandle, UpperSrcAddress, UpperDestAddress);
  65              		.loc 1 112 0
  66 0024 4146     		mov	r1, r8
  67 0026 3A46     		mov	r2, r7
  68 0028 2078     		ldrb	r0, [r4]	@ zero_extendqisi2
  69 002a FFF7FEFF 		bl	CyDmaChSetExtendedAddress
  70              	.LVL6:
 113:Generated_Source\PSoC5/ADC_UI_TempBuf_dma.c **** 
 114:Generated_Source\PSoC5/ADC_UI_TempBuf_dma.c ****     /* Set the priority for this channel */
 115:Generated_Source\PSoC5/ADC_UI_TempBuf_dma.c ****     (void)CyDmaChPriority(ADC_UI_TempBuf_DmaHandle, (uint8)ADC_UI_TempBuf__PRIORITY);
  71              		.loc 1 115 0
  72 002e 2078     		ldrb	r0, [r4]	@ zero_extendqisi2
  73 0030 0221     		movs	r1, #2
  74 0032 FFF7FEFF 		bl	CyDmaChPriority
  75              	.LVL7:
 116:Generated_Source\PSoC5/ADC_UI_TempBuf_dma.c ****     
 117:Generated_Source\PSoC5/ADC_UI_TempBuf_dma.c ****     return ADC_UI_TempBuf_DmaHandle;
 118:Generated_Source\PSoC5/ADC_UI_TempBuf_dma.c **** }
  76              		.loc 1 118 0
  77 0036 2078     		ldrb	r0, [r4]	@ zero_extendqisi2
  78 0038 02B0     		add	sp, sp, #8
  79              		.cfi_def_cfa_offset 24
  80              		@ sp needed
  81 003a BDE8F081 		pop	{r4, r5, r6, r7, r8, pc}
  82              	.L4:
  83 003e 00BF     		.align	2
  84              	.L3:
  85 0040 00000000 		.word	.LANCHOR0
  86              		.cfi_endproc
  87              	.LFE0:
  88              		.size	ADC_UI_TempBuf_DmaInitialize, .-ADC_UI_TempBuf_DmaInitialize
  89              		.section	.text.ADC_UI_TempBuf_DmaRelease,"ax",%progbits
  90              		.align	2
  91              		.global	ADC_UI_TempBuf_DmaRelease
  92              		.thumb
  93              		.thumb_func
  94              		.type	ADC_UI_TempBuf_DmaRelease, %function
  95              	ADC_UI_TempBuf_DmaRelease:
  96              	.LFB1:
 119:Generated_Source\PSoC5/ADC_UI_TempBuf_dma.c **** 
 120:Generated_Source\PSoC5/ADC_UI_TempBuf_dma.c **** /*********************************************************************
 121:Generated_Source\PSoC5/ADC_UI_TempBuf_dma.c **** * Function Name: void ADC_UI_TempBuf_DmaRelease
 122:Generated_Source\PSoC5/ADC_UI_TempBuf_dma.c **** **********************************************************************
 123:Generated_Source\PSoC5/ADC_UI_TempBuf_dma.c **** * Summary:
 124:Generated_Source\PSoC5/ADC_UI_TempBuf_dma.c **** *   Frees the channel associated with ADC_UI_TempBuf.
 125:Generated_Source\PSoC5/ADC_UI_TempBuf_dma.c **** *
 126:Generated_Source\PSoC5/ADC_UI_TempBuf_dma.c **** *
 127:Generated_Source\PSoC5/ADC_UI_TempBuf_dma.c **** * Parameters:
 128:Generated_Source\PSoC5/ADC_UI_TempBuf_dma.c **** *   void.
 129:Generated_Source\PSoC5/ADC_UI_TempBuf_dma.c **** *
 130:Generated_Source\PSoC5/ADC_UI_TempBuf_dma.c **** *
 131:Generated_Source\PSoC5/ADC_UI_TempBuf_dma.c **** *
ARM GAS  C:\Users\mgronber\AppData\Local\Temp\ccFiFpya.s 			page 5


 132:Generated_Source\PSoC5/ADC_UI_TempBuf_dma.c **** * Return:
 133:Generated_Source\PSoC5/ADC_UI_TempBuf_dma.c **** *   void.
 134:Generated_Source\PSoC5/ADC_UI_TempBuf_dma.c **** *
 135:Generated_Source\PSoC5/ADC_UI_TempBuf_dma.c **** *******************************************************************/
 136:Generated_Source\PSoC5/ADC_UI_TempBuf_dma.c **** void ADC_UI_TempBuf_DmaRelease(void) 
 137:Generated_Source\PSoC5/ADC_UI_TempBuf_dma.c **** {
  97              		.loc 1 137 0
  98              		.cfi_startproc
  99              		@ args = 0, pretend = 0, frame = 0
 100              		@ frame_needed = 0, uses_anonymous_args = 0
 101              		@ link register save eliminated.
 138:Generated_Source\PSoC5/ADC_UI_TempBuf_dma.c ****     /* Disable the channel */
 139:Generated_Source\PSoC5/ADC_UI_TempBuf_dma.c ****     (void)CyDmaChDisable(ADC_UI_TempBuf_DmaHandle);
 102              		.loc 1 139 0
 103 0000 014B     		ldr	r3, .L6
 104 0002 1878     		ldrb	r0, [r3]	@ zero_extendqisi2
 105 0004 FFF7FEBF 		b	CyDmaChDisable
 106              	.LVL8:
 107              	.L7:
 108              		.align	2
 109              	.L6:
 110 0008 00000000 		.word	.LANCHOR0
 111              		.cfi_endproc
 112              	.LFE1:
 113              		.size	ADC_UI_TempBuf_DmaRelease, .-ADC_UI_TempBuf_DmaRelease
 114              		.global	ADC_UI_TempBuf_DmaHandle
 115              		.data
 116              		.set	.LANCHOR0,. + 0
 117              		.type	ADC_UI_TempBuf_DmaHandle, %object
 118              		.size	ADC_UI_TempBuf_DmaHandle, 1
 119              	ADC_UI_TempBuf_DmaHandle:
 120 0000 FF       		.byte	-1
 121              		.text
 122              	.Letext0:
 123              		.file 2 "Generated_Source\\PSoC5/cytypes.h"
 124              		.file 3 "Generated_Source\\PSoC5/CYDMAC.H"
 125              		.section	.debug_info,"",%progbits
 126              	.Ldebug_info0:
 127 0000 F4010000 		.4byte	0x1f4
 128 0004 0400     		.2byte	0x4
 129 0006 00000000 		.4byte	.Ldebug_abbrev0
 130 000a 04       		.byte	0x4
 131 000b 01       		.uleb128 0x1
 132 000c B3000000 		.4byte	.LASF23
 133 0010 01       		.byte	0x1
 134 0011 91010000 		.4byte	.LASF24
 135 0015 68000000 		.4byte	.LASF25
 136 0019 00000000 		.4byte	.Ldebug_ranges0+0
 137 001d 00000000 		.4byte	0
 138 0021 00000000 		.4byte	.Ldebug_line0
 139 0025 02       		.uleb128 0x2
 140 0026 04       		.byte	0x4
 141 0027 05       		.byte	0x5
 142 0028 696E7400 		.ascii	"int\000"
 143 002c 03       		.uleb128 0x3
 144 002d 04       		.byte	0x4
 145 002e 07       		.byte	0x7
ARM GAS  C:\Users\mgronber\AppData\Local\Temp\ccFiFpya.s 			page 6


 146 002f CB010000 		.4byte	.LASF0
 147 0033 03       		.uleb128 0x3
 148 0034 01       		.byte	0x1
 149 0035 06       		.byte	0x6
 150 0036 63020000 		.4byte	.LASF1
 151 003a 03       		.uleb128 0x3
 152 003b 01       		.byte	0x1
 153 003c 08       		.byte	0x8
 154 003d 47010000 		.4byte	.LASF2
 155 0041 03       		.uleb128 0x3
 156 0042 02       		.byte	0x2
 157 0043 05       		.byte	0x5
 158 0044 50020000 		.4byte	.LASF3
 159 0048 03       		.uleb128 0x3
 160 0049 02       		.byte	0x2
 161 004a 07       		.byte	0x7
 162 004b 38000000 		.4byte	.LASF4
 163 004f 03       		.uleb128 0x3
 164 0050 04       		.byte	0x4
 165 0051 05       		.byte	0x5
 166 0052 5A020000 		.4byte	.LASF5
 167 0056 03       		.uleb128 0x3
 168 0057 04       		.byte	0x4
 169 0058 07       		.byte	0x7
 170 0059 60010000 		.4byte	.LASF6
 171 005d 03       		.uleb128 0x3
 172 005e 08       		.byte	0x8
 173 005f 05       		.byte	0x5
 174 0060 23020000 		.4byte	.LASF7
 175 0064 03       		.uleb128 0x3
 176 0065 08       		.byte	0x8
 177 0066 07       		.byte	0x7
 178 0067 D8010000 		.4byte	.LASF8
 179 006b 03       		.uleb128 0x3
 180 006c 04       		.byte	0x4
 181 006d 07       		.byte	0x7
 182 006e 1A020000 		.4byte	.LASF9
 183 0072 03       		.uleb128 0x3
 184 0073 01       		.byte	0x1
 185 0074 08       		.byte	0x8
 186 0075 4B020000 		.4byte	.LASF10
 187 0079 04       		.uleb128 0x4
 188 007a 72010000 		.4byte	.LASF11
 189 007e 02       		.byte	0x2
 190 007f 5B       		.byte	0x5b
 191 0080 3A000000 		.4byte	0x3a
 192 0084 04       		.uleb128 0x4
 193 0085 C4010000 		.4byte	.LASF12
 194 0089 02       		.byte	0x2
 195 008a 5C       		.byte	0x5c
 196 008b 48000000 		.4byte	0x48
 197 008f 03       		.uleb128 0x3
 198 0090 04       		.byte	0x4
 199 0091 04       		.byte	0x4
 200 0092 41010000 		.4byte	.LASF13
 201 0096 03       		.uleb128 0x3
 202 0097 08       		.byte	0x8
ARM GAS  C:\Users\mgronber\AppData\Local\Temp\ccFiFpya.s 			page 7


 203 0098 04       		.byte	0x4
 204 0099 BD010000 		.4byte	.LASF14
 205 009d 04       		.uleb128 0x4
 206 009e 00000000 		.4byte	.LASF15
 207 00a2 02       		.byte	0x2
 208 00a3 E8       		.byte	0xe8
 209 00a4 56000000 		.4byte	0x56
 210 00a8 05       		.uleb128 0x5
 211 00a9 4B000000 		.4byte	.LASF26
 212 00ad 01       		.byte	0x1
 213 00ae 61       		.byte	0x61
 214 00af 79000000 		.4byte	0x79
 215 00b3 00000000 		.4byte	.LFB0
 216 00b7 44000000 		.4byte	.LFE0-.LFB0
 217 00bb 01       		.uleb128 0x1
 218 00bc 9C       		.byte	0x9c
 219 00bd 4F010000 		.4byte	0x14f
 220 00c1 06       		.uleb128 0x6
 221 00c2 55010000 		.4byte	.LASF16
 222 00c6 01       		.byte	0x1
 223 00c7 61       		.byte	0x61
 224 00c8 79000000 		.4byte	0x79
 225 00cc 00000000 		.4byte	.LLST0
 226 00d0 06       		.uleb128 0x6
 227 00d1 29000000 		.4byte	.LASF17
 228 00d5 01       		.byte	0x1
 229 00d6 61       		.byte	0x61
 230 00d7 79000000 		.4byte	0x79
 231 00db 21000000 		.4byte	.LLST1
 232 00df 06       		.uleb128 0x6
 233 00e0 09000000 		.4byte	.LASF18
 234 00e4 01       		.byte	0x1
 235 00e5 61       		.byte	0x61
 236 00e6 84000000 		.4byte	0x84
 237 00ea 42000000 		.4byte	.LLST2
 238 00ee 06       		.uleb128 0x6
 239 00ef 09020000 		.4byte	.LASF19
 240 00f3 01       		.byte	0x1
 241 00f4 61       		.byte	0x61
 242 00f5 84000000 		.4byte	0x84
 243 00f9 63000000 		.4byte	.LLST3
 244 00fd 07       		.uleb128 0x7
 245 00fe 24000000 		.4byte	.LVL5
 246 0102 7F010000 		.4byte	0x17f
 247 0106 25010000 		.4byte	0x125
 248 010a 08       		.uleb128 0x8
 249 010b 01       		.uleb128 0x1
 250 010c 53       		.byte	0x53
 251 010d 02       		.uleb128 0x2
 252 010e 75       		.byte	0x75
 253 010f 00       		.sleb128 0
 254 0110 08       		.uleb128 0x8
 255 0111 01       		.uleb128 0x1
 256 0112 50       		.byte	0x50
 257 0113 02       		.uleb128 0x2
 258 0114 75       		.byte	0x75
 259 0115 00       		.sleb128 0
ARM GAS  C:\Users\mgronber\AppData\Local\Temp\ccFiFpya.s 			page 8


 260 0116 08       		.uleb128 0x8
 261 0117 02       		.uleb128 0x2
 262 0118 7D       		.byte	0x7d
 263 0119 04       		.sleb128 4
 264 011a 02       		.uleb128 0x2
 265 011b 76       		.byte	0x76
 266 011c 00       		.sleb128 0
 267 011d 08       		.uleb128 0x8
 268 011e 02       		.uleb128 0x2
 269 011f 7D       		.byte	0x7d
 270 0120 00       		.sleb128 0
 271 0121 02       		.uleb128 0x2
 272 0122 76       		.byte	0x76
 273 0123 00       		.sleb128 0
 274 0124 00       		.byte	0
 275 0125 07       		.uleb128 0x7
 276 0126 2E000000 		.4byte	.LVL6
 277 012a AD010000 		.4byte	0x1ad
 278 012e 3F010000 		.4byte	0x13f
 279 0132 08       		.uleb128 0x8
 280 0133 01       		.uleb128 0x1
 281 0134 52       		.byte	0x52
 282 0135 02       		.uleb128 0x2
 283 0136 77       		.byte	0x77
 284 0137 00       		.sleb128 0
 285 0138 08       		.uleb128 0x8
 286 0139 01       		.uleb128 0x1
 287 013a 51       		.byte	0x51
 288 013b 02       		.uleb128 0x2
 289 013c 78       		.byte	0x78
 290 013d 00       		.sleb128 0
 291 013e 00       		.byte	0
 292 013f 09       		.uleb128 0x9
 293 0140 36000000 		.4byte	.LVL7
 294 0144 CC010000 		.4byte	0x1cc
 295 0148 08       		.uleb128 0x8
 296 0149 01       		.uleb128 0x1
 297 014a 51       		.byte	0x51
 298 014b 01       		.uleb128 0x1
 299 014c 32       		.byte	0x32
 300 014d 00       		.byte	0
 301 014e 00       		.byte	0
 302 014f 0A       		.uleb128 0xa
 303 0150 EF010000 		.4byte	.LASF27
 304 0154 01       		.byte	0x1
 305 0155 88       		.byte	0x88
 306 0156 00000000 		.4byte	.LFB1
 307 015a 0C000000 		.4byte	.LFE1-.LFB1
 308 015e 01       		.uleb128 0x1
 309 015f 9C       		.byte	0x9c
 310 0160 6E010000 		.4byte	0x16e
 311 0164 0B       		.uleb128 0xb
 312 0165 08000000 		.4byte	.LVL8
 313 0169 E6010000 		.4byte	0x1e6
 314 016d 00       		.byte	0
 315 016e 0C       		.uleb128 0xc
 316 016f 78010000 		.4byte	.LASF28
ARM GAS  C:\Users\mgronber\AppData\Local\Temp\ccFiFpya.s 			page 9


 317 0173 01       		.byte	0x1
 318 0174 45       		.byte	0x45
 319 0175 79000000 		.4byte	0x79
 320 0179 05       		.uleb128 0x5
 321 017a 03       		.byte	0x3
 322 017b 00000000 		.4byte	ADC_UI_TempBuf_DmaHandle
 323 017f 0D       		.uleb128 0xd
 324 0180 7E020000 		.4byte	.LASF20
 325 0184 03       		.byte	0x3
 326 0185 34       		.byte	0x34
 327 0186 9D000000 		.4byte	0x9d
 328 018a AD010000 		.4byte	0x1ad
 329 018e 0E       		.uleb128 0xe
 330 018f 79000000 		.4byte	0x79
 331 0193 0E       		.uleb128 0xe
 332 0194 79000000 		.4byte	0x79
 333 0198 0E       		.uleb128 0xe
 334 0199 79000000 		.4byte	0x79
 335 019d 0E       		.uleb128 0xe
 336 019e 79000000 		.4byte	0x79
 337 01a2 0E       		.uleb128 0xe
 338 01a3 79000000 		.4byte	0x79
 339 01a7 0E       		.uleb128 0xe
 340 01a8 79000000 		.4byte	0x79
 341 01ac 00       		.byte	0
 342 01ad 0D       		.uleb128 0xd
 343 01ae 31020000 		.4byte	.LASF21
 344 01b2 03       		.byte	0x3
 345 01b3 2E       		.byte	0x2e
 346 01b4 9D000000 		.4byte	0x9d
 347 01b8 CC010000 		.4byte	0x1cc
 348 01bc 0E       		.uleb128 0xe
 349 01bd 79000000 		.4byte	0x79
 350 01c1 0E       		.uleb128 0xe
 351 01c2 84000000 		.4byte	0x84
 352 01c6 0E       		.uleb128 0xe
 353 01c7 84000000 		.4byte	0x84
 354 01cb 00       		.byte	0
 355 01cc 0D       		.uleb128 0xd
 356 01cd 19000000 		.4byte	.LASF22
 357 01d1 03       		.byte	0x3
 358 01d2 2D       		.byte	0x2d
 359 01d3 9D000000 		.4byte	0x9d
 360 01d7 E6010000 		.4byte	0x1e6
 361 01db 0E       		.uleb128 0xe
 362 01dc 79000000 		.4byte	0x79
 363 01e0 0E       		.uleb128 0xe
 364 01e1 79000000 		.4byte	0x79
 365 01e5 00       		.byte	0
 366 01e6 0F       		.uleb128 0xf
 367 01e7 6F020000 		.4byte	.LASF29
 368 01eb 03       		.byte	0x3
 369 01ec 2B       		.byte	0x2b
 370 01ed 9D000000 		.4byte	0x9d
 371 01f1 0E       		.uleb128 0xe
 372 01f2 79000000 		.4byte	0x79
 373 01f6 00       		.byte	0
ARM GAS  C:\Users\mgronber\AppData\Local\Temp\ccFiFpya.s 			page 10


 374 01f7 00       		.byte	0
 375              		.section	.debug_abbrev,"",%progbits
 376              	.Ldebug_abbrev0:
 377 0000 01       		.uleb128 0x1
 378 0001 11       		.uleb128 0x11
 379 0002 01       		.byte	0x1
 380 0003 25       		.uleb128 0x25
 381 0004 0E       		.uleb128 0xe
 382 0005 13       		.uleb128 0x13
 383 0006 0B       		.uleb128 0xb
 384 0007 03       		.uleb128 0x3
 385 0008 0E       		.uleb128 0xe
 386 0009 1B       		.uleb128 0x1b
 387 000a 0E       		.uleb128 0xe
 388 000b 55       		.uleb128 0x55
 389 000c 17       		.uleb128 0x17
 390 000d 11       		.uleb128 0x11
 391 000e 01       		.uleb128 0x1
 392 000f 10       		.uleb128 0x10
 393 0010 17       		.uleb128 0x17
 394 0011 00       		.byte	0
 395 0012 00       		.byte	0
 396 0013 02       		.uleb128 0x2
 397 0014 24       		.uleb128 0x24
 398 0015 00       		.byte	0
 399 0016 0B       		.uleb128 0xb
 400 0017 0B       		.uleb128 0xb
 401 0018 3E       		.uleb128 0x3e
 402 0019 0B       		.uleb128 0xb
 403 001a 03       		.uleb128 0x3
 404 001b 08       		.uleb128 0x8
 405 001c 00       		.byte	0
 406 001d 00       		.byte	0
 407 001e 03       		.uleb128 0x3
 408 001f 24       		.uleb128 0x24
 409 0020 00       		.byte	0
 410 0021 0B       		.uleb128 0xb
 411 0022 0B       		.uleb128 0xb
 412 0023 3E       		.uleb128 0x3e
 413 0024 0B       		.uleb128 0xb
 414 0025 03       		.uleb128 0x3
 415 0026 0E       		.uleb128 0xe
 416 0027 00       		.byte	0
 417 0028 00       		.byte	0
 418 0029 04       		.uleb128 0x4
 419 002a 16       		.uleb128 0x16
 420 002b 00       		.byte	0
 421 002c 03       		.uleb128 0x3
 422 002d 0E       		.uleb128 0xe
 423 002e 3A       		.uleb128 0x3a
 424 002f 0B       		.uleb128 0xb
 425 0030 3B       		.uleb128 0x3b
 426 0031 0B       		.uleb128 0xb
 427 0032 49       		.uleb128 0x49
 428 0033 13       		.uleb128 0x13
 429 0034 00       		.byte	0
 430 0035 00       		.byte	0
ARM GAS  C:\Users\mgronber\AppData\Local\Temp\ccFiFpya.s 			page 11


 431 0036 05       		.uleb128 0x5
 432 0037 2E       		.uleb128 0x2e
 433 0038 01       		.byte	0x1
 434 0039 3F       		.uleb128 0x3f
 435 003a 19       		.uleb128 0x19
 436 003b 03       		.uleb128 0x3
 437 003c 0E       		.uleb128 0xe
 438 003d 3A       		.uleb128 0x3a
 439 003e 0B       		.uleb128 0xb
 440 003f 3B       		.uleb128 0x3b
 441 0040 0B       		.uleb128 0xb
 442 0041 27       		.uleb128 0x27
 443 0042 19       		.uleb128 0x19
 444 0043 49       		.uleb128 0x49
 445 0044 13       		.uleb128 0x13
 446 0045 11       		.uleb128 0x11
 447 0046 01       		.uleb128 0x1
 448 0047 12       		.uleb128 0x12
 449 0048 06       		.uleb128 0x6
 450 0049 40       		.uleb128 0x40
 451 004a 18       		.uleb128 0x18
 452 004b 9742     		.uleb128 0x2117
 453 004d 19       		.uleb128 0x19
 454 004e 01       		.uleb128 0x1
 455 004f 13       		.uleb128 0x13
 456 0050 00       		.byte	0
 457 0051 00       		.byte	0
 458 0052 06       		.uleb128 0x6
 459 0053 05       		.uleb128 0x5
 460 0054 00       		.byte	0
 461 0055 03       		.uleb128 0x3
 462 0056 0E       		.uleb128 0xe
 463 0057 3A       		.uleb128 0x3a
 464 0058 0B       		.uleb128 0xb
 465 0059 3B       		.uleb128 0x3b
 466 005a 0B       		.uleb128 0xb
 467 005b 49       		.uleb128 0x49
 468 005c 13       		.uleb128 0x13
 469 005d 02       		.uleb128 0x2
 470 005e 17       		.uleb128 0x17
 471 005f 00       		.byte	0
 472 0060 00       		.byte	0
 473 0061 07       		.uleb128 0x7
 474 0062 898201   		.uleb128 0x4109
 475 0065 01       		.byte	0x1
 476 0066 11       		.uleb128 0x11
 477 0067 01       		.uleb128 0x1
 478 0068 31       		.uleb128 0x31
 479 0069 13       		.uleb128 0x13
 480 006a 01       		.uleb128 0x1
 481 006b 13       		.uleb128 0x13
 482 006c 00       		.byte	0
 483 006d 00       		.byte	0
 484 006e 08       		.uleb128 0x8
 485 006f 8A8201   		.uleb128 0x410a
 486 0072 00       		.byte	0
 487 0073 02       		.uleb128 0x2
ARM GAS  C:\Users\mgronber\AppData\Local\Temp\ccFiFpya.s 			page 12


 488 0074 18       		.uleb128 0x18
 489 0075 9142     		.uleb128 0x2111
 490 0077 18       		.uleb128 0x18
 491 0078 00       		.byte	0
 492 0079 00       		.byte	0
 493 007a 09       		.uleb128 0x9
 494 007b 898201   		.uleb128 0x4109
 495 007e 01       		.byte	0x1
 496 007f 11       		.uleb128 0x11
 497 0080 01       		.uleb128 0x1
 498 0081 31       		.uleb128 0x31
 499 0082 13       		.uleb128 0x13
 500 0083 00       		.byte	0
 501 0084 00       		.byte	0
 502 0085 0A       		.uleb128 0xa
 503 0086 2E       		.uleb128 0x2e
 504 0087 01       		.byte	0x1
 505 0088 3F       		.uleb128 0x3f
 506 0089 19       		.uleb128 0x19
 507 008a 03       		.uleb128 0x3
 508 008b 0E       		.uleb128 0xe
 509 008c 3A       		.uleb128 0x3a
 510 008d 0B       		.uleb128 0xb
 511 008e 3B       		.uleb128 0x3b
 512 008f 0B       		.uleb128 0xb
 513 0090 27       		.uleb128 0x27
 514 0091 19       		.uleb128 0x19
 515 0092 11       		.uleb128 0x11
 516 0093 01       		.uleb128 0x1
 517 0094 12       		.uleb128 0x12
 518 0095 06       		.uleb128 0x6
 519 0096 40       		.uleb128 0x40
 520 0097 18       		.uleb128 0x18
 521 0098 9742     		.uleb128 0x2117
 522 009a 19       		.uleb128 0x19
 523 009b 01       		.uleb128 0x1
 524 009c 13       		.uleb128 0x13
 525 009d 00       		.byte	0
 526 009e 00       		.byte	0
 527 009f 0B       		.uleb128 0xb
 528 00a0 898201   		.uleb128 0x4109
 529 00a3 00       		.byte	0
 530 00a4 11       		.uleb128 0x11
 531 00a5 01       		.uleb128 0x1
 532 00a6 9542     		.uleb128 0x2115
 533 00a8 19       		.uleb128 0x19
 534 00a9 31       		.uleb128 0x31
 535 00aa 13       		.uleb128 0x13
 536 00ab 00       		.byte	0
 537 00ac 00       		.byte	0
 538 00ad 0C       		.uleb128 0xc
 539 00ae 34       		.uleb128 0x34
 540 00af 00       		.byte	0
 541 00b0 03       		.uleb128 0x3
 542 00b1 0E       		.uleb128 0xe
 543 00b2 3A       		.uleb128 0x3a
 544 00b3 0B       		.uleb128 0xb
ARM GAS  C:\Users\mgronber\AppData\Local\Temp\ccFiFpya.s 			page 13


 545 00b4 3B       		.uleb128 0x3b
 546 00b5 0B       		.uleb128 0xb
 547 00b6 49       		.uleb128 0x49
 548 00b7 13       		.uleb128 0x13
 549 00b8 3F       		.uleb128 0x3f
 550 00b9 19       		.uleb128 0x19
 551 00ba 02       		.uleb128 0x2
 552 00bb 18       		.uleb128 0x18
 553 00bc 00       		.byte	0
 554 00bd 00       		.byte	0
 555 00be 0D       		.uleb128 0xd
 556 00bf 2E       		.uleb128 0x2e
 557 00c0 01       		.byte	0x1
 558 00c1 3F       		.uleb128 0x3f
 559 00c2 19       		.uleb128 0x19
 560 00c3 03       		.uleb128 0x3
 561 00c4 0E       		.uleb128 0xe
 562 00c5 3A       		.uleb128 0x3a
 563 00c6 0B       		.uleb128 0xb
 564 00c7 3B       		.uleb128 0x3b
 565 00c8 0B       		.uleb128 0xb
 566 00c9 27       		.uleb128 0x27
 567 00ca 19       		.uleb128 0x19
 568 00cb 49       		.uleb128 0x49
 569 00cc 13       		.uleb128 0x13
 570 00cd 3C       		.uleb128 0x3c
 571 00ce 19       		.uleb128 0x19
 572 00cf 01       		.uleb128 0x1
 573 00d0 13       		.uleb128 0x13
 574 00d1 00       		.byte	0
 575 00d2 00       		.byte	0
 576 00d3 0E       		.uleb128 0xe
 577 00d4 05       		.uleb128 0x5
 578 00d5 00       		.byte	0
 579 00d6 49       		.uleb128 0x49
 580 00d7 13       		.uleb128 0x13
 581 00d8 00       		.byte	0
 582 00d9 00       		.byte	0
 583 00da 0F       		.uleb128 0xf
 584 00db 2E       		.uleb128 0x2e
 585 00dc 01       		.byte	0x1
 586 00dd 3F       		.uleb128 0x3f
 587 00de 19       		.uleb128 0x19
 588 00df 03       		.uleb128 0x3
 589 00e0 0E       		.uleb128 0xe
 590 00e1 3A       		.uleb128 0x3a
 591 00e2 0B       		.uleb128 0xb
 592 00e3 3B       		.uleb128 0x3b
 593 00e4 0B       		.uleb128 0xb
 594 00e5 27       		.uleb128 0x27
 595 00e6 19       		.uleb128 0x19
 596 00e7 49       		.uleb128 0x49
 597 00e8 13       		.uleb128 0x13
 598 00e9 3C       		.uleb128 0x3c
 599 00ea 19       		.uleb128 0x19
 600 00eb 00       		.byte	0
 601 00ec 00       		.byte	0
ARM GAS  C:\Users\mgronber\AppData\Local\Temp\ccFiFpya.s 			page 14


 602 00ed 00       		.byte	0
 603              		.section	.debug_loc,"",%progbits
 604              	.Ldebug_loc0:
 605              	.LLST0:
 606 0000 00000000 		.4byte	.LVL0
 607 0004 1C000000 		.4byte	.LVL4
 608 0008 0100     		.2byte	0x1
 609 000a 50       		.byte	0x50
 610 000b 1C000000 		.4byte	.LVL4
 611 000f 44000000 		.4byte	.LFE0
 612 0013 0400     		.2byte	0x4
 613 0015 F3       		.byte	0xf3
 614 0016 01       		.uleb128 0x1
 615 0017 50       		.byte	0x50
 616 0018 9F       		.byte	0x9f
 617 0019 00000000 		.4byte	0
 618 001d 00000000 		.4byte	0
 619              	.LLST1:
 620 0021 00000000 		.4byte	.LVL0
 621 0025 18000000 		.4byte	.LVL3
 622 0029 0100     		.2byte	0x1
 623 002b 51       		.byte	0x51
 624 002c 18000000 		.4byte	.LVL3
 625 0030 44000000 		.4byte	.LFE0
 626 0034 0400     		.2byte	0x4
 627 0036 F3       		.byte	0xf3
 628 0037 01       		.uleb128 0x1
 629 0038 51       		.byte	0x51
 630 0039 9F       		.byte	0x9f
 631 003a 00000000 		.4byte	0
 632 003e 00000000 		.4byte	0
 633              	.LLST2:
 634 0042 00000000 		.4byte	.LVL0
 635 0046 14000000 		.4byte	.LVL1
 636 004a 0100     		.2byte	0x1
 637 004c 52       		.byte	0x52
 638 004d 14000000 		.4byte	.LVL1
 639 0051 44000000 		.4byte	.LFE0
 640 0055 0400     		.2byte	0x4
 641 0057 F3       		.byte	0xf3
 642 0058 01       		.uleb128 0x1
 643 0059 52       		.byte	0x52
 644 005a 9F       		.byte	0x9f
 645 005b 00000000 		.4byte	0
 646 005f 00000000 		.4byte	0
 647              	.LLST3:
 648 0063 00000000 		.4byte	.LVL0
 649 0067 16000000 		.4byte	.LVL2
 650 006b 0100     		.2byte	0x1
 651 006d 53       		.byte	0x53
 652 006e 16000000 		.4byte	.LVL2
 653 0072 44000000 		.4byte	.LFE0
 654 0076 0400     		.2byte	0x4
 655 0078 F3       		.byte	0xf3
 656 0079 01       		.uleb128 0x1
 657 007a 53       		.byte	0x53
 658 007b 9F       		.byte	0x9f
ARM GAS  C:\Users\mgronber\AppData\Local\Temp\ccFiFpya.s 			page 15


 659 007c 00000000 		.4byte	0
 660 0080 00000000 		.4byte	0
 661              		.section	.debug_aranges,"",%progbits
 662 0000 24000000 		.4byte	0x24
 663 0004 0200     		.2byte	0x2
 664 0006 00000000 		.4byte	.Ldebug_info0
 665 000a 04       		.byte	0x4
 666 000b 00       		.byte	0
 667 000c 0000     		.2byte	0
 668 000e 0000     		.2byte	0
 669 0010 00000000 		.4byte	.LFB0
 670 0014 44000000 		.4byte	.LFE0-.LFB0
 671 0018 00000000 		.4byte	.LFB1
 672 001c 0C000000 		.4byte	.LFE1-.LFB1
 673 0020 00000000 		.4byte	0
 674 0024 00000000 		.4byte	0
 675              		.section	.debug_ranges,"",%progbits
 676              	.Ldebug_ranges0:
 677 0000 00000000 		.4byte	.LFB0
 678 0004 44000000 		.4byte	.LFE0
 679 0008 00000000 		.4byte	.LFB1
 680 000c 0C000000 		.4byte	.LFE1
 681 0010 00000000 		.4byte	0
 682 0014 00000000 		.4byte	0
 683              		.section	.debug_line,"",%progbits
 684              	.Ldebug_line0:
 685 0000 89000000 		.section	.debug_str,"MS",%progbits,1
 685      02005B00 
 685      00000201 
 685      FB0E0D00 
 685      01010101 
 686              	.LASF15:
 687 0000 63797374 		.ascii	"cystatus\000"
 687      61747573 
 687      00
 688              	.LASF18:
 689 0009 55707065 		.ascii	"UpperSrcAddress\000"
 689      72537263 
 689      41646472 
 689      65737300 
 690              	.LASF22:
 691 0019 4379446D 		.ascii	"CyDmaChPriority\000"
 691      61436850 
 691      72696F72 
 691      69747900 
 692              	.LASF17:
 693 0029 52657165 		.ascii	"ReqestPerBurst\000"
 693      73745065 
 693      72427572 
 693      737400
 694              	.LASF4:
 695 0038 73686F72 		.ascii	"short unsigned int\000"
 695      7420756E 
 695      7369676E 
 695      65642069 
 695      6E7400
 696              	.LASF26:
ARM GAS  C:\Users\mgronber\AppData\Local\Temp\ccFiFpya.s 			page 16


 697 004b 4144435F 		.ascii	"ADC_UI_TempBuf_DmaInitialize\000"
 697      55495F54 
 697      656D7042 
 697      75665F44 
 697      6D61496E 
 698              	.LASF25:
 699 0068 433A5C55 		.ascii	"C:\\Users\\mgronber\\Desktop\\Hummingbird\\Hummingb"
 699      73657273 
 699      5C6D6772 
 699      6F6E6265 
 699      725C4465 
 700 0096 69726428 		.ascii	"ird(Continuous Output).cydsn\000"
 700      436F6E74 
 700      696E756F 
 700      7573204F 
 700      75747075 
 701              	.LASF23:
 702 00b3 474E5520 		.ascii	"GNU C 4.9.3 20150303 (release) [ARM/embedded-4_9-br"
 702      4320342E 
 702      392E3320 
 702      32303135 
 702      30333033 
 703 00e6 616E6368 		.ascii	"anch revision 221220] -mcpu=cortex-m3 -mthumb -g -O"
 703      20726576 
 703      6973696F 
 703      6E203232 
 703      31323230 
 704 0119 32202D66 		.ascii	"2 -ffunction-sections -ffat-lto-objects\000"
 704      66756E63 
 704      74696F6E 
 704      2D736563 
 704      74696F6E 
 705              	.LASF13:
 706 0141 666C6F61 		.ascii	"float\000"
 706      7400
 707              	.LASF2:
 708 0147 756E7369 		.ascii	"unsigned char\000"
 708      676E6564 
 708      20636861 
 708      7200
 709              	.LASF16:
 710 0155 42757273 		.ascii	"BurstCount\000"
 710      74436F75 
 710      6E7400
 711              	.LASF6:
 712 0160 6C6F6E67 		.ascii	"long unsigned int\000"
 712      20756E73 
 712      69676E65 
 712      6420696E 
 712      7400
 713              	.LASF11:
 714 0172 75696E74 		.ascii	"uint8\000"
 714      3800
 715              	.LASF28:
 716 0178 4144435F 		.ascii	"ADC_UI_TempBuf_DmaHandle\000"
 716      55495F54 
 716      656D7042 
ARM GAS  C:\Users\mgronber\AppData\Local\Temp\ccFiFpya.s 			page 17


 716      75665F44 
 716      6D614861 
 717              	.LASF24:
 718 0191 47656E65 		.ascii	"Generated_Source\\PSoC5\\ADC_UI_TempBuf_dma.c\000"
 718      72617465 
 718      645F536F 
 718      75726365 
 718      5C50536F 
 719              	.LASF14:
 720 01bd 646F7562 		.ascii	"double\000"
 720      6C6500
 721              	.LASF12:
 722 01c4 75696E74 		.ascii	"uint16\000"
 722      313600
 723              	.LASF0:
 724 01cb 756E7369 		.ascii	"unsigned int\000"
 724      676E6564 
 724      20696E74 
 724      00
 725              	.LASF8:
 726 01d8 6C6F6E67 		.ascii	"long long unsigned int\000"
 726      206C6F6E 
 726      6720756E 
 726      7369676E 
 726      65642069 
 727              	.LASF27:
 728 01ef 4144435F 		.ascii	"ADC_UI_TempBuf_DmaRelease\000"
 728      55495F54 
 728      656D7042 
 728      75665F44 
 728      6D615265 
 729              	.LASF19:
 730 0209 55707065 		.ascii	"UpperDestAddress\000"
 730      72446573 
 730      74416464 
 730      72657373 
 730      00
 731              	.LASF9:
 732 021a 73697A65 		.ascii	"sizetype\000"
 732      74797065 
 732      00
 733              	.LASF7:
 734 0223 6C6F6E67 		.ascii	"long long int\000"
 734      206C6F6E 
 734      6720696E 
 734      7400
 735              	.LASF21:
 736 0231 4379446D 		.ascii	"CyDmaChSetExtendedAddress\000"
 736      61436853 
 736      65744578 
 736      74656E64 
 736      65644164 
 737              	.LASF10:
 738 024b 63686172 		.ascii	"char\000"
 738      00
 739              	.LASF3:
 740 0250 73686F72 		.ascii	"short int\000"
ARM GAS  C:\Users\mgronber\AppData\Local\Temp\ccFiFpya.s 			page 18


 740      7420696E 
 740      7400
 741              	.LASF5:
 742 025a 6C6F6E67 		.ascii	"long int\000"
 742      20696E74 
 742      00
 743              	.LASF1:
 744 0263 7369676E 		.ascii	"signed char\000"
 744      65642063 
 744      68617200 
 745              	.LASF29:
 746 026f 4379446D 		.ascii	"CyDmaChDisable\000"
 746      61436844 
 746      69736162 
 746      6C6500
 747              	.LASF20:
 748 027e 4379446D 		.ascii	"CyDmaChSetConfiguration\000"
 748      61436853 
 748      6574436F 
 748      6E666967 
 748      75726174 
 749              		.ident	"GCC: (GNU Tools for ARM Embedded Processors) 4.9.3 20150303 (release) [ARM/embedded-4_9-br
