ARM GAS  C:\Users\mgronber\AppData\Local\Temp\ccIv4P2n.s 			page 1


   1              		.syntax unified
   2              		.cpu cortex-m3
   3              		.fpu softvfp
   4              		.eabi_attribute 20, 1
   5              		.eabi_attribute 21, 1
   6              		.eabi_attribute 23, 3
   7              		.eabi_attribute 24, 1
   8              		.eabi_attribute 25, 1
   9              		.eabi_attribute 26, 1
  10              		.eabi_attribute 30, 6
  11              		.eabi_attribute 34, 1
  12              		.eabi_attribute 18, 4
  13              		.thumb
  14              		.file	"ADC_SAR_Seq_1_SAR_PM.c"
  15              		.text
  16              	.Ltext0:
  17              		.cfi_sections	.debug_frame
  18              		.bss
  19              		.align	2
  20              	ADC_SAR_Seq_1_SAR_backup:
  21 0000 00       		.space	1
  22 0001 000000   		.section	.text.ADC_SAR_Seq_1_SAR_SaveConfig,"ax",%progbits
  23              		.align	2
  24              		.global	ADC_SAR_Seq_1_SAR_SaveConfig
  25              		.thumb
  26              		.thumb_func
  27              		.type	ADC_SAR_Seq_1_SAR_SaveConfig, %function
  28              	ADC_SAR_Seq_1_SAR_SaveConfig:
  29              	.LFB0:
  30              		.file 1 "Generated_Source\\PSoC5\\ADC_SAR_Seq_1_SAR_PM.c"
   1:Generated_Source\PSoC5/ADC_SAR_Seq_1_SAR_PM.c **** /*******************************************************************************
   2:Generated_Source\PSoC5/ADC_SAR_Seq_1_SAR_PM.c **** * File Name: ADC_SAR_Seq_1_SAR_PM.c
   3:Generated_Source\PSoC5/ADC_SAR_Seq_1_SAR_PM.c **** * Version 3.0
   4:Generated_Source\PSoC5/ADC_SAR_Seq_1_SAR_PM.c **** *
   5:Generated_Source\PSoC5/ADC_SAR_Seq_1_SAR_PM.c **** * Description:
   6:Generated_Source\PSoC5/ADC_SAR_Seq_1_SAR_PM.c **** *  This file provides Sleep/WakeUp APIs functionality.
   7:Generated_Source\PSoC5/ADC_SAR_Seq_1_SAR_PM.c **** *
   8:Generated_Source\PSoC5/ADC_SAR_Seq_1_SAR_PM.c **** * Note:
   9:Generated_Source\PSoC5/ADC_SAR_Seq_1_SAR_PM.c **** *
  10:Generated_Source\PSoC5/ADC_SAR_Seq_1_SAR_PM.c **** ********************************************************************************
  11:Generated_Source\PSoC5/ADC_SAR_Seq_1_SAR_PM.c **** * Copyright 2008-2015, Cypress Semiconductor Corporation.  All rights reserved.
  12:Generated_Source\PSoC5/ADC_SAR_Seq_1_SAR_PM.c **** * You may use this file only in accordance with the license, terms, conditions,
  13:Generated_Source\PSoC5/ADC_SAR_Seq_1_SAR_PM.c **** * disclaimers, and limitations in the end user license agreement accompanying
  14:Generated_Source\PSoC5/ADC_SAR_Seq_1_SAR_PM.c **** * the software package with which this file was provided.
  15:Generated_Source\PSoC5/ADC_SAR_Seq_1_SAR_PM.c **** *******************************************************************************/
  16:Generated_Source\PSoC5/ADC_SAR_Seq_1_SAR_PM.c **** 
  17:Generated_Source\PSoC5/ADC_SAR_Seq_1_SAR_PM.c **** #include "ADC_SAR_Seq_1_SAR.h"
  18:Generated_Source\PSoC5/ADC_SAR_Seq_1_SAR_PM.c **** 
  19:Generated_Source\PSoC5/ADC_SAR_Seq_1_SAR_PM.c **** 
  20:Generated_Source\PSoC5/ADC_SAR_Seq_1_SAR_PM.c **** /***************************************
  21:Generated_Source\PSoC5/ADC_SAR_Seq_1_SAR_PM.c **** * Local data allocation
  22:Generated_Source\PSoC5/ADC_SAR_Seq_1_SAR_PM.c **** ***************************************/
  23:Generated_Source\PSoC5/ADC_SAR_Seq_1_SAR_PM.c **** 
  24:Generated_Source\PSoC5/ADC_SAR_Seq_1_SAR_PM.c **** static ADC_SAR_Seq_1_SAR_BACKUP_STRUCT  ADC_SAR_Seq_1_SAR_backup =
  25:Generated_Source\PSoC5/ADC_SAR_Seq_1_SAR_PM.c **** {
  26:Generated_Source\PSoC5/ADC_SAR_Seq_1_SAR_PM.c ****     ADC_SAR_Seq_1_SAR_DISABLED
  27:Generated_Source\PSoC5/ADC_SAR_Seq_1_SAR_PM.c **** };
ARM GAS  C:\Users\mgronber\AppData\Local\Temp\ccIv4P2n.s 			page 2


  28:Generated_Source\PSoC5/ADC_SAR_Seq_1_SAR_PM.c **** 
  29:Generated_Source\PSoC5/ADC_SAR_Seq_1_SAR_PM.c **** 
  30:Generated_Source\PSoC5/ADC_SAR_Seq_1_SAR_PM.c **** /*******************************************************************************
  31:Generated_Source\PSoC5/ADC_SAR_Seq_1_SAR_PM.c **** * Function Name: ADC_SAR_Seq_1_SAR_SaveConfig
  32:Generated_Source\PSoC5/ADC_SAR_Seq_1_SAR_PM.c **** ********************************************************************************
  33:Generated_Source\PSoC5/ADC_SAR_Seq_1_SAR_PM.c **** *
  34:Generated_Source\PSoC5/ADC_SAR_Seq_1_SAR_PM.c **** * Summary:
  35:Generated_Source\PSoC5/ADC_SAR_Seq_1_SAR_PM.c **** *  Saves the current user configuration.
  36:Generated_Source\PSoC5/ADC_SAR_Seq_1_SAR_PM.c **** *
  37:Generated_Source\PSoC5/ADC_SAR_Seq_1_SAR_PM.c **** * Parameters:
  38:Generated_Source\PSoC5/ADC_SAR_Seq_1_SAR_PM.c **** *  None.
  39:Generated_Source\PSoC5/ADC_SAR_Seq_1_SAR_PM.c **** *
  40:Generated_Source\PSoC5/ADC_SAR_Seq_1_SAR_PM.c **** * Return:
  41:Generated_Source\PSoC5/ADC_SAR_Seq_1_SAR_PM.c **** *  None.
  42:Generated_Source\PSoC5/ADC_SAR_Seq_1_SAR_PM.c **** *
  43:Generated_Source\PSoC5/ADC_SAR_Seq_1_SAR_PM.c **** *******************************************************************************/
  44:Generated_Source\PSoC5/ADC_SAR_Seq_1_SAR_PM.c **** void ADC_SAR_Seq_1_SAR_SaveConfig(void)
  45:Generated_Source\PSoC5/ADC_SAR_Seq_1_SAR_PM.c **** {
  31              		.loc 1 45 0
  32              		.cfi_startproc
  33              		@ args = 0, pretend = 0, frame = 0
  34              		@ frame_needed = 1, uses_anonymous_args = 0
  35              		@ link register save eliminated.
  36 0000 80B4     		push	{r7}
  37              		.cfi_def_cfa_offset 4
  38              		.cfi_offset 7, -4
  39 0002 00AF     		add	r7, sp, #0
  40              		.cfi_def_cfa_register 7
  46:Generated_Source\PSoC5/ADC_SAR_Seq_1_SAR_PM.c ****     /* All configuration registers are marked as [reset_all_retention] */
  47:Generated_Source\PSoC5/ADC_SAR_Seq_1_SAR_PM.c **** }
  41              		.loc 1 47 0
  42 0004 BD46     		mov	sp, r7
  43              		.cfi_def_cfa_register 13
  44              		@ sp needed
  45 0006 5DF8047B 		ldr	r7, [sp], #4
  46              		.cfi_restore 7
  47              		.cfi_def_cfa_offset 0
  48 000a 7047     		bx	lr
  49              		.cfi_endproc
  50              	.LFE0:
  51              		.size	ADC_SAR_Seq_1_SAR_SaveConfig, .-ADC_SAR_Seq_1_SAR_SaveConfig
  52              		.section	.text.ADC_SAR_Seq_1_SAR_RestoreConfig,"ax",%progbits
  53              		.align	2
  54              		.global	ADC_SAR_Seq_1_SAR_RestoreConfig
  55              		.thumb
  56              		.thumb_func
  57              		.type	ADC_SAR_Seq_1_SAR_RestoreConfig, %function
  58              	ADC_SAR_Seq_1_SAR_RestoreConfig:
  59              	.LFB1:
  48:Generated_Source\PSoC5/ADC_SAR_Seq_1_SAR_PM.c **** 
  49:Generated_Source\PSoC5/ADC_SAR_Seq_1_SAR_PM.c **** 
  50:Generated_Source\PSoC5/ADC_SAR_Seq_1_SAR_PM.c **** /*******************************************************************************
  51:Generated_Source\PSoC5/ADC_SAR_Seq_1_SAR_PM.c **** * Function Name: ADC_SAR_Seq_1_SAR_RestoreConfig
  52:Generated_Source\PSoC5/ADC_SAR_Seq_1_SAR_PM.c **** ********************************************************************************
  53:Generated_Source\PSoC5/ADC_SAR_Seq_1_SAR_PM.c **** *
  54:Generated_Source\PSoC5/ADC_SAR_Seq_1_SAR_PM.c **** * Summary:
  55:Generated_Source\PSoC5/ADC_SAR_Seq_1_SAR_PM.c **** *  Restores the current user configuration.
ARM GAS  C:\Users\mgronber\AppData\Local\Temp\ccIv4P2n.s 			page 3


  56:Generated_Source\PSoC5/ADC_SAR_Seq_1_SAR_PM.c **** *
  57:Generated_Source\PSoC5/ADC_SAR_Seq_1_SAR_PM.c **** * Parameters:
  58:Generated_Source\PSoC5/ADC_SAR_Seq_1_SAR_PM.c **** *  None.
  59:Generated_Source\PSoC5/ADC_SAR_Seq_1_SAR_PM.c **** *
  60:Generated_Source\PSoC5/ADC_SAR_Seq_1_SAR_PM.c **** * Return:
  61:Generated_Source\PSoC5/ADC_SAR_Seq_1_SAR_PM.c **** *  None.
  62:Generated_Source\PSoC5/ADC_SAR_Seq_1_SAR_PM.c **** *
  63:Generated_Source\PSoC5/ADC_SAR_Seq_1_SAR_PM.c **** *******************************************************************************/
  64:Generated_Source\PSoC5/ADC_SAR_Seq_1_SAR_PM.c **** void ADC_SAR_Seq_1_SAR_RestoreConfig(void)
  65:Generated_Source\PSoC5/ADC_SAR_Seq_1_SAR_PM.c **** {
  60              		.loc 1 65 0
  61              		.cfi_startproc
  62              		@ args = 0, pretend = 0, frame = 0
  63              		@ frame_needed = 1, uses_anonymous_args = 0
  64              		@ link register save eliminated.
  65 0000 80B4     		push	{r7}
  66              		.cfi_def_cfa_offset 4
  67              		.cfi_offset 7, -4
  68 0002 00AF     		add	r7, sp, #0
  69              		.cfi_def_cfa_register 7
  66:Generated_Source\PSoC5/ADC_SAR_Seq_1_SAR_PM.c ****     /* All congiguration registers are marked as [reset_all_retention] */
  67:Generated_Source\PSoC5/ADC_SAR_Seq_1_SAR_PM.c **** }
  70              		.loc 1 67 0
  71 0004 BD46     		mov	sp, r7
  72              		.cfi_def_cfa_register 13
  73              		@ sp needed
  74 0006 5DF8047B 		ldr	r7, [sp], #4
  75              		.cfi_restore 7
  76              		.cfi_def_cfa_offset 0
  77 000a 7047     		bx	lr
  78              		.cfi_endproc
  79              	.LFE1:
  80              		.size	ADC_SAR_Seq_1_SAR_RestoreConfig, .-ADC_SAR_Seq_1_SAR_RestoreConfig
  81              		.section	.text.ADC_SAR_Seq_1_SAR_Sleep,"ax",%progbits
  82              		.align	2
  83              		.global	ADC_SAR_Seq_1_SAR_Sleep
  84              		.thumb
  85              		.thumb_func
  86              		.type	ADC_SAR_Seq_1_SAR_Sleep, %function
  87              	ADC_SAR_Seq_1_SAR_Sleep:
  88              	.LFB2:
  68:Generated_Source\PSoC5/ADC_SAR_Seq_1_SAR_PM.c **** 
  69:Generated_Source\PSoC5/ADC_SAR_Seq_1_SAR_PM.c **** 
  70:Generated_Source\PSoC5/ADC_SAR_Seq_1_SAR_PM.c **** /*******************************************************************************
  71:Generated_Source\PSoC5/ADC_SAR_Seq_1_SAR_PM.c **** * Function Name: ADC_SAR_Seq_1_SAR_Sleep
  72:Generated_Source\PSoC5/ADC_SAR_Seq_1_SAR_PM.c **** ********************************************************************************
  73:Generated_Source\PSoC5/ADC_SAR_Seq_1_SAR_PM.c **** *
  74:Generated_Source\PSoC5/ADC_SAR_Seq_1_SAR_PM.c **** * Summary:
  75:Generated_Source\PSoC5/ADC_SAR_Seq_1_SAR_PM.c **** *  This is the preferred routine to prepare the component for sleep.
  76:Generated_Source\PSoC5/ADC_SAR_Seq_1_SAR_PM.c **** *  The ADC_SAR_Seq_1_SAR_Sleep() routine saves the current component state,
  77:Generated_Source\PSoC5/ADC_SAR_Seq_1_SAR_PM.c **** *  then it calls the ADC_Stop() function.
  78:Generated_Source\PSoC5/ADC_SAR_Seq_1_SAR_PM.c **** *
  79:Generated_Source\PSoC5/ADC_SAR_Seq_1_SAR_PM.c **** * Parameters:
  80:Generated_Source\PSoC5/ADC_SAR_Seq_1_SAR_PM.c **** *  None.
  81:Generated_Source\PSoC5/ADC_SAR_Seq_1_SAR_PM.c **** *
  82:Generated_Source\PSoC5/ADC_SAR_Seq_1_SAR_PM.c **** * Return:
  83:Generated_Source\PSoC5/ADC_SAR_Seq_1_SAR_PM.c **** *  None.
ARM GAS  C:\Users\mgronber\AppData\Local\Temp\ccIv4P2n.s 			page 4


  84:Generated_Source\PSoC5/ADC_SAR_Seq_1_SAR_PM.c **** *
  85:Generated_Source\PSoC5/ADC_SAR_Seq_1_SAR_PM.c **** * Global Variables:
  86:Generated_Source\PSoC5/ADC_SAR_Seq_1_SAR_PM.c **** *  ADC_SAR_Seq_1_SAR_backup - The structure field 'enableState' is modified
  87:Generated_Source\PSoC5/ADC_SAR_Seq_1_SAR_PM.c **** *  depending on the enable state of the block before entering to sleep mode.
  88:Generated_Source\PSoC5/ADC_SAR_Seq_1_SAR_PM.c **** *
  89:Generated_Source\PSoC5/ADC_SAR_Seq_1_SAR_PM.c **** *******************************************************************************/
  90:Generated_Source\PSoC5/ADC_SAR_Seq_1_SAR_PM.c **** void ADC_SAR_Seq_1_SAR_Sleep(void)
  91:Generated_Source\PSoC5/ADC_SAR_Seq_1_SAR_PM.c **** {
  89              		.loc 1 91 0
  90              		.cfi_startproc
  91              		@ args = 0, pretend = 0, frame = 0
  92              		@ frame_needed = 1, uses_anonymous_args = 0
  93 0000 80B5     		push	{r7, lr}
  94              		.cfi_def_cfa_offset 8
  95              		.cfi_offset 7, -8
  96              		.cfi_offset 14, -4
  97 0002 00AF     		add	r7, sp, #0
  98              		.cfi_def_cfa_register 7
  92:Generated_Source\PSoC5/ADC_SAR_Seq_1_SAR_PM.c ****     if((ADC_SAR_Seq_1_SAR_PWRMGR_SAR_REG  & ADC_SAR_Seq_1_SAR_ACT_PWR_SAR_EN) != 0u)
  99              		.loc 1 92 0
 100 0004 0D4B     		ldr	r3, .L8
 101 0006 1B78     		ldrb	r3, [r3]
 102 0008 DBB2     		uxtb	r3, r3
 103 000a 03F00203 		and	r3, r3, #2
 104 000e 002B     		cmp	r3, #0
 105 0010 10D0     		beq	.L4
  93:Generated_Source\PSoC5/ADC_SAR_Seq_1_SAR_PM.c ****     {
  94:Generated_Source\PSoC5/ADC_SAR_Seq_1_SAR_PM.c ****         if((ADC_SAR_Seq_1_SAR_SAR_CSR0_REG & ADC_SAR_Seq_1_SAR_SAR_SOF_START_CONV) != 0u)
 106              		.loc 1 94 0
 107 0012 0B4B     		ldr	r3, .L8+4
 108 0014 1B78     		ldrb	r3, [r3]
 109 0016 DBB2     		uxtb	r3, r3
 110 0018 03F00103 		and	r3, r3, #1
 111 001c 002B     		cmp	r3, #0
 112 001e 03D0     		beq	.L5
  95:Generated_Source\PSoC5/ADC_SAR_Seq_1_SAR_PM.c ****         {
  96:Generated_Source\PSoC5/ADC_SAR_Seq_1_SAR_PM.c ****             ADC_SAR_Seq_1_SAR_backup.enableState = ADC_SAR_Seq_1_SAR_ENABLED | ADC_SAR_Seq_1_SAR_ST
 113              		.loc 1 96 0
 114 0020 084B     		ldr	r3, .L8+8
 115 0022 0322     		movs	r2, #3
 116 0024 1A70     		strb	r2, [r3]
 117 0026 02E0     		b	.L6
 118              	.L5:
  97:Generated_Source\PSoC5/ADC_SAR_Seq_1_SAR_PM.c ****         }
  98:Generated_Source\PSoC5/ADC_SAR_Seq_1_SAR_PM.c ****         else
  99:Generated_Source\PSoC5/ADC_SAR_Seq_1_SAR_PM.c ****         {
 100:Generated_Source\PSoC5/ADC_SAR_Seq_1_SAR_PM.c ****             ADC_SAR_Seq_1_SAR_backup.enableState = ADC_SAR_Seq_1_SAR_ENABLED;
 119              		.loc 1 100 0
 120 0028 064B     		ldr	r3, .L8+8
 121 002a 0122     		movs	r2, #1
 122 002c 1A70     		strb	r2, [r3]
 123              	.L6:
 101:Generated_Source\PSoC5/ADC_SAR_Seq_1_SAR_PM.c ****         }
 102:Generated_Source\PSoC5/ADC_SAR_Seq_1_SAR_PM.c ****         ADC_SAR_Seq_1_SAR_Stop();
 124              		.loc 1 102 0
 125 002e FFF7FEFF 		bl	ADC_SAR_Seq_1_SAR_Stop
 126 0032 02E0     		b	.L3
ARM GAS  C:\Users\mgronber\AppData\Local\Temp\ccIv4P2n.s 			page 5


 127              	.L4:
 103:Generated_Source\PSoC5/ADC_SAR_Seq_1_SAR_PM.c ****     }
 104:Generated_Source\PSoC5/ADC_SAR_Seq_1_SAR_PM.c ****     else
 105:Generated_Source\PSoC5/ADC_SAR_Seq_1_SAR_PM.c ****     {
 106:Generated_Source\PSoC5/ADC_SAR_Seq_1_SAR_PM.c ****         ADC_SAR_Seq_1_SAR_backup.enableState = ADC_SAR_Seq_1_SAR_DISABLED;
 128              		.loc 1 106 0
 129 0034 034B     		ldr	r3, .L8+8
 130 0036 0022     		movs	r2, #0
 131 0038 1A70     		strb	r2, [r3]
 132              	.L3:
 107:Generated_Source\PSoC5/ADC_SAR_Seq_1_SAR_PM.c ****     }
 108:Generated_Source\PSoC5/ADC_SAR_Seq_1_SAR_PM.c **** }
 133              		.loc 1 108 0
 134 003a 80BD     		pop	{r7, pc}
 135              	.L9:
 136              		.align	2
 137              	.L8:
 138 003c AB430040 		.word	1073759147
 139 0040 08590040 		.word	1073764616
 140 0044 00000000 		.word	ADC_SAR_Seq_1_SAR_backup
 141              		.cfi_endproc
 142              	.LFE2:
 143              		.size	ADC_SAR_Seq_1_SAR_Sleep, .-ADC_SAR_Seq_1_SAR_Sleep
 144              		.section	.text.ADC_SAR_Seq_1_SAR_Wakeup,"ax",%progbits
 145              		.align	2
 146              		.global	ADC_SAR_Seq_1_SAR_Wakeup
 147              		.thumb
 148              		.thumb_func
 149              		.type	ADC_SAR_Seq_1_SAR_Wakeup, %function
 150              	ADC_SAR_Seq_1_SAR_Wakeup:
 151              	.LFB3:
 109:Generated_Source\PSoC5/ADC_SAR_Seq_1_SAR_PM.c **** 
 110:Generated_Source\PSoC5/ADC_SAR_Seq_1_SAR_PM.c **** 
 111:Generated_Source\PSoC5/ADC_SAR_Seq_1_SAR_PM.c **** /*******************************************************************************
 112:Generated_Source\PSoC5/ADC_SAR_Seq_1_SAR_PM.c **** * Function Name: ADC_SAR_Seq_1_SAR_Wakeup
 113:Generated_Source\PSoC5/ADC_SAR_Seq_1_SAR_PM.c **** ********************************************************************************
 114:Generated_Source\PSoC5/ADC_SAR_Seq_1_SAR_PM.c **** *
 115:Generated_Source\PSoC5/ADC_SAR_Seq_1_SAR_PM.c **** * Summary:
 116:Generated_Source\PSoC5/ADC_SAR_Seq_1_SAR_PM.c **** *  This is the preferred routine to restore the component to the state when
 117:Generated_Source\PSoC5/ADC_SAR_Seq_1_SAR_PM.c **** *  ADC_SAR_Seq_1_SAR_Sleep() was called. If the component was enabled before the
 118:Generated_Source\PSoC5/ADC_SAR_Seq_1_SAR_PM.c **** *  ADC_SAR_Seq_1_SAR_Sleep() function was called, the
 119:Generated_Source\PSoC5/ADC_SAR_Seq_1_SAR_PM.c **** *  ADC_SAR_Seq_1_SAR_Wakeup() function also re-enables the component.
 120:Generated_Source\PSoC5/ADC_SAR_Seq_1_SAR_PM.c **** *
 121:Generated_Source\PSoC5/ADC_SAR_Seq_1_SAR_PM.c **** * Parameters:
 122:Generated_Source\PSoC5/ADC_SAR_Seq_1_SAR_PM.c **** *  None.
 123:Generated_Source\PSoC5/ADC_SAR_Seq_1_SAR_PM.c **** *
 124:Generated_Source\PSoC5/ADC_SAR_Seq_1_SAR_PM.c **** * Return:
 125:Generated_Source\PSoC5/ADC_SAR_Seq_1_SAR_PM.c **** *  None.
 126:Generated_Source\PSoC5/ADC_SAR_Seq_1_SAR_PM.c **** *
 127:Generated_Source\PSoC5/ADC_SAR_Seq_1_SAR_PM.c **** * Global Variables:
 128:Generated_Source\PSoC5/ADC_SAR_Seq_1_SAR_PM.c **** *  ADC_SAR_Seq_1_SAR_backup - The structure field 'enableState' is used to
 129:Generated_Source\PSoC5/ADC_SAR_Seq_1_SAR_PM.c **** *  restore the enable state of block after wakeup from sleep mode.
 130:Generated_Source\PSoC5/ADC_SAR_Seq_1_SAR_PM.c **** *
 131:Generated_Source\PSoC5/ADC_SAR_Seq_1_SAR_PM.c **** *******************************************************************************/
 132:Generated_Source\PSoC5/ADC_SAR_Seq_1_SAR_PM.c **** void ADC_SAR_Seq_1_SAR_Wakeup(void)
 133:Generated_Source\PSoC5/ADC_SAR_Seq_1_SAR_PM.c **** {
 152              		.loc 1 133 0
ARM GAS  C:\Users\mgronber\AppData\Local\Temp\ccIv4P2n.s 			page 6


 153              		.cfi_startproc
 154              		@ args = 0, pretend = 0, frame = 0
 155              		@ frame_needed = 1, uses_anonymous_args = 0
 156 0000 80B5     		push	{r7, lr}
 157              		.cfi_def_cfa_offset 8
 158              		.cfi_offset 7, -8
 159              		.cfi_offset 14, -4
 160 0002 00AF     		add	r7, sp, #0
 161              		.cfi_def_cfa_register 7
 134:Generated_Source\PSoC5/ADC_SAR_Seq_1_SAR_PM.c ****     if(ADC_SAR_Seq_1_SAR_backup.enableState != ADC_SAR_Seq_1_SAR_DISABLED)
 162              		.loc 1 134 0
 163 0004 074B     		ldr	r3, .L12
 164 0006 1B78     		ldrb	r3, [r3]	@ zero_extendqisi2
 165 0008 002B     		cmp	r3, #0
 166 000a 09D0     		beq	.L10
 135:Generated_Source\PSoC5/ADC_SAR_Seq_1_SAR_PM.c ****     {
 136:Generated_Source\PSoC5/ADC_SAR_Seq_1_SAR_PM.c ****         ADC_SAR_Seq_1_SAR_Enable();
 167              		.loc 1 136 0
 168 000c FFF7FEFF 		bl	ADC_SAR_Seq_1_SAR_Enable
 137:Generated_Source\PSoC5/ADC_SAR_Seq_1_SAR_PM.c ****         #if(ADC_SAR_Seq_1_SAR_DEFAULT_CONV_MODE != ADC_SAR_Seq_1_SAR__HARDWARE_TRIGGER)
 138:Generated_Source\PSoC5/ADC_SAR_Seq_1_SAR_PM.c ****             if((ADC_SAR_Seq_1_SAR_backup.enableState & ADC_SAR_Seq_1_SAR_STARTED) != 0u)
 169              		.loc 1 138 0
 170 0010 044B     		ldr	r3, .L12
 171 0012 1B78     		ldrb	r3, [r3]	@ zero_extendqisi2
 172 0014 03F00203 		and	r3, r3, #2
 173 0018 002B     		cmp	r3, #0
 174 001a 01D0     		beq	.L10
 139:Generated_Source\PSoC5/ADC_SAR_Seq_1_SAR_PM.c ****             {
 140:Generated_Source\PSoC5/ADC_SAR_Seq_1_SAR_PM.c ****                 ADC_SAR_Seq_1_SAR_StartConvert();
 175              		.loc 1 140 0
 176 001c FFF7FEFF 		bl	ADC_SAR_Seq_1_SAR_StartConvert
 177              	.L10:
 141:Generated_Source\PSoC5/ADC_SAR_Seq_1_SAR_PM.c ****             }
 142:Generated_Source\PSoC5/ADC_SAR_Seq_1_SAR_PM.c ****         #endif /* End ADC_SAR_Seq_1_SAR_DEFAULT_CONV_MODE != ADC_SAR_Seq_1_SAR__HARDWARE_TRIGGER */
 143:Generated_Source\PSoC5/ADC_SAR_Seq_1_SAR_PM.c ****     }
 144:Generated_Source\PSoC5/ADC_SAR_Seq_1_SAR_PM.c **** }
 178              		.loc 1 144 0
 179 0020 80BD     		pop	{r7, pc}
 180              	.L13:
 181 0022 00BF     		.align	2
 182              	.L12:
 183 0024 00000000 		.word	ADC_SAR_Seq_1_SAR_backup
 184              		.cfi_endproc
 185              	.LFE3:
 186              		.size	ADC_SAR_Seq_1_SAR_Wakeup, .-ADC_SAR_Seq_1_SAR_Wakeup
 187              		.text
 188              	.Letext0:
 189              		.file 2 "Generated_Source\\PSoC5\\cytypes.h"
 190              		.file 3 "Generated_Source\\PSoC5\\ADC_SAR_Seq_1_SAR.h"
 191              		.section	.debug_info,"",%progbits
 192              	.Ldebug_info0:
 193 0000 0D010000 		.4byte	0x10d
 194 0004 0400     		.2byte	0x4
 195 0006 00000000 		.4byte	.Ldebug_abbrev0
 196 000a 04       		.byte	0x4
 197 000b 01       		.uleb128 0x1
 198 000c 39000000 		.4byte	.LASF19
ARM GAS  C:\Users\mgronber\AppData\Local\Temp\ccIv4P2n.s 			page 7


 199 0010 01       		.byte	0x1
 200 0011 02020000 		.4byte	.LASF20
 201 0015 7A010000 		.4byte	.LASF21
 202 0019 00000000 		.4byte	.Ldebug_ranges0+0
 203 001d 00000000 		.4byte	0
 204 0021 00000000 		.4byte	.Ldebug_line0
 205 0025 02       		.uleb128 0x2
 206 0026 01       		.byte	0x1
 207 0027 06       		.byte	0x6
 208 0028 8C020000 		.4byte	.LASF0
 209 002c 02       		.uleb128 0x2
 210 002d 01       		.byte	0x1
 211 002e 08       		.byte	0x8
 212 002f 1B010000 		.4byte	.LASF1
 213 0033 02       		.uleb128 0x2
 214 0034 02       		.byte	0x2
 215 0035 05       		.byte	0x5
 216 0036 67020000 		.4byte	.LASF2
 217 003a 02       		.uleb128 0x2
 218 003b 02       		.byte	0x2
 219 003c 07       		.byte	0x7
 220 003d 40010000 		.4byte	.LASF3
 221 0041 02       		.uleb128 0x2
 222 0042 04       		.byte	0x4
 223 0043 05       		.byte	0x5
 224 0044 77020000 		.4byte	.LASF4
 225 0048 02       		.uleb128 0x2
 226 0049 04       		.byte	0x4
 227 004a 07       		.byte	0x7
 228 004b 2E010000 		.4byte	.LASF5
 229 004f 02       		.uleb128 0x2
 230 0050 08       		.byte	0x8
 231 0051 05       		.byte	0x5
 232 0052 54020000 		.4byte	.LASF6
 233 0056 02       		.uleb128 0x2
 234 0057 08       		.byte	0x8
 235 0058 07       		.byte	0x7
 236 0059 3D020000 		.4byte	.LASF7
 237 005d 03       		.uleb128 0x3
 238 005e 04       		.byte	0x4
 239 005f 05       		.byte	0x5
 240 0060 696E7400 		.ascii	"int\000"
 241 0064 02       		.uleb128 0x2
 242 0065 04       		.byte	0x4
 243 0066 07       		.byte	0x7
 244 0067 30020000 		.4byte	.LASF8
 245 006b 04       		.uleb128 0x4
 246 006c 71020000 		.4byte	.LASF12
 247 0070 02       		.byte	0x2
 248 0071 5B       		.byte	0x5b
 249 0072 2C000000 		.4byte	0x2c
 250 0076 02       		.uleb128 0x2
 251 0077 04       		.byte	0x4
 252 0078 04       		.byte	0x4
 253 0079 F8000000 		.4byte	.LASF9
 254 007d 02       		.uleb128 0x2
 255 007e 08       		.byte	0x8
ARM GAS  C:\Users\mgronber\AppData\Local\Temp\ccIv4P2n.s 			page 8


 256 007f 04       		.byte	0x4
 257 0080 73010000 		.4byte	.LASF10
 258 0084 02       		.uleb128 0x2
 259 0085 01       		.byte	0x1
 260 0086 08       		.byte	0x8
 261 0087 62020000 		.4byte	.LASF11
 262 008b 04       		.uleb128 0x4
 263 008c 29010000 		.4byte	.LASF13
 264 0090 02       		.byte	0x2
 265 0091 F0       		.byte	0xf0
 266 0092 96000000 		.4byte	0x96
 267 0096 05       		.uleb128 0x5
 268 0097 6B000000 		.4byte	0x6b
 269 009b 06       		.uleb128 0x6
 270 009c 01       		.byte	0x1
 271 009d 03       		.byte	0x3
 272 009e 2A       		.byte	0x2a
 273 009f B0000000 		.4byte	0xb0
 274 00a3 07       		.uleb128 0x7
 275 00a4 80020000 		.4byte	.LASF22
 276 00a8 03       		.byte	0x3
 277 00a9 2C       		.byte	0x2c
 278 00aa 6B000000 		.4byte	0x6b
 279 00ae 00       		.byte	0
 280 00af 00       		.byte	0
 281 00b0 04       		.uleb128 0x4
 282 00b1 19000000 		.4byte	.LASF14
 283 00b5 03       		.byte	0x3
 284 00b6 2D       		.byte	0x2d
 285 00b7 9B000000 		.4byte	0x9b
 286 00bb 08       		.uleb128 0x8
 287 00bc FE000000 		.4byte	.LASF15
 288 00c0 01       		.byte	0x1
 289 00c1 2C       		.byte	0x2c
 290 00c2 00000000 		.4byte	.LFB0
 291 00c6 0C000000 		.4byte	.LFE0-.LFB0
 292 00ca 01       		.uleb128 0x1
 293 00cb 9C       		.byte	0x9c
 294 00cc 08       		.uleb128 0x8
 295 00cd 53010000 		.4byte	.LASF16
 296 00d1 01       		.byte	0x1
 297 00d2 40       		.byte	0x40
 298 00d3 00000000 		.4byte	.LFB1
 299 00d7 0C000000 		.4byte	.LFE1-.LFB1
 300 00db 01       		.uleb128 0x1
 301 00dc 9C       		.byte	0x9c
 302 00dd 09       		.uleb128 0x9
 303 00de C7000000 		.4byte	.LASF17
 304 00e2 01       		.byte	0x1
 305 00e3 5A       		.byte	0x5a
 306 00e4 00000000 		.4byte	.LFB2
 307 00e8 48000000 		.4byte	.LFE2-.LFB2
 308 00ec 01       		.uleb128 0x1
 309 00ed 9C       		.byte	0x9c
 310 00ee 09       		.uleb128 0x9
 311 00ef DF000000 		.4byte	.LASF18
 312 00f3 01       		.byte	0x1
ARM GAS  C:\Users\mgronber\AppData\Local\Temp\ccIv4P2n.s 			page 9


 313 00f4 84       		.byte	0x84
 314 00f5 00000000 		.4byte	.LFB3
 315 00f9 28000000 		.4byte	.LFE3-.LFB3
 316 00fd 01       		.uleb128 0x1
 317 00fe 9C       		.byte	0x9c
 318 00ff 0A       		.uleb128 0xa
 319 0100 00000000 		.4byte	.LASF23
 320 0104 01       		.byte	0x1
 321 0105 18       		.byte	0x18
 322 0106 B0000000 		.4byte	0xb0
 323 010a 05       		.uleb128 0x5
 324 010b 03       		.byte	0x3
 325 010c 00000000 		.4byte	ADC_SAR_Seq_1_SAR_backup
 326 0110 00       		.byte	0
 327              		.section	.debug_abbrev,"",%progbits
 328              	.Ldebug_abbrev0:
 329 0000 01       		.uleb128 0x1
 330 0001 11       		.uleb128 0x11
 331 0002 01       		.byte	0x1
 332 0003 25       		.uleb128 0x25
 333 0004 0E       		.uleb128 0xe
 334 0005 13       		.uleb128 0x13
 335 0006 0B       		.uleb128 0xb
 336 0007 03       		.uleb128 0x3
 337 0008 0E       		.uleb128 0xe
 338 0009 1B       		.uleb128 0x1b
 339 000a 0E       		.uleb128 0xe
 340 000b 55       		.uleb128 0x55
 341 000c 17       		.uleb128 0x17
 342 000d 11       		.uleb128 0x11
 343 000e 01       		.uleb128 0x1
 344 000f 10       		.uleb128 0x10
 345 0010 17       		.uleb128 0x17
 346 0011 00       		.byte	0
 347 0012 00       		.byte	0
 348 0013 02       		.uleb128 0x2
 349 0014 24       		.uleb128 0x24
 350 0015 00       		.byte	0
 351 0016 0B       		.uleb128 0xb
 352 0017 0B       		.uleb128 0xb
 353 0018 3E       		.uleb128 0x3e
 354 0019 0B       		.uleb128 0xb
 355 001a 03       		.uleb128 0x3
 356 001b 0E       		.uleb128 0xe
 357 001c 00       		.byte	0
 358 001d 00       		.byte	0
 359 001e 03       		.uleb128 0x3
 360 001f 24       		.uleb128 0x24
 361 0020 00       		.byte	0
 362 0021 0B       		.uleb128 0xb
 363 0022 0B       		.uleb128 0xb
 364 0023 3E       		.uleb128 0x3e
 365 0024 0B       		.uleb128 0xb
 366 0025 03       		.uleb128 0x3
 367 0026 08       		.uleb128 0x8
 368 0027 00       		.byte	0
 369 0028 00       		.byte	0
ARM GAS  C:\Users\mgronber\AppData\Local\Temp\ccIv4P2n.s 			page 10


 370 0029 04       		.uleb128 0x4
 371 002a 16       		.uleb128 0x16
 372 002b 00       		.byte	0
 373 002c 03       		.uleb128 0x3
 374 002d 0E       		.uleb128 0xe
 375 002e 3A       		.uleb128 0x3a
 376 002f 0B       		.uleb128 0xb
 377 0030 3B       		.uleb128 0x3b
 378 0031 0B       		.uleb128 0xb
 379 0032 49       		.uleb128 0x49
 380 0033 13       		.uleb128 0x13
 381 0034 00       		.byte	0
 382 0035 00       		.byte	0
 383 0036 05       		.uleb128 0x5
 384 0037 35       		.uleb128 0x35
 385 0038 00       		.byte	0
 386 0039 49       		.uleb128 0x49
 387 003a 13       		.uleb128 0x13
 388 003b 00       		.byte	0
 389 003c 00       		.byte	0
 390 003d 06       		.uleb128 0x6
 391 003e 13       		.uleb128 0x13
 392 003f 01       		.byte	0x1
 393 0040 0B       		.uleb128 0xb
 394 0041 0B       		.uleb128 0xb
 395 0042 3A       		.uleb128 0x3a
 396 0043 0B       		.uleb128 0xb
 397 0044 3B       		.uleb128 0x3b
 398 0045 0B       		.uleb128 0xb
 399 0046 01       		.uleb128 0x1
 400 0047 13       		.uleb128 0x13
 401 0048 00       		.byte	0
 402 0049 00       		.byte	0
 403 004a 07       		.uleb128 0x7
 404 004b 0D       		.uleb128 0xd
 405 004c 00       		.byte	0
 406 004d 03       		.uleb128 0x3
 407 004e 0E       		.uleb128 0xe
 408 004f 3A       		.uleb128 0x3a
 409 0050 0B       		.uleb128 0xb
 410 0051 3B       		.uleb128 0x3b
 411 0052 0B       		.uleb128 0xb
 412 0053 49       		.uleb128 0x49
 413 0054 13       		.uleb128 0x13
 414 0055 38       		.uleb128 0x38
 415 0056 0B       		.uleb128 0xb
 416 0057 00       		.byte	0
 417 0058 00       		.byte	0
 418 0059 08       		.uleb128 0x8
 419 005a 2E       		.uleb128 0x2e
 420 005b 00       		.byte	0
 421 005c 3F       		.uleb128 0x3f
 422 005d 19       		.uleb128 0x19
 423 005e 03       		.uleb128 0x3
 424 005f 0E       		.uleb128 0xe
 425 0060 3A       		.uleb128 0x3a
 426 0061 0B       		.uleb128 0xb
ARM GAS  C:\Users\mgronber\AppData\Local\Temp\ccIv4P2n.s 			page 11


 427 0062 3B       		.uleb128 0x3b
 428 0063 0B       		.uleb128 0xb
 429 0064 27       		.uleb128 0x27
 430 0065 19       		.uleb128 0x19
 431 0066 11       		.uleb128 0x11
 432 0067 01       		.uleb128 0x1
 433 0068 12       		.uleb128 0x12
 434 0069 06       		.uleb128 0x6
 435 006a 40       		.uleb128 0x40
 436 006b 18       		.uleb128 0x18
 437 006c 9742     		.uleb128 0x2117
 438 006e 19       		.uleb128 0x19
 439 006f 00       		.byte	0
 440 0070 00       		.byte	0
 441 0071 09       		.uleb128 0x9
 442 0072 2E       		.uleb128 0x2e
 443 0073 00       		.byte	0
 444 0074 3F       		.uleb128 0x3f
 445 0075 19       		.uleb128 0x19
 446 0076 03       		.uleb128 0x3
 447 0077 0E       		.uleb128 0xe
 448 0078 3A       		.uleb128 0x3a
 449 0079 0B       		.uleb128 0xb
 450 007a 3B       		.uleb128 0x3b
 451 007b 0B       		.uleb128 0xb
 452 007c 27       		.uleb128 0x27
 453 007d 19       		.uleb128 0x19
 454 007e 11       		.uleb128 0x11
 455 007f 01       		.uleb128 0x1
 456 0080 12       		.uleb128 0x12
 457 0081 06       		.uleb128 0x6
 458 0082 40       		.uleb128 0x40
 459 0083 18       		.uleb128 0x18
 460 0084 9642     		.uleb128 0x2116
 461 0086 19       		.uleb128 0x19
 462 0087 00       		.byte	0
 463 0088 00       		.byte	0
 464 0089 0A       		.uleb128 0xa
 465 008a 34       		.uleb128 0x34
 466 008b 00       		.byte	0
 467 008c 03       		.uleb128 0x3
 468 008d 0E       		.uleb128 0xe
 469 008e 3A       		.uleb128 0x3a
 470 008f 0B       		.uleb128 0xb
 471 0090 3B       		.uleb128 0x3b
 472 0091 0B       		.uleb128 0xb
 473 0092 49       		.uleb128 0x49
 474 0093 13       		.uleb128 0x13
 475 0094 02       		.uleb128 0x2
 476 0095 18       		.uleb128 0x18
 477 0096 00       		.byte	0
 478 0097 00       		.byte	0
 479 0098 00       		.byte	0
 480              		.section	.debug_aranges,"",%progbits
 481 0000 34000000 		.4byte	0x34
 482 0004 0200     		.2byte	0x2
 483 0006 00000000 		.4byte	.Ldebug_info0
ARM GAS  C:\Users\mgronber\AppData\Local\Temp\ccIv4P2n.s 			page 12


 484 000a 04       		.byte	0x4
 485 000b 00       		.byte	0
 486 000c 0000     		.2byte	0
 487 000e 0000     		.2byte	0
 488 0010 00000000 		.4byte	.LFB0
 489 0014 0C000000 		.4byte	.LFE0-.LFB0
 490 0018 00000000 		.4byte	.LFB1
 491 001c 0C000000 		.4byte	.LFE1-.LFB1
 492 0020 00000000 		.4byte	.LFB2
 493 0024 48000000 		.4byte	.LFE2-.LFB2
 494 0028 00000000 		.4byte	.LFB3
 495 002c 28000000 		.4byte	.LFE3-.LFB3
 496 0030 00000000 		.4byte	0
 497 0034 00000000 		.4byte	0
 498              		.section	.debug_ranges,"",%progbits
 499              	.Ldebug_ranges0:
 500 0000 00000000 		.4byte	.LFB0
 501 0004 0C000000 		.4byte	.LFE0
 502 0008 00000000 		.4byte	.LFB1
 503 000c 0C000000 		.4byte	.LFE1
 504 0010 00000000 		.4byte	.LFB2
 505 0014 48000000 		.4byte	.LFE2
 506 0018 00000000 		.4byte	.LFB3
 507 001c 28000000 		.4byte	.LFE3
 508 0020 00000000 		.4byte	0
 509 0024 00000000 		.4byte	0
 510              		.section	.debug_line,"",%progbits
 511              	.Ldebug_line0:
 512 0000 BB000000 		.section	.debug_str,"MS",%progbits,1
 512      02006800 
 512      00000201 
 512      FB0E0D00 
 512      01010101 
 513              	.LASF23:
 514 0000 4144435F 		.ascii	"ADC_SAR_Seq_1_SAR_backup\000"
 514      5341525F 
 514      5365715F 
 514      315F5341 
 514      525F6261 
 515              	.LASF14:
 516 0019 4144435F 		.ascii	"ADC_SAR_Seq_1_SAR_BACKUP_STRUCT\000"
 516      5341525F 
 516      5365715F 
 516      315F5341 
 516      525F4241 
 517              	.LASF19:
 518 0039 474E5520 		.ascii	"GNU C 4.9.3 20150303 (release) [ARM/embedded-4_9-br"
 518      4320342E 
 518      392E3320 
 518      32303135 
 518      30333033 
 519 006c 616E6368 		.ascii	"anch revision 221220] -mcpu=cortex-m3 -mthumb -g -O"
 519      20726576 
 519      6973696F 
 519      6E203232 
 519      31323230 
 520 009f 30202D66 		.ascii	"0 -ffunction-sections -ffat-lto-objects\000"
ARM GAS  C:\Users\mgronber\AppData\Local\Temp\ccIv4P2n.s 			page 13


 520      66756E63 
 520      74696F6E 
 520      2D736563 
 520      74696F6E 
 521              	.LASF17:
 522 00c7 4144435F 		.ascii	"ADC_SAR_Seq_1_SAR_Sleep\000"
 522      5341525F 
 522      5365715F 
 522      315F5341 
 522      525F536C 
 523              	.LASF18:
 524 00df 4144435F 		.ascii	"ADC_SAR_Seq_1_SAR_Wakeup\000"
 524      5341525F 
 524      5365715F 
 524      315F5341 
 524      525F5761 
 525              	.LASF9:
 526 00f8 666C6F61 		.ascii	"float\000"
 526      7400
 527              	.LASF15:
 528 00fe 4144435F 		.ascii	"ADC_SAR_Seq_1_SAR_SaveConfig\000"
 528      5341525F 
 528      5365715F 
 528      315F5341 
 528      525F5361 
 529              	.LASF1:
 530 011b 756E7369 		.ascii	"unsigned char\000"
 530      676E6564 
 530      20636861 
 530      7200
 531              	.LASF13:
 532 0129 72656738 		.ascii	"reg8\000"
 532      00
 533              	.LASF5:
 534 012e 6C6F6E67 		.ascii	"long unsigned int\000"
 534      20756E73 
 534      69676E65 
 534      6420696E 
 534      7400
 535              	.LASF3:
 536 0140 73686F72 		.ascii	"short unsigned int\000"
 536      7420756E 
 536      7369676E 
 536      65642069 
 536      6E7400
 537              	.LASF16:
 538 0153 4144435F 		.ascii	"ADC_SAR_Seq_1_SAR_RestoreConfig\000"
 538      5341525F 
 538      5365715F 
 538      315F5341 
 538      525F5265 
 539              	.LASF10:
 540 0173 646F7562 		.ascii	"double\000"
 540      6C6500
 541              	.LASF21:
 542 017a 433A5C55 		.ascii	"C:\\Users\\mgronber\\Desktop\\Hummingbird Projects "
 542      73657273 
ARM GAS  C:\Users\mgronber\AppData\Local\Temp\ccIv4P2n.s 			page 14


 542      5C6D6772 
 542      6F6E6265 
 542      725C4465 
 543 01a9 286D6772 		.ascii	"(mgronber)\\(3-2-17)Hummingbird(Audio+PDA+MIDI)\\Hu"
 543      6F6E6265 
 543      72295C28 
 543      332D322D 
 543      31372948 
 544 01da 6D6D696E 		.ascii	"mmingbird(Audio+PDA+MIDI)(3-2-17).cydsn\000"
 544      67626972 
 544      64284175 
 544      64696F2B 
 544      5044412B 
 545              	.LASF20:
 546 0202 47656E65 		.ascii	"Generated_Source\\PSoC5\\ADC_SAR_Seq_1_SAR_PM.c\000"
 546      72617465 
 546      645F536F 
 546      75726365 
 546      5C50536F 
 547              	.LASF8:
 548 0230 756E7369 		.ascii	"unsigned int\000"
 548      676E6564 
 548      20696E74 
 548      00
 549              	.LASF7:
 550 023d 6C6F6E67 		.ascii	"long long unsigned int\000"
 550      206C6F6E 
 550      6720756E 
 550      7369676E 
 550      65642069 
 551              	.LASF6:
 552 0254 6C6F6E67 		.ascii	"long long int\000"
 552      206C6F6E 
 552      6720696E 
 552      7400
 553              	.LASF11:
 554 0262 63686172 		.ascii	"char\000"
 554      00
 555              	.LASF2:
 556 0267 73686F72 		.ascii	"short int\000"
 556      7420696E 
 556      7400
 557              	.LASF12:
 558 0271 75696E74 		.ascii	"uint8\000"
 558      3800
 559              	.LASF4:
 560 0277 6C6F6E67 		.ascii	"long int\000"
 560      20696E74 
 560      00
 561              	.LASF22:
 562 0280 656E6162 		.ascii	"enableState\000"
 562      6C655374 
 562      61746500 
 563              	.LASF0:
 564 028c 7369676E 		.ascii	"signed char\000"
 564      65642063 
 564      68617200 
ARM GAS  C:\Users\mgronber\AppData\Local\Temp\ccIv4P2n.s 			page 15


 565              		.ident	"GCC: (GNU Tools for ARM Embedded Processors) 4.9.3 20150303 (release) [ARM/embedded-4_9-br
