ARM GAS  C:\Users\jwvance\AppData\Local\Temp\ccLI6DKJ.s 			page 1


   1              		.syntax unified
   2              		.cpu cortex-m3
   3              		.fpu softvfp
   4              		.eabi_attribute 20, 1
   5              		.eabi_attribute 21, 1
   6              		.eabi_attribute 23, 3
   7              		.eabi_attribute 24, 1
   8              		.eabi_attribute 25, 1
   9              		.eabi_attribute 26, 1
  10              		.eabi_attribute 30, 2
  11              		.eabi_attribute 34, 1
  12              		.eabi_attribute 18, 4
  13              		.thumb
  14              		.file	"Cm3Start.c"
  15              		.text
  16              	.Ltext0:
  17              		.cfi_sections	.debug_frame
  18              		.section	.text.IntDefaultHandler,"ax",%progbits
  19              		.align	2
  20              		.global	IntDefaultHandler
  21              		.thumb
  22              		.thumb_func
  23              		.type	IntDefaultHandler, %function
  24              	IntDefaultHandler:
  25              	.LFB0:
  26              		.file 1 "Generated_Source\\PSoC5\\Cm3Start.c"
   1:Generated_Source\PSoC5/Cm3Start.c **** /*******************************************************************************
   2:Generated_Source\PSoC5/Cm3Start.c **** * File Name: Cm3Start.c
   3:Generated_Source\PSoC5/Cm3Start.c **** * Version 4.11
   4:Generated_Source\PSoC5/Cm3Start.c **** *
   5:Generated_Source\PSoC5/Cm3Start.c **** *  Description:
   6:Generated_Source\PSoC5/Cm3Start.c **** *  Startup code for the ARM CM3.
   7:Generated_Source\PSoC5/Cm3Start.c **** *
   8:Generated_Source\PSoC5/Cm3Start.c **** ********************************************************************************
   9:Generated_Source\PSoC5/Cm3Start.c **** * Copyright 2008-2014, Cypress Semiconductor Corporation. All rights reserved.
  10:Generated_Source\PSoC5/Cm3Start.c **** * You may use this file only in accordance with the license, terms, conditions,
  11:Generated_Source\PSoC5/Cm3Start.c **** * disclaimers, and limitations in the end user license agreement accompanying
  12:Generated_Source\PSoC5/Cm3Start.c **** * the software package with which this file was provided.
  13:Generated_Source\PSoC5/Cm3Start.c **** *******************************************************************************/
  14:Generated_Source\PSoC5/Cm3Start.c **** 
  15:Generated_Source\PSoC5/Cm3Start.c **** #include <limits.h>
  16:Generated_Source\PSoC5/Cm3Start.c **** #include "cydevice_trm.h"
  17:Generated_Source\PSoC5/Cm3Start.c **** #include "cytypes.h"
  18:Generated_Source\PSoC5/Cm3Start.c **** #include "cyfitter_cfg.h"
  19:Generated_Source\PSoC5/Cm3Start.c **** #include "CyLib.h"
  20:Generated_Source\PSoC5/Cm3Start.c **** #include "CyDmac.h"
  21:Generated_Source\PSoC5/Cm3Start.c **** #include "cyfitter.h"
  22:Generated_Source\PSoC5/Cm3Start.c **** 
  23:Generated_Source\PSoC5/Cm3Start.c **** #define CY_NUM_INTERRUPTS           (32u)
  24:Generated_Source\PSoC5/Cm3Start.c **** #define CY_NUM_VECTORS              (CYINT_IRQ_BASE + CY_NUM_INTERRUPTS)
  25:Generated_Source\PSoC5/Cm3Start.c **** #define CY_NUM_ROM_VECTORS          (4u)
  26:Generated_Source\PSoC5/Cm3Start.c **** #define CY_NVIC_APINT_PTR           ((reg32 *) CYREG_NVIC_APPLN_INTR)
  27:Generated_Source\PSoC5/Cm3Start.c **** #define CY_NVIC_CFG_CTRL_PTR        ((reg32 *) CYREG_NVIC_CFG_CONTROL)
  28:Generated_Source\PSoC5/Cm3Start.c **** #define CY_NVIC_APINT_PRIGROUP_3_5  (0x00000400u)  /* Priority group 3.5 split */
  29:Generated_Source\PSoC5/Cm3Start.c **** #define CY_NVIC_APINT_VECTKEY       (0x05FA0000u)  /* This key is required in order to write the NV
  30:Generated_Source\PSoC5/Cm3Start.c **** #define CY_NVIC_CFG_STACKALIGN      (0x00000200u)  /* This specifies that the exception stack must 
  31:Generated_Source\PSoC5/Cm3Start.c **** 
ARM GAS  C:\Users\jwvance\AppData\Local\Temp\ccLI6DKJ.s 			page 2


  32:Generated_Source\PSoC5/Cm3Start.c **** 
  33:Generated_Source\PSoC5/Cm3Start.c **** /* Extern functions */
  34:Generated_Source\PSoC5/Cm3Start.c **** extern void CyBtldr_CheckLaunch(void);
  35:Generated_Source\PSoC5/Cm3Start.c **** 
  36:Generated_Source\PSoC5/Cm3Start.c **** /* Function prototypes */
  37:Generated_Source\PSoC5/Cm3Start.c **** void initialize_psoc(void);
  38:Generated_Source\PSoC5/Cm3Start.c **** CY_ISR(IntDefaultHandler);
  39:Generated_Source\PSoC5/Cm3Start.c **** void Reset(void);
  40:Generated_Source\PSoC5/Cm3Start.c **** CY_ISR(IntDefaultHandler);
  41:Generated_Source\PSoC5/Cm3Start.c **** 
  42:Generated_Source\PSoC5/Cm3Start.c **** #if defined(__ARMCC_VERSION)
  43:Generated_Source\PSoC5/Cm3Start.c ****     #define INITIAL_STACK_POINTER ((cyisraddress)(uint32)&Image$$ARM_LIB_STACK$$ZI$$Limit)
  44:Generated_Source\PSoC5/Cm3Start.c **** #elif defined (__GNUC__)
  45:Generated_Source\PSoC5/Cm3Start.c ****     #define INITIAL_STACK_POINTER (&__cy_stack)
  46:Generated_Source\PSoC5/Cm3Start.c **** #elif defined (__ICCARM__)
  47:Generated_Source\PSoC5/Cm3Start.c ****     #pragma language=extended
  48:Generated_Source\PSoC5/Cm3Start.c ****     #pragma segment="CSTACK"
  49:Generated_Source\PSoC5/Cm3Start.c ****     #define INITIAL_STACK_POINTER  { .__ptr = __sfe( "CSTACK" ) }
  50:Generated_Source\PSoC5/Cm3Start.c **** 
  51:Generated_Source\PSoC5/Cm3Start.c ****     extern void __iar_program_start( void );
  52:Generated_Source\PSoC5/Cm3Start.c ****     extern void __iar_data_init3 (void);
  53:Generated_Source\PSoC5/Cm3Start.c **** #endif  /* (__ARMCC_VERSION) */
  54:Generated_Source\PSoC5/Cm3Start.c **** 
  55:Generated_Source\PSoC5/Cm3Start.c **** /* Global variables */
  56:Generated_Source\PSoC5/Cm3Start.c **** #if !defined (__ICCARM__)
  57:Generated_Source\PSoC5/Cm3Start.c ****     CY_NOINIT static uint32 cySysNoInitDataValid;
  58:Generated_Source\PSoC5/Cm3Start.c **** #endif  /* !defined (__ICCARM__) */
  59:Generated_Source\PSoC5/Cm3Start.c **** 
  60:Generated_Source\PSoC5/Cm3Start.c **** 
  61:Generated_Source\PSoC5/Cm3Start.c **** /*******************************************************************************
  62:Generated_Source\PSoC5/Cm3Start.c **** * Default Ram Interrupt Vector table storage area. Must be 256-byte aligned.
  63:Generated_Source\PSoC5/Cm3Start.c **** *******************************************************************************/
  64:Generated_Source\PSoC5/Cm3Start.c **** #if defined (__ICCARM__)
  65:Generated_Source\PSoC5/Cm3Start.c ****     #pragma location=".ramvectors"
  66:Generated_Source\PSoC5/Cm3Start.c ****     #pragma data_alignment=256
  67:Generated_Source\PSoC5/Cm3Start.c **** #else
  68:Generated_Source\PSoC5/Cm3Start.c ****     CY_SECTION(".ramvectors")
  69:Generated_Source\PSoC5/Cm3Start.c ****     CY_ALIGN(256)
  70:Generated_Source\PSoC5/Cm3Start.c **** #endif  /* defined (__ICCARM__) */
  71:Generated_Source\PSoC5/Cm3Start.c **** cyisraddress CyRamVectors[CY_NUM_VECTORS];
  72:Generated_Source\PSoC5/Cm3Start.c **** 
  73:Generated_Source\PSoC5/Cm3Start.c **** 
  74:Generated_Source\PSoC5/Cm3Start.c **** /*******************************************************************************
  75:Generated_Source\PSoC5/Cm3Start.c **** * Function Name: IntDefaultHandler
  76:Generated_Source\PSoC5/Cm3Start.c **** ********************************************************************************
  77:Generated_Source\PSoC5/Cm3Start.c **** *
  78:Generated_Source\PSoC5/Cm3Start.c **** * Summary:
  79:Generated_Source\PSoC5/Cm3Start.c **** *  This function is called for all interrupts, other than a reset that gets
  80:Generated_Source\PSoC5/Cm3Start.c **** *  called before the system is setup.
  81:Generated_Source\PSoC5/Cm3Start.c **** *
  82:Generated_Source\PSoC5/Cm3Start.c **** * Parameters:
  83:Generated_Source\PSoC5/Cm3Start.c **** *  None
  84:Generated_Source\PSoC5/Cm3Start.c **** *
  85:Generated_Source\PSoC5/Cm3Start.c **** * Return:
  86:Generated_Source\PSoC5/Cm3Start.c **** *  None
  87:Generated_Source\PSoC5/Cm3Start.c **** *
  88:Generated_Source\PSoC5/Cm3Start.c **** * Theory:
ARM GAS  C:\Users\jwvance\AppData\Local\Temp\ccLI6DKJ.s 			page 3


  89:Generated_Source\PSoC5/Cm3Start.c **** *  Any value other than zero is acceptable.
  90:Generated_Source\PSoC5/Cm3Start.c **** *
  91:Generated_Source\PSoC5/Cm3Start.c **** *******************************************************************************/
  92:Generated_Source\PSoC5/Cm3Start.c **** CY_ISR(IntDefaultHandler)
  93:Generated_Source\PSoC5/Cm3Start.c **** {
  27              		.loc 1 93 0
  28              		.cfi_startproc
  29              		@ Volatile: function does not return.
  30              		@ args = 0, pretend = 0, frame = 0
  31              		@ frame_needed = 0, uses_anonymous_args = 0
  32              		@ link register save eliminated.
  33              	.L2:
  94:Generated_Source\PSoC5/Cm3Start.c **** 
  95:Generated_Source\PSoC5/Cm3Start.c ****     while(1)
  96:Generated_Source\PSoC5/Cm3Start.c ****     {
  97:Generated_Source\PSoC5/Cm3Start.c ****         /***********************************************************************
  98:Generated_Source\PSoC5/Cm3Start.c ****         * We must not get here. If we do, a serious problem occurs, so go
  99:Generated_Source\PSoC5/Cm3Start.c ****         * into an infinite loop.
 100:Generated_Source\PSoC5/Cm3Start.c ****         ***********************************************************************/
 101:Generated_Source\PSoC5/Cm3Start.c ****     }
  34              		.loc 1 101 0 discriminator 1
  35 0000 FEE7     		b	.L2
  36              		.cfi_endproc
  37              	.LFE0:
  38              		.size	IntDefaultHandler, .-IntDefaultHandler
  39 0002 00BF     		.section	.text._exit,"ax",%progbits
  40              		.align	2
  41              		.weak	_exit
  42              		.thumb
  43              		.thumb_func
  44              		.type	_exit, %function
  45              	_exit:
  46              	.LFB2:
 102:Generated_Source\PSoC5/Cm3Start.c **** }
 103:Generated_Source\PSoC5/Cm3Start.c **** 
 104:Generated_Source\PSoC5/Cm3Start.c **** 
 105:Generated_Source\PSoC5/Cm3Start.c **** #if defined(__ARMCC_VERSION)
 106:Generated_Source\PSoC5/Cm3Start.c **** 
 107:Generated_Source\PSoC5/Cm3Start.c **** /* Local function for device reset. */
 108:Generated_Source\PSoC5/Cm3Start.c **** extern void Reset(void);
 109:Generated_Source\PSoC5/Cm3Start.c **** 
 110:Generated_Source\PSoC5/Cm3Start.c **** /* Application entry point. */
 111:Generated_Source\PSoC5/Cm3Start.c **** extern void $Super$$main(void);
 112:Generated_Source\PSoC5/Cm3Start.c **** 
 113:Generated_Source\PSoC5/Cm3Start.c **** /* Linker-generated Stack Base addresses, Two Region and One Region */
 114:Generated_Source\PSoC5/Cm3Start.c **** extern uint32 Image$$ARM_LIB_STACK$$ZI$$Limit;
 115:Generated_Source\PSoC5/Cm3Start.c **** 
 116:Generated_Source\PSoC5/Cm3Start.c **** /* RealView C Library initialization. */
 117:Generated_Source\PSoC5/Cm3Start.c **** extern int __main(void);
 118:Generated_Source\PSoC5/Cm3Start.c **** 
 119:Generated_Source\PSoC5/Cm3Start.c **** 
 120:Generated_Source\PSoC5/Cm3Start.c **** /*******************************************************************************
 121:Generated_Source\PSoC5/Cm3Start.c **** * Function Name: Reset
 122:Generated_Source\PSoC5/Cm3Start.c **** ********************************************************************************
 123:Generated_Source\PSoC5/Cm3Start.c **** *
 124:Generated_Source\PSoC5/Cm3Start.c **** * Summary:
 125:Generated_Source\PSoC5/Cm3Start.c **** *  This function handles the reset interrupt for the RVDS/MDK toolchains.
ARM GAS  C:\Users\jwvance\AppData\Local\Temp\ccLI6DKJ.s 			page 4


 126:Generated_Source\PSoC5/Cm3Start.c **** *  This is the first bit of code that is executed at startup.
 127:Generated_Source\PSoC5/Cm3Start.c **** *
 128:Generated_Source\PSoC5/Cm3Start.c **** * Parameters:
 129:Generated_Source\PSoC5/Cm3Start.c **** *  None
 130:Generated_Source\PSoC5/Cm3Start.c **** *
 131:Generated_Source\PSoC5/Cm3Start.c **** * Return:
 132:Generated_Source\PSoC5/Cm3Start.c **** *  None
 133:Generated_Source\PSoC5/Cm3Start.c **** *
 134:Generated_Source\PSoC5/Cm3Start.c **** *******************************************************************************/
 135:Generated_Source\PSoC5/Cm3Start.c **** void Reset(void)
 136:Generated_Source\PSoC5/Cm3Start.c **** {
 137:Generated_Source\PSoC5/Cm3Start.c ****     #if(CYDEV_PROJ_TYPE != CYDEV_PROJ_TYPE_LOADABLE)
 138:Generated_Source\PSoC5/Cm3Start.c **** 
 139:Generated_Source\PSoC5/Cm3Start.c ****         /* For PSoC 5LP, debugging is enabled by default */
 140:Generated_Source\PSoC5/Cm3Start.c ****         #if(CYDEV_DEBUGGING_ENABLE == 0)
 141:Generated_Source\PSoC5/Cm3Start.c ****             *(reg32 *)(CYDEV_DEBUG_ENABLE_REGISTER) |= CYDEV_DEBUG_ENABLE_MASK;
 142:Generated_Source\PSoC5/Cm3Start.c ****         #endif /* (CYDEV_DEBUGGING_ENABLE) */
 143:Generated_Source\PSoC5/Cm3Start.c **** 
 144:Generated_Source\PSoC5/Cm3Start.c ****         /* Reset Status Register has Read-to-clear SW access mode.
 145:Generated_Source\PSoC5/Cm3Start.c ****         * Preserve current RESET_SR0 state to make it available for next reading.
 146:Generated_Source\PSoC5/Cm3Start.c ****         */
 147:Generated_Source\PSoC5/Cm3Start.c ****         *(reg32 *)(CYREG_PHUB_CFGMEM23_CFG1) = *(reg32 *)(CYREG_RESET_SR0);
 148:Generated_Source\PSoC5/Cm3Start.c **** 
 149:Generated_Source\PSoC5/Cm3Start.c ****     #endif  /* (CYDEV_PROJ_TYPE != CYDEV_PROJ_TYPE_LOADABLE) */
 150:Generated_Source\PSoC5/Cm3Start.c **** 
 151:Generated_Source\PSoC5/Cm3Start.c ****     #if(CYDEV_BOOTLOADER_ENABLE)
 152:Generated_Source\PSoC5/Cm3Start.c ****         CyBtldr_CheckLaunch();
 153:Generated_Source\PSoC5/Cm3Start.c ****     #endif /* (CYDEV_BOOTLOADER_ENABLE) */
 154:Generated_Source\PSoC5/Cm3Start.c **** 
 155:Generated_Source\PSoC5/Cm3Start.c ****     __main();
 156:Generated_Source\PSoC5/Cm3Start.c **** }
 157:Generated_Source\PSoC5/Cm3Start.c **** 
 158:Generated_Source\PSoC5/Cm3Start.c **** 
 159:Generated_Source\PSoC5/Cm3Start.c **** /*******************************************************************************
 160:Generated_Source\PSoC5/Cm3Start.c **** * Function Name: $Sub$$main
 161:Generated_Source\PSoC5/Cm3Start.c **** ********************************************************************************
 162:Generated_Source\PSoC5/Cm3Start.c **** *
 163:Generated_Source\PSoC5/Cm3Start.c **** * Summary:
 164:Generated_Source\PSoC5/Cm3Start.c **** *  This function is called immediately before the users main
 165:Generated_Source\PSoC5/Cm3Start.c **** *
 166:Generated_Source\PSoC5/Cm3Start.c **** * Parameters:
 167:Generated_Source\PSoC5/Cm3Start.c **** *  None
 168:Generated_Source\PSoC5/Cm3Start.c **** *
 169:Generated_Source\PSoC5/Cm3Start.c **** * Return:
 170:Generated_Source\PSoC5/Cm3Start.c **** *  None
 171:Generated_Source\PSoC5/Cm3Start.c **** *
 172:Generated_Source\PSoC5/Cm3Start.c **** *******************************************************************************/
 173:Generated_Source\PSoC5/Cm3Start.c **** void $Sub$$main(void)
 174:Generated_Source\PSoC5/Cm3Start.c **** {
 175:Generated_Source\PSoC5/Cm3Start.c ****     initialize_psoc();
 176:Generated_Source\PSoC5/Cm3Start.c **** 
 177:Generated_Source\PSoC5/Cm3Start.c ****     /* Call original main */
 178:Generated_Source\PSoC5/Cm3Start.c ****     $Super$$main();
 179:Generated_Source\PSoC5/Cm3Start.c **** 
 180:Generated_Source\PSoC5/Cm3Start.c ****     while (1)
 181:Generated_Source\PSoC5/Cm3Start.c ****     {
 182:Generated_Source\PSoC5/Cm3Start.c ****         /* If main returns, it is undefined what we should do. */
ARM GAS  C:\Users\jwvance\AppData\Local\Temp\ccLI6DKJ.s 			page 5


 183:Generated_Source\PSoC5/Cm3Start.c ****     }
 184:Generated_Source\PSoC5/Cm3Start.c **** }
 185:Generated_Source\PSoC5/Cm3Start.c **** 
 186:Generated_Source\PSoC5/Cm3Start.c **** #elif defined(__GNUC__)
 187:Generated_Source\PSoC5/Cm3Start.c **** 
 188:Generated_Source\PSoC5/Cm3Start.c **** void Start_c(void);
 189:Generated_Source\PSoC5/Cm3Start.c **** 
 190:Generated_Source\PSoC5/Cm3Start.c **** /* Stack Base address */
 191:Generated_Source\PSoC5/Cm3Start.c **** extern void __cy_stack(void);
 192:Generated_Source\PSoC5/Cm3Start.c **** 
 193:Generated_Source\PSoC5/Cm3Start.c **** /* Application entry point. */
 194:Generated_Source\PSoC5/Cm3Start.c **** extern int main(void);
 195:Generated_Source\PSoC5/Cm3Start.c **** 
 196:Generated_Source\PSoC5/Cm3Start.c **** /* Static objects constructors initializer */
 197:Generated_Source\PSoC5/Cm3Start.c **** extern void __libc_init_array(void);
 198:Generated_Source\PSoC5/Cm3Start.c **** 
 199:Generated_Source\PSoC5/Cm3Start.c **** typedef unsigned char __cy_byte_align8 __attribute ((aligned (8)));
 200:Generated_Source\PSoC5/Cm3Start.c **** 
 201:Generated_Source\PSoC5/Cm3Start.c **** struct __cy_region
 202:Generated_Source\PSoC5/Cm3Start.c **** {
 203:Generated_Source\PSoC5/Cm3Start.c ****     __cy_byte_align8 *init; /* Initial contents of this region.  */
 204:Generated_Source\PSoC5/Cm3Start.c ****     __cy_byte_align8 *data; /* Start address of region.  */
 205:Generated_Source\PSoC5/Cm3Start.c ****     size_t init_size;       /* Size of initial data.  */
 206:Generated_Source\PSoC5/Cm3Start.c ****     size_t zero_size;       /* Additional size to be zeroed.  */
 207:Generated_Source\PSoC5/Cm3Start.c **** };
 208:Generated_Source\PSoC5/Cm3Start.c **** 
 209:Generated_Source\PSoC5/Cm3Start.c **** extern const struct __cy_region __cy_regions[];
 210:Generated_Source\PSoC5/Cm3Start.c **** extern const char __cy_region_num __attribute__((weak));
 211:Generated_Source\PSoC5/Cm3Start.c **** #define __cy_region_num ((size_t)&__cy_region_num)
 212:Generated_Source\PSoC5/Cm3Start.c **** 
 213:Generated_Source\PSoC5/Cm3Start.c **** 
 214:Generated_Source\PSoC5/Cm3Start.c **** /*******************************************************************************
 215:Generated_Source\PSoC5/Cm3Start.c **** * Function Name: Reset
 216:Generated_Source\PSoC5/Cm3Start.c **** ********************************************************************************
 217:Generated_Source\PSoC5/Cm3Start.c **** *
 218:Generated_Source\PSoC5/Cm3Start.c **** * Summary:
 219:Generated_Source\PSoC5/Cm3Start.c **** *  This function handles the reset interrupt for the GCC toolchain. This is the
 220:Generated_Source\PSoC5/Cm3Start.c **** *  first bit of code that is executed at startup.
 221:Generated_Source\PSoC5/Cm3Start.c **** *
 222:Generated_Source\PSoC5/Cm3Start.c **** * Parameters:
 223:Generated_Source\PSoC5/Cm3Start.c **** *  None
 224:Generated_Source\PSoC5/Cm3Start.c **** *
 225:Generated_Source\PSoC5/Cm3Start.c **** * Return:
 226:Generated_Source\PSoC5/Cm3Start.c **** *  None
 227:Generated_Source\PSoC5/Cm3Start.c **** *
 228:Generated_Source\PSoC5/Cm3Start.c **** *******************************************************************************/
 229:Generated_Source\PSoC5/Cm3Start.c **** void Reset(void)
 230:Generated_Source\PSoC5/Cm3Start.c **** {
 231:Generated_Source\PSoC5/Cm3Start.c ****     #if(CYDEV_PROJ_TYPE != CYDEV_PROJ_TYPE_LOADABLE)
 232:Generated_Source\PSoC5/Cm3Start.c **** 
 233:Generated_Source\PSoC5/Cm3Start.c ****         /* For PSoC 5LP, debugging is enabled by default */
 234:Generated_Source\PSoC5/Cm3Start.c ****         #if(CYDEV_DEBUGGING_ENABLE == 0)
 235:Generated_Source\PSoC5/Cm3Start.c ****             *(reg32 *)(CYDEV_DEBUG_ENABLE_REGISTER) |= CYDEV_DEBUG_ENABLE_MASK;
 236:Generated_Source\PSoC5/Cm3Start.c ****         #endif /* (CYDEV_DEBUGGING_ENABLE) */
 237:Generated_Source\PSoC5/Cm3Start.c **** 
 238:Generated_Source\PSoC5/Cm3Start.c ****         /* Reset Status Register has Read-to-clear SW access mode.
 239:Generated_Source\PSoC5/Cm3Start.c ****         * Preserve current RESET_SR0 state to make it available for next reading.
ARM GAS  C:\Users\jwvance\AppData\Local\Temp\ccLI6DKJ.s 			page 6


 240:Generated_Source\PSoC5/Cm3Start.c ****         */
 241:Generated_Source\PSoC5/Cm3Start.c ****         *(reg32 *)(CYREG_PHUB_CFGMEM23_CFG1) = *(reg32 *)(CYREG_RESET_SR0);
 242:Generated_Source\PSoC5/Cm3Start.c **** 
 243:Generated_Source\PSoC5/Cm3Start.c ****     #endif  /* (CYDEV_PROJ_TYPE != CYDEV_PROJ_TYPE_LOADABLE) */
 244:Generated_Source\PSoC5/Cm3Start.c **** 
 245:Generated_Source\PSoC5/Cm3Start.c ****     #if(CYDEV_BOOTLOADER_ENABLE)
 246:Generated_Source\PSoC5/Cm3Start.c ****         CyBtldr_CheckLaunch();
 247:Generated_Source\PSoC5/Cm3Start.c ****     #endif /* (CYDEV_BOOTLOADER_ENABLE) */
 248:Generated_Source\PSoC5/Cm3Start.c **** 
 249:Generated_Source\PSoC5/Cm3Start.c ****     Start_c();
 250:Generated_Source\PSoC5/Cm3Start.c **** }
 251:Generated_Source\PSoC5/Cm3Start.c **** 
 252:Generated_Source\PSoC5/Cm3Start.c **** __attribute__((weak))
 253:Generated_Source\PSoC5/Cm3Start.c **** void _exit(int status)
 254:Generated_Source\PSoC5/Cm3Start.c **** {
  47              		.loc 1 254 0
  48              		.cfi_startproc
  49              		@ Volatile: function does not return.
  50              		@ args = 0, pretend = 0, frame = 0
  51              		@ frame_needed = 0, uses_anonymous_args = 0
  52              		@ link register save eliminated.
  53              	.LVL0:
  54              	.L4:
 255:Generated_Source\PSoC5/Cm3Start.c ****     /* Cause divide by 0 exception */
 256:Generated_Source\PSoC5/Cm3Start.c ****     int x = status / INT_MAX;
 257:Generated_Source\PSoC5/Cm3Start.c ****     x = 4 / x;
 258:Generated_Source\PSoC5/Cm3Start.c **** 
 259:Generated_Source\PSoC5/Cm3Start.c ****     while(1)
 260:Generated_Source\PSoC5/Cm3Start.c ****     {
 261:Generated_Source\PSoC5/Cm3Start.c ****     }
  55              		.loc 1 261 0 discriminator 1
  56 0000 FEE7     		b	.L4
  57              		.cfi_endproc
  58              	.LFE2:
  59              		.size	_exit, .-_exit
  60 0002 00BF     		.section	.text.Start_c,"ax",%progbits
  61              		.align	2
  62              		.global	Start_c
  63              		.thumb
  64              		.thumb_func
  65              		.type	Start_c, %function
  66              	Start_c:
  67              	.LFB3:
 262:Generated_Source\PSoC5/Cm3Start.c **** }
 263:Generated_Source\PSoC5/Cm3Start.c **** 
 264:Generated_Source\PSoC5/Cm3Start.c **** /*******************************************************************************
 265:Generated_Source\PSoC5/Cm3Start.c **** * Function Name: Start_c
 266:Generated_Source\PSoC5/Cm3Start.c **** ********************************************************************************
 267:Generated_Source\PSoC5/Cm3Start.c **** *
 268:Generated_Source\PSoC5/Cm3Start.c **** * Summary:
 269:Generated_Source\PSoC5/Cm3Start.c **** *  This function handles initializing the .data and .bss sections in
 270:Generated_Source\PSoC5/Cm3Start.c **** *  preparation for running the standard C code.  Once initialization is complete
 271:Generated_Source\PSoC5/Cm3Start.c **** *  it will call main(). This function will never return.
 272:Generated_Source\PSoC5/Cm3Start.c **** *
 273:Generated_Source\PSoC5/Cm3Start.c **** * Parameters:
 274:Generated_Source\PSoC5/Cm3Start.c **** *  None
 275:Generated_Source\PSoC5/Cm3Start.c **** *
ARM GAS  C:\Users\jwvance\AppData\Local\Temp\ccLI6DKJ.s 			page 7


 276:Generated_Source\PSoC5/Cm3Start.c **** * Return:
 277:Generated_Source\PSoC5/Cm3Start.c **** *  None
 278:Generated_Source\PSoC5/Cm3Start.c **** *
 279:Generated_Source\PSoC5/Cm3Start.c **** *******************************************************************************/
 280:Generated_Source\PSoC5/Cm3Start.c **** void Start_c(void)  __attribute__ ((noreturn));
 281:Generated_Source\PSoC5/Cm3Start.c **** void Start_c(void)
 282:Generated_Source\PSoC5/Cm3Start.c **** {
  68              		.loc 1 282 0
  69              		.cfi_startproc
  70              		@ Volatile: function does not return.
  71              		@ args = 0, pretend = 0, frame = 0
  72              		@ frame_needed = 0, uses_anonymous_args = 0
  73              	.LVL1:
 283:Generated_Source\PSoC5/Cm3Start.c ****     unsigned regions = __cy_region_num;
 284:Generated_Source\PSoC5/Cm3Start.c ****     const struct __cy_region *rptr = __cy_regions;
 285:Generated_Source\PSoC5/Cm3Start.c **** 
 286:Generated_Source\PSoC5/Cm3Start.c ****     /* Initialize memory */
 287:Generated_Source\PSoC5/Cm3Start.c ****     for (regions = __cy_region_num, rptr = __cy_regions; regions--; rptr++)
  74              		.loc 1 287 0
  75 0000 154B     		ldr	r3, .L23
 282:Generated_Source\PSoC5/Cm3Start.c ****     unsigned regions = __cy_region_num;
  76              		.loc 1 282 0
  77 0002 80B5     		push	{r7, lr}
  78              		.cfi_def_cfa_offset 8
  79              		.cfi_offset 7, -8
  80              		.cfi_offset 14, -4
  81              		.loc 1 287 0
  82 0004 03F1FF3E 		add	lr, r3, #-1
  83              	.LVL2:
  84 0008 03B3     		cbz	r3, .L12
  85 000a 144F     		ldr	r7, .L23+4
  86              	.LBB2:
 288:Generated_Source\PSoC5/Cm3Start.c ****     {
 289:Generated_Source\PSoC5/Cm3Start.c ****         uint32 *src = (uint32 *)rptr->init;
 290:Generated_Source\PSoC5/Cm3Start.c ****         uint32 *dst = (uint32 *)rptr->data;
 291:Generated_Source\PSoC5/Cm3Start.c ****         unsigned limit = rptr->init_size;
 292:Generated_Source\PSoC5/Cm3Start.c ****         unsigned count;
 293:Generated_Source\PSoC5/Cm3Start.c **** 
 294:Generated_Source\PSoC5/Cm3Start.c ****         for (count = 0u; count != limit; count += sizeof (uint32))
 295:Generated_Source\PSoC5/Cm3Start.c ****         {
 296:Generated_Source\PSoC5/Cm3Start.c ****             *dst++ = *src++;
 297:Generated_Source\PSoC5/Cm3Start.c ****         }
 298:Generated_Source\PSoC5/Cm3Start.c ****         limit = rptr->zero_size;
 299:Generated_Source\PSoC5/Cm3Start.c ****         for (count = 0u; count != limit; count += sizeof (uint32))
 300:Generated_Source\PSoC5/Cm3Start.c ****         {
 301:Generated_Source\PSoC5/Cm3Start.c ****             *dst++ = 0u;
  87              		.loc 1 301 0
  88 000c 0026     		movs	r6, #0
  89              	.LVL3:
  90              	.L11:
 291:Generated_Source\PSoC5/Cm3Start.c ****         unsigned count;
  91              		.loc 1 291 0
  92 000e 57F8085C 		ldr	r5, [r7, #-8]
 289:Generated_Source\PSoC5/Cm3Start.c ****         uint32 *dst = (uint32 *)rptr->data;
  93              		.loc 1 289 0
  94 0012 57F8104C 		ldr	r4, [r7, #-16]
  95              	.LVL4:
ARM GAS  C:\Users\jwvance\AppData\Local\Temp\ccLI6DKJ.s 			page 8


 290:Generated_Source\PSoC5/Cm3Start.c ****         unsigned limit = rptr->init_size;
  96              		.loc 1 290 0
  97 0016 57F80C3C 		ldr	r3, [r7, #-12]
  98              	.LVL5:
 294:Generated_Source\PSoC5/Cm3Start.c ****         {
  99              		.loc 1 294 0
 100 001a 3DB1     		cbz	r5, .L8
 294:Generated_Source\PSoC5/Cm3Start.c ****         {
 101              		.loc 1 294 0 is_stmt 0 discriminator 3
 102 001c 2246     		mov	r2, r4
 103              	.LVL6:
 104              	.L9:
 296:Generated_Source\PSoC5/Cm3Start.c ****         }
 105              		.loc 1 296 0 is_stmt 1 discriminator 3
 106 001e 52F8040B 		ldr	r0, [r2], #4
 107              	.LVL7:
 108 0022 111B     		subs	r1, r2, r4
 294:Generated_Source\PSoC5/Cm3Start.c ****         {
 109              		.loc 1 294 0 discriminator 3
 110 0024 8D42     		cmp	r5, r1
 296:Generated_Source\PSoC5/Cm3Start.c ****         }
 111              		.loc 1 296 0 discriminator 3
 112 0026 43F8040B 		str	r0, [r3], #4
 113              	.LVL8:
 294:Generated_Source\PSoC5/Cm3Start.c ****         {
 114              		.loc 1 294 0 discriminator 3
 115 002a F8D1     		bne	.L9
 116              	.LVL9:
 117              	.L8:
 298:Generated_Source\PSoC5/Cm3Start.c ****         for (count = 0u; count != limit; count += sizeof (uint32))
 118              		.loc 1 298 0
 119 002c 57F8040C 		ldr	r0, [r7, #-4]
 120              	.LVL10:
 299:Generated_Source\PSoC5/Cm3Start.c ****         {
 121              		.loc 1 299 0
 122 0030 1A46     		mov	r2, r3
 123 0032 20B1     		cbz	r0, .L14
 124              	.LVL11:
 125              	.L13:
 126              		.loc 1 301 0 discriminator 3
 127 0034 42F8046B 		str	r6, [r2], #4
 128              	.LVL12:
 129 0038 D11A     		subs	r1, r2, r3
 130              	.LVL13:
 299:Generated_Source\PSoC5/Cm3Start.c ****         {
 131              		.loc 1 299 0 discriminator 3
 132 003a 8842     		cmp	r0, r1
 133 003c FAD1     		bne	.L13
 134              	.LVL14:
 135              	.L14:
 136              	.LBE2:
 287:Generated_Source\PSoC5/Cm3Start.c ****     {
 137              		.loc 1 287 0
 138 003e 0EF1FF3E 		add	lr, lr, #-1
 139              	.LVL15:
 140 0042 BEF1FF3F 		cmp	lr, #-1
 141 0046 07F11007 		add	r7, r7, #16
ARM GAS  C:\Users\jwvance\AppData\Local\Temp\ccLI6DKJ.s 			page 9


 142              	.LVL16:
 143 004a E0D1     		bne	.L11
 144              	.LVL17:
 145              	.L12:
 302:Generated_Source\PSoC5/Cm3Start.c ****         }
 303:Generated_Source\PSoC5/Cm3Start.c ****     }
 304:Generated_Source\PSoC5/Cm3Start.c **** 
 305:Generated_Source\PSoC5/Cm3Start.c ****     /* Invoke static objects constructors */
 306:Generated_Source\PSoC5/Cm3Start.c ****     __libc_init_array();
 146              		.loc 1 306 0
 147 004c FFF7FEFF 		bl	__libc_init_array
 148              	.LVL18:
 307:Generated_Source\PSoC5/Cm3Start.c ****     (void) main();
 149              		.loc 1 307 0
 150 0050 FFF7FEFF 		bl	main
 151              	.LVL19:
 152              	.L7:
 308:Generated_Source\PSoC5/Cm3Start.c **** 
 309:Generated_Source\PSoC5/Cm3Start.c ****     while (1)
 310:Generated_Source\PSoC5/Cm3Start.c ****     {
 311:Generated_Source\PSoC5/Cm3Start.c ****         /* If main returns, make sure we don't return. */
 312:Generated_Source\PSoC5/Cm3Start.c ****     }
 153              		.loc 1 312 0 discriminator 1
 154 0054 FEE7     		b	.L7
 155              	.L24:
 156 0056 00BF     		.align	2
 157              	.L23:
 158 0058 00000000 		.word	__cy_region_num
 159 005c 10000000 		.word	__cy_regions+16
 160              		.cfi_endproc
 161              	.LFE3:
 162              		.size	Start_c, .-Start_c
 163              		.section	.text.Reset,"ax",%progbits
 164              		.align	2
 165              		.global	Reset
 166              		.thumb
 167              		.thumb_func
 168              		.type	Reset, %function
 169              	Reset:
 170              	.LFB1:
 230:Generated_Source\PSoC5/Cm3Start.c ****     #if(CYDEV_PROJ_TYPE != CYDEV_PROJ_TYPE_LOADABLE)
 171              		.loc 1 230 0
 172              		.cfi_startproc
 173              		@ Volatile: function does not return.
 174              		@ args = 0, pretend = 0, frame = 0
 175              		@ frame_needed = 0, uses_anonymous_args = 0
 241:Generated_Source\PSoC5/Cm3Start.c **** 
 176              		.loc 1 241 0
 177 0000 034A     		ldr	r2, .L27
 230:Generated_Source\PSoC5/Cm3Start.c ****     #if(CYDEV_PROJ_TYPE != CYDEV_PROJ_TYPE_LOADABLE)
 178              		.loc 1 230 0
 179 0002 08B5     		push	{r3, lr}
 180              		.cfi_def_cfa_offset 8
 181              		.cfi_offset 3, -8
 182              		.cfi_offset 14, -4
 241:Generated_Source\PSoC5/Cm3Start.c **** 
 183              		.loc 1 241 0
ARM GAS  C:\Users\jwvance\AppData\Local\Temp\ccLI6DKJ.s 			page 10


 184 0004 1268     		ldr	r2, [r2]
 185 0006 034B     		ldr	r3, .L27+4
 186 0008 1A60     		str	r2, [r3]
 249:Generated_Source\PSoC5/Cm3Start.c **** }
 187              		.loc 1 249 0
 188 000a FFF7FEFF 		bl	Start_c
 189              	.LVL20:
 190              	.L28:
 191 000e 00BF     		.align	2
 192              	.L27:
 193 0010 FA460040 		.word	1073759994
 194 0014 BC760040 		.word	1073772220
 195              		.cfi_endproc
 196              	.LFE1:
 197              		.size	Reset, .-Reset
 198              		.section	.text.startup.initialize_psoc,"ax",%progbits
 199              		.align	2
 200              		.global	initialize_psoc
 201              		.thumb
 202              		.thumb_func
 203              		.type	initialize_psoc, %function
 204              	initialize_psoc:
 205              	.LFB4:
 313:Generated_Source\PSoC5/Cm3Start.c **** }
 314:Generated_Source\PSoC5/Cm3Start.c **** 
 315:Generated_Source\PSoC5/Cm3Start.c **** 
 316:Generated_Source\PSoC5/Cm3Start.c **** #elif defined (__ICCARM__)
 317:Generated_Source\PSoC5/Cm3Start.c **** 
 318:Generated_Source\PSoC5/Cm3Start.c **** /*******************************************************************************
 319:Generated_Source\PSoC5/Cm3Start.c **** * Function Name: __low_level_init
 320:Generated_Source\PSoC5/Cm3Start.c **** ********************************************************************************
 321:Generated_Source\PSoC5/Cm3Start.c **** *
 322:Generated_Source\PSoC5/Cm3Start.c **** * Summary:
 323:Generated_Source\PSoC5/Cm3Start.c **** *  This function performs early initializations for the IAR Embedded
 324:Generated_Source\PSoC5/Cm3Start.c **** *  Workbench IDE. It is executed in the context of a reset interrupt handler
 325:Generated_Source\PSoC5/Cm3Start.c **** *  before the data sections are initialized.
 326:Generated_Source\PSoC5/Cm3Start.c **** *
 327:Generated_Source\PSoC5/Cm3Start.c **** * Parameters:
 328:Generated_Source\PSoC5/Cm3Start.c **** *  None
 329:Generated_Source\PSoC5/Cm3Start.c **** *
 330:Generated_Source\PSoC5/Cm3Start.c **** * Return:
 331:Generated_Source\PSoC5/Cm3Start.c **** *  The value that determines whether or not data sections should be initialized
 332:Generated_Source\PSoC5/Cm3Start.c **** *  by the system startup code:
 333:Generated_Source\PSoC5/Cm3Start.c **** *    0 - skip data sections initialization;
 334:Generated_Source\PSoC5/Cm3Start.c **** *    1 - initialize data sections;
 335:Generated_Source\PSoC5/Cm3Start.c **** *
 336:Generated_Source\PSoC5/Cm3Start.c **** *******************************************************************************/
 337:Generated_Source\PSoC5/Cm3Start.c **** int __low_level_init(void)
 338:Generated_Source\PSoC5/Cm3Start.c **** {
 339:Generated_Source\PSoC5/Cm3Start.c ****     #if(CYDEV_PROJ_TYPE != CYDEV_PROJ_TYPE_LOADABLE)
 340:Generated_Source\PSoC5/Cm3Start.c **** 
 341:Generated_Source\PSoC5/Cm3Start.c ****         /* For PSoC 5LP, debugging is enabled by default */
 342:Generated_Source\PSoC5/Cm3Start.c ****         #if(CYDEV_DEBUGGING_ENABLE == 0)
 343:Generated_Source\PSoC5/Cm3Start.c ****             *(reg32 *)(CYDEV_DEBUG_ENABLE_REGISTER) |= CYDEV_DEBUG_ENABLE_MASK;
 344:Generated_Source\PSoC5/Cm3Start.c ****         #endif /* (CYDEV_DEBUGGING_ENABLE) */
 345:Generated_Source\PSoC5/Cm3Start.c **** 
 346:Generated_Source\PSoC5/Cm3Start.c ****         /* Reset Status Register has Read-to-clear SW access mode.
ARM GAS  C:\Users\jwvance\AppData\Local\Temp\ccLI6DKJ.s 			page 11


 347:Generated_Source\PSoC5/Cm3Start.c ****         * Preserve current RESET_SR0 state to make it available for next reading.
 348:Generated_Source\PSoC5/Cm3Start.c ****         */
 349:Generated_Source\PSoC5/Cm3Start.c ****         *(reg32 *)(CYREG_PHUB_CFGMEM23_CFG1) = *(reg32 *)(CYREG_RESET_SR0);
 350:Generated_Source\PSoC5/Cm3Start.c **** 
 351:Generated_Source\PSoC5/Cm3Start.c ****     #endif  /* (CYDEV_PROJ_TYPE != CYDEV_PROJ_TYPE_LOADABLE) */
 352:Generated_Source\PSoC5/Cm3Start.c **** 
 353:Generated_Source\PSoC5/Cm3Start.c ****     #if (CYDEV_BOOTLOADER_ENABLE)
 354:Generated_Source\PSoC5/Cm3Start.c ****         CyBtldr_CheckLaunch();
 355:Generated_Source\PSoC5/Cm3Start.c ****     #endif /* CYDEV_BOOTLOADER_ENABLE */
 356:Generated_Source\PSoC5/Cm3Start.c **** 
 357:Generated_Source\PSoC5/Cm3Start.c ****     /* Initialize data sections */
 358:Generated_Source\PSoC5/Cm3Start.c ****     __iar_data_init3();
 359:Generated_Source\PSoC5/Cm3Start.c **** 
 360:Generated_Source\PSoC5/Cm3Start.c ****     initialize_psoc();
 361:Generated_Source\PSoC5/Cm3Start.c **** 
 362:Generated_Source\PSoC5/Cm3Start.c ****     return 0;
 363:Generated_Source\PSoC5/Cm3Start.c **** }
 364:Generated_Source\PSoC5/Cm3Start.c **** 
 365:Generated_Source\PSoC5/Cm3Start.c **** #endif /* __GNUC__ */
 366:Generated_Source\PSoC5/Cm3Start.c **** 
 367:Generated_Source\PSoC5/Cm3Start.c **** 
 368:Generated_Source\PSoC5/Cm3Start.c **** /*******************************************************************************
 369:Generated_Source\PSoC5/Cm3Start.c **** *
 370:Generated_Source\PSoC5/Cm3Start.c **** * Default Rom Interrupt Vector table.
 371:Generated_Source\PSoC5/Cm3Start.c **** *
 372:Generated_Source\PSoC5/Cm3Start.c **** *******************************************************************************/
 373:Generated_Source\PSoC5/Cm3Start.c **** #if defined(__ARMCC_VERSION)
 374:Generated_Source\PSoC5/Cm3Start.c ****     /* Suppress diagnostic message 1296-D: extended constant initialiser used */
 375:Generated_Source\PSoC5/Cm3Start.c ****     #pragma diag_suppress 1296
 376:Generated_Source\PSoC5/Cm3Start.c **** #endif  /* defined(__ARMCC_VERSION) */
 377:Generated_Source\PSoC5/Cm3Start.c **** 
 378:Generated_Source\PSoC5/Cm3Start.c **** #if defined (__ICCARM__)
 379:Generated_Source\PSoC5/Cm3Start.c ****     #pragma location=".romvectors"
 380:Generated_Source\PSoC5/Cm3Start.c ****     const intvec_elem __vector_table[CY_NUM_ROM_VECTORS] =
 381:Generated_Source\PSoC5/Cm3Start.c **** #else
 382:Generated_Source\PSoC5/Cm3Start.c ****     CY_SECTION(".romvectors")
 383:Generated_Source\PSoC5/Cm3Start.c ****     const cyisraddress RomVectors[CY_NUM_ROM_VECTORS] =
 384:Generated_Source\PSoC5/Cm3Start.c **** #endif  /* defined (__ICCARM__) */
 385:Generated_Source\PSoC5/Cm3Start.c **** {
 386:Generated_Source\PSoC5/Cm3Start.c ****     INITIAL_STACK_POINTER,   /* Initial stack pointer  0 */
 387:Generated_Source\PSoC5/Cm3Start.c ****     #if defined (__ICCARM__) /* Reset handler          1 */
 388:Generated_Source\PSoC5/Cm3Start.c ****         __iar_program_start,
 389:Generated_Source\PSoC5/Cm3Start.c ****     #else
 390:Generated_Source\PSoC5/Cm3Start.c ****         (cyisraddress)&Reset,
 391:Generated_Source\PSoC5/Cm3Start.c ****     #endif  /* defined (__ICCARM__) */
 392:Generated_Source\PSoC5/Cm3Start.c ****     &IntDefaultHandler,      /* NMI handler            2 */
 393:Generated_Source\PSoC5/Cm3Start.c ****     &IntDefaultHandler,      /* Hard fault handler     3 */
 394:Generated_Source\PSoC5/Cm3Start.c **** };
 395:Generated_Source\PSoC5/Cm3Start.c **** 
 396:Generated_Source\PSoC5/Cm3Start.c **** #if defined(__ARMCC_VERSION)
 397:Generated_Source\PSoC5/Cm3Start.c ****     #pragma diag_default 1296
 398:Generated_Source\PSoC5/Cm3Start.c **** #endif  /* defined(__ARMCC_VERSION) */
 399:Generated_Source\PSoC5/Cm3Start.c **** 
 400:Generated_Source\PSoC5/Cm3Start.c **** 
 401:Generated_Source\PSoC5/Cm3Start.c **** /*******************************************************************************
 402:Generated_Source\PSoC5/Cm3Start.c **** * Function Name: initialize_psoc
 403:Generated_Source\PSoC5/Cm3Start.c **** ********************************************************************************
ARM GAS  C:\Users\jwvance\AppData\Local\Temp\ccLI6DKJ.s 			page 12


 404:Generated_Source\PSoC5/Cm3Start.c **** *
 405:Generated_Source\PSoC5/Cm3Start.c **** * Summary:
 406:Generated_Source\PSoC5/Cm3Start.c **** *  This function used to initialize the PSoC chip before calling main.
 407:Generated_Source\PSoC5/Cm3Start.c **** *
 408:Generated_Source\PSoC5/Cm3Start.c **** * Parameters:
 409:Generated_Source\PSoC5/Cm3Start.c **** *  None
 410:Generated_Source\PSoC5/Cm3Start.c **** *
 411:Generated_Source\PSoC5/Cm3Start.c **** * Return:
 412:Generated_Source\PSoC5/Cm3Start.c **** *  None
 413:Generated_Source\PSoC5/Cm3Start.c **** *
 414:Generated_Source\PSoC5/Cm3Start.c **** *******************************************************************************/
 415:Generated_Source\PSoC5/Cm3Start.c **** #if (defined(__GNUC__) && !defined(__ARMCC_VERSION))
 416:Generated_Source\PSoC5/Cm3Start.c **** __attribute__ ((constructor(101)))
 417:Generated_Source\PSoC5/Cm3Start.c **** #endif
 418:Generated_Source\PSoC5/Cm3Start.c **** void initialize_psoc(void)
 419:Generated_Source\PSoC5/Cm3Start.c **** {
 206              		.loc 1 419 0
 207              		.cfi_startproc
 208              		@ args = 0, pretend = 0, frame = 0
 209              		@ frame_needed = 0, uses_anonymous_args = 0
 210 0000 08B5     		push	{r3, lr}
 211              		.cfi_def_cfa_offset 8
 212              		.cfi_offset 3, -8
 213              		.cfi_offset 14, -4
 420:Generated_Source\PSoC5/Cm3Start.c ****     uint32 i;
 421:Generated_Source\PSoC5/Cm3Start.c **** 
 422:Generated_Source\PSoC5/Cm3Start.c ****     /* Set Priority group 5. */
 423:Generated_Source\PSoC5/Cm3Start.c **** 
 424:Generated_Source\PSoC5/Cm3Start.c ****     /* Writes to NVIC_APINT register require the VECTKEY in the upper half */
 425:Generated_Source\PSoC5/Cm3Start.c ****     *CY_NVIC_APINT_PTR = CY_NVIC_APINT_VECTKEY | CY_NVIC_APINT_PRIGROUP_3_5;
 214              		.loc 1 425 0
 215 0002 124A     		ldr	r2, .L35
 216 0004 124B     		ldr	r3, .L35+4
 426:Generated_Source\PSoC5/Cm3Start.c ****     *CY_NVIC_CFG_CTRL_PTR |= CY_NVIC_CFG_STACKALIGN;
 217              		.loc 1 426 0
 218 0006 1349     		ldr	r1, .L35+8
 425:Generated_Source\PSoC5/Cm3Start.c ****     *CY_NVIC_CFG_CTRL_PTR |= CY_NVIC_CFG_STACKALIGN;
 219              		.loc 1 425 0
 220 0008 1A60     		str	r2, [r3]
 221              		.loc 1 426 0
 222 000a 0B68     		ldr	r3, [r1]
 223 000c 124A     		ldr	r2, .L35+12
 224 000e 43F40073 		orr	r3, r3, #512
 427:Generated_Source\PSoC5/Cm3Start.c **** 
 428:Generated_Source\PSoC5/Cm3Start.c ****     /* Set Ram interrupt vectors to default functions. */
 429:Generated_Source\PSoC5/Cm3Start.c ****     for (i = 0u; i < CY_NUM_VECTORS; i++)
 430:Generated_Source\PSoC5/Cm3Start.c ****     {
 431:Generated_Source\PSoC5/Cm3Start.c ****         #if defined (__ICCARM__)
 432:Generated_Source\PSoC5/Cm3Start.c ****             CyRamVectors[i] = (i < CY_NUM_ROM_VECTORS) ? __vector_table[i].__fun : &IntDefaultHandl
 433:Generated_Source\PSoC5/Cm3Start.c ****         #else
 434:Generated_Source\PSoC5/Cm3Start.c ****             CyRamVectors[i] = (i < CY_NUM_ROM_VECTORS) ? RomVectors[i] : &IntDefaultHandler;
 225              		.loc 1 434 0
 226 0012 1248     		ldr	r0, .L35+16
 426:Generated_Source\PSoC5/Cm3Start.c **** 
 227              		.loc 1 426 0
 228 0014 0B60     		str	r3, [r1]
 229              	.LVL21:
ARM GAS  C:\Users\jwvance\AppData\Local\Temp\ccLI6DKJ.s 			page 13


 429:Generated_Source\PSoC5/Cm3Start.c ****     {
 230              		.loc 1 429 0
 231 0016 0023     		movs	r3, #0
 232              	.LVL22:
 233              	.L31:
 234              		.loc 1 434 0
 235 0018 032B     		cmp	r3, #3
 236 001a 94BF     		ite	ls
 237 001c 50F82310 		ldrls	r1, [r0, r3, lsl #2]
 238 0020 0F49     		ldrhi	r1, .L35+20
 429:Generated_Source\PSoC5/Cm3Start.c ****     {
 239              		.loc 1 429 0
 240 0022 0133     		adds	r3, r3, #1
 241              	.LVL23:
 242 0024 302B     		cmp	r3, #48
 243              		.loc 1 434 0
 244 0026 42F8041F 		str	r1, [r2, #4]!
 429:Generated_Source\PSoC5/Cm3Start.c ****     {
 245              		.loc 1 429 0
 246 002a F5D1     		bne	.L31
 435:Generated_Source\PSoC5/Cm3Start.c ****         #endif  /* defined (__ICCARM__) */
 436:Generated_Source\PSoC5/Cm3Start.c ****     }
 437:Generated_Source\PSoC5/Cm3Start.c **** 
 438:Generated_Source\PSoC5/Cm3Start.c ****     /* Was stored in CFGMEM to avoid being cleared while SRAM gets cleared */
 439:Generated_Source\PSoC5/Cm3Start.c ****     CyResetStatus = CY_GET_REG8(CYREG_PHUB_CFGMEM23_CFG1);
 247              		.loc 1 439 0
 248 002c 0D4B     		ldr	r3, .L35+24
 249              	.LVL24:
 440:Generated_Source\PSoC5/Cm3Start.c **** 
 441:Generated_Source\PSoC5/Cm3Start.c ****     /* Point NVIC at RAM vector table. */
 442:Generated_Source\PSoC5/Cm3Start.c ****     *CYINT_VECT_TABLE = CyRamVectors;
 250              		.loc 1 442 0
 251 002e 0E4A     		ldr	r2, .L35+28
 439:Generated_Source\PSoC5/Cm3Start.c **** 
 252              		.loc 1 439 0
 253 0030 1878     		ldrb	r0, [r3]	@ zero_extendqisi2
 254 0032 0E49     		ldr	r1, .L35+32
 255              		.loc 1 442 0
 256 0034 0E4B     		ldr	r3, .L35+36
 439:Generated_Source\PSoC5/Cm3Start.c **** 
 257              		.loc 1 439 0
 258 0036 0870     		strb	r0, [r1]
 259              		.loc 1 442 0
 260 0038 1A60     		str	r2, [r3]
 443:Generated_Source\PSoC5/Cm3Start.c **** 
 444:Generated_Source\PSoC5/Cm3Start.c ****     /* Initialize the configuration registers. */
 445:Generated_Source\PSoC5/Cm3Start.c ****     cyfitter_cfg();
 261              		.loc 1 445 0
 262 003a FFF7FEFF 		bl	cyfitter_cfg
 263              	.LVL25:
 446:Generated_Source\PSoC5/Cm3Start.c **** 
 447:Generated_Source\PSoC5/Cm3Start.c ****     #if(0u != DMA_CHANNELS_USED__MASK0)
 448:Generated_Source\PSoC5/Cm3Start.c **** 
 449:Generated_Source\PSoC5/Cm3Start.c ****         /* Setup DMA - only necessary if design contains DMA component. */
 450:Generated_Source\PSoC5/Cm3Start.c ****         CyDmacConfigure();
 264              		.loc 1 450 0
 265 003e FFF7FEFF 		bl	CyDmacConfigure
ARM GAS  C:\Users\jwvance\AppData\Local\Temp\ccLI6DKJ.s 			page 14


 266              	.LVL26:
 451:Generated_Source\PSoC5/Cm3Start.c **** 
 452:Generated_Source\PSoC5/Cm3Start.c ****     #endif  /* (0u != DMA_CHANNELS_USED__MASK0) */
 453:Generated_Source\PSoC5/Cm3Start.c **** 
 454:Generated_Source\PSoC5/Cm3Start.c ****     #if !defined (__ICCARM__)
 455:Generated_Source\PSoC5/Cm3Start.c ****         /* Actually, no need to clean this variable, just to make compiler happy. */
 456:Generated_Source\PSoC5/Cm3Start.c ****         cySysNoInitDataValid = 0u;
 267              		.loc 1 456 0
 268 0042 0C4B     		ldr	r3, .L35+40
 269 0044 0022     		movs	r2, #0
 270 0046 1A60     		str	r2, [r3]
 271 0048 08BD     		pop	{r3, pc}
 272              	.L36:
 273 004a 00BF     		.align	2
 274              	.L35:
 275 004c 0004FA05 		.word	100271104
 276 0050 0CED00E0 		.word	-536810228
 277 0054 14ED00E0 		.word	-536810220
 278 0058 FCFFFFFF 		.word	.LANCHOR0-4
 279 005c 00000000 		.word	.LANCHOR1
 280 0060 00000000 		.word	IntDefaultHandler
 281 0064 BC760040 		.word	1073772220
 282 0068 00000000 		.word	.LANCHOR0
 283 006c 00000000 		.word	CyResetStatus
 284 0070 08ED00E0 		.word	-536810232
 285 0074 00000000 		.word	.LANCHOR2
 286              		.cfi_endproc
 287              	.LFE4:
 288              		.size	initialize_psoc, .-initialize_psoc
 289              		.section	.init_array,"aw",%init_array
 290              		.align	2
 291 0000 00000000 		.word	initialize_psoc(target1)
 292              		.global	RomVectors
 293              		.global	CyRamVectors
 294              		.section	.romvectors,"a",%progbits
 295              		.align	2
 296              		.set	.LANCHOR1,. + 0
 297              		.type	RomVectors, %object
 298              		.size	RomVectors, 16
 299              	RomVectors:
 300 0000 00000000 		.word	__cy_stack
 301 0004 00000000 		.word	Reset
 302 0008 00000000 		.word	IntDefaultHandler
 303 000c 00000000 		.word	IntDefaultHandler
 304              		.section	.noinit,"aw",%progbits
 305              		.align	2
 306              		.set	.LANCHOR2,. + 0
 307              		.type	cySysNoInitDataValid, %object
 308              		.size	cySysNoInitDataValid, 4
 309              	cySysNoInitDataValid:
 310 0000 00000000 		.space	4
 311              		.section	.ramvectors,"aw",%progbits
 312              		.align	8
 313              		.set	.LANCHOR0,. + 0
 314              		.type	CyRamVectors, %object
 315              		.size	CyRamVectors, 192
 316              	CyRamVectors:
ARM GAS  C:\Users\jwvance\AppData\Local\Temp\ccLI6DKJ.s 			page 15


 317 0000 00000000 		.space	192
 317      00000000 
 317      00000000 
 317      00000000 
 317      00000000 
 318              		.weak	__cy_region_num
 319 00c0 00000000 		.text
 319      00000000 
 319      00000000 
 319      00000000 
 319      00000000 
 320              	.Letext0:
 321              		.file 2 "Generated_Source\\PSoC5\\cytypes.h"
 322              		.file 3 "c:\\program files (x86)\\cypress\\psoc creator\\4.0\\psoc creator\\import\\gnu\\arm\\4.9.
 323              		.file 4 "Generated_Source\\PSoC5\\CyLib.h"
 324              		.file 5 "Generated_Source\\PSoC5\\cyfitter_cfg.h"
 325              		.file 6 "Generated_Source\\PSoC5\\CyDmac.h"
 326              		.section	.debug_info,"",%progbits
 327              	.Ldebug_info0:
 328 0000 11030000 		.4byte	0x311
 329 0004 0400     		.2byte	0x4
 330 0006 00000000 		.4byte	.Ldebug_abbrev0
 331 000a 04       		.byte	0x4
 332 000b 01       		.uleb128 0x1
 333 000c 72000000 		.4byte	.LASF41
 334 0010 01       		.byte	0x1
 335 0011 A5010000 		.4byte	.LASF42
 336 0015 0D000000 		.4byte	.LASF43
 337 0019 00000000 		.4byte	.Ldebug_ranges0+0
 338 001d 00000000 		.4byte	0
 339 0021 00000000 		.4byte	.Ldebug_line0
 340 0025 02       		.uleb128 0x2
 341 0026 01       		.byte	0x1
 342 0027 06       		.byte	0x6
 343 0028 A3020000 		.4byte	.LASF0
 344 002c 02       		.uleb128 0x2
 345 002d 01       		.byte	0x1
 346 002e 08       		.byte	0x8
 347 002f 49010000 		.4byte	.LASF1
 348 0033 02       		.uleb128 0x2
 349 0034 02       		.byte	0x2
 350 0035 05       		.byte	0x5
 351 0036 6A020000 		.4byte	.LASF2
 352 003a 02       		.uleb128 0x2
 353 003b 02       		.byte	0x2
 354 003c 07       		.byte	0x7
 355 003d 00010000 		.4byte	.LASF3
 356 0041 02       		.uleb128 0x2
 357 0042 04       		.byte	0x4
 358 0043 05       		.byte	0x5
 359 0044 8C020000 		.4byte	.LASF4
 360 0048 02       		.uleb128 0x2
 361 0049 04       		.byte	0x4
 362 004a 07       		.byte	0x7
 363 004b 62010000 		.4byte	.LASF5
 364 004f 02       		.uleb128 0x2
 365 0050 08       		.byte	0x8
ARM GAS  C:\Users\jwvance\AppData\Local\Temp\ccLI6DKJ.s 			page 16


 366 0051 05       		.byte	0x5
 367 0052 57020000 		.4byte	.LASF6
 368 0056 02       		.uleb128 0x2
 369 0057 08       		.byte	0x8
 370 0058 07       		.byte	0x7
 371 0059 04020000 		.4byte	.LASF7
 372 005d 03       		.uleb128 0x3
 373 005e 04       		.byte	0x4
 374 005f 05       		.byte	0x5
 375 0060 696E7400 		.ascii	"int\000"
 376 0064 02       		.uleb128 0x2
 377 0065 04       		.byte	0x4
 378 0066 07       		.byte	0x7
 379 0067 EA010000 		.4byte	.LASF8
 380 006b 04       		.uleb128 0x4
 381 006c 74020000 		.4byte	.LASF9
 382 0070 02       		.byte	0x2
 383 0071 5B       		.byte	0x5b
 384 0072 2C000000 		.4byte	0x2c
 385 0076 04       		.uleb128 0x4
 386 0077 E3010000 		.4byte	.LASF10
 387 007b 02       		.byte	0x2
 388 007c 5D       		.byte	0x5d
 389 007d 48000000 		.4byte	0x48
 390 0081 02       		.uleb128 0x2
 391 0082 04       		.byte	0x4
 392 0083 04       		.byte	0x4
 393 0084 3E010000 		.4byte	.LASF11
 394 0088 02       		.uleb128 0x2
 395 0089 08       		.byte	0x8
 396 008a 04       		.byte	0x4
 397 008b C7010000 		.4byte	.LASF12
 398 008f 02       		.uleb128 0x2
 399 0090 01       		.byte	0x1
 400 0091 08       		.byte	0x8
 401 0092 65020000 		.4byte	.LASF13
 402 0096 04       		.uleb128 0x4
 403 0097 49020000 		.4byte	.LASF14
 404 009b 02       		.byte	0x2
 405 009c F0       		.byte	0xf0
 406 009d A1000000 		.4byte	0xa1
 407 00a1 05       		.uleb128 0x5
 408 00a2 6B000000 		.4byte	0x6b
 409 00a6 04       		.uleb128 0x4
 410 00a7 00000000 		.4byte	.LASF15
 411 00ab 02       		.byte	0x2
 412 00ac F2       		.byte	0xf2
 413 00ad B1000000 		.4byte	0xb1
 414 00b1 05       		.uleb128 0x5
 415 00b2 76000000 		.4byte	0x76
 416 00b6 06       		.uleb128 0x6
 417 00b7 21020000 		.4byte	.LASF16
 418 00bb 02       		.byte	0x2
 419 00bc 0201     		.2byte	0x102
 420 00be C2000000 		.4byte	0xc2
 421 00c2 07       		.uleb128 0x7
 422 00c3 04       		.byte	0x4
ARM GAS  C:\Users\jwvance\AppData\Local\Temp\ccLI6DKJ.s 			page 17


 423 00c4 C8000000 		.4byte	0xc8
 424 00c8 08       		.uleb128 0x8
 425 00c9 04       		.uleb128 0x4
 426 00ca 06000000 		.4byte	.LASF17
 427 00ce 03       		.byte	0x3
 428 00cf D4       		.byte	0xd4
 429 00d0 64000000 		.4byte	0x64
 430 00d4 02       		.uleb128 0x2
 431 00d5 04       		.byte	0x4
 432 00d6 07       		.byte	0x7
 433 00d7 4E020000 		.4byte	.LASF18
 434 00db 09       		.uleb128 0x9
 435 00dc 8F000000 		.4byte	0x8f
 436 00e0 04       		.uleb128 0x4
 437 00e1 38020000 		.4byte	.LASF19
 438 00e5 01       		.byte	0x1
 439 00e6 C7       		.byte	0xc7
 440 00e7 2C000000 		.4byte	0x2c
 441 00eb 0A       		.uleb128 0xa
 442 00ec D6020000 		.4byte	.LASF44
 443 00f0 10       		.byte	0x10
 444 00f1 01       		.byte	0x1
 445 00f2 C9       		.byte	0xc9
 446 00f3 28010000 		.4byte	0x128
 447 00f7 0B       		.uleb128 0xb
 448 00f8 23010000 		.4byte	.LASF20
 449 00fc 01       		.byte	0x1
 450 00fd CB       		.byte	0xcb
 451 00fe 28010000 		.4byte	0x128
 452 0102 00       		.byte	0
 453 0103 0B       		.uleb128 0xb
 454 0104 44010000 		.4byte	.LASF21
 455 0108 01       		.byte	0x1
 456 0109 CC       		.byte	0xcc
 457 010a 28010000 		.4byte	0x128
 458 010e 04       		.byte	0x4
 459 010f 0B       		.uleb128 0xb
 460 0110 2E020000 		.4byte	.LASF22
 461 0114 01       		.byte	0x1
 462 0115 CD       		.byte	0xcd
 463 0116 C9000000 		.4byte	0xc9
 464 011a 08       		.byte	0x8
 465 011b 0B       		.uleb128 0xb
 466 011c 2F010000 		.4byte	.LASF23
 467 0120 01       		.byte	0x1
 468 0121 CE       		.byte	0xce
 469 0122 C9000000 		.4byte	0xc9
 470 0126 0C       		.byte	0xc
 471 0127 00       		.byte	0
 472 0128 07       		.uleb128 0x7
 473 0129 04       		.byte	0x4
 474 012a E0000000 		.4byte	0xe0
 475 012e 0C       		.uleb128 0xc
 476 012f AF020000 		.4byte	.LASF45
 477 0133 01       		.byte	0x1
 478 0134 5C       		.byte	0x5c
 479 0135 00000000 		.4byte	.LFB0
ARM GAS  C:\Users\jwvance\AppData\Local\Temp\ccLI6DKJ.s 			page 18


 480 0139 02000000 		.4byte	.LFE0-.LFB0
 481 013d 01       		.uleb128 0x1
 482 013e 9C       		.byte	0x9c
 483 013f 0D       		.uleb128 0xd
 484 0140 9F010000 		.4byte	.LASF24
 485 0144 01       		.byte	0x1
 486 0145 FD       		.byte	0xfd
 487 0146 00000000 		.4byte	.LFB2
 488 014a 02000000 		.4byte	.LFE2-.LFB2
 489 014e 01       		.uleb128 0x1
 490 014f 9C       		.byte	0x9c
 491 0150 6C010000 		.4byte	0x16c
 492 0154 0E       		.uleb128 0xe
 493 0155 28010000 		.4byte	.LASF46
 494 0159 01       		.byte	0x1
 495 015a FD       		.byte	0xfd
 496 015b 5D000000 		.4byte	0x5d
 497 015f 01       		.uleb128 0x1
 498 0160 50       		.byte	0x50
 499 0161 0F       		.uleb128 0xf
 500 0162 7800     		.ascii	"x\000"
 501 0164 01       		.byte	0x1
 502 0165 0001     		.2byte	0x100
 503 0167 5D000000 		.4byte	0x5d
 504 016b 00       		.byte	0
 505 016c 10       		.uleb128 0x10
 506 016d 64000000 		.4byte	.LASF25
 507 0171 01       		.byte	0x1
 508 0172 1901     		.2byte	0x119
 509 0174 00000000 		.4byte	.LFB3
 510 0178 60000000 		.4byte	.LFE3-.LFB3
 511 017c 01       		.uleb128 0x1
 512 017d 9C       		.byte	0x9c
 513 017e 03020000 		.4byte	0x203
 514 0182 11       		.uleb128 0x11
 515 0183 CE020000 		.4byte	.LASF26
 516 0187 01       		.byte	0x1
 517 0188 1B01     		.2byte	0x11b
 518 018a 64000000 		.4byte	0x64
 519 018e 00000000 		.4byte	.LLST0
 520 0192 11       		.uleb128 0x11
 521 0193 39010000 		.4byte	.LASF27
 522 0197 01       		.byte	0x1
 523 0198 1C01     		.2byte	0x11c
 524 019a 03020000 		.4byte	0x203
 525 019e 13000000 		.4byte	.LLST1
 526 01a2 12       		.uleb128 0x12
 527 01a3 0C000000 		.4byte	.LBB2
 528 01a7 32000000 		.4byte	.LBE2-.LBB2
 529 01ab F0010000 		.4byte	0x1f0
 530 01af 13       		.uleb128 0x13
 531 01b0 73726300 		.ascii	"src\000"
 532 01b4 01       		.byte	0x1
 533 01b5 2101     		.2byte	0x121
 534 01b7 0E020000 		.4byte	0x20e
 535 01bb 40000000 		.4byte	.LLST2
 536 01bf 13       		.uleb128 0x13
ARM GAS  C:\Users\jwvance\AppData\Local\Temp\ccLI6DKJ.s 			page 19


 537 01c0 64737400 		.ascii	"dst\000"
 538 01c4 01       		.byte	0x1
 539 01c5 2201     		.2byte	0x122
 540 01c7 0E020000 		.4byte	0x20e
 541 01cb 76000000 		.4byte	.LLST3
 542 01cf 11       		.uleb128 0x11
 543 01d0 1B020000 		.4byte	.LASF28
 544 01d4 01       		.byte	0x1
 545 01d5 2301     		.2byte	0x123
 546 01d7 64000000 		.4byte	0x64
 547 01db 94000000 		.4byte	.LLST4
 548 01df 11       		.uleb128 0x11
 549 01e0 6C000000 		.4byte	.LASF29
 550 01e4 01       		.byte	0x1
 551 01e5 2401     		.2byte	0x124
 552 01e7 64000000 		.4byte	0x64
 553 01eb B2000000 		.4byte	.LLST5
 554 01ef 00       		.byte	0
 555 01f0 14       		.uleb128 0x14
 556 01f1 50000000 		.4byte	.LVL18
 557 01f5 F4020000 		.4byte	0x2f4
 558 01f9 14       		.uleb128 0x14
 559 01fa 54000000 		.4byte	.LVL19
 560 01fe FB020000 		.4byte	0x2fb
 561 0202 00       		.byte	0
 562 0203 07       		.uleb128 0x7
 563 0204 04       		.byte	0x4
 564 0205 09020000 		.4byte	0x209
 565 0209 09       		.uleb128 0x9
 566 020a EB000000 		.4byte	0xeb
 567 020e 07       		.uleb128 0x7
 568 020f 04       		.byte	0x4
 569 0210 76000000 		.4byte	0x76
 570 0214 0D       		.uleb128 0xd
 571 0215 99010000 		.4byte	.LASF30
 572 0219 01       		.byte	0x1
 573 021a E5       		.byte	0xe5
 574 021b 00000000 		.4byte	.LFB1
 575 021f 18000000 		.4byte	.LFE1-.LFB1
 576 0223 01       		.uleb128 0x1
 577 0224 9C       		.byte	0x9c
 578 0225 33020000 		.4byte	0x233
 579 0229 14       		.uleb128 0x14
 580 022a 0E000000 		.4byte	.LVL20
 581 022e 6C010000 		.4byte	0x16c
 582 0232 00       		.byte	0
 583 0233 10       		.uleb128 0x10
 584 0234 D3010000 		.4byte	.LASF31
 585 0238 01       		.byte	0x1
 586 0239 A201     		.2byte	0x1a2
 587 023b 00000000 		.4byte	.LFB4
 588 023f 78000000 		.4byte	.LFE4-.LFB4
 589 0243 01       		.uleb128 0x1
 590 0244 9C       		.byte	0x9c
 591 0245 6A020000 		.4byte	0x26a
 592 0249 13       		.uleb128 0x13
 593 024a 6900     		.ascii	"i\000"
ARM GAS  C:\Users\jwvance\AppData\Local\Temp\ccLI6DKJ.s 			page 20


 594 024c 01       		.byte	0x1
 595 024d A401     		.2byte	0x1a4
 596 024f 76000000 		.4byte	0x76
 597 0253 ED000000 		.4byte	.LLST6
 598 0257 14       		.uleb128 0x14
 599 0258 3E000000 		.4byte	.LVL25
 600 025c 06030000 		.4byte	0x306
 601 0260 14       		.uleb128 0x14
 602 0261 42000000 		.4byte	.LVL26
 603 0265 0D030000 		.4byte	0x30d
 604 0269 00       		.byte	0
 605 026a 15       		.uleb128 0x15
 606 026b 74010000 		.4byte	.LASF32
 607 026f 01       		.byte	0x1
 608 0270 39       		.byte	0x39
 609 0271 76000000 		.4byte	0x76
 610 0275 05       		.uleb128 0x5
 611 0276 03       		.byte	0x3
 612 0277 00000000 		.4byte	cySysNoInitDataValid
 613 027b 16       		.uleb128 0x16
 614 027c 95020000 		.4byte	.LASF33
 615 0280 04       		.byte	0x4
 616 0281 2D       		.byte	0x2d
 617 0282 6B000000 		.4byte	0x6b
 618 0286 17       		.uleb128 0x17
 619 0287 B6000000 		.4byte	0xb6
 620 028b 96020000 		.4byte	0x296
 621 028f 18       		.uleb128 0x18
 622 0290 D4000000 		.4byte	0xd4
 623 0294 2F       		.byte	0x2f
 624 0295 00       		.byte	0
 625 0296 19       		.uleb128 0x19
 626 0297 57000000 		.4byte	.LASF34
 627 029b 01       		.byte	0x1
 628 029c 47       		.byte	0x47
 629 029d 86020000 		.4byte	0x286
 630 02a1 05       		.uleb128 0x5
 631 02a2 03       		.byte	0x3
 632 02a3 00000000 		.4byte	CyRamVectors
 633 02a7 17       		.uleb128 0x17
 634 02a8 EB000000 		.4byte	0xeb
 635 02ac B2020000 		.4byte	0x2b2
 636 02b0 1A       		.uleb128 0x1a
 637 02b1 00       		.byte	0
 638 02b2 16       		.uleb128 0x16
 639 02b3 C1020000 		.4byte	.LASF35
 640 02b7 01       		.byte	0x1
 641 02b8 D1       		.byte	0xd1
 642 02b9 BD020000 		.4byte	0x2bd
 643 02bd 09       		.uleb128 0x9
 644 02be A7020000 		.4byte	0x2a7
 645 02c2 16       		.uleb128 0x16
 646 02c3 13010000 		.4byte	.LASF36
 647 02c7 01       		.byte	0x1
 648 02c8 D2       		.byte	0xd2
 649 02c9 DB000000 		.4byte	0xdb
 650 02cd 17       		.uleb128 0x17
ARM GAS  C:\Users\jwvance\AppData\Local\Temp\ccLI6DKJ.s 			page 21


 651 02ce B6000000 		.4byte	0xb6
 652 02d2 DD020000 		.4byte	0x2dd
 653 02d6 18       		.uleb128 0x18
 654 02d7 D4000000 		.4byte	0xd4
 655 02db 03       		.byte	0x3
 656 02dc 00       		.byte	0
 657 02dd 1B       		.uleb128 0x1b
 658 02de 57010000 		.4byte	.LASF37
 659 02e2 01       		.byte	0x1
 660 02e3 7F01     		.2byte	0x17f
 661 02e5 EF020000 		.4byte	0x2ef
 662 02e9 05       		.uleb128 0x5
 663 02ea 03       		.byte	0x3
 664 02eb 00000000 		.4byte	RomVectors
 665 02ef 09       		.uleb128 0x9
 666 02f0 CD020000 		.4byte	0x2cd
 667 02f4 1C       		.uleb128 0x1c
 668 02f5 7A020000 		.4byte	.LASF38
 669 02f9 01       		.byte	0x1
 670 02fa C5       		.byte	0xc5
 671 02fb 1D       		.uleb128 0x1d
 672 02fc CE010000 		.4byte	.LASF47
 673 0300 01       		.byte	0x1
 674 0301 C2       		.byte	0xc2
 675 0302 5D000000 		.4byte	0x5d
 676 0306 1C       		.uleb128 0x1c
 677 0307 F7010000 		.4byte	.LASF39
 678 030b 05       		.byte	0x5
 679 030c 16       		.byte	0x16
 680 030d 1C       		.uleb128 0x1c
 681 030e 89010000 		.4byte	.LASF40
 682 0312 06       		.byte	0x6
 683 0313 22       		.byte	0x22
 684 0314 00       		.byte	0
 685              		.section	.debug_abbrev,"",%progbits
 686              	.Ldebug_abbrev0:
 687 0000 01       		.uleb128 0x1
 688 0001 11       		.uleb128 0x11
 689 0002 01       		.byte	0x1
 690 0003 25       		.uleb128 0x25
 691 0004 0E       		.uleb128 0xe
 692 0005 13       		.uleb128 0x13
 693 0006 0B       		.uleb128 0xb
 694 0007 03       		.uleb128 0x3
 695 0008 0E       		.uleb128 0xe
 696 0009 1B       		.uleb128 0x1b
 697 000a 0E       		.uleb128 0xe
 698 000b 55       		.uleb128 0x55
 699 000c 17       		.uleb128 0x17
 700 000d 11       		.uleb128 0x11
 701 000e 01       		.uleb128 0x1
 702 000f 10       		.uleb128 0x10
 703 0010 17       		.uleb128 0x17
 704 0011 00       		.byte	0
 705 0012 00       		.byte	0
 706 0013 02       		.uleb128 0x2
 707 0014 24       		.uleb128 0x24
ARM GAS  C:\Users\jwvance\AppData\Local\Temp\ccLI6DKJ.s 			page 22


 708 0015 00       		.byte	0
 709 0016 0B       		.uleb128 0xb
 710 0017 0B       		.uleb128 0xb
 711 0018 3E       		.uleb128 0x3e
 712 0019 0B       		.uleb128 0xb
 713 001a 03       		.uleb128 0x3
 714 001b 0E       		.uleb128 0xe
 715 001c 00       		.byte	0
 716 001d 00       		.byte	0
 717 001e 03       		.uleb128 0x3
 718 001f 24       		.uleb128 0x24
 719 0020 00       		.byte	0
 720 0021 0B       		.uleb128 0xb
 721 0022 0B       		.uleb128 0xb
 722 0023 3E       		.uleb128 0x3e
 723 0024 0B       		.uleb128 0xb
 724 0025 03       		.uleb128 0x3
 725 0026 08       		.uleb128 0x8
 726 0027 00       		.byte	0
 727 0028 00       		.byte	0
 728 0029 04       		.uleb128 0x4
 729 002a 16       		.uleb128 0x16
 730 002b 00       		.byte	0
 731 002c 03       		.uleb128 0x3
 732 002d 0E       		.uleb128 0xe
 733 002e 3A       		.uleb128 0x3a
 734 002f 0B       		.uleb128 0xb
 735 0030 3B       		.uleb128 0x3b
 736 0031 0B       		.uleb128 0xb
 737 0032 49       		.uleb128 0x49
 738 0033 13       		.uleb128 0x13
 739 0034 00       		.byte	0
 740 0035 00       		.byte	0
 741 0036 05       		.uleb128 0x5
 742 0037 35       		.uleb128 0x35
 743 0038 00       		.byte	0
 744 0039 49       		.uleb128 0x49
 745 003a 13       		.uleb128 0x13
 746 003b 00       		.byte	0
 747 003c 00       		.byte	0
 748 003d 06       		.uleb128 0x6
 749 003e 16       		.uleb128 0x16
 750 003f 00       		.byte	0
 751 0040 03       		.uleb128 0x3
 752 0041 0E       		.uleb128 0xe
 753 0042 3A       		.uleb128 0x3a
 754 0043 0B       		.uleb128 0xb
 755 0044 3B       		.uleb128 0x3b
 756 0045 05       		.uleb128 0x5
 757 0046 49       		.uleb128 0x49
 758 0047 13       		.uleb128 0x13
 759 0048 00       		.byte	0
 760 0049 00       		.byte	0
 761 004a 07       		.uleb128 0x7
 762 004b 0F       		.uleb128 0xf
 763 004c 00       		.byte	0
 764 004d 0B       		.uleb128 0xb
ARM GAS  C:\Users\jwvance\AppData\Local\Temp\ccLI6DKJ.s 			page 23


 765 004e 0B       		.uleb128 0xb
 766 004f 49       		.uleb128 0x49
 767 0050 13       		.uleb128 0x13
 768 0051 00       		.byte	0
 769 0052 00       		.byte	0
 770 0053 08       		.uleb128 0x8
 771 0054 15       		.uleb128 0x15
 772 0055 00       		.byte	0
 773 0056 27       		.uleb128 0x27
 774 0057 19       		.uleb128 0x19
 775 0058 00       		.byte	0
 776 0059 00       		.byte	0
 777 005a 09       		.uleb128 0x9
 778 005b 26       		.uleb128 0x26
 779 005c 00       		.byte	0
 780 005d 49       		.uleb128 0x49
 781 005e 13       		.uleb128 0x13
 782 005f 00       		.byte	0
 783 0060 00       		.byte	0
 784 0061 0A       		.uleb128 0xa
 785 0062 13       		.uleb128 0x13
 786 0063 01       		.byte	0x1
 787 0064 03       		.uleb128 0x3
 788 0065 0E       		.uleb128 0xe
 789 0066 0B       		.uleb128 0xb
 790 0067 0B       		.uleb128 0xb
 791 0068 3A       		.uleb128 0x3a
 792 0069 0B       		.uleb128 0xb
 793 006a 3B       		.uleb128 0x3b
 794 006b 0B       		.uleb128 0xb
 795 006c 01       		.uleb128 0x1
 796 006d 13       		.uleb128 0x13
 797 006e 00       		.byte	0
 798 006f 00       		.byte	0
 799 0070 0B       		.uleb128 0xb
 800 0071 0D       		.uleb128 0xd
 801 0072 00       		.byte	0
 802 0073 03       		.uleb128 0x3
 803 0074 0E       		.uleb128 0xe
 804 0075 3A       		.uleb128 0x3a
 805 0076 0B       		.uleb128 0xb
 806 0077 3B       		.uleb128 0x3b
 807 0078 0B       		.uleb128 0xb
 808 0079 49       		.uleb128 0x49
 809 007a 13       		.uleb128 0x13
 810 007b 38       		.uleb128 0x38
 811 007c 0B       		.uleb128 0xb
 812 007d 00       		.byte	0
 813 007e 00       		.byte	0
 814 007f 0C       		.uleb128 0xc
 815 0080 2E       		.uleb128 0x2e
 816 0081 00       		.byte	0
 817 0082 3F       		.uleb128 0x3f
 818 0083 19       		.uleb128 0x19
 819 0084 03       		.uleb128 0x3
 820 0085 0E       		.uleb128 0xe
 821 0086 3A       		.uleb128 0x3a
ARM GAS  C:\Users\jwvance\AppData\Local\Temp\ccLI6DKJ.s 			page 24


 822 0087 0B       		.uleb128 0xb
 823 0088 3B       		.uleb128 0x3b
 824 0089 0B       		.uleb128 0xb
 825 008a 27       		.uleb128 0x27
 826 008b 19       		.uleb128 0x19
 827 008c 11       		.uleb128 0x11
 828 008d 01       		.uleb128 0x1
 829 008e 12       		.uleb128 0x12
 830 008f 06       		.uleb128 0x6
 831 0090 40       		.uleb128 0x40
 832 0091 18       		.uleb128 0x18
 833 0092 9742     		.uleb128 0x2117
 834 0094 19       		.uleb128 0x19
 835 0095 00       		.byte	0
 836 0096 00       		.byte	0
 837 0097 0D       		.uleb128 0xd
 838 0098 2E       		.uleb128 0x2e
 839 0099 01       		.byte	0x1
 840 009a 3F       		.uleb128 0x3f
 841 009b 19       		.uleb128 0x19
 842 009c 03       		.uleb128 0x3
 843 009d 0E       		.uleb128 0xe
 844 009e 3A       		.uleb128 0x3a
 845 009f 0B       		.uleb128 0xb
 846 00a0 3B       		.uleb128 0x3b
 847 00a1 0B       		.uleb128 0xb
 848 00a2 27       		.uleb128 0x27
 849 00a3 19       		.uleb128 0x19
 850 00a4 11       		.uleb128 0x11
 851 00a5 01       		.uleb128 0x1
 852 00a6 12       		.uleb128 0x12
 853 00a7 06       		.uleb128 0x6
 854 00a8 40       		.uleb128 0x40
 855 00a9 18       		.uleb128 0x18
 856 00aa 9742     		.uleb128 0x2117
 857 00ac 19       		.uleb128 0x19
 858 00ad 01       		.uleb128 0x1
 859 00ae 13       		.uleb128 0x13
 860 00af 00       		.byte	0
 861 00b0 00       		.byte	0
 862 00b1 0E       		.uleb128 0xe
 863 00b2 05       		.uleb128 0x5
 864 00b3 00       		.byte	0
 865 00b4 03       		.uleb128 0x3
 866 00b5 0E       		.uleb128 0xe
 867 00b6 3A       		.uleb128 0x3a
 868 00b7 0B       		.uleb128 0xb
 869 00b8 3B       		.uleb128 0x3b
 870 00b9 0B       		.uleb128 0xb
 871 00ba 49       		.uleb128 0x49
 872 00bb 13       		.uleb128 0x13
 873 00bc 02       		.uleb128 0x2
 874 00bd 18       		.uleb128 0x18
 875 00be 00       		.byte	0
 876 00bf 00       		.byte	0
 877 00c0 0F       		.uleb128 0xf
 878 00c1 34       		.uleb128 0x34
ARM GAS  C:\Users\jwvance\AppData\Local\Temp\ccLI6DKJ.s 			page 25


 879 00c2 00       		.byte	0
 880 00c3 03       		.uleb128 0x3
 881 00c4 08       		.uleb128 0x8
 882 00c5 3A       		.uleb128 0x3a
 883 00c6 0B       		.uleb128 0xb
 884 00c7 3B       		.uleb128 0x3b
 885 00c8 05       		.uleb128 0x5
 886 00c9 49       		.uleb128 0x49
 887 00ca 13       		.uleb128 0x13
 888 00cb 00       		.byte	0
 889 00cc 00       		.byte	0
 890 00cd 10       		.uleb128 0x10
 891 00ce 2E       		.uleb128 0x2e
 892 00cf 01       		.byte	0x1
 893 00d0 3F       		.uleb128 0x3f
 894 00d1 19       		.uleb128 0x19
 895 00d2 03       		.uleb128 0x3
 896 00d3 0E       		.uleb128 0xe
 897 00d4 3A       		.uleb128 0x3a
 898 00d5 0B       		.uleb128 0xb
 899 00d6 3B       		.uleb128 0x3b
 900 00d7 05       		.uleb128 0x5
 901 00d8 27       		.uleb128 0x27
 902 00d9 19       		.uleb128 0x19
 903 00da 11       		.uleb128 0x11
 904 00db 01       		.uleb128 0x1
 905 00dc 12       		.uleb128 0x12
 906 00dd 06       		.uleb128 0x6
 907 00de 40       		.uleb128 0x40
 908 00df 18       		.uleb128 0x18
 909 00e0 9742     		.uleb128 0x2117
 910 00e2 19       		.uleb128 0x19
 911 00e3 01       		.uleb128 0x1
 912 00e4 13       		.uleb128 0x13
 913 00e5 00       		.byte	0
 914 00e6 00       		.byte	0
 915 00e7 11       		.uleb128 0x11
 916 00e8 34       		.uleb128 0x34
 917 00e9 00       		.byte	0
 918 00ea 03       		.uleb128 0x3
 919 00eb 0E       		.uleb128 0xe
 920 00ec 3A       		.uleb128 0x3a
 921 00ed 0B       		.uleb128 0xb
 922 00ee 3B       		.uleb128 0x3b
 923 00ef 05       		.uleb128 0x5
 924 00f0 49       		.uleb128 0x49
 925 00f1 13       		.uleb128 0x13
 926 00f2 02       		.uleb128 0x2
 927 00f3 17       		.uleb128 0x17
 928 00f4 00       		.byte	0
 929 00f5 00       		.byte	0
 930 00f6 12       		.uleb128 0x12
 931 00f7 0B       		.uleb128 0xb
 932 00f8 01       		.byte	0x1
 933 00f9 11       		.uleb128 0x11
 934 00fa 01       		.uleb128 0x1
 935 00fb 12       		.uleb128 0x12
ARM GAS  C:\Users\jwvance\AppData\Local\Temp\ccLI6DKJ.s 			page 26


 936 00fc 06       		.uleb128 0x6
 937 00fd 01       		.uleb128 0x1
 938 00fe 13       		.uleb128 0x13
 939 00ff 00       		.byte	0
 940 0100 00       		.byte	0
 941 0101 13       		.uleb128 0x13
 942 0102 34       		.uleb128 0x34
 943 0103 00       		.byte	0
 944 0104 03       		.uleb128 0x3
 945 0105 08       		.uleb128 0x8
 946 0106 3A       		.uleb128 0x3a
 947 0107 0B       		.uleb128 0xb
 948 0108 3B       		.uleb128 0x3b
 949 0109 05       		.uleb128 0x5
 950 010a 49       		.uleb128 0x49
 951 010b 13       		.uleb128 0x13
 952 010c 02       		.uleb128 0x2
 953 010d 17       		.uleb128 0x17
 954 010e 00       		.byte	0
 955 010f 00       		.byte	0
 956 0110 14       		.uleb128 0x14
 957 0111 898201   		.uleb128 0x4109
 958 0114 00       		.byte	0
 959 0115 11       		.uleb128 0x11
 960 0116 01       		.uleb128 0x1
 961 0117 31       		.uleb128 0x31
 962 0118 13       		.uleb128 0x13
 963 0119 00       		.byte	0
 964 011a 00       		.byte	0
 965 011b 15       		.uleb128 0x15
 966 011c 34       		.uleb128 0x34
 967 011d 00       		.byte	0
 968 011e 03       		.uleb128 0x3
 969 011f 0E       		.uleb128 0xe
 970 0120 3A       		.uleb128 0x3a
 971 0121 0B       		.uleb128 0xb
 972 0122 3B       		.uleb128 0x3b
 973 0123 0B       		.uleb128 0xb
 974 0124 49       		.uleb128 0x49
 975 0125 13       		.uleb128 0x13
 976 0126 02       		.uleb128 0x2
 977 0127 18       		.uleb128 0x18
 978 0128 00       		.byte	0
 979 0129 00       		.byte	0
 980 012a 16       		.uleb128 0x16
 981 012b 34       		.uleb128 0x34
 982 012c 00       		.byte	0
 983 012d 03       		.uleb128 0x3
 984 012e 0E       		.uleb128 0xe
 985 012f 3A       		.uleb128 0x3a
 986 0130 0B       		.uleb128 0xb
 987 0131 3B       		.uleb128 0x3b
 988 0132 0B       		.uleb128 0xb
 989 0133 49       		.uleb128 0x49
 990 0134 13       		.uleb128 0x13
 991 0135 3F       		.uleb128 0x3f
 992 0136 19       		.uleb128 0x19
ARM GAS  C:\Users\jwvance\AppData\Local\Temp\ccLI6DKJ.s 			page 27


 993 0137 3C       		.uleb128 0x3c
 994 0138 19       		.uleb128 0x19
 995 0139 00       		.byte	0
 996 013a 00       		.byte	0
 997 013b 17       		.uleb128 0x17
 998 013c 01       		.uleb128 0x1
 999 013d 01       		.byte	0x1
 1000 013e 49       		.uleb128 0x49
 1001 013f 13       		.uleb128 0x13
 1002 0140 01       		.uleb128 0x1
 1003 0141 13       		.uleb128 0x13
 1004 0142 00       		.byte	0
 1005 0143 00       		.byte	0
 1006 0144 18       		.uleb128 0x18
 1007 0145 21       		.uleb128 0x21
 1008 0146 00       		.byte	0
 1009 0147 49       		.uleb128 0x49
 1010 0148 13       		.uleb128 0x13
 1011 0149 2F       		.uleb128 0x2f
 1012 014a 0B       		.uleb128 0xb
 1013 014b 00       		.byte	0
 1014 014c 00       		.byte	0
 1015 014d 19       		.uleb128 0x19
 1016 014e 34       		.uleb128 0x34
 1017 014f 00       		.byte	0
 1018 0150 03       		.uleb128 0x3
 1019 0151 0E       		.uleb128 0xe
 1020 0152 3A       		.uleb128 0x3a
 1021 0153 0B       		.uleb128 0xb
 1022 0154 3B       		.uleb128 0x3b
 1023 0155 0B       		.uleb128 0xb
 1024 0156 49       		.uleb128 0x49
 1025 0157 13       		.uleb128 0x13
 1026 0158 3F       		.uleb128 0x3f
 1027 0159 19       		.uleb128 0x19
 1028 015a 02       		.uleb128 0x2
 1029 015b 18       		.uleb128 0x18
 1030 015c 00       		.byte	0
 1031 015d 00       		.byte	0
 1032 015e 1A       		.uleb128 0x1a
 1033 015f 21       		.uleb128 0x21
 1034 0160 00       		.byte	0
 1035 0161 00       		.byte	0
 1036 0162 00       		.byte	0
 1037 0163 1B       		.uleb128 0x1b
 1038 0164 34       		.uleb128 0x34
 1039 0165 00       		.byte	0
 1040 0166 03       		.uleb128 0x3
 1041 0167 0E       		.uleb128 0xe
 1042 0168 3A       		.uleb128 0x3a
 1043 0169 0B       		.uleb128 0xb
 1044 016a 3B       		.uleb128 0x3b
 1045 016b 05       		.uleb128 0x5
 1046 016c 49       		.uleb128 0x49
 1047 016d 13       		.uleb128 0x13
 1048 016e 3F       		.uleb128 0x3f
 1049 016f 19       		.uleb128 0x19
ARM GAS  C:\Users\jwvance\AppData\Local\Temp\ccLI6DKJ.s 			page 28


 1050 0170 02       		.uleb128 0x2
 1051 0171 18       		.uleb128 0x18
 1052 0172 00       		.byte	0
 1053 0173 00       		.byte	0
 1054 0174 1C       		.uleb128 0x1c
 1055 0175 2E       		.uleb128 0x2e
 1056 0176 00       		.byte	0
 1057 0177 3F       		.uleb128 0x3f
 1058 0178 19       		.uleb128 0x19
 1059 0179 03       		.uleb128 0x3
 1060 017a 0E       		.uleb128 0xe
 1061 017b 3A       		.uleb128 0x3a
 1062 017c 0B       		.uleb128 0xb
 1063 017d 3B       		.uleb128 0x3b
 1064 017e 0B       		.uleb128 0xb
 1065 017f 27       		.uleb128 0x27
 1066 0180 19       		.uleb128 0x19
 1067 0181 3C       		.uleb128 0x3c
 1068 0182 19       		.uleb128 0x19
 1069 0183 00       		.byte	0
 1070 0184 00       		.byte	0
 1071 0185 1D       		.uleb128 0x1d
 1072 0186 2E       		.uleb128 0x2e
 1073 0187 00       		.byte	0
 1074 0188 3F       		.uleb128 0x3f
 1075 0189 19       		.uleb128 0x19
 1076 018a 03       		.uleb128 0x3
 1077 018b 0E       		.uleb128 0xe
 1078 018c 3A       		.uleb128 0x3a
 1079 018d 0B       		.uleb128 0xb
 1080 018e 3B       		.uleb128 0x3b
 1081 018f 0B       		.uleb128 0xb
 1082 0190 27       		.uleb128 0x27
 1083 0191 19       		.uleb128 0x19
 1084 0192 49       		.uleb128 0x49
 1085 0193 13       		.uleb128 0x13
 1086 0194 3C       		.uleb128 0x3c
 1087 0195 19       		.uleb128 0x19
 1088 0196 00       		.byte	0
 1089 0197 00       		.byte	0
 1090 0198 00       		.byte	0
 1091              		.section	.debug_loc,"",%progbits
 1092              	.Ldebug_loc0:
 1093              	.LLST0:
 1094 0000 08000000 		.4byte	.LVL2
 1095 0004 4F000000 		.4byte	.LVL18-1
 1096 0008 0100     		.2byte	0x1
 1097 000a 5E       		.byte	0x5e
 1098 000b 00000000 		.4byte	0
 1099 000f 00000000 		.4byte	0
 1100              	.LLST1:
 1101 0013 0E000000 		.4byte	.LVL3
 1102 0017 3E000000 		.4byte	.LVL14
 1103 001b 0300     		.2byte	0x3
 1104 001d 77       		.byte	0x77
 1105 001e 70       		.sleb128 -16
 1106 001f 9F       		.byte	0x9f
ARM GAS  C:\Users\jwvance\AppData\Local\Temp\ccLI6DKJ.s 			page 29


 1107 0020 3E000000 		.4byte	.LVL14
 1108 0024 4A000000 		.4byte	.LVL16
 1109 0028 0100     		.2byte	0x1
 1110 002a 57       		.byte	0x57
 1111 002b 4A000000 		.4byte	.LVL16
 1112 002f 4C000000 		.4byte	.LVL17
 1113 0033 0300     		.2byte	0x3
 1114 0035 77       		.byte	0x77
 1115 0036 70       		.sleb128 -16
 1116 0037 9F       		.byte	0x9f
 1117 0038 00000000 		.4byte	0
 1118 003c 00000000 		.4byte	0
 1119              	.LLST2:
 1120 0040 16000000 		.4byte	.LVL4
 1121 0044 1E000000 		.4byte	.LVL6
 1122 0048 0100     		.2byte	0x1
 1123 004a 54       		.byte	0x54
 1124 004b 1E000000 		.4byte	.LVL6
 1125 004f 22000000 		.4byte	.LVL7
 1126 0053 0100     		.2byte	0x1
 1127 0055 52       		.byte	0x52
 1128 0056 22000000 		.4byte	.LVL7
 1129 005a 2A000000 		.4byte	.LVL8
 1130 005e 0300     		.2byte	0x3
 1131 0060 72       		.byte	0x72
 1132 0061 7C       		.sleb128 -4
 1133 0062 9F       		.byte	0x9f
 1134 0063 2A000000 		.4byte	.LVL8
 1135 0067 2C000000 		.4byte	.LVL9
 1136 006b 0100     		.2byte	0x1
 1137 006d 52       		.byte	0x52
 1138 006e 00000000 		.4byte	0
 1139 0072 00000000 		.4byte	0
 1140              	.LLST3:
 1141 0076 1A000000 		.4byte	.LVL5
 1142 007a 34000000 		.4byte	.LVL11
 1143 007e 0100     		.2byte	0x1
 1144 0080 53       		.byte	0x53
 1145 0081 34000000 		.4byte	.LVL11
 1146 0085 4C000000 		.4byte	.LVL17
 1147 0089 0100     		.2byte	0x1
 1148 008b 52       		.byte	0x52
 1149 008c 00000000 		.4byte	0
 1150 0090 00000000 		.4byte	0
 1151              	.LLST4:
 1152 0094 1A000000 		.4byte	.LVL5
 1153 0098 30000000 		.4byte	.LVL10
 1154 009c 0100     		.2byte	0x1
 1155 009e 55       		.byte	0x55
 1156 009f 30000000 		.4byte	.LVL10
 1157 00a3 4C000000 		.4byte	.LVL17
 1158 00a7 0100     		.2byte	0x1
 1159 00a9 50       		.byte	0x50
 1160 00aa 00000000 		.4byte	0
 1161 00ae 00000000 		.4byte	0
 1162              	.LLST5:
 1163 00b2 1A000000 		.4byte	.LVL5
ARM GAS  C:\Users\jwvance\AppData\Local\Temp\ccLI6DKJ.s 			page 30


 1164 00b6 2C000000 		.4byte	.LVL9
 1165 00ba 0200     		.2byte	0x2
 1166 00bc 30       		.byte	0x30
 1167 00bd 9F       		.byte	0x9f
 1168 00be 30000000 		.4byte	.LVL10
 1169 00c2 34000000 		.4byte	.LVL11
 1170 00c6 0200     		.2byte	0x2
 1171 00c8 30       		.byte	0x30
 1172 00c9 9F       		.byte	0x9f
 1173 00ca 34000000 		.4byte	.LVL11
 1174 00ce 3A000000 		.4byte	.LVL13
 1175 00d2 0600     		.2byte	0x6
 1176 00d4 72       		.byte	0x72
 1177 00d5 00       		.sleb128 0
 1178 00d6 73       		.byte	0x73
 1179 00d7 00       		.sleb128 0
 1180 00d8 1C       		.byte	0x1c
 1181 00d9 9F       		.byte	0x9f
 1182 00da 3A000000 		.4byte	.LVL13
 1183 00de 3E000000 		.4byte	.LVL14
 1184 00e2 0100     		.2byte	0x1
 1185 00e4 51       		.byte	0x51
 1186 00e5 00000000 		.4byte	0
 1187 00e9 00000000 		.4byte	0
 1188              	.LLST6:
 1189 00ed 16000000 		.4byte	.LVL21
 1190 00f1 18000000 		.4byte	.LVL22
 1191 00f5 0200     		.2byte	0x2
 1192 00f7 30       		.byte	0x30
 1193 00f8 9F       		.byte	0x9f
 1194 00f9 18000000 		.4byte	.LVL22
 1195 00fd 2E000000 		.4byte	.LVL24
 1196 0101 0100     		.2byte	0x1
 1197 0103 53       		.byte	0x53
 1198 0104 00000000 		.4byte	0
 1199 0108 00000000 		.4byte	0
 1200              		.section	.debug_aranges,"",%progbits
 1201 0000 3C000000 		.4byte	0x3c
 1202 0004 0200     		.2byte	0x2
 1203 0006 00000000 		.4byte	.Ldebug_info0
 1204 000a 04       		.byte	0x4
 1205 000b 00       		.byte	0
 1206 000c 0000     		.2byte	0
 1207 000e 0000     		.2byte	0
 1208 0010 00000000 		.4byte	.LFB0
 1209 0014 02000000 		.4byte	.LFE0-.LFB0
 1210 0018 00000000 		.4byte	.LFB2
 1211 001c 02000000 		.4byte	.LFE2-.LFB2
 1212 0020 00000000 		.4byte	.LFB3
 1213 0024 60000000 		.4byte	.LFE3-.LFB3
 1214 0028 00000000 		.4byte	.LFB1
 1215 002c 18000000 		.4byte	.LFE1-.LFB1
 1216 0030 00000000 		.4byte	.LFB4
 1217 0034 78000000 		.4byte	.LFE4-.LFB4
 1218 0038 00000000 		.4byte	0
 1219 003c 00000000 		.4byte	0
 1220              		.section	.debug_ranges,"",%progbits
ARM GAS  C:\Users\jwvance\AppData\Local\Temp\ccLI6DKJ.s 			page 31


 1221              	.Ldebug_ranges0:
 1222 0000 00000000 		.4byte	.LFB0
 1223 0004 02000000 		.4byte	.LFE0
 1224 0008 00000000 		.4byte	.LFB2
 1225 000c 02000000 		.4byte	.LFE2
 1226 0010 00000000 		.4byte	.LFB3
 1227 0014 60000000 		.4byte	.LFE3
 1228 0018 00000000 		.4byte	.LFB1
 1229 001c 18000000 		.4byte	.LFE1
 1230 0020 00000000 		.4byte	.LFB4
 1231 0024 78000000 		.4byte	.LFE4
 1232 0028 00000000 		.4byte	0
 1233 002c 00000000 		.4byte	0
 1234              		.section	.debug_line,"",%progbits
 1235              	.Ldebug_line0:
 1236 0000 B1010000 		.section	.debug_str,"MS",%progbits,1
 1236      0200F000 
 1236      00000201 
 1236      FB0E0D00 
 1236      01010101 
 1237              	.LASF15:
 1238 0000 72656733 		.ascii	"reg32\000"
 1238      3200
 1239              	.LASF17:
 1240 0006 73697A65 		.ascii	"size_t\000"
 1240      5F7400
 1241              	.LASF43:
 1242 000d 433A5C55 		.ascii	"C:\\Users\\jwvance\\Desktop\\Hummingbird\\Hummingbi"
 1242      73657273 
 1242      5C6A7776 
 1242      616E6365 
 1242      5C446573 
 1243 003b 72642843 		.ascii	"rd(Continuous Output).cydsn\000"
 1243      6F6E7469 
 1243      6E756F75 
 1243      73204F75 
 1243      74707574 
 1244              	.LASF34:
 1245 0057 43795261 		.ascii	"CyRamVectors\000"
 1245      6D566563 
 1245      746F7273 
 1245      00
 1246              	.LASF25:
 1247 0064 53746172 		.ascii	"Start_c\000"
 1247      745F6300 
 1248              	.LASF29:
 1249 006c 636F756E 		.ascii	"count\000"
 1249      7400
 1250              	.LASF41:
 1251 0072 474E5520 		.ascii	"GNU C 4.9.3 20150303 (release) [ARM/embedded-4_9-br"
 1251      4320342E 
 1251      392E3320 
 1251      32303135 
 1251      30333033 
 1252 00a5 616E6368 		.ascii	"anch revision 221220] -mcpu=cortex-m3 -mthumb -g -O"
 1252      20726576 
 1252      6973696F 
ARM GAS  C:\Users\jwvance\AppData\Local\Temp\ccLI6DKJ.s 			page 32


 1252      6E203232 
 1252      31323230 
 1253 00d8 32202D66 		.ascii	"2 -ffunction-sections -ffat-lto-objects\000"
 1253      66756E63 
 1253      74696F6E 
 1253      2D736563 
 1253      74696F6E 
 1254              	.LASF3:
 1255 0100 73686F72 		.ascii	"short unsigned int\000"
 1255      7420756E 
 1255      7369676E 
 1255      65642069 
 1255      6E7400
 1256              	.LASF36:
 1257 0113 5F5F6379 		.ascii	"__cy_region_num\000"
 1257      5F726567 
 1257      696F6E5F 
 1257      6E756D00 
 1258              	.LASF20:
 1259 0123 696E6974 		.ascii	"init\000"
 1259      00
 1260              	.LASF46:
 1261 0128 73746174 		.ascii	"status\000"
 1261      757300
 1262              	.LASF23:
 1263 012f 7A65726F 		.ascii	"zero_size\000"
 1263      5F73697A 
 1263      6500
 1264              	.LASF27:
 1265 0139 72707472 		.ascii	"rptr\000"
 1265      00
 1266              	.LASF11:
 1267 013e 666C6F61 		.ascii	"float\000"
 1267      7400
 1268              	.LASF21:
 1269 0144 64617461 		.ascii	"data\000"
 1269      00
 1270              	.LASF1:
 1271 0149 756E7369 		.ascii	"unsigned char\000"
 1271      676E6564 
 1271      20636861 
 1271      7200
 1272              	.LASF37:
 1273 0157 526F6D56 		.ascii	"RomVectors\000"
 1273      6563746F 
 1273      727300
 1274              	.LASF5:
 1275 0162 6C6F6E67 		.ascii	"long unsigned int\000"
 1275      20756E73 
 1275      69676E65 
 1275      6420696E 
 1275      7400
 1276              	.LASF32:
 1277 0174 63795379 		.ascii	"cySysNoInitDataValid\000"
 1277      734E6F49 
 1277      6E697444 
 1277      61746156 
ARM GAS  C:\Users\jwvance\AppData\Local\Temp\ccLI6DKJ.s 			page 33


 1277      616C6964 
 1278              	.LASF40:
 1279 0189 4379446D 		.ascii	"CyDmacConfigure\000"
 1279      6163436F 
 1279      6E666967 
 1279      75726500 
 1280              	.LASF30:
 1281 0199 52657365 		.ascii	"Reset\000"
 1281      7400
 1282              	.LASF24:
 1283 019f 5F657869 		.ascii	"_exit\000"
 1283      7400
 1284              	.LASF42:
 1285 01a5 47656E65 		.ascii	"Generated_Source\\PSoC5\\Cm3Start.c\000"
 1285      72617465 
 1285      645F536F 
 1285      75726365 
 1285      5C50536F 
 1286              	.LASF12:
 1287 01c7 646F7562 		.ascii	"double\000"
 1287      6C6500
 1288              	.LASF47:
 1289 01ce 6D61696E 		.ascii	"main\000"
 1289      00
 1290              	.LASF31:
 1291 01d3 696E6974 		.ascii	"initialize_psoc\000"
 1291      69616C69 
 1291      7A655F70 
 1291      736F6300 
 1292              	.LASF10:
 1293 01e3 75696E74 		.ascii	"uint32\000"
 1293      333200
 1294              	.LASF8:
 1295 01ea 756E7369 		.ascii	"unsigned int\000"
 1295      676E6564 
 1295      20696E74 
 1295      00
 1296              	.LASF39:
 1297 01f7 63796669 		.ascii	"cyfitter_cfg\000"
 1297      74746572 
 1297      5F636667 
 1297      00
 1298              	.LASF7:
 1299 0204 6C6F6E67 		.ascii	"long long unsigned int\000"
 1299      206C6F6E 
 1299      6720756E 
 1299      7369676E 
 1299      65642069 
 1300              	.LASF28:
 1301 021b 6C696D69 		.ascii	"limit\000"
 1301      7400
 1302              	.LASF16:
 1303 0221 63796973 		.ascii	"cyisraddress\000"
 1303      72616464 
 1303      72657373 
 1303      00
 1304              	.LASF22:
ARM GAS  C:\Users\jwvance\AppData\Local\Temp\ccLI6DKJ.s 			page 34


 1305 022e 696E6974 		.ascii	"init_size\000"
 1305      5F73697A 
 1305      6500
 1306              	.LASF19:
 1307 0238 5F5F6379 		.ascii	"__cy_byte_align8\000"
 1307      5F627974 
 1307      655F616C 
 1307      69676E38 
 1307      00
 1308              	.LASF14:
 1309 0249 72656738 		.ascii	"reg8\000"
 1309      00
 1310              	.LASF18:
 1311 024e 73697A65 		.ascii	"sizetype\000"
 1311      74797065 
 1311      00
 1312              	.LASF6:
 1313 0257 6C6F6E67 		.ascii	"long long int\000"
 1313      206C6F6E 
 1313      6720696E 
 1313      7400
 1314              	.LASF13:
 1315 0265 63686172 		.ascii	"char\000"
 1315      00
 1316              	.LASF2:
 1317 026a 73686F72 		.ascii	"short int\000"
 1317      7420696E 
 1317      7400
 1318              	.LASF9:
 1319 0274 75696E74 		.ascii	"uint8\000"
 1319      3800
 1320              	.LASF38:
 1321 027a 5F5F6C69 		.ascii	"__libc_init_array\000"
 1321      62635F69 
 1321      6E69745F 
 1321      61727261 
 1321      7900
 1322              	.LASF4:
 1323 028c 6C6F6E67 		.ascii	"long int\000"
 1323      20696E74 
 1323      00
 1324              	.LASF33:
 1325 0295 43795265 		.ascii	"CyResetStatus\000"
 1325      73657453 
 1325      74617475 
 1325      7300
 1326              	.LASF0:
 1327 02a3 7369676E 		.ascii	"signed char\000"
 1327      65642063 
 1327      68617200 
 1328              	.LASF45:
 1329 02af 496E7444 		.ascii	"IntDefaultHandler\000"
 1329      65666175 
 1329      6C744861 
 1329      6E646C65 
 1329      7200
 1330              	.LASF35:
ARM GAS  C:\Users\jwvance\AppData\Local\Temp\ccLI6DKJ.s 			page 35


 1331 02c1 5F5F6379 		.ascii	"__cy_regions\000"
 1331      5F726567 
 1331      696F6E73 
 1331      00
 1332              	.LASF26:
 1333 02ce 72656769 		.ascii	"regions\000"
 1333      6F6E7300 
 1334              	.LASF44:
 1335 02d6 5F5F6379 		.ascii	"__cy_region\000"
 1335      5F726567 
 1335      696F6E00 
 1336              		.ident	"GCC: (GNU Tools for ARM Embedded Processors) 4.9.3 20150303 (release) [ARM/embedded-4_9-br
