ARM GAS  C:\Users\mgronber\AppData\Local\Temp\ccp3aeVs.s 			page 1


   1              		.syntax unified
   2              		.cpu cortex-m3
   3              		.fpu softvfp
   4              		.eabi_attribute 20, 1
   5              		.eabi_attribute 21, 1
   6              		.eabi_attribute 23, 3
   7              		.eabi_attribute 24, 1
   8              		.eabi_attribute 25, 1
   9              		.eabi_attribute 26, 1
  10              		.eabi_attribute 30, 2
  11              		.eabi_attribute 34, 1
  12              		.eabi_attribute 18, 4
  13              		.thumb
  14              		.file	"I2C_CharLCD_PM.c"
  15              		.text
  16              	.Ltext0:
  17              		.cfi_sections	.debug_frame
  18              		.section	.text.I2C_CharLCD_SaveConfig,"ax",%progbits
  19              		.align	2
  20              		.global	I2C_CharLCD_SaveConfig
  21              		.thumb
  22              		.thumb_func
  23              		.type	I2C_CharLCD_SaveConfig, %function
  24              	I2C_CharLCD_SaveConfig:
  25              	.LFB0:
  26              		.file 1 "Generated_Source\\PSoC5\\I2C_CharLCD_PM.c"
   1:Generated_Source\PSoC5/I2C_CharLCD_PM.c **** /*******************************************************************************
   2:Generated_Source\PSoC5/I2C_CharLCD_PM.c **** * File Name: I2C_CharLCD_PM.c
   3:Generated_Source\PSoC5/I2C_CharLCD_PM.c **** * Version 3.50
   4:Generated_Source\PSoC5/I2C_CharLCD_PM.c **** *
   5:Generated_Source\PSoC5/I2C_CharLCD_PM.c **** * Description:
   6:Generated_Source\PSoC5/I2C_CharLCD_PM.c **** *  This file provides low power mode APIs for the I2C component.
   7:Generated_Source\PSoC5/I2C_CharLCD_PM.c **** *
   8:Generated_Source\PSoC5/I2C_CharLCD_PM.c **** ********************************************************************************
   9:Generated_Source\PSoC5/I2C_CharLCD_PM.c **** * Copyright 2008-2015, Cypress Semiconductor Corporation. All rights reserved.
  10:Generated_Source\PSoC5/I2C_CharLCD_PM.c **** * You may use this file only in accordance with the license, terms, conditions,
  11:Generated_Source\PSoC5/I2C_CharLCD_PM.c **** * disclaimers, and limitations in the end user license agreement accompanying
  12:Generated_Source\PSoC5/I2C_CharLCD_PM.c **** * the software package with which this file was provided.
  13:Generated_Source\PSoC5/I2C_CharLCD_PM.c **** *******************************************************************************/
  14:Generated_Source\PSoC5/I2C_CharLCD_PM.c **** 
  15:Generated_Source\PSoC5/I2C_CharLCD_PM.c **** #include "I2C_CharLCD_PVT.h"
  16:Generated_Source\PSoC5/I2C_CharLCD_PM.c **** 
  17:Generated_Source\PSoC5/I2C_CharLCD_PM.c **** I2C_CharLCD_BACKUP_STRUCT I2C_CharLCD_backup =
  18:Generated_Source\PSoC5/I2C_CharLCD_PM.c **** {
  19:Generated_Source\PSoC5/I2C_CharLCD_PM.c ****     I2C_CharLCD_DISABLE,
  20:Generated_Source\PSoC5/I2C_CharLCD_PM.c **** 
  21:Generated_Source\PSoC5/I2C_CharLCD_PM.c **** #if (I2C_CharLCD_FF_IMPLEMENTED)
  22:Generated_Source\PSoC5/I2C_CharLCD_PM.c ****     I2C_CharLCD_DEFAULT_XCFG,
  23:Generated_Source\PSoC5/I2C_CharLCD_PM.c ****     I2C_CharLCD_DEFAULT_CFG,
  24:Generated_Source\PSoC5/I2C_CharLCD_PM.c ****     I2C_CharLCD_DEFAULT_ADDR,
  25:Generated_Source\PSoC5/I2C_CharLCD_PM.c ****     LO8(I2C_CharLCD_DEFAULT_DIVIDE_FACTOR),
  26:Generated_Source\PSoC5/I2C_CharLCD_PM.c ****     HI8(I2C_CharLCD_DEFAULT_DIVIDE_FACTOR),
  27:Generated_Source\PSoC5/I2C_CharLCD_PM.c **** #else  /* (I2C_CharLCD_UDB_IMPLEMENTED) */
  28:Generated_Source\PSoC5/I2C_CharLCD_PM.c ****     I2C_CharLCD_DEFAULT_CFG,
  29:Generated_Source\PSoC5/I2C_CharLCD_PM.c **** #endif /* (I2C_CharLCD_FF_IMPLEMENTED) */
  30:Generated_Source\PSoC5/I2C_CharLCD_PM.c **** 
  31:Generated_Source\PSoC5/I2C_CharLCD_PM.c **** #if (I2C_CharLCD_TIMEOUT_ENABLED)
ARM GAS  C:\Users\mgronber\AppData\Local\Temp\ccp3aeVs.s 			page 2


  32:Generated_Source\PSoC5/I2C_CharLCD_PM.c ****     I2C_CharLCD_DEFAULT_TMOUT_PERIOD,
  33:Generated_Source\PSoC5/I2C_CharLCD_PM.c ****     I2C_CharLCD_DEFAULT_TMOUT_INTR_MASK,
  34:Generated_Source\PSoC5/I2C_CharLCD_PM.c **** #endif /* (I2C_CharLCD_TIMEOUT_ENABLED) */
  35:Generated_Source\PSoC5/I2C_CharLCD_PM.c **** };
  36:Generated_Source\PSoC5/I2C_CharLCD_PM.c **** 
  37:Generated_Source\PSoC5/I2C_CharLCD_PM.c **** #if ((I2C_CharLCD_FF_IMPLEMENTED) && (I2C_CharLCD_WAKEUP_ENABLED))
  38:Generated_Source\PSoC5/I2C_CharLCD_PM.c ****     volatile uint8 I2C_CharLCD_wakeupSource;
  39:Generated_Source\PSoC5/I2C_CharLCD_PM.c **** #endif /* ((I2C_CharLCD_FF_IMPLEMENTED) && (I2C_CharLCD_WAKEUP_ENABLED)) */
  40:Generated_Source\PSoC5/I2C_CharLCD_PM.c **** 
  41:Generated_Source\PSoC5/I2C_CharLCD_PM.c **** 
  42:Generated_Source\PSoC5/I2C_CharLCD_PM.c **** /*******************************************************************************
  43:Generated_Source\PSoC5/I2C_CharLCD_PM.c **** * Function Name: I2C_CharLCD_SaveConfig
  44:Generated_Source\PSoC5/I2C_CharLCD_PM.c **** ********************************************************************************
  45:Generated_Source\PSoC5/I2C_CharLCD_PM.c **** *
  46:Generated_Source\PSoC5/I2C_CharLCD_PM.c **** * Summary:
  47:Generated_Source\PSoC5/I2C_CharLCD_PM.c **** *  The Enable wakeup from Sleep Mode selection influences this function
  48:Generated_Source\PSoC5/I2C_CharLCD_PM.c **** *  implementation:
  49:Generated_Source\PSoC5/I2C_CharLCD_PM.c **** *   Unchecked: Stores the component non-retention configuration registers.
  50:Generated_Source\PSoC5/I2C_CharLCD_PM.c **** *   Checked:   Disables the master, if it was enabled before, and enables
  51:Generated_Source\PSoC5/I2C_CharLCD_PM.c **** *              backup regulator of the I2C hardware. If a transaction intended
  52:Generated_Source\PSoC5/I2C_CharLCD_PM.c **** *              for component executes during this function call, it waits until
  53:Generated_Source\PSoC5/I2C_CharLCD_PM.c **** *              the current transaction is completed and I2C hardware is ready
  54:Generated_Source\PSoC5/I2C_CharLCD_PM.c **** *              to enter sleep mode. All subsequent I2C traffic is NAKed until
  55:Generated_Source\PSoC5/I2C_CharLCD_PM.c **** *              the device is put into sleep mode.
  56:Generated_Source\PSoC5/I2C_CharLCD_PM.c **** *
  57:Generated_Source\PSoC5/I2C_CharLCD_PM.c **** * Parameters:
  58:Generated_Source\PSoC5/I2C_CharLCD_PM.c **** *  None.
  59:Generated_Source\PSoC5/I2C_CharLCD_PM.c **** *
  60:Generated_Source\PSoC5/I2C_CharLCD_PM.c **** * Return:
  61:Generated_Source\PSoC5/I2C_CharLCD_PM.c **** *  None.
  62:Generated_Source\PSoC5/I2C_CharLCD_PM.c **** *
  63:Generated_Source\PSoC5/I2C_CharLCD_PM.c **** * Global Variables:
  64:Generated_Source\PSoC5/I2C_CharLCD_PM.c **** *  I2C_CharLCD_backup - The global variable used to save the component
  65:Generated_Source\PSoC5/I2C_CharLCD_PM.c **** *                            configuration and non-retention registers before
  66:Generated_Source\PSoC5/I2C_CharLCD_PM.c **** *                            entering the sleep mode.
  67:Generated_Source\PSoC5/I2C_CharLCD_PM.c **** *
  68:Generated_Source\PSoC5/I2C_CharLCD_PM.c **** * Reentrant:
  69:Generated_Source\PSoC5/I2C_CharLCD_PM.c **** *  No.
  70:Generated_Source\PSoC5/I2C_CharLCD_PM.c **** *
  71:Generated_Source\PSoC5/I2C_CharLCD_PM.c **** *******************************************************************************/
  72:Generated_Source\PSoC5/I2C_CharLCD_PM.c **** void I2C_CharLCD_SaveConfig(void) 
  73:Generated_Source\PSoC5/I2C_CharLCD_PM.c **** {
  27              		.loc 1 73 0
  28              		.cfi_startproc
  29              		@ args = 0, pretend = 0, frame = 0
  30              		@ frame_needed = 0, uses_anonymous_args = 0
  31              		@ link register save eliminated.
  32 0000 30B4     		push	{r4, r5}
  33              		.cfi_def_cfa_offset 8
  34              		.cfi_offset 4, -8
  35              		.cfi_offset 5, -4
  74:Generated_Source\PSoC5/I2C_CharLCD_PM.c **** #if (I2C_CharLCD_FF_IMPLEMENTED)
  75:Generated_Source\PSoC5/I2C_CharLCD_PM.c ****     #if (I2C_CharLCD_WAKEUP_ENABLED)
  76:Generated_Source\PSoC5/I2C_CharLCD_PM.c ****         uint8 intState;
  77:Generated_Source\PSoC5/I2C_CharLCD_PM.c ****     #endif /* (I2C_CharLCD_WAKEUP_ENABLED) */
  78:Generated_Source\PSoC5/I2C_CharLCD_PM.c **** 
  79:Generated_Source\PSoC5/I2C_CharLCD_PM.c ****     /* Store registers before enter low power mode */
ARM GAS  C:\Users\mgronber\AppData\Local\Temp\ccp3aeVs.s 			page 3


  80:Generated_Source\PSoC5/I2C_CharLCD_PM.c ****     I2C_CharLCD_backup.cfg     = I2C_CharLCD_CFG_REG;
  36              		.loc 1 80 0
  37 0002 094B     		ldr	r3, .L3
  81:Generated_Source\PSoC5/I2C_CharLCD_PM.c ****     I2C_CharLCD_backup.xcfg    = I2C_CharLCD_XCFG_REG;
  38              		.loc 1 81 0
  39 0004 094C     		ldr	r4, .L3+4
  82:Generated_Source\PSoC5/I2C_CharLCD_PM.c ****     I2C_CharLCD_backup.addr    = I2C_CharLCD_ADDR_REG;
  40              		.loc 1 82 0
  41 0006 0A48     		ldr	r0, .L3+8
  83:Generated_Source\PSoC5/I2C_CharLCD_PM.c ****     I2C_CharLCD_backup.clkDiv1 = I2C_CharLCD_CLKDIV1_REG;
  42              		.loc 1 83 0
  43 0008 0A49     		ldr	r1, .L3+12
  84:Generated_Source\PSoC5/I2C_CharLCD_PM.c ****     I2C_CharLCD_backup.clkDiv2 = I2C_CharLCD_CLKDIV2_REG;
  44              		.loc 1 84 0
  45 000a 0B4A     		ldr	r2, .L3+16
  80:Generated_Source\PSoC5/I2C_CharLCD_PM.c ****     I2C_CharLCD_backup.xcfg    = I2C_CharLCD_XCFG_REG;
  46              		.loc 1 80 0
  47 000c 1D78     		ldrb	r5, [r3]	@ zero_extendqisi2
  81:Generated_Source\PSoC5/I2C_CharLCD_PM.c ****     I2C_CharLCD_backup.addr    = I2C_CharLCD_ADDR_REG;
  48              		.loc 1 81 0
  49 000e 2478     		ldrb	r4, [r4]	@ zero_extendqisi2
  80:Generated_Source\PSoC5/I2C_CharLCD_PM.c ****     I2C_CharLCD_backup.xcfg    = I2C_CharLCD_XCFG_REG;
  50              		.loc 1 80 0
  51 0010 0A4B     		ldr	r3, .L3+20
  82:Generated_Source\PSoC5/I2C_CharLCD_PM.c ****     I2C_CharLCD_backup.clkDiv1 = I2C_CharLCD_CLKDIV1_REG;
  52              		.loc 1 82 0
  53 0012 0078     		ldrb	r0, [r0]	@ zero_extendqisi2
  83:Generated_Source\PSoC5/I2C_CharLCD_PM.c ****     I2C_CharLCD_backup.clkDiv2 = I2C_CharLCD_CLKDIV2_REG;
  54              		.loc 1 83 0
  55 0014 0978     		ldrb	r1, [r1]	@ zero_extendqisi2
  56              		.loc 1 84 0
  57 0016 1278     		ldrb	r2, [r2]	@ zero_extendqisi2
  80:Generated_Source\PSoC5/I2C_CharLCD_PM.c ****     I2C_CharLCD_backup.xcfg    = I2C_CharLCD_XCFG_REG;
  58              		.loc 1 80 0
  59 0018 9D70     		strb	r5, [r3, #2]
  81:Generated_Source\PSoC5/I2C_CharLCD_PM.c ****     I2C_CharLCD_backup.addr    = I2C_CharLCD_ADDR_REG;
  60              		.loc 1 81 0
  61 001a 5C70     		strb	r4, [r3, #1]
  82:Generated_Source\PSoC5/I2C_CharLCD_PM.c ****     I2C_CharLCD_backup.clkDiv1 = I2C_CharLCD_CLKDIV1_REG;
  62              		.loc 1 82 0
  63 001c D870     		strb	r0, [r3, #3]
  83:Generated_Source\PSoC5/I2C_CharLCD_PM.c ****     I2C_CharLCD_backup.clkDiv2 = I2C_CharLCD_CLKDIV2_REG;
  64              		.loc 1 83 0
  65 001e 1971     		strb	r1, [r3, #4]
  66              		.loc 1 84 0
  67 0020 5A71     		strb	r2, [r3, #5]
  85:Generated_Source\PSoC5/I2C_CharLCD_PM.c **** 
  86:Generated_Source\PSoC5/I2C_CharLCD_PM.c **** #if (I2C_CharLCD_WAKEUP_ENABLED)
  87:Generated_Source\PSoC5/I2C_CharLCD_PM.c ****     /* Disable master */
  88:Generated_Source\PSoC5/I2C_CharLCD_PM.c ****     I2C_CharLCD_CFG_REG &= (uint8) ~I2C_CharLCD_ENABLE_MASTER;
  89:Generated_Source\PSoC5/I2C_CharLCD_PM.c **** 
  90:Generated_Source\PSoC5/I2C_CharLCD_PM.c ****     /* Enable backup regulator to keep block powered in low power mode */
  91:Generated_Source\PSoC5/I2C_CharLCD_PM.c ****     intState = CyEnterCriticalSection();
  92:Generated_Source\PSoC5/I2C_CharLCD_PM.c ****     I2C_CharLCD_PWRSYS_CR1_REG |= I2C_CharLCD_PWRSYS_CR1_I2C_REG_BACKUP;
  93:Generated_Source\PSoC5/I2C_CharLCD_PM.c ****     CyExitCriticalSection(intState);
  94:Generated_Source\PSoC5/I2C_CharLCD_PM.c **** 
  95:Generated_Source\PSoC5/I2C_CharLCD_PM.c ****     /* 1) Set force NACK to ignore I2C transactions;
ARM GAS  C:\Users\mgronber\AppData\Local\Temp\ccp3aeVs.s 			page 4


  96:Generated_Source\PSoC5/I2C_CharLCD_PM.c ****     *  2) Wait unti I2C is ready go to Sleep; !!
  97:Generated_Source\PSoC5/I2C_CharLCD_PM.c ****     *  3) These bits are cleared on wake up.
  98:Generated_Source\PSoC5/I2C_CharLCD_PM.c ****     */
  99:Generated_Source\PSoC5/I2C_CharLCD_PM.c ****     /* Wait when block is ready for sleep */
 100:Generated_Source\PSoC5/I2C_CharLCD_PM.c ****     I2C_CharLCD_XCFG_REG |= I2C_CharLCD_XCFG_FORCE_NACK;
 101:Generated_Source\PSoC5/I2C_CharLCD_PM.c ****     while (0u == (I2C_CharLCD_XCFG_REG & I2C_CharLCD_XCFG_RDY_TO_SLEEP))
 102:Generated_Source\PSoC5/I2C_CharLCD_PM.c ****     {
 103:Generated_Source\PSoC5/I2C_CharLCD_PM.c ****     }
 104:Generated_Source\PSoC5/I2C_CharLCD_PM.c **** 
 105:Generated_Source\PSoC5/I2C_CharLCD_PM.c ****     /* Setup wakeup interrupt */
 106:Generated_Source\PSoC5/I2C_CharLCD_PM.c ****     I2C_CharLCD_DisableInt();
 107:Generated_Source\PSoC5/I2C_CharLCD_PM.c ****     (void) CyIntSetVector(I2C_CharLCD_ISR_NUMBER, &I2C_CharLCD_WAKEUP_ISR);
 108:Generated_Source\PSoC5/I2C_CharLCD_PM.c ****     I2C_CharLCD_wakeupSource = 0u;
 109:Generated_Source\PSoC5/I2C_CharLCD_PM.c ****     I2C_CharLCD_EnableInt();
 110:Generated_Source\PSoC5/I2C_CharLCD_PM.c **** #endif /* (I2C_CharLCD_WAKEUP_ENABLED) */
 111:Generated_Source\PSoC5/I2C_CharLCD_PM.c **** 
 112:Generated_Source\PSoC5/I2C_CharLCD_PM.c **** #else
 113:Generated_Source\PSoC5/I2C_CharLCD_PM.c ****     /* Store only address match bit */
 114:Generated_Source\PSoC5/I2C_CharLCD_PM.c ****     I2C_CharLCD_backup.control = (I2C_CharLCD_CFG_REG & I2C_CharLCD_CTRL_ANY_ADDRESS_MASK);
 115:Generated_Source\PSoC5/I2C_CharLCD_PM.c **** #endif /* (I2C_CharLCD_FF_IMPLEMENTED) */
 116:Generated_Source\PSoC5/I2C_CharLCD_PM.c **** 
 117:Generated_Source\PSoC5/I2C_CharLCD_PM.c **** #if (I2C_CharLCD_TIMEOUT_ENABLED)
 118:Generated_Source\PSoC5/I2C_CharLCD_PM.c ****     I2C_CharLCD_TimeoutSaveConfig();
 119:Generated_Source\PSoC5/I2C_CharLCD_PM.c **** #endif /* (I2C_CharLCD_TIMEOUT_ENABLED) */
 120:Generated_Source\PSoC5/I2C_CharLCD_PM.c **** }
  68              		.loc 1 120 0
  69 0022 30BC     		pop	{r4, r5}
  70              		.cfi_restore 5
  71              		.cfi_restore 4
  72              		.cfi_def_cfa_offset 0
  73 0024 7047     		bx	lr
  74              	.L4:
  75 0026 00BF     		.align	2
  76              	.L3:
  77 0028 D6490040 		.word	1073760726
  78 002c C8490040 		.word	1073760712
  79 0030 CA490040 		.word	1073760714
  80 0034 DB490040 		.word	1073760731
  81 0038 DC490040 		.word	1073760732
  82 003c 00000000 		.word	.LANCHOR0
  83              		.cfi_endproc
  84              	.LFE0:
  85              		.size	I2C_CharLCD_SaveConfig, .-I2C_CharLCD_SaveConfig
  86              		.section	.text.I2C_CharLCD_Sleep,"ax",%progbits
  87              		.align	2
  88              		.global	I2C_CharLCD_Sleep
  89              		.thumb
  90              		.thumb_func
  91              		.type	I2C_CharLCD_Sleep, %function
  92              	I2C_CharLCD_Sleep:
  93              	.LFB1:
 121:Generated_Source\PSoC5/I2C_CharLCD_PM.c **** 
 122:Generated_Source\PSoC5/I2C_CharLCD_PM.c **** 
 123:Generated_Source\PSoC5/I2C_CharLCD_PM.c **** /*******************************************************************************
 124:Generated_Source\PSoC5/I2C_CharLCD_PM.c **** * Function Name: I2C_CharLCD_Sleep
 125:Generated_Source\PSoC5/I2C_CharLCD_PM.c **** ********************************************************************************
 126:Generated_Source\PSoC5/I2C_CharLCD_PM.c **** *
ARM GAS  C:\Users\mgronber\AppData\Local\Temp\ccp3aeVs.s 			page 5


 127:Generated_Source\PSoC5/I2C_CharLCD_PM.c **** * Summary:
 128:Generated_Source\PSoC5/I2C_CharLCD_PM.c **** *  This is the preferred method to prepare the component before device enters
 129:Generated_Source\PSoC5/I2C_CharLCD_PM.c **** *  sleep mode. The Enable wakeup from Sleep Mode selection influences this
 130:Generated_Source\PSoC5/I2C_CharLCD_PM.c **** *  function implementation:
 131:Generated_Source\PSoC5/I2C_CharLCD_PM.c **** *   Unchecked: Checks current I2C component state, saves it, and disables the
 132:Generated_Source\PSoC5/I2C_CharLCD_PM.c **** *              component by calling I2C_Stop() if it is currently enabled.
 133:Generated_Source\PSoC5/I2C_CharLCD_PM.c **** *              I2C_SaveConfig() is then called to save the component
 134:Generated_Source\PSoC5/I2C_CharLCD_PM.c **** *              non-retention configuration registers.
 135:Generated_Source\PSoC5/I2C_CharLCD_PM.c **** *   Checked:   If a transaction intended for component executes during this
 136:Generated_Source\PSoC5/I2C_CharLCD_PM.c **** *              function call, it waits until the current transaction is
 137:Generated_Source\PSoC5/I2C_CharLCD_PM.c **** *              completed. All subsequent I2C traffic intended for component
 138:Generated_Source\PSoC5/I2C_CharLCD_PM.c **** *              is NAKed until the device is put to sleep mode. The address
 139:Generated_Source\PSoC5/I2C_CharLCD_PM.c **** *              match event wakes up the device.
 140:Generated_Source\PSoC5/I2C_CharLCD_PM.c **** *
 141:Generated_Source\PSoC5/I2C_CharLCD_PM.c **** * Parameters:
 142:Generated_Source\PSoC5/I2C_CharLCD_PM.c **** *  None.
 143:Generated_Source\PSoC5/I2C_CharLCD_PM.c **** *
 144:Generated_Source\PSoC5/I2C_CharLCD_PM.c **** * Return:
 145:Generated_Source\PSoC5/I2C_CharLCD_PM.c **** *  None.
 146:Generated_Source\PSoC5/I2C_CharLCD_PM.c **** *
 147:Generated_Source\PSoC5/I2C_CharLCD_PM.c **** * Reentrant:
 148:Generated_Source\PSoC5/I2C_CharLCD_PM.c **** *  No.
 149:Generated_Source\PSoC5/I2C_CharLCD_PM.c **** *
 150:Generated_Source\PSoC5/I2C_CharLCD_PM.c **** *******************************************************************************/
 151:Generated_Source\PSoC5/I2C_CharLCD_PM.c **** void I2C_CharLCD_Sleep(void) 
 152:Generated_Source\PSoC5/I2C_CharLCD_PM.c **** {
  94              		.loc 1 152 0
  95              		.cfi_startproc
  96              		@ args = 0, pretend = 0, frame = 0
  97              		@ frame_needed = 0, uses_anonymous_args = 0
  98 0000 38B5     		push	{r3, r4, r5, lr}
  99              		.cfi_def_cfa_offset 16
 100              		.cfi_offset 3, -16
 101              		.cfi_offset 4, -12
 102              		.cfi_offset 5, -8
 103              		.cfi_offset 14, -4
 153:Generated_Source\PSoC5/I2C_CharLCD_PM.c **** #if (I2C_CharLCD_WAKEUP_ENABLED)
 154:Generated_Source\PSoC5/I2C_CharLCD_PM.c ****     /* Do not enable block after exit low power mode if it is wakeup source */
 155:Generated_Source\PSoC5/I2C_CharLCD_PM.c ****     I2C_CharLCD_backup.enableState = I2C_CharLCD_DISABLE;
 156:Generated_Source\PSoC5/I2C_CharLCD_PM.c **** 
 157:Generated_Source\PSoC5/I2C_CharLCD_PM.c ****     #if (I2C_CharLCD_TIMEOUT_ENABLED)
 158:Generated_Source\PSoC5/I2C_CharLCD_PM.c ****         I2C_CharLCD_TimeoutStop();
 159:Generated_Source\PSoC5/I2C_CharLCD_PM.c ****     #endif /* (I2C_CharLCD_TIMEOUT_ENABLED) */
 160:Generated_Source\PSoC5/I2C_CharLCD_PM.c **** 
 161:Generated_Source\PSoC5/I2C_CharLCD_PM.c **** #else
 162:Generated_Source\PSoC5/I2C_CharLCD_PM.c ****     /* Store enable state */
 163:Generated_Source\PSoC5/I2C_CharLCD_PM.c ****     I2C_CharLCD_backup.enableState = (uint8) I2C_CharLCD_IS_ENABLED;
 104              		.loc 1 163 0
 105 0002 0C4B     		ldr	r3, .L12
 106 0004 0C4C     		ldr	r4, .L12+4
 107 0006 1B78     		ldrb	r3, [r3]	@ zero_extendqisi2
 108 0008 C3F38003 		ubfx	r3, r3, #2, #1
 109 000c 2370     		strb	r3, [r4]
 164:Generated_Source\PSoC5/I2C_CharLCD_PM.c **** 
 165:Generated_Source\PSoC5/I2C_CharLCD_PM.c ****     if (0u != I2C_CharLCD_backup.enableState)
 110              		.loc 1 165 0
 111 000e 0BB1     		cbz	r3, .L6
ARM GAS  C:\Users\mgronber\AppData\Local\Temp\ccp3aeVs.s 			page 6


 166:Generated_Source\PSoC5/I2C_CharLCD_PM.c ****     {
 167:Generated_Source\PSoC5/I2C_CharLCD_PM.c ****         I2C_CharLCD_Stop();
 112              		.loc 1 167 0
 113 0010 FFF7FEFF 		bl	I2C_CharLCD_Stop
 114              	.LVL0:
 115              	.L6:
 116              	.LBB4:
 117              	.LBB5:
  80:Generated_Source\PSoC5/I2C_CharLCD_PM.c ****     I2C_CharLCD_backup.xcfg    = I2C_CharLCD_XCFG_REG;
 118              		.loc 1 80 0
 119 0014 094D     		ldr	r5, .L12+8
  81:Generated_Source\PSoC5/I2C_CharLCD_PM.c ****     I2C_CharLCD_backup.addr    = I2C_CharLCD_ADDR_REG;
 120              		.loc 1 81 0
 121 0016 0A48     		ldr	r0, .L12+12
  82:Generated_Source\PSoC5/I2C_CharLCD_PM.c ****     I2C_CharLCD_backup.clkDiv1 = I2C_CharLCD_CLKDIV1_REG;
 122              		.loc 1 82 0
 123 0018 0A49     		ldr	r1, .L12+16
  83:Generated_Source\PSoC5/I2C_CharLCD_PM.c ****     I2C_CharLCD_backup.clkDiv2 = I2C_CharLCD_CLKDIV2_REG;
 124              		.loc 1 83 0
 125 001a 0B4A     		ldr	r2, .L12+20
  84:Generated_Source\PSoC5/I2C_CharLCD_PM.c **** 
 126              		.loc 1 84 0
 127 001c 0B4B     		ldr	r3, .L12+24
  80:Generated_Source\PSoC5/I2C_CharLCD_PM.c ****     I2C_CharLCD_backup.xcfg    = I2C_CharLCD_XCFG_REG;
 128              		.loc 1 80 0
 129 001e 2D78     		ldrb	r5, [r5]	@ zero_extendqisi2
  81:Generated_Source\PSoC5/I2C_CharLCD_PM.c ****     I2C_CharLCD_backup.addr    = I2C_CharLCD_ADDR_REG;
 130              		.loc 1 81 0
 131 0020 0078     		ldrb	r0, [r0]	@ zero_extendqisi2
  82:Generated_Source\PSoC5/I2C_CharLCD_PM.c ****     I2C_CharLCD_backup.clkDiv1 = I2C_CharLCD_CLKDIV1_REG;
 132              		.loc 1 82 0
 133 0022 0978     		ldrb	r1, [r1]	@ zero_extendqisi2
  83:Generated_Source\PSoC5/I2C_CharLCD_PM.c ****     I2C_CharLCD_backup.clkDiv2 = I2C_CharLCD_CLKDIV2_REG;
 134              		.loc 1 83 0
 135 0024 1278     		ldrb	r2, [r2]	@ zero_extendqisi2
  84:Generated_Source\PSoC5/I2C_CharLCD_PM.c **** 
 136              		.loc 1 84 0
 137 0026 1B78     		ldrb	r3, [r3]	@ zero_extendqisi2
  80:Generated_Source\PSoC5/I2C_CharLCD_PM.c ****     I2C_CharLCD_backup.xcfg    = I2C_CharLCD_XCFG_REG;
 138              		.loc 1 80 0
 139 0028 A570     		strb	r5, [r4, #2]
  81:Generated_Source\PSoC5/I2C_CharLCD_PM.c ****     I2C_CharLCD_backup.addr    = I2C_CharLCD_ADDR_REG;
 140              		.loc 1 81 0
 141 002a 6070     		strb	r0, [r4, #1]
  82:Generated_Source\PSoC5/I2C_CharLCD_PM.c ****     I2C_CharLCD_backup.clkDiv1 = I2C_CharLCD_CLKDIV1_REG;
 142              		.loc 1 82 0
 143 002c E170     		strb	r1, [r4, #3]
  83:Generated_Source\PSoC5/I2C_CharLCD_PM.c ****     I2C_CharLCD_backup.clkDiv2 = I2C_CharLCD_CLKDIV2_REG;
 144              		.loc 1 83 0
 145 002e 2271     		strb	r2, [r4, #4]
  84:Generated_Source\PSoC5/I2C_CharLCD_PM.c **** 
 146              		.loc 1 84 0
 147 0030 6371     		strb	r3, [r4, #5]
 148 0032 38BD     		pop	{r3, r4, r5, pc}
 149              	.L13:
 150              		.align	2
 151              	.L12:
ARM GAS  C:\Users\mgronber\AppData\Local\Temp\ccp3aeVs.s 			page 7


 152 0034 A5430040 		.word	1073759141
 153 0038 00000000 		.word	.LANCHOR0
 154 003c D6490040 		.word	1073760726
 155 0040 C8490040 		.word	1073760712
 156 0044 CA490040 		.word	1073760714
 157 0048 DB490040 		.word	1073760731
 158 004c DC490040 		.word	1073760732
 159              	.LBE5:
 160              	.LBE4:
 161              		.cfi_endproc
 162              	.LFE1:
 163              		.size	I2C_CharLCD_Sleep, .-I2C_CharLCD_Sleep
 164              		.section	.text.I2C_CharLCD_RestoreConfig,"ax",%progbits
 165              		.align	2
 166              		.global	I2C_CharLCD_RestoreConfig
 167              		.thumb
 168              		.thumb_func
 169              		.type	I2C_CharLCD_RestoreConfig, %function
 170              	I2C_CharLCD_RestoreConfig:
 171              	.LFB2:
 168:Generated_Source\PSoC5/I2C_CharLCD_PM.c ****     }
 169:Generated_Source\PSoC5/I2C_CharLCD_PM.c **** #endif /* (I2C_CharLCD_WAKEUP_ENABLED) */
 170:Generated_Source\PSoC5/I2C_CharLCD_PM.c **** 
 171:Generated_Source\PSoC5/I2C_CharLCD_PM.c ****     I2C_CharLCD_SaveConfig();
 172:Generated_Source\PSoC5/I2C_CharLCD_PM.c **** }
 173:Generated_Source\PSoC5/I2C_CharLCD_PM.c **** 
 174:Generated_Source\PSoC5/I2C_CharLCD_PM.c **** 
 175:Generated_Source\PSoC5/I2C_CharLCD_PM.c **** /*******************************************************************************
 176:Generated_Source\PSoC5/I2C_CharLCD_PM.c **** * Function Name: I2C_CharLCD_RestoreConfig
 177:Generated_Source\PSoC5/I2C_CharLCD_PM.c **** ********************************************************************************
 178:Generated_Source\PSoC5/I2C_CharLCD_PM.c **** *
 179:Generated_Source\PSoC5/I2C_CharLCD_PM.c **** * Summary:
 180:Generated_Source\PSoC5/I2C_CharLCD_PM.c **** *  The Enable wakeup from Sleep Mode selection influences this function
 181:Generated_Source\PSoC5/I2C_CharLCD_PM.c **** *  implementation:
 182:Generated_Source\PSoC5/I2C_CharLCD_PM.c **** *   Unchecked: Restores the component non-retention configuration registers
 183:Generated_Source\PSoC5/I2C_CharLCD_PM.c **** *              to the state they were in before I2C_Sleep() or I2C_SaveConfig()
 184:Generated_Source\PSoC5/I2C_CharLCD_PM.c **** *              was called.
 185:Generated_Source\PSoC5/I2C_CharLCD_PM.c **** *   Checked:   Disables the backup regulator of the I2C hardware. Sets up the
 186:Generated_Source\PSoC5/I2C_CharLCD_PM.c **** *              regular component interrupt handler and generates the component
 187:Generated_Source\PSoC5/I2C_CharLCD_PM.c **** *              interrupt if it was wake up source to release the bus and
 188:Generated_Source\PSoC5/I2C_CharLCD_PM.c **** *              continue in-coming I2C transaction.
 189:Generated_Source\PSoC5/I2C_CharLCD_PM.c **** *
 190:Generated_Source\PSoC5/I2C_CharLCD_PM.c **** * Parameters:
 191:Generated_Source\PSoC5/I2C_CharLCD_PM.c **** *  None.
 192:Generated_Source\PSoC5/I2C_CharLCD_PM.c **** *
 193:Generated_Source\PSoC5/I2C_CharLCD_PM.c **** * Return:
 194:Generated_Source\PSoC5/I2C_CharLCD_PM.c **** *  None.
 195:Generated_Source\PSoC5/I2C_CharLCD_PM.c **** *
 196:Generated_Source\PSoC5/I2C_CharLCD_PM.c **** * Global Variables:
 197:Generated_Source\PSoC5/I2C_CharLCD_PM.c **** *  I2C_CharLCD_backup - The global variable used to save the component
 198:Generated_Source\PSoC5/I2C_CharLCD_PM.c **** *                            configuration and non-retention registers before
 199:Generated_Source\PSoC5/I2C_CharLCD_PM.c **** *                            exiting the sleep mode.
 200:Generated_Source\PSoC5/I2C_CharLCD_PM.c **** *
 201:Generated_Source\PSoC5/I2C_CharLCD_PM.c **** * Reentrant:
 202:Generated_Source\PSoC5/I2C_CharLCD_PM.c **** *  No.
 203:Generated_Source\PSoC5/I2C_CharLCD_PM.c **** *
 204:Generated_Source\PSoC5/I2C_CharLCD_PM.c **** * Side Effects:
ARM GAS  C:\Users\mgronber\AppData\Local\Temp\ccp3aeVs.s 			page 8


 205:Generated_Source\PSoC5/I2C_CharLCD_PM.c **** *  Calling this function before I2C_CharLCD_SaveConfig() or
 206:Generated_Source\PSoC5/I2C_CharLCD_PM.c **** *  I2C_CharLCD_Sleep() will lead to unpredictable results.
 207:Generated_Source\PSoC5/I2C_CharLCD_PM.c **** *
 208:Generated_Source\PSoC5/I2C_CharLCD_PM.c **** *******************************************************************************/
 209:Generated_Source\PSoC5/I2C_CharLCD_PM.c **** void I2C_CharLCD_RestoreConfig(void) 
 210:Generated_Source\PSoC5/I2C_CharLCD_PM.c **** {
 172              		.loc 1 210 0
 173              		.cfi_startproc
 174              		@ args = 0, pretend = 0, frame = 0
 175              		@ frame_needed = 0, uses_anonymous_args = 0
 176 0000 F8B5     		push	{r3, r4, r5, r6, r7, lr}
 177              		.cfi_def_cfa_offset 24
 178              		.cfi_offset 3, -24
 179              		.cfi_offset 4, -20
 180              		.cfi_offset 5, -16
 181              		.cfi_offset 6, -12
 182              		.cfi_offset 7, -8
 183              		.cfi_offset 14, -4
 211:Generated_Source\PSoC5/I2C_CharLCD_PM.c **** #if (I2C_CharLCD_FF_IMPLEMENTED)
 212:Generated_Source\PSoC5/I2C_CharLCD_PM.c ****     uint8 intState;
 213:Generated_Source\PSoC5/I2C_CharLCD_PM.c **** 
 214:Generated_Source\PSoC5/I2C_CharLCD_PM.c ****     if (I2C_CharLCD_CHECK_PWRSYS_I2C_BACKUP)
 184              		.loc 1 214 0
 185 0002 124C     		ldr	r4, .L19
 186 0004 2378     		ldrb	r3, [r4]	@ zero_extendqisi2
 187 0006 5B07     		lsls	r3, r3, #29
 188 0008 13D4     		bmi	.L18
 215:Generated_Source\PSoC5/I2C_CharLCD_PM.c ****     /* Low power mode was Sleep - backup regulator is enabled */
 216:Generated_Source\PSoC5/I2C_CharLCD_PM.c ****     {
 217:Generated_Source\PSoC5/I2C_CharLCD_PM.c ****         /* Enable backup regulator in active mode */
 218:Generated_Source\PSoC5/I2C_CharLCD_PM.c ****         intState = CyEnterCriticalSection();
 219:Generated_Source\PSoC5/I2C_CharLCD_PM.c ****         I2C_CharLCD_PWRSYS_CR1_REG &= (uint8) ~I2C_CharLCD_PWRSYS_CR1_I2C_REG_BACKUP;
 220:Generated_Source\PSoC5/I2C_CharLCD_PM.c ****         CyExitCriticalSection(intState);
 221:Generated_Source\PSoC5/I2C_CharLCD_PM.c **** 
 222:Generated_Source\PSoC5/I2C_CharLCD_PM.c ****         /* Restore master */
 223:Generated_Source\PSoC5/I2C_CharLCD_PM.c ****         I2C_CharLCD_CFG_REG = I2C_CharLCD_backup.cfg;
 224:Generated_Source\PSoC5/I2C_CharLCD_PM.c ****     }
 225:Generated_Source\PSoC5/I2C_CharLCD_PM.c ****     else
 226:Generated_Source\PSoC5/I2C_CharLCD_PM.c ****     /* Low power mode was Hibernate - backup regulator is disabled. All registers are cleared */
 227:Generated_Source\PSoC5/I2C_CharLCD_PM.c ****     {
 228:Generated_Source\PSoC5/I2C_CharLCD_PM.c ****     #if (I2C_CharLCD_WAKEUP_ENABLED)
 229:Generated_Source\PSoC5/I2C_CharLCD_PM.c ****         /* Disable power to block before register restore */
 230:Generated_Source\PSoC5/I2C_CharLCD_PM.c ****         intState = CyEnterCriticalSection();
 231:Generated_Source\PSoC5/I2C_CharLCD_PM.c ****         I2C_CharLCD_ACT_PWRMGR_REG  &= (uint8) ~I2C_CharLCD_ACT_PWR_EN;
 232:Generated_Source\PSoC5/I2C_CharLCD_PM.c ****         I2C_CharLCD_STBY_PWRMGR_REG &= (uint8) ~I2C_CharLCD_STBY_PWR_EN;
 233:Generated_Source\PSoC5/I2C_CharLCD_PM.c ****         CyExitCriticalSection(intState);
 234:Generated_Source\PSoC5/I2C_CharLCD_PM.c **** 
 235:Generated_Source\PSoC5/I2C_CharLCD_PM.c ****         /* Enable component in I2C_Wakeup() after register restore */
 236:Generated_Source\PSoC5/I2C_CharLCD_PM.c ****         I2C_CharLCD_backup.enableState = I2C_CharLCD_ENABLE;
 237:Generated_Source\PSoC5/I2C_CharLCD_PM.c ****     #endif /* (I2C_CharLCD_WAKEUP_ENABLED) */
 238:Generated_Source\PSoC5/I2C_CharLCD_PM.c **** 
 239:Generated_Source\PSoC5/I2C_CharLCD_PM.c ****         /* Restore component registers after Hibernate */
 240:Generated_Source\PSoC5/I2C_CharLCD_PM.c ****         I2C_CharLCD_XCFG_REG    = I2C_CharLCD_backup.xcfg;
 189              		.loc 1 240 0
 190 000a 114B     		ldr	r3, .L19+4
 191 000c DFF854E0 		ldr	lr, .L19+24
 241:Generated_Source\PSoC5/I2C_CharLCD_PM.c ****         I2C_CharLCD_CFG_REG     = I2C_CharLCD_backup.cfg;
ARM GAS  C:\Users\mgronber\AppData\Local\Temp\ccp3aeVs.s 			page 9


 242:Generated_Source\PSoC5/I2C_CharLCD_PM.c ****         I2C_CharLCD_ADDR_REG    = I2C_CharLCD_backup.addr;
 243:Generated_Source\PSoC5/I2C_CharLCD_PM.c ****         I2C_CharLCD_CLKDIV1_REG = I2C_CharLCD_backup.clkDiv1;
 244:Generated_Source\PSoC5/I2C_CharLCD_PM.c ****         I2C_CharLCD_CLKDIV2_REG = I2C_CharLCD_backup.clkDiv2;
 192              		.loc 1 244 0
 193 0010 5A79     		ldrb	r2, [r3, #5]	@ zero_extendqisi2
 240:Generated_Source\PSoC5/I2C_CharLCD_PM.c ****         I2C_CharLCD_CFG_REG     = I2C_CharLCD_backup.cfg;
 194              		.loc 1 240 0
 195 0012 93F801C0 		ldrb	ip, [r3, #1]	@ zero_extendqisi2
 241:Generated_Source\PSoC5/I2C_CharLCD_PM.c ****         I2C_CharLCD_CFG_REG     = I2C_CharLCD_backup.cfg;
 196              		.loc 1 241 0
 197 0016 9F78     		ldrb	r7, [r3, #2]	@ zero_extendqisi2
 242:Generated_Source\PSoC5/I2C_CharLCD_PM.c ****         I2C_CharLCD_CLKDIV1_REG = I2C_CharLCD_backup.clkDiv1;
 198              		.loc 1 242 0
 199 0018 DD78     		ldrb	r5, [r3, #3]	@ zero_extendqisi2
 243:Generated_Source\PSoC5/I2C_CharLCD_PM.c ****         I2C_CharLCD_CLKDIV2_REG = I2C_CharLCD_backup.clkDiv2;
 200              		.loc 1 243 0
 201 001a 1879     		ldrb	r0, [r3, #4]	@ zero_extendqisi2
 241:Generated_Source\PSoC5/I2C_CharLCD_PM.c ****         I2C_CharLCD_ADDR_REG    = I2C_CharLCD_backup.addr;
 202              		.loc 1 241 0
 203 001c 0D4E     		ldr	r6, .L19+8
 242:Generated_Source\PSoC5/I2C_CharLCD_PM.c ****         I2C_CharLCD_CLKDIV1_REG = I2C_CharLCD_backup.clkDiv1;
 204              		.loc 1 242 0
 205 001e 0E4C     		ldr	r4, .L19+12
 243:Generated_Source\PSoC5/I2C_CharLCD_PM.c ****         I2C_CharLCD_CLKDIV2_REG = I2C_CharLCD_backup.clkDiv2;
 206              		.loc 1 243 0
 207 0020 0E49     		ldr	r1, .L19+16
 208              		.loc 1 244 0
 209 0022 0F4B     		ldr	r3, .L19+20
 240:Generated_Source\PSoC5/I2C_CharLCD_PM.c ****         I2C_CharLCD_CFG_REG     = I2C_CharLCD_backup.cfg;
 210              		.loc 1 240 0
 211 0024 8EF800C0 		strb	ip, [lr]
 241:Generated_Source\PSoC5/I2C_CharLCD_PM.c ****         I2C_CharLCD_ADDR_REG    = I2C_CharLCD_backup.addr;
 212              		.loc 1 241 0
 213 0028 3770     		strb	r7, [r6]
 242:Generated_Source\PSoC5/I2C_CharLCD_PM.c ****         I2C_CharLCD_CLKDIV1_REG = I2C_CharLCD_backup.clkDiv1;
 214              		.loc 1 242 0
 215 002a 2570     		strb	r5, [r4]
 243:Generated_Source\PSoC5/I2C_CharLCD_PM.c ****         I2C_CharLCD_CLKDIV2_REG = I2C_CharLCD_backup.clkDiv2;
 216              		.loc 1 243 0
 217 002c 0870     		strb	r0, [r1]
 218              		.loc 1 244 0
 219 002e 1A70     		strb	r2, [r3]
 220 0030 F8BD     		pop	{r3, r4, r5, r6, r7, pc}
 221              	.L18:
 222              	.LBB8:
 223              	.LBB9:
 218:Generated_Source\PSoC5/I2C_CharLCD_PM.c ****         I2C_CharLCD_PWRSYS_CR1_REG &= (uint8) ~I2C_CharLCD_PWRSYS_CR1_I2C_REG_BACKUP;
 224              		.loc 1 218 0
 225 0032 FFF7FEFF 		bl	CyEnterCriticalSection
 226              	.LVL1:
 219:Generated_Source\PSoC5/I2C_CharLCD_PM.c ****         CyExitCriticalSection(intState);
 227              		.loc 1 219 0
 228 0036 2378     		ldrb	r3, [r4]	@ zero_extendqisi2
 229 0038 03F0FB03 		and	r3, r3, #251
 230 003c 2370     		strb	r3, [r4]
 220:Generated_Source\PSoC5/I2C_CharLCD_PM.c **** 
 231              		.loc 1 220 0
ARM GAS  C:\Users\mgronber\AppData\Local\Temp\ccp3aeVs.s 			page 10


 232 003e FFF7FEFF 		bl	CyExitCriticalSection
 233              	.LVL2:
 223:Generated_Source\PSoC5/I2C_CharLCD_PM.c ****     }
 234              		.loc 1 223 0
 235 0042 034A     		ldr	r2, .L19+4
 236 0044 034B     		ldr	r3, .L19+8
 237 0046 9278     		ldrb	r2, [r2, #2]	@ zero_extendqisi2
 238 0048 1A70     		strb	r2, [r3]
 239 004a F8BD     		pop	{r3, r4, r5, r6, r7, pc}
 240              	.L20:
 241              		.align	2
 242              	.L19:
 243 004c 31430040 		.word	1073759025
 244 0050 00000000 		.word	.LANCHOR0
 245 0054 D6490040 		.word	1073760726
 246 0058 CA490040 		.word	1073760714
 247 005c DB490040 		.word	1073760731
 248 0060 DC490040 		.word	1073760732
 249 0064 C8490040 		.word	1073760712
 250              	.LBE9:
 251              	.LBE8:
 252              		.cfi_endproc
 253              	.LFE2:
 254              		.size	I2C_CharLCD_RestoreConfig, .-I2C_CharLCD_RestoreConfig
 255              		.section	.text.I2C_CharLCD_Wakeup,"ax",%progbits
 256              		.align	2
 257              		.global	I2C_CharLCD_Wakeup
 258              		.thumb
 259              		.thumb_func
 260              		.type	I2C_CharLCD_Wakeup, %function
 261              	I2C_CharLCD_Wakeup:
 262              	.LFB3:
 245:Generated_Source\PSoC5/I2C_CharLCD_PM.c ****     }
 246:Generated_Source\PSoC5/I2C_CharLCD_PM.c **** 
 247:Generated_Source\PSoC5/I2C_CharLCD_PM.c **** #if (I2C_CharLCD_WAKEUP_ENABLED)
 248:Generated_Source\PSoC5/I2C_CharLCD_PM.c ****     I2C_CharLCD_DisableInt();
 249:Generated_Source\PSoC5/I2C_CharLCD_PM.c ****     (void) CyIntSetVector(I2C_CharLCD_ISR_NUMBER, &I2C_CharLCD_ISR);
 250:Generated_Source\PSoC5/I2C_CharLCD_PM.c ****     if (0u != I2C_CharLCD_wakeupSource)
 251:Generated_Source\PSoC5/I2C_CharLCD_PM.c ****     {
 252:Generated_Source\PSoC5/I2C_CharLCD_PM.c ****         /* Generate interrupt to process incoming transaction */
 253:Generated_Source\PSoC5/I2C_CharLCD_PM.c ****         I2C_CharLCD_SetPendingInt();
 254:Generated_Source\PSoC5/I2C_CharLCD_PM.c ****     }
 255:Generated_Source\PSoC5/I2C_CharLCD_PM.c ****     I2C_CharLCD_EnableInt();
 256:Generated_Source\PSoC5/I2C_CharLCD_PM.c **** #endif /* (I2C_CharLCD_WAKEUP_ENABLED) */
 257:Generated_Source\PSoC5/I2C_CharLCD_PM.c **** 
 258:Generated_Source\PSoC5/I2C_CharLCD_PM.c **** #else
 259:Generated_Source\PSoC5/I2C_CharLCD_PM.c ****     I2C_CharLCD_CFG_REG = I2C_CharLCD_backup.control;
 260:Generated_Source\PSoC5/I2C_CharLCD_PM.c **** #endif /* (I2C_CharLCD_FF_IMPLEMENTED) */
 261:Generated_Source\PSoC5/I2C_CharLCD_PM.c **** 
 262:Generated_Source\PSoC5/I2C_CharLCD_PM.c **** #if (I2C_CharLCD_TIMEOUT_ENABLED)
 263:Generated_Source\PSoC5/I2C_CharLCD_PM.c ****     I2C_CharLCD_TimeoutRestoreConfig();
 264:Generated_Source\PSoC5/I2C_CharLCD_PM.c **** #endif /* (I2C_CharLCD_TIMEOUT_ENABLED) */
 265:Generated_Source\PSoC5/I2C_CharLCD_PM.c **** }
 266:Generated_Source\PSoC5/I2C_CharLCD_PM.c **** 
 267:Generated_Source\PSoC5/I2C_CharLCD_PM.c **** 
 268:Generated_Source\PSoC5/I2C_CharLCD_PM.c **** /*******************************************************************************
 269:Generated_Source\PSoC5/I2C_CharLCD_PM.c **** * Function Name: I2C_CharLCD_Wakeup
ARM GAS  C:\Users\mgronber\AppData\Local\Temp\ccp3aeVs.s 			page 11


 270:Generated_Source\PSoC5/I2C_CharLCD_PM.c **** ********************************************************************************
 271:Generated_Source\PSoC5/I2C_CharLCD_PM.c **** *
 272:Generated_Source\PSoC5/I2C_CharLCD_PM.c **** * Summary:
 273:Generated_Source\PSoC5/I2C_CharLCD_PM.c **** *  This is the preferred method to prepare the component for active mode
 274:Generated_Source\PSoC5/I2C_CharLCD_PM.c **** *  operation (when device exits sleep mode). The Enable wakeup from Sleep Mode
 275:Generated_Source\PSoC5/I2C_CharLCD_PM.c **** *  selection influences this function implementation:
 276:Generated_Source\PSoC5/I2C_CharLCD_PM.c **** *   Unchecked: Restores the component non-retention configuration registers
 277:Generated_Source\PSoC5/I2C_CharLCD_PM.c **** *              by calling I2C_RestoreConfig(). If the component was enabled
 278:Generated_Source\PSoC5/I2C_CharLCD_PM.c **** *              before the I2C_Sleep() function was called, I2C_Wakeup()
 279:Generated_Source\PSoC5/I2C_CharLCD_PM.c **** *              re-enables it.
 280:Generated_Source\PSoC5/I2C_CharLCD_PM.c **** *   Checked:   Enables  master functionality if it was enabled before sleep,
 281:Generated_Source\PSoC5/I2C_CharLCD_PM.c **** *              and disables the backup regulator of the I2C hardware.
 282:Generated_Source\PSoC5/I2C_CharLCD_PM.c **** *              The incoming transaction continues as soon as the regular
 283:Generated_Source\PSoC5/I2C_CharLCD_PM.c **** *              I2C interrupt handler is set up (global interrupts has to be
 284:Generated_Source\PSoC5/I2C_CharLCD_PM.c **** *              enabled to service I2C component interrupt).
 285:Generated_Source\PSoC5/I2C_CharLCD_PM.c **** *
 286:Generated_Source\PSoC5/I2C_CharLCD_PM.c **** * Parameters:
 287:Generated_Source\PSoC5/I2C_CharLCD_PM.c **** *  None.
 288:Generated_Source\PSoC5/I2C_CharLCD_PM.c **** *
 289:Generated_Source\PSoC5/I2C_CharLCD_PM.c **** * Return:
 290:Generated_Source\PSoC5/I2C_CharLCD_PM.c **** *  None.
 291:Generated_Source\PSoC5/I2C_CharLCD_PM.c **** *
 292:Generated_Source\PSoC5/I2C_CharLCD_PM.c **** * Reentrant:
 293:Generated_Source\PSoC5/I2C_CharLCD_PM.c **** *  No.
 294:Generated_Source\PSoC5/I2C_CharLCD_PM.c **** *
 295:Generated_Source\PSoC5/I2C_CharLCD_PM.c **** * Side Effects:
 296:Generated_Source\PSoC5/I2C_CharLCD_PM.c **** *  Calling this function before I2C_CharLCD_SaveConfig() or
 297:Generated_Source\PSoC5/I2C_CharLCD_PM.c **** *  I2C_CharLCD_Sleep() will lead to unpredictable results.
 298:Generated_Source\PSoC5/I2C_CharLCD_PM.c **** *
 299:Generated_Source\PSoC5/I2C_CharLCD_PM.c **** *******************************************************************************/
 300:Generated_Source\PSoC5/I2C_CharLCD_PM.c **** void I2C_CharLCD_Wakeup(void) 
 301:Generated_Source\PSoC5/I2C_CharLCD_PM.c **** {
 263              		.loc 1 301 0
 264              		.cfi_startproc
 265              		@ args = 0, pretend = 0, frame = 0
 266              		@ frame_needed = 0, uses_anonymous_args = 0
 267 0000 08B5     		push	{r3, lr}
 268              		.cfi_def_cfa_offset 8
 269              		.cfi_offset 3, -8
 270              		.cfi_offset 14, -4
 302:Generated_Source\PSoC5/I2C_CharLCD_PM.c ****     I2C_CharLCD_RestoreConfig();
 271              		.loc 1 302 0
 272 0002 FFF7FEFF 		bl	I2C_CharLCD_RestoreConfig
 273              	.LVL3:
 303:Generated_Source\PSoC5/I2C_CharLCD_PM.c **** 
 304:Generated_Source\PSoC5/I2C_CharLCD_PM.c ****     /* Restore component enable state */
 305:Generated_Source\PSoC5/I2C_CharLCD_PM.c ****     if (0u != I2C_CharLCD_backup.enableState)
 274              		.loc 1 305 0
 275 0006 054B     		ldr	r3, .L27
 276 0008 1B78     		ldrb	r3, [r3]	@ zero_extendqisi2
 277 000a 2BB1     		cbz	r3, .L21
 306:Generated_Source\PSoC5/I2C_CharLCD_PM.c ****     {
 307:Generated_Source\PSoC5/I2C_CharLCD_PM.c ****         I2C_CharLCD_Enable();
 278              		.loc 1 307 0
 279 000c FFF7FEFF 		bl	I2C_CharLCD_Enable
 280              	.LVL4:
 308:Generated_Source\PSoC5/I2C_CharLCD_PM.c ****         I2C_CharLCD_EnableInt();
ARM GAS  C:\Users\mgronber\AppData\Local\Temp\ccp3aeVs.s 			page 12


 281              		.loc 1 308 0
 282 0010 034B     		ldr	r3, .L27+4
 283 0012 4FF40042 		mov	r2, #32768
 284 0016 1A60     		str	r2, [r3]
 285              	.L21:
 286 0018 08BD     		pop	{r3, pc}
 287              	.L28:
 288 001a 00BF     		.align	2
 289              	.L27:
 290 001c 00000000 		.word	.LANCHOR0
 291 0020 00E100E0 		.word	-536813312
 292              		.cfi_endproc
 293              	.LFE3:
 294              		.size	I2C_CharLCD_Wakeup, .-I2C_CharLCD_Wakeup
 295              		.global	I2C_CharLCD_backup
 296              		.data
 297              		.align	2
 298              		.set	.LANCHOR0,. + 0
 299              		.type	I2C_CharLCD_backup, %object
 300              		.size	I2C_CharLCD_backup, 6
 301              	I2C_CharLCD_backup:
 302 0000 00       		.byte	0
 303 0001 81       		.byte	-127
 304 0002 02       		.byte	2
 305 0003 08       		.byte	8
 306 0004 26       		.byte	38
 307 0005 00       		.byte	0
 308 0006 0000     		.text
 309              	.Letext0:
 310              		.file 2 "Generated_Source\\PSoC5\\cytypes.h"
 311              		.file 3 "Generated_Source\\PSoC5\\I2C_CharLCD.h"
 312              		.file 4 "Generated_Source\\PSoC5\\CyLib.h"
 313              		.section	.debug_info,"",%progbits
 314              	.Ldebug_info0:
 315 0000 20020000 		.4byte	0x220
 316 0004 0400     		.2byte	0x4
 317 0006 00000000 		.4byte	.Ldebug_abbrev0
 318 000a 04       		.byte	0x4
 319 000b 01       		.uleb128 0x1
 320 000c A6000000 		.4byte	.LASF31
 321 0010 01       		.byte	0x1
 322 0011 22020000 		.4byte	.LASF32
 323 0015 5B000000 		.4byte	.LASF33
 324 0019 00000000 		.4byte	.Ldebug_ranges0+0
 325 001d 00000000 		.4byte	0
 326 0021 00000000 		.4byte	.Ldebug_line0
 327 0025 02       		.uleb128 0x2
 328 0026 01       		.byte	0x1
 329 0027 06       		.byte	0x6
 330 0028 B6020000 		.4byte	.LASF0
 331 002c 02       		.uleb128 0x2
 332 002d 01       		.byte	0x1
 333 002e 08       		.byte	0x8
 334 002f 51010000 		.4byte	.LASF1
 335 0033 02       		.uleb128 0x2
 336 0034 02       		.byte	0x2
 337 0035 05       		.byte	0x5
ARM GAS  C:\Users\mgronber\AppData\Local\Temp\ccp3aeVs.s 			page 13


 338 0036 7E020000 		.4byte	.LASF2
 339 003a 02       		.uleb128 0x2
 340 003b 02       		.byte	0x2
 341 003c 07       		.byte	0x7
 342 003d 06000000 		.4byte	.LASF3
 343 0041 02       		.uleb128 0x2
 344 0042 04       		.byte	0x4
 345 0043 05       		.byte	0x5
 346 0044 A1020000 		.4byte	.LASF4
 347 0048 02       		.uleb128 0x2
 348 0049 04       		.byte	0x4
 349 004a 07       		.byte	0x7
 350 004b 77010000 		.4byte	.LASF5
 351 004f 02       		.uleb128 0x2
 352 0050 08       		.byte	0x8
 353 0051 05       		.byte	0x5
 354 0052 53020000 		.4byte	.LASF6
 355 0056 02       		.uleb128 0x2
 356 0057 08       		.byte	0x8
 357 0058 07       		.byte	0x7
 358 0059 3A010000 		.4byte	.LASF7
 359 005d 03       		.uleb128 0x3
 360 005e 04       		.byte	0x4
 361 005f 05       		.byte	0x5
 362 0060 696E7400 		.ascii	"int\000"
 363 0064 02       		.uleb128 0x2
 364 0065 04       		.byte	0x4
 365 0066 07       		.byte	0x7
 366 0067 D8010000 		.4byte	.LASF8
 367 006b 04       		.uleb128 0x4
 368 006c 88020000 		.4byte	.LASF9
 369 0070 02       		.byte	0x2
 370 0071 5B       		.byte	0x5b
 371 0072 2C000000 		.4byte	0x2c
 372 0076 04       		.uleb128 0x4
 373 0077 C1010000 		.4byte	.LASF10
 374 007b 02       		.byte	0x2
 375 007c 5C       		.byte	0x5c
 376 007d 3A000000 		.4byte	0x3a
 377 0081 04       		.uleb128 0x4
 378 0082 C8010000 		.4byte	.LASF11
 379 0086 02       		.byte	0x2
 380 0087 5D       		.byte	0x5d
 381 0088 48000000 		.4byte	0x48
 382 008c 02       		.uleb128 0x2
 383 008d 04       		.byte	0x4
 384 008e 04       		.byte	0x4
 385 008f 34010000 		.4byte	.LASF12
 386 0093 02       		.uleb128 0x2
 387 0094 08       		.byte	0x8
 388 0095 04       		.byte	0x4
 389 0096 A8010000 		.4byte	.LASF13
 390 009a 02       		.uleb128 0x2
 391 009b 01       		.byte	0x1
 392 009c 08       		.byte	0x8
 393 009d 74020000 		.4byte	.LASF14
 394 00a1 04       		.uleb128 0x4
ARM GAS  C:\Users\mgronber\AppData\Local\Temp\ccp3aeVs.s 			page 14


 395 00a2 72010000 		.4byte	.LASF15
 396 00a6 02       		.byte	0x2
 397 00a7 F0       		.byte	0xf0
 398 00a8 AC000000 		.4byte	0xac
 399 00ac 05       		.uleb128 0x5
 400 00ad 6B000000 		.4byte	0x6b
 401 00b1 04       		.uleb128 0x4
 402 00b2 00000000 		.4byte	.LASF16
 403 00b6 02       		.byte	0x2
 404 00b7 F2       		.byte	0xf2
 405 00b8 BC000000 		.4byte	0xbc
 406 00bc 05       		.uleb128 0x5
 407 00bd 81000000 		.4byte	0x81
 408 00c1 02       		.uleb128 0x2
 409 00c2 04       		.byte	0x4
 410 00c3 07       		.byte	0x7
 411 00c4 4A020000 		.4byte	.LASF17
 412 00c8 06       		.uleb128 0x6
 413 00c9 06       		.byte	0x6
 414 00ca 03       		.byte	0x3
 415 00cb 76       		.byte	0x76
 416 00cc 19010000 		.4byte	0x119
 417 00d0 07       		.uleb128 0x7
 418 00d1 AA020000 		.4byte	.LASF18
 419 00d5 03       		.byte	0x3
 420 00d6 78       		.byte	0x78
 421 00d7 6B000000 		.4byte	0x6b
 422 00db 00       		.byte	0
 423 00dc 07       		.uleb128 0x7
 424 00dd 79020000 		.4byte	.LASF19
 425 00e1 03       		.byte	0x3
 426 00e2 7B       		.byte	0x7b
 427 00e3 6B000000 		.4byte	0x6b
 428 00e7 01       		.byte	0x1
 429 00e8 08       		.uleb128 0x8
 430 00e9 63666700 		.ascii	"cfg\000"
 431 00ed 03       		.byte	0x3
 432 00ee 7C       		.byte	0x7c
 433 00ef 6B000000 		.4byte	0x6b
 434 00f3 02       		.byte	0x2
 435 00f4 07       		.uleb128 0x7
 436 00f5 89010000 		.4byte	.LASF20
 437 00f9 03       		.byte	0x3
 438 00fa 7D       		.byte	0x7d
 439 00fb 6B000000 		.4byte	0x6b
 440 00ff 03       		.byte	0x3
 441 0100 07       		.uleb128 0x7
 442 0101 FB010000 		.4byte	.LASF21
 443 0105 03       		.byte	0x3
 444 0106 7E       		.byte	0x7e
 445 0107 6B000000 		.4byte	0x6b
 446 010b 04       		.byte	0x4
 447 010c 07       		.uleb128 0x7
 448 010d 03020000 		.4byte	.LASF22
 449 0111 03       		.byte	0x3
 450 0112 7F       		.byte	0x7f
 451 0113 6B000000 		.4byte	0x6b
ARM GAS  C:\Users\mgronber\AppData\Local\Temp\ccp3aeVs.s 			page 15


 452 0117 05       		.byte	0x5
 453 0118 00       		.byte	0
 454 0119 04       		.uleb128 0x4
 455 011a 41000000 		.4byte	.LASF23
 456 011e 03       		.byte	0x3
 457 011f 89       		.byte	0x89
 458 0120 C8000000 		.4byte	0xc8
 459 0124 09       		.uleb128 0x9
 460 0125 2A000000 		.4byte	.LASF26
 461 0129 01       		.byte	0x1
 462 012a 48       		.byte	0x48
 463 012b 01       		.byte	0x1
 464 012c 0A       		.uleb128 0xa
 465 012d 8E010000 		.4byte	.LASF28
 466 0131 01       		.byte	0x1
 467 0132 D1       		.byte	0xd1
 468 0133 01       		.byte	0x1
 469 0134 44010000 		.4byte	0x144
 470 0138 0B       		.uleb128 0xb
 471 0139 CF010000 		.4byte	.LASF34
 472 013d 01       		.byte	0x1
 473 013e D4       		.byte	0xd4
 474 013f 6B000000 		.4byte	0x6b
 475 0143 00       		.byte	0
 476 0144 0C       		.uleb128 0xc
 477 0145 24010000 		.4byte	0x124
 478 0149 00000000 		.4byte	.LFB0
 479 014d 40000000 		.4byte	.LFE0-.LFB0
 480 0151 01       		.uleb128 0x1
 481 0152 9C       		.byte	0x9c
 482 0153 0D       		.uleb128 0xd
 483 0154 AF010000 		.4byte	.LASF24
 484 0158 01       		.byte	0x1
 485 0159 97       		.byte	0x97
 486 015a 00000000 		.4byte	.LFB1
 487 015e 50000000 		.4byte	.LFE1-.LFB1
 488 0162 01       		.uleb128 0x1
 489 0163 9C       		.byte	0x9c
 490 0164 81010000 		.4byte	0x181
 491 0168 0E       		.uleb128 0xe
 492 0169 24010000 		.4byte	0x124
 493 016d 14000000 		.4byte	.LBB4
 494 0171 3C000000 		.4byte	.LBE4-.LBB4
 495 0175 01       		.byte	0x1
 496 0176 AB       		.byte	0xab
 497 0177 0F       		.uleb128 0xf
 498 0178 14000000 		.4byte	.LVL0
 499 017c F9010000 		.4byte	0x1f9
 500 0180 00       		.byte	0
 501 0181 10       		.uleb128 0x10
 502 0182 2C010000 		.4byte	0x12c
 503 0186 00000000 		.4byte	.LFB2
 504 018a 68000000 		.4byte	.LFE2-.LFB2
 505 018e 01       		.uleb128 0x1
 506 018f 9C       		.byte	0x9c
 507 0190 BF010000 		.4byte	0x1bf
 508 0194 11       		.uleb128 0x11
ARM GAS  C:\Users\mgronber\AppData\Local\Temp\ccp3aeVs.s 			page 16


 509 0195 38010000 		.4byte	0x138
 510 0199 12       		.uleb128 0x12
 511 019a 32000000 		.4byte	.LBB9
 512 019e 36000000 		.4byte	.LBE9-.LBB9
 513 01a2 13       		.uleb128 0x13
 514 01a3 38010000 		.4byte	0x138
 515 01a7 00000000 		.4byte	.LLST0
 516 01ab 0F       		.uleb128 0xf
 517 01ac 36000000 		.4byte	.LVL1
 518 01b0 00020000 		.4byte	0x200
 519 01b4 0F       		.uleb128 0xf
 520 01b5 42000000 		.4byte	.LVL2
 521 01b9 0B020000 		.4byte	0x20b
 522 01bd 00       		.byte	0
 523 01be 00       		.byte	0
 524 01bf 14       		.uleb128 0x14
 525 01c0 8E020000 		.4byte	.LASF25
 526 01c4 01       		.byte	0x1
 527 01c5 2C01     		.2byte	0x12c
 528 01c7 00000000 		.4byte	.LFB3
 529 01cb 24000000 		.4byte	.LFE3-.LFB3
 530 01cf 01       		.uleb128 0x1
 531 01d0 9C       		.byte	0x9c
 532 01d1 E8010000 		.4byte	0x1e8
 533 01d5 0F       		.uleb128 0xf
 534 01d6 06000000 		.4byte	.LVL3
 535 01da 2C010000 		.4byte	0x12c
 536 01de 0F       		.uleb128 0xf
 537 01df 10000000 		.4byte	.LVL4
 538 01e3 1C020000 		.4byte	0x21c
 539 01e7 00       		.byte	0
 540 01e8 15       		.uleb128 0x15
 541 01e9 5F010000 		.4byte	.LASF35
 542 01ed 01       		.byte	0x1
 543 01ee 11       		.byte	0x11
 544 01ef 19010000 		.4byte	0x119
 545 01f3 05       		.uleb128 0x5
 546 01f4 03       		.byte	0x3
 547 01f5 00000000 		.4byte	I2C_CharLCD_backup
 548 01f9 16       		.uleb128 0x16
 549 01fa 19000000 		.4byte	.LASF27
 550 01fe 03       		.byte	0x3
 551 01ff 94       		.byte	0x94
 552 0200 17       		.uleb128 0x17
 553 0201 0B020000 		.4byte	.LASF36
 554 0205 04       		.byte	0x4
 555 0206 7E       		.byte	0x7e
 556 0207 6B000000 		.4byte	0x6b
 557 020b 18       		.uleb128 0x18
 558 020c E5010000 		.4byte	.LASF29
 559 0210 04       		.byte	0x4
 560 0211 7F       		.byte	0x7f
 561 0212 1C020000 		.4byte	0x21c
 562 0216 19       		.uleb128 0x19
 563 0217 6B000000 		.4byte	0x6b
 564 021b 00       		.byte	0
 565 021c 16       		.uleb128 0x16
ARM GAS  C:\Users\mgronber\AppData\Local\Temp\ccp3aeVs.s 			page 17


 566 021d 61020000 		.4byte	.LASF30
 567 0221 03       		.byte	0x3
 568 0222 91       		.byte	0x91
 569 0223 00       		.byte	0
 570              		.section	.debug_abbrev,"",%progbits
 571              	.Ldebug_abbrev0:
 572 0000 01       		.uleb128 0x1
 573 0001 11       		.uleb128 0x11
 574 0002 01       		.byte	0x1
 575 0003 25       		.uleb128 0x25
 576 0004 0E       		.uleb128 0xe
 577 0005 13       		.uleb128 0x13
 578 0006 0B       		.uleb128 0xb
 579 0007 03       		.uleb128 0x3
 580 0008 0E       		.uleb128 0xe
 581 0009 1B       		.uleb128 0x1b
 582 000a 0E       		.uleb128 0xe
 583 000b 55       		.uleb128 0x55
 584 000c 17       		.uleb128 0x17
 585 000d 11       		.uleb128 0x11
 586 000e 01       		.uleb128 0x1
 587 000f 10       		.uleb128 0x10
 588 0010 17       		.uleb128 0x17
 589 0011 00       		.byte	0
 590 0012 00       		.byte	0
 591 0013 02       		.uleb128 0x2
 592 0014 24       		.uleb128 0x24
 593 0015 00       		.byte	0
 594 0016 0B       		.uleb128 0xb
 595 0017 0B       		.uleb128 0xb
 596 0018 3E       		.uleb128 0x3e
 597 0019 0B       		.uleb128 0xb
 598 001a 03       		.uleb128 0x3
 599 001b 0E       		.uleb128 0xe
 600 001c 00       		.byte	0
 601 001d 00       		.byte	0
 602 001e 03       		.uleb128 0x3
 603 001f 24       		.uleb128 0x24
 604 0020 00       		.byte	0
 605 0021 0B       		.uleb128 0xb
 606 0022 0B       		.uleb128 0xb
 607 0023 3E       		.uleb128 0x3e
 608 0024 0B       		.uleb128 0xb
 609 0025 03       		.uleb128 0x3
 610 0026 08       		.uleb128 0x8
 611 0027 00       		.byte	0
 612 0028 00       		.byte	0
 613 0029 04       		.uleb128 0x4
 614 002a 16       		.uleb128 0x16
 615 002b 00       		.byte	0
 616 002c 03       		.uleb128 0x3
 617 002d 0E       		.uleb128 0xe
 618 002e 3A       		.uleb128 0x3a
 619 002f 0B       		.uleb128 0xb
 620 0030 3B       		.uleb128 0x3b
 621 0031 0B       		.uleb128 0xb
 622 0032 49       		.uleb128 0x49
ARM GAS  C:\Users\mgronber\AppData\Local\Temp\ccp3aeVs.s 			page 18


 623 0033 13       		.uleb128 0x13
 624 0034 00       		.byte	0
 625 0035 00       		.byte	0
 626 0036 05       		.uleb128 0x5
 627 0037 35       		.uleb128 0x35
 628 0038 00       		.byte	0
 629 0039 49       		.uleb128 0x49
 630 003a 13       		.uleb128 0x13
 631 003b 00       		.byte	0
 632 003c 00       		.byte	0
 633 003d 06       		.uleb128 0x6
 634 003e 13       		.uleb128 0x13
 635 003f 01       		.byte	0x1
 636 0040 0B       		.uleb128 0xb
 637 0041 0B       		.uleb128 0xb
 638 0042 3A       		.uleb128 0x3a
 639 0043 0B       		.uleb128 0xb
 640 0044 3B       		.uleb128 0x3b
 641 0045 0B       		.uleb128 0xb
 642 0046 01       		.uleb128 0x1
 643 0047 13       		.uleb128 0x13
 644 0048 00       		.byte	0
 645 0049 00       		.byte	0
 646 004a 07       		.uleb128 0x7
 647 004b 0D       		.uleb128 0xd
 648 004c 00       		.byte	0
 649 004d 03       		.uleb128 0x3
 650 004e 0E       		.uleb128 0xe
 651 004f 3A       		.uleb128 0x3a
 652 0050 0B       		.uleb128 0xb
 653 0051 3B       		.uleb128 0x3b
 654 0052 0B       		.uleb128 0xb
 655 0053 49       		.uleb128 0x49
 656 0054 13       		.uleb128 0x13
 657 0055 38       		.uleb128 0x38
 658 0056 0B       		.uleb128 0xb
 659 0057 00       		.byte	0
 660 0058 00       		.byte	0
 661 0059 08       		.uleb128 0x8
 662 005a 0D       		.uleb128 0xd
 663 005b 00       		.byte	0
 664 005c 03       		.uleb128 0x3
 665 005d 08       		.uleb128 0x8
 666 005e 3A       		.uleb128 0x3a
 667 005f 0B       		.uleb128 0xb
 668 0060 3B       		.uleb128 0x3b
 669 0061 0B       		.uleb128 0xb
 670 0062 49       		.uleb128 0x49
 671 0063 13       		.uleb128 0x13
 672 0064 38       		.uleb128 0x38
 673 0065 0B       		.uleb128 0xb
 674 0066 00       		.byte	0
 675 0067 00       		.byte	0
 676 0068 09       		.uleb128 0x9
 677 0069 2E       		.uleb128 0x2e
 678 006a 00       		.byte	0
 679 006b 3F       		.uleb128 0x3f
ARM GAS  C:\Users\mgronber\AppData\Local\Temp\ccp3aeVs.s 			page 19


 680 006c 19       		.uleb128 0x19
 681 006d 03       		.uleb128 0x3
 682 006e 0E       		.uleb128 0xe
 683 006f 3A       		.uleb128 0x3a
 684 0070 0B       		.uleb128 0xb
 685 0071 3B       		.uleb128 0x3b
 686 0072 0B       		.uleb128 0xb
 687 0073 27       		.uleb128 0x27
 688 0074 19       		.uleb128 0x19
 689 0075 20       		.uleb128 0x20
 690 0076 0B       		.uleb128 0xb
 691 0077 00       		.byte	0
 692 0078 00       		.byte	0
 693 0079 0A       		.uleb128 0xa
 694 007a 2E       		.uleb128 0x2e
 695 007b 01       		.byte	0x1
 696 007c 3F       		.uleb128 0x3f
 697 007d 19       		.uleb128 0x19
 698 007e 03       		.uleb128 0x3
 699 007f 0E       		.uleb128 0xe
 700 0080 3A       		.uleb128 0x3a
 701 0081 0B       		.uleb128 0xb
 702 0082 3B       		.uleb128 0x3b
 703 0083 0B       		.uleb128 0xb
 704 0084 27       		.uleb128 0x27
 705 0085 19       		.uleb128 0x19
 706 0086 20       		.uleb128 0x20
 707 0087 0B       		.uleb128 0xb
 708 0088 01       		.uleb128 0x1
 709 0089 13       		.uleb128 0x13
 710 008a 00       		.byte	0
 711 008b 00       		.byte	0
 712 008c 0B       		.uleb128 0xb
 713 008d 34       		.uleb128 0x34
 714 008e 00       		.byte	0
 715 008f 03       		.uleb128 0x3
 716 0090 0E       		.uleb128 0xe
 717 0091 3A       		.uleb128 0x3a
 718 0092 0B       		.uleb128 0xb
 719 0093 3B       		.uleb128 0x3b
 720 0094 0B       		.uleb128 0xb
 721 0095 49       		.uleb128 0x49
 722 0096 13       		.uleb128 0x13
 723 0097 00       		.byte	0
 724 0098 00       		.byte	0
 725 0099 0C       		.uleb128 0xc
 726 009a 2E       		.uleb128 0x2e
 727 009b 00       		.byte	0
 728 009c 31       		.uleb128 0x31
 729 009d 13       		.uleb128 0x13
 730 009e 11       		.uleb128 0x11
 731 009f 01       		.uleb128 0x1
 732 00a0 12       		.uleb128 0x12
 733 00a1 06       		.uleb128 0x6
 734 00a2 40       		.uleb128 0x40
 735 00a3 18       		.uleb128 0x18
 736 00a4 9742     		.uleb128 0x2117
ARM GAS  C:\Users\mgronber\AppData\Local\Temp\ccp3aeVs.s 			page 20


 737 00a6 19       		.uleb128 0x19
 738 00a7 00       		.byte	0
 739 00a8 00       		.byte	0
 740 00a9 0D       		.uleb128 0xd
 741 00aa 2E       		.uleb128 0x2e
 742 00ab 01       		.byte	0x1
 743 00ac 3F       		.uleb128 0x3f
 744 00ad 19       		.uleb128 0x19
 745 00ae 03       		.uleb128 0x3
 746 00af 0E       		.uleb128 0xe
 747 00b0 3A       		.uleb128 0x3a
 748 00b1 0B       		.uleb128 0xb
 749 00b2 3B       		.uleb128 0x3b
 750 00b3 0B       		.uleb128 0xb
 751 00b4 27       		.uleb128 0x27
 752 00b5 19       		.uleb128 0x19
 753 00b6 11       		.uleb128 0x11
 754 00b7 01       		.uleb128 0x1
 755 00b8 12       		.uleb128 0x12
 756 00b9 06       		.uleb128 0x6
 757 00ba 40       		.uleb128 0x40
 758 00bb 18       		.uleb128 0x18
 759 00bc 9742     		.uleb128 0x2117
 760 00be 19       		.uleb128 0x19
 761 00bf 01       		.uleb128 0x1
 762 00c0 13       		.uleb128 0x13
 763 00c1 00       		.byte	0
 764 00c2 00       		.byte	0
 765 00c3 0E       		.uleb128 0xe
 766 00c4 1D       		.uleb128 0x1d
 767 00c5 00       		.byte	0
 768 00c6 31       		.uleb128 0x31
 769 00c7 13       		.uleb128 0x13
 770 00c8 11       		.uleb128 0x11
 771 00c9 01       		.uleb128 0x1
 772 00ca 12       		.uleb128 0x12
 773 00cb 06       		.uleb128 0x6
 774 00cc 58       		.uleb128 0x58
 775 00cd 0B       		.uleb128 0xb
 776 00ce 59       		.uleb128 0x59
 777 00cf 0B       		.uleb128 0xb
 778 00d0 00       		.byte	0
 779 00d1 00       		.byte	0
 780 00d2 0F       		.uleb128 0xf
 781 00d3 898201   		.uleb128 0x4109
 782 00d6 00       		.byte	0
 783 00d7 11       		.uleb128 0x11
 784 00d8 01       		.uleb128 0x1
 785 00d9 31       		.uleb128 0x31
 786 00da 13       		.uleb128 0x13
 787 00db 00       		.byte	0
 788 00dc 00       		.byte	0
 789 00dd 10       		.uleb128 0x10
 790 00de 2E       		.uleb128 0x2e
 791 00df 01       		.byte	0x1
 792 00e0 31       		.uleb128 0x31
 793 00e1 13       		.uleb128 0x13
ARM GAS  C:\Users\mgronber\AppData\Local\Temp\ccp3aeVs.s 			page 21


 794 00e2 11       		.uleb128 0x11
 795 00e3 01       		.uleb128 0x1
 796 00e4 12       		.uleb128 0x12
 797 00e5 06       		.uleb128 0x6
 798 00e6 40       		.uleb128 0x40
 799 00e7 18       		.uleb128 0x18
 800 00e8 9742     		.uleb128 0x2117
 801 00ea 19       		.uleb128 0x19
 802 00eb 01       		.uleb128 0x1
 803 00ec 13       		.uleb128 0x13
 804 00ed 00       		.byte	0
 805 00ee 00       		.byte	0
 806 00ef 11       		.uleb128 0x11
 807 00f0 34       		.uleb128 0x34
 808 00f1 00       		.byte	0
 809 00f2 31       		.uleb128 0x31
 810 00f3 13       		.uleb128 0x13
 811 00f4 00       		.byte	0
 812 00f5 00       		.byte	0
 813 00f6 12       		.uleb128 0x12
 814 00f7 0B       		.uleb128 0xb
 815 00f8 01       		.byte	0x1
 816 00f9 11       		.uleb128 0x11
 817 00fa 01       		.uleb128 0x1
 818 00fb 12       		.uleb128 0x12
 819 00fc 06       		.uleb128 0x6
 820 00fd 00       		.byte	0
 821 00fe 00       		.byte	0
 822 00ff 13       		.uleb128 0x13
 823 0100 34       		.uleb128 0x34
 824 0101 00       		.byte	0
 825 0102 31       		.uleb128 0x31
 826 0103 13       		.uleb128 0x13
 827 0104 02       		.uleb128 0x2
 828 0105 17       		.uleb128 0x17
 829 0106 00       		.byte	0
 830 0107 00       		.byte	0
 831 0108 14       		.uleb128 0x14
 832 0109 2E       		.uleb128 0x2e
 833 010a 01       		.byte	0x1
 834 010b 3F       		.uleb128 0x3f
 835 010c 19       		.uleb128 0x19
 836 010d 03       		.uleb128 0x3
 837 010e 0E       		.uleb128 0xe
 838 010f 3A       		.uleb128 0x3a
 839 0110 0B       		.uleb128 0xb
 840 0111 3B       		.uleb128 0x3b
 841 0112 05       		.uleb128 0x5
 842 0113 27       		.uleb128 0x27
 843 0114 19       		.uleb128 0x19
 844 0115 11       		.uleb128 0x11
 845 0116 01       		.uleb128 0x1
 846 0117 12       		.uleb128 0x12
 847 0118 06       		.uleb128 0x6
 848 0119 40       		.uleb128 0x40
 849 011a 18       		.uleb128 0x18
 850 011b 9742     		.uleb128 0x2117
ARM GAS  C:\Users\mgronber\AppData\Local\Temp\ccp3aeVs.s 			page 22


 851 011d 19       		.uleb128 0x19
 852 011e 01       		.uleb128 0x1
 853 011f 13       		.uleb128 0x13
 854 0120 00       		.byte	0
 855 0121 00       		.byte	0
 856 0122 15       		.uleb128 0x15
 857 0123 34       		.uleb128 0x34
 858 0124 00       		.byte	0
 859 0125 03       		.uleb128 0x3
 860 0126 0E       		.uleb128 0xe
 861 0127 3A       		.uleb128 0x3a
 862 0128 0B       		.uleb128 0xb
 863 0129 3B       		.uleb128 0x3b
 864 012a 0B       		.uleb128 0xb
 865 012b 49       		.uleb128 0x49
 866 012c 13       		.uleb128 0x13
 867 012d 3F       		.uleb128 0x3f
 868 012e 19       		.uleb128 0x19
 869 012f 02       		.uleb128 0x2
 870 0130 18       		.uleb128 0x18
 871 0131 00       		.byte	0
 872 0132 00       		.byte	0
 873 0133 16       		.uleb128 0x16
 874 0134 2E       		.uleb128 0x2e
 875 0135 00       		.byte	0
 876 0136 3F       		.uleb128 0x3f
 877 0137 19       		.uleb128 0x19
 878 0138 03       		.uleb128 0x3
 879 0139 0E       		.uleb128 0xe
 880 013a 3A       		.uleb128 0x3a
 881 013b 0B       		.uleb128 0xb
 882 013c 3B       		.uleb128 0x3b
 883 013d 0B       		.uleb128 0xb
 884 013e 27       		.uleb128 0x27
 885 013f 19       		.uleb128 0x19
 886 0140 3C       		.uleb128 0x3c
 887 0141 19       		.uleb128 0x19
 888 0142 00       		.byte	0
 889 0143 00       		.byte	0
 890 0144 17       		.uleb128 0x17
 891 0145 2E       		.uleb128 0x2e
 892 0146 00       		.byte	0
 893 0147 3F       		.uleb128 0x3f
 894 0148 19       		.uleb128 0x19
 895 0149 03       		.uleb128 0x3
 896 014a 0E       		.uleb128 0xe
 897 014b 3A       		.uleb128 0x3a
 898 014c 0B       		.uleb128 0xb
 899 014d 3B       		.uleb128 0x3b
 900 014e 0B       		.uleb128 0xb
 901 014f 27       		.uleb128 0x27
 902 0150 19       		.uleb128 0x19
 903 0151 49       		.uleb128 0x49
 904 0152 13       		.uleb128 0x13
 905 0153 3C       		.uleb128 0x3c
 906 0154 19       		.uleb128 0x19
 907 0155 00       		.byte	0
ARM GAS  C:\Users\mgronber\AppData\Local\Temp\ccp3aeVs.s 			page 23


 908 0156 00       		.byte	0
 909 0157 18       		.uleb128 0x18
 910 0158 2E       		.uleb128 0x2e
 911 0159 01       		.byte	0x1
 912 015a 3F       		.uleb128 0x3f
 913 015b 19       		.uleb128 0x19
 914 015c 03       		.uleb128 0x3
 915 015d 0E       		.uleb128 0xe
 916 015e 3A       		.uleb128 0x3a
 917 015f 0B       		.uleb128 0xb
 918 0160 3B       		.uleb128 0x3b
 919 0161 0B       		.uleb128 0xb
 920 0162 27       		.uleb128 0x27
 921 0163 19       		.uleb128 0x19
 922 0164 3C       		.uleb128 0x3c
 923 0165 19       		.uleb128 0x19
 924 0166 01       		.uleb128 0x1
 925 0167 13       		.uleb128 0x13
 926 0168 00       		.byte	0
 927 0169 00       		.byte	0
 928 016a 19       		.uleb128 0x19
 929 016b 05       		.uleb128 0x5
 930 016c 00       		.byte	0
 931 016d 49       		.uleb128 0x49
 932 016e 13       		.uleb128 0x13
 933 016f 00       		.byte	0
 934 0170 00       		.byte	0
 935 0171 00       		.byte	0
 936              		.section	.debug_loc,"",%progbits
 937              	.Ldebug_loc0:
 938              	.LLST0:
 939 0000 36000000 		.4byte	.LVL1
 940 0004 41000000 		.4byte	.LVL2-1
 941 0008 0100     		.2byte	0x1
 942 000a 50       		.byte	0x50
 943 000b 00000000 		.4byte	0
 944 000f 00000000 		.4byte	0
 945              		.section	.debug_aranges,"",%progbits
 946 0000 34000000 		.4byte	0x34
 947 0004 0200     		.2byte	0x2
 948 0006 00000000 		.4byte	.Ldebug_info0
 949 000a 04       		.byte	0x4
 950 000b 00       		.byte	0
 951 000c 0000     		.2byte	0
 952 000e 0000     		.2byte	0
 953 0010 00000000 		.4byte	.LFB0
 954 0014 40000000 		.4byte	.LFE0-.LFB0
 955 0018 00000000 		.4byte	.LFB1
 956 001c 50000000 		.4byte	.LFE1-.LFB1
 957 0020 00000000 		.4byte	.LFB2
 958 0024 68000000 		.4byte	.LFE2-.LFB2
 959 0028 00000000 		.4byte	.LFB3
 960 002c 24000000 		.4byte	.LFE3-.LFB3
 961 0030 00000000 		.4byte	0
 962 0034 00000000 		.4byte	0
 963              		.section	.debug_ranges,"",%progbits
 964              	.Ldebug_ranges0:
ARM GAS  C:\Users\mgronber\AppData\Local\Temp\ccp3aeVs.s 			page 24


 965 0000 00000000 		.4byte	.LFB0
 966 0004 40000000 		.4byte	.LFE0
 967 0008 00000000 		.4byte	.LFB1
 968 000c 50000000 		.4byte	.LFE1
 969 0010 00000000 		.4byte	.LFB2
 970 0014 68000000 		.4byte	.LFE2
 971 0018 00000000 		.4byte	.LFB3
 972 001c 24000000 		.4byte	.LFE3
 973 0020 00000000 		.4byte	0
 974 0024 00000000 		.4byte	0
 975              		.section	.debug_line,"",%progbits
 976              	.Ldebug_line0:
 977 0000 F3000000 		.section	.debug_str,"MS",%progbits,1
 977      02006700 
 977      00000201 
 977      FB0E0D00 
 977      01010101 
 978              	.LASF16:
 979 0000 72656733 		.ascii	"reg32\000"
 979      3200
 980              	.LASF3:
 981 0006 73686F72 		.ascii	"short unsigned int\000"
 981      7420756E 
 981      7369676E 
 981      65642069 
 981      6E7400
 982              	.LASF27:
 983 0019 4932435F 		.ascii	"I2C_CharLCD_Stop\000"
 983      43686172 
 983      4C43445F 
 983      53746F70 
 983      00
 984              	.LASF26:
 985 002a 4932435F 		.ascii	"I2C_CharLCD_SaveConfig\000"
 985      43686172 
 985      4C43445F 
 985      53617665 
 985      436F6E66 
 986              	.LASF23:
 987 0041 4932435F 		.ascii	"I2C_CharLCD_BACKUP_STRUCT\000"
 987      43686172 
 987      4C43445F 
 987      4241434B 
 987      55505F53 
 988              	.LASF33:
 989 005b 433A5C55 		.ascii	"C:\\Users\\mgronber\\Desktop\\Hummingbird\\Hummingb"
 989      73657273 
 989      5C6D6772 
 989      6F6E6265 
 989      725C4465 
 990 0089 69726428 		.ascii	"ird(Continuous Output).cydsn\000"
 990      436F6E74 
 990      696E756F 
 990      7573204F 
 990      75747075 
 991              	.LASF31:
 992 00a6 474E5520 		.ascii	"GNU C 4.9.3 20150303 (release) [ARM/embedded-4_9-br"
ARM GAS  C:\Users\mgronber\AppData\Local\Temp\ccp3aeVs.s 			page 25


 992      4320342E 
 992      392E3320 
 992      32303135 
 992      30333033 
 993 00d9 616E6368 		.ascii	"anch revision 221220] -mcpu=cortex-m3 -mthumb -g -O"
 993      20726576 
 993      6973696F 
 993      6E203232 
 993      31323230 
 994 010c 32202D66 		.ascii	"2 -ffunction-sections -ffat-lto-objects\000"
 994      66756E63 
 994      74696F6E 
 994      2D736563 
 994      74696F6E 
 995              	.LASF12:
 996 0134 666C6F61 		.ascii	"float\000"
 996      7400
 997              	.LASF7:
 998 013a 6C6F6E67 		.ascii	"long long unsigned int\000"
 998      206C6F6E 
 998      6720756E 
 998      7369676E 
 998      65642069 
 999              	.LASF1:
 1000 0151 756E7369 		.ascii	"unsigned char\000"
 1000      676E6564 
 1000      20636861 
 1000      7200
 1001              	.LASF35:
 1002 015f 4932435F 		.ascii	"I2C_CharLCD_backup\000"
 1002      43686172 
 1002      4C43445F 
 1002      6261636B 
 1002      757000
 1003              	.LASF15:
 1004 0172 72656738 		.ascii	"reg8\000"
 1004      00
 1005              	.LASF5:
 1006 0177 6C6F6E67 		.ascii	"long unsigned int\000"
 1006      20756E73 
 1006      69676E65 
 1006      6420696E 
 1006      7400
 1007              	.LASF20:
 1008 0189 61646472 		.ascii	"addr\000"
 1008      00
 1009              	.LASF28:
 1010 018e 4932435F 		.ascii	"I2C_CharLCD_RestoreConfig\000"
 1010      43686172 
 1010      4C43445F 
 1010      52657374 
 1010      6F726543 
 1011              	.LASF13:
 1012 01a8 646F7562 		.ascii	"double\000"
 1012      6C6500
 1013              	.LASF24:
 1014 01af 4932435F 		.ascii	"I2C_CharLCD_Sleep\000"
ARM GAS  C:\Users\mgronber\AppData\Local\Temp\ccp3aeVs.s 			page 26


 1014      43686172 
 1014      4C43445F 
 1014      536C6565 
 1014      7000
 1015              	.LASF10:
 1016 01c1 75696E74 		.ascii	"uint16\000"
 1016      313600
 1017              	.LASF11:
 1018 01c8 75696E74 		.ascii	"uint32\000"
 1018      333200
 1019              	.LASF34:
 1020 01cf 696E7453 		.ascii	"intState\000"
 1020      74617465 
 1020      00
 1021              	.LASF8:
 1022 01d8 756E7369 		.ascii	"unsigned int\000"
 1022      676E6564 
 1022      20696E74 
 1022      00
 1023              	.LASF29:
 1024 01e5 43794578 		.ascii	"CyExitCriticalSection\000"
 1024      69744372 
 1024      69746963 
 1024      616C5365 
 1024      6374696F 
 1025              	.LASF21:
 1026 01fb 636C6B44 		.ascii	"clkDiv1\000"
 1026      69763100 
 1027              	.LASF22:
 1028 0203 636C6B44 		.ascii	"clkDiv2\000"
 1028      69763200 
 1029              	.LASF36:
 1030 020b 4379456E 		.ascii	"CyEnterCriticalSection\000"
 1030      74657243 
 1030      72697469 
 1030      63616C53 
 1030      65637469 
 1031              	.LASF32:
 1032 0222 47656E65 		.ascii	"Generated_Source\\PSoC5\\I2C_CharLCD_PM.c\000"
 1032      72617465 
 1032      645F536F 
 1032      75726365 
 1032      5C50536F 
 1033              	.LASF17:
 1034 024a 73697A65 		.ascii	"sizetype\000"
 1034      74797065 
 1034      00
 1035              	.LASF6:
 1036 0253 6C6F6E67 		.ascii	"long long int\000"
 1036      206C6F6E 
 1036      6720696E 
 1036      7400
 1037              	.LASF30:
 1038 0261 4932435F 		.ascii	"I2C_CharLCD_Enable\000"
 1038      43686172 
 1038      4C43445F 
 1038      456E6162 
ARM GAS  C:\Users\mgronber\AppData\Local\Temp\ccp3aeVs.s 			page 27


 1038      6C6500
 1039              	.LASF14:
 1040 0274 63686172 		.ascii	"char\000"
 1040      00
 1041              	.LASF19:
 1042 0279 78636667 		.ascii	"xcfg\000"
 1042      00
 1043              	.LASF2:
 1044 027e 73686F72 		.ascii	"short int\000"
 1044      7420696E 
 1044      7400
 1045              	.LASF9:
 1046 0288 75696E74 		.ascii	"uint8\000"
 1046      3800
 1047              	.LASF25:
 1048 028e 4932435F 		.ascii	"I2C_CharLCD_Wakeup\000"
 1048      43686172 
 1048      4C43445F 
 1048      57616B65 
 1048      757000
 1049              	.LASF4:
 1050 02a1 6C6F6E67 		.ascii	"long int\000"
 1050      20696E74 
 1050      00
 1051              	.LASF18:
 1052 02aa 656E6162 		.ascii	"enableState\000"
 1052      6C655374 
 1052      61746500 
 1053              	.LASF0:
 1054 02b6 7369676E 		.ascii	"signed char\000"
 1054      65642063 
 1054      68617200 
 1055              		.ident	"GCC: (GNU Tools for ARM Embedded Processors) 4.9.3 20150303 (release) [ARM/embedded-4_9-br
