ARM GAS  C:\Users\mgronber\AppData\Local\Temp\ccs0rwoh.s 			page 1


   1              		.syntax unified
   2              		.cpu cortex-m3
   3              		.fpu softvfp
   4              		.eabi_attribute 20, 1
   5              		.eabi_attribute 21, 1
   6              		.eabi_attribute 23, 3
   7              		.eabi_attribute 24, 1
   8              		.eabi_attribute 25, 1
   9              		.eabi_attribute 26, 1
  10              		.eabi_attribute 30, 2
  11              		.eabi_attribute 34, 1
  12              		.eabi_attribute 18, 4
  13              		.thumb
  14              		.file	"SCL.c"
  15              		.text
  16              	.Ltext0:
  17              		.cfi_sections	.debug_frame
  18              		.section	.text.SCL_Write,"ax",%progbits
  19              		.align	2
  20              		.global	SCL_Write
  21              		.thumb
  22              		.thumb_func
  23              		.type	SCL_Write, %function
  24              	SCL_Write:
  25              	.LFB0:
  26              		.file 1 "Generated_Source\\PSoC5\\SCL.c"
   1:Generated_Source\PSoC5/SCL.c **** /*******************************************************************************
   2:Generated_Source\PSoC5/SCL.c **** * File Name: SCL.c  
   3:Generated_Source\PSoC5/SCL.c **** * Version 2.20
   4:Generated_Source\PSoC5/SCL.c **** *
   5:Generated_Source\PSoC5/SCL.c **** * Description:
   6:Generated_Source\PSoC5/SCL.c **** *  This file contains API to enable firmware control of a Pins component.
   7:Generated_Source\PSoC5/SCL.c **** *
   8:Generated_Source\PSoC5/SCL.c **** * Note:
   9:Generated_Source\PSoC5/SCL.c **** *
  10:Generated_Source\PSoC5/SCL.c **** ********************************************************************************
  11:Generated_Source\PSoC5/SCL.c **** * Copyright 2008-2015, Cypress Semiconductor Corporation.  All rights reserved.
  12:Generated_Source\PSoC5/SCL.c **** * You may use this file only in accordance with the license, terms, conditions, 
  13:Generated_Source\PSoC5/SCL.c **** * disclaimers, and limitations in the end user license agreement accompanying 
  14:Generated_Source\PSoC5/SCL.c **** * the software package with which this file was provided.
  15:Generated_Source\PSoC5/SCL.c **** *******************************************************************************/
  16:Generated_Source\PSoC5/SCL.c **** 
  17:Generated_Source\PSoC5/SCL.c **** #include "cytypes.h"
  18:Generated_Source\PSoC5/SCL.c **** #include "SCL.h"
  19:Generated_Source\PSoC5/SCL.c **** 
  20:Generated_Source\PSoC5/SCL.c **** /* APIs are not generated for P15[7:6] on PSoC 5 */
  21:Generated_Source\PSoC5/SCL.c **** #if !(CY_PSOC5A &&\
  22:Generated_Source\PSoC5/SCL.c **** 	 SCL__PORT == 15 && ((SCL__MASK & 0xC0) != 0))
  23:Generated_Source\PSoC5/SCL.c **** 
  24:Generated_Source\PSoC5/SCL.c **** 
  25:Generated_Source\PSoC5/SCL.c **** /*******************************************************************************
  26:Generated_Source\PSoC5/SCL.c **** * Function Name: SCL_Write
  27:Generated_Source\PSoC5/SCL.c **** ****************************************************************************//**
  28:Generated_Source\PSoC5/SCL.c **** *
  29:Generated_Source\PSoC5/SCL.c **** * \brief Writes the value to the physical port (data output register), masking
  30:Generated_Source\PSoC5/SCL.c **** *  and shifting the bits appropriately. 
  31:Generated_Source\PSoC5/SCL.c **** *
ARM GAS  C:\Users\mgronber\AppData\Local\Temp\ccs0rwoh.s 			page 2


  32:Generated_Source\PSoC5/SCL.c **** * The data output register controls the signal applied to the physical pin in 
  33:Generated_Source\PSoC5/SCL.c **** * conjunction with the drive mode parameter. This function avoids changing 
  34:Generated_Source\PSoC5/SCL.c **** * other bits in the port by using the appropriate method (read-modify-write or
  35:Generated_Source\PSoC5/SCL.c **** * bit banding).
  36:Generated_Source\PSoC5/SCL.c **** *
  37:Generated_Source\PSoC5/SCL.c **** * <b>Note</b> This function should not be used on a hardware digital output pin 
  38:Generated_Source\PSoC5/SCL.c **** * as it is driven by the hardware signal attached to it.
  39:Generated_Source\PSoC5/SCL.c **** *
  40:Generated_Source\PSoC5/SCL.c **** * \param value
  41:Generated_Source\PSoC5/SCL.c **** *  Value to write to the component instance.
  42:Generated_Source\PSoC5/SCL.c **** *
  43:Generated_Source\PSoC5/SCL.c **** * \return 
  44:Generated_Source\PSoC5/SCL.c **** *  None 
  45:Generated_Source\PSoC5/SCL.c **** *
  46:Generated_Source\PSoC5/SCL.c **** * \sideeffect
  47:Generated_Source\PSoC5/SCL.c **** *  If you use read-modify-write operations that are not atomic; the Interrupt 
  48:Generated_Source\PSoC5/SCL.c **** *  Service Routines (ISR) can cause corruption of this function. An ISR that 
  49:Generated_Source\PSoC5/SCL.c **** *  interrupts this function and performs writes to the Pins component data 
  50:Generated_Source\PSoC5/SCL.c **** *  register can cause corrupted port data. To avoid this issue, you should 
  51:Generated_Source\PSoC5/SCL.c **** *  either use the Per-Pin APIs (primary method) or disable interrupts around 
  52:Generated_Source\PSoC5/SCL.c **** *  this function.
  53:Generated_Source\PSoC5/SCL.c **** *
  54:Generated_Source\PSoC5/SCL.c **** * \funcusage
  55:Generated_Source\PSoC5/SCL.c **** *  \snippet SCL_SUT.c usage_SCL_Write
  56:Generated_Source\PSoC5/SCL.c **** *******************************************************************************/
  57:Generated_Source\PSoC5/SCL.c **** void SCL_Write(uint8 value)
  58:Generated_Source\PSoC5/SCL.c **** {
  27              		.loc 1 58 0
  28              		.cfi_startproc
  29              		@ args = 0, pretend = 0, frame = 0
  30              		@ frame_needed = 0, uses_anonymous_args = 0
  31              		@ link register save eliminated.
  32              	.LVL0:
  59:Generated_Source\PSoC5/SCL.c ****     uint8 staticBits = (SCL_DR & (uint8)(~SCL_MASK));
  33              		.loc 1 59 0
  34 0000 044A     		ldr	r2, .L2
  60:Generated_Source\PSoC5/SCL.c ****     SCL_DR = staticBits | ((uint8)(value << SCL_SHIFT) & SCL_MASK);
  35              		.loc 1 60 0
  36 0002 00F00100 		and	r0, r0, #1
  37              	.LVL1:
  59:Generated_Source\PSoC5/SCL.c ****     uint8 staticBits = (SCL_DR & (uint8)(~SCL_MASK));
  38              		.loc 1 59 0
  39 0006 1378     		ldrb	r3, [r2]	@ zero_extendqisi2
  40              	.LVL2:
  41 0008 03F0FE03 		and	r3, r3, #254
  42              	.LVL3:
  43              		.loc 1 60 0
  44 000c 1843     		orrs	r0, r0, r3
  45 000e 1070     		strb	r0, [r2]
  46 0010 7047     		bx	lr
  47              	.L3:
  48 0012 00BF     		.align	2
  49              	.L2:
  50 0014 C0510040 		.word	1073762752
  51              		.cfi_endproc
  52              	.LFE0:
  53              		.size	SCL_Write, .-SCL_Write
ARM GAS  C:\Users\mgronber\AppData\Local\Temp\ccs0rwoh.s 			page 3


  54              		.section	.text.SCL_SetDriveMode,"ax",%progbits
  55              		.align	2
  56              		.global	SCL_SetDriveMode
  57              		.thumb
  58              		.thumb_func
  59              		.type	SCL_SetDriveMode, %function
  60              	SCL_SetDriveMode:
  61              	.LFB1:
  61:Generated_Source\PSoC5/SCL.c **** }
  62:Generated_Source\PSoC5/SCL.c **** 
  63:Generated_Source\PSoC5/SCL.c **** 
  64:Generated_Source\PSoC5/SCL.c **** /*******************************************************************************
  65:Generated_Source\PSoC5/SCL.c **** * Function Name: SCL_SetDriveMode
  66:Generated_Source\PSoC5/SCL.c **** ****************************************************************************//**
  67:Generated_Source\PSoC5/SCL.c **** *
  68:Generated_Source\PSoC5/SCL.c **** * \brief Sets the drive mode for each of the Pins component's pins.
  69:Generated_Source\PSoC5/SCL.c **** * 
  70:Generated_Source\PSoC5/SCL.c **** * <b>Note</b> This affects all pins in the Pins component instance. Use the
  71:Generated_Source\PSoC5/SCL.c **** * Per-Pin APIs if you wish to control individual pin's drive modes.
  72:Generated_Source\PSoC5/SCL.c **** *
  73:Generated_Source\PSoC5/SCL.c **** * \param mode
  74:Generated_Source\PSoC5/SCL.c **** *  Mode for the selected signals. Valid options are documented in 
  75:Generated_Source\PSoC5/SCL.c **** *  \ref driveMode.
  76:Generated_Source\PSoC5/SCL.c **** *
  77:Generated_Source\PSoC5/SCL.c **** * \return
  78:Generated_Source\PSoC5/SCL.c **** *  None
  79:Generated_Source\PSoC5/SCL.c **** *
  80:Generated_Source\PSoC5/SCL.c **** * \sideeffect
  81:Generated_Source\PSoC5/SCL.c **** *  If you use read-modify-write operations that are not atomic, the ISR can
  82:Generated_Source\PSoC5/SCL.c **** *  cause corruption of this function. An ISR that interrupts this function 
  83:Generated_Source\PSoC5/SCL.c **** *  and performs writes to the Pins component Drive Mode registers can cause 
  84:Generated_Source\PSoC5/SCL.c **** *  corrupted port data. To avoid this issue, you should either use the Per-Pin
  85:Generated_Source\PSoC5/SCL.c **** *  APIs (primary method) or disable interrupts around this function.
  86:Generated_Source\PSoC5/SCL.c **** *
  87:Generated_Source\PSoC5/SCL.c **** * \funcusage
  88:Generated_Source\PSoC5/SCL.c **** *  \snippet SCL_SUT.c usage_SCL_SetDriveMode
  89:Generated_Source\PSoC5/SCL.c **** *******************************************************************************/
  90:Generated_Source\PSoC5/SCL.c **** void SCL_SetDriveMode(uint8 mode)
  91:Generated_Source\PSoC5/SCL.c **** {
  62              		.loc 1 91 0
  63              		.cfi_startproc
  64              		@ args = 0, pretend = 0, frame = 0
  65              		@ frame_needed = 0, uses_anonymous_args = 0
  66              		@ link register save eliminated.
  67              	.LVL4:
  92:Generated_Source\PSoC5/SCL.c **** 	CyPins_SetPinDriveMode(SCL_0, mode);
  68              		.loc 1 92 0
  69 0000 044A     		ldr	r2, .L5
  70 0002 00F00E00 		and	r0, r0, #14
  71              	.LVL5:
  72 0006 1378     		ldrb	r3, [r2]	@ zero_extendqisi2
  73 0008 03F0F103 		and	r3, r3, #241
  74 000c 1843     		orrs	r0, r0, r3
  75 000e 1070     		strb	r0, [r2]
  76 0010 7047     		bx	lr
  77              	.L6:
  78 0012 00BF     		.align	2
ARM GAS  C:\Users\mgronber\AppData\Local\Temp\ccs0rwoh.s 			page 4


  79              	.L5:
  80 0014 60500040 		.word	1073762400
  81              		.cfi_endproc
  82              	.LFE1:
  83              		.size	SCL_SetDriveMode, .-SCL_SetDriveMode
  84              		.section	.text.SCL_Read,"ax",%progbits
  85              		.align	2
  86              		.global	SCL_Read
  87              		.thumb
  88              		.thumb_func
  89              		.type	SCL_Read, %function
  90              	SCL_Read:
  91              	.LFB2:
  93:Generated_Source\PSoC5/SCL.c **** }
  94:Generated_Source\PSoC5/SCL.c **** 
  95:Generated_Source\PSoC5/SCL.c **** 
  96:Generated_Source\PSoC5/SCL.c **** /*******************************************************************************
  97:Generated_Source\PSoC5/SCL.c **** * Function Name: SCL_Read
  98:Generated_Source\PSoC5/SCL.c **** ****************************************************************************//**
  99:Generated_Source\PSoC5/SCL.c **** *
 100:Generated_Source\PSoC5/SCL.c **** * \brief Reads the associated physical port (pin status register) and masks 
 101:Generated_Source\PSoC5/SCL.c **** *  the required bits according to the width and bit position of the component
 102:Generated_Source\PSoC5/SCL.c **** *  instance. 
 103:Generated_Source\PSoC5/SCL.c **** *
 104:Generated_Source\PSoC5/SCL.c **** * The pin's status register returns the current logic level present on the 
 105:Generated_Source\PSoC5/SCL.c **** * physical pin.
 106:Generated_Source\PSoC5/SCL.c **** *
 107:Generated_Source\PSoC5/SCL.c **** * \return 
 108:Generated_Source\PSoC5/SCL.c **** *  The current value for the pins in the component as a right justified number.
 109:Generated_Source\PSoC5/SCL.c **** *
 110:Generated_Source\PSoC5/SCL.c **** * \funcusage
 111:Generated_Source\PSoC5/SCL.c **** *  \snippet SCL_SUT.c usage_SCL_Read  
 112:Generated_Source\PSoC5/SCL.c **** *******************************************************************************/
 113:Generated_Source\PSoC5/SCL.c **** uint8 SCL_Read(void)
 114:Generated_Source\PSoC5/SCL.c **** {
  92              		.loc 1 114 0
  93              		.cfi_startproc
  94              		@ args = 0, pretend = 0, frame = 0
  95              		@ frame_needed = 0, uses_anonymous_args = 0
  96              		@ link register save eliminated.
 115:Generated_Source\PSoC5/SCL.c ****     return (SCL_PS & SCL_MASK) >> SCL_SHIFT;
  97              		.loc 1 115 0
  98 0000 024B     		ldr	r3, .L8
  99 0002 1878     		ldrb	r0, [r3]	@ zero_extendqisi2
 116:Generated_Source\PSoC5/SCL.c **** }
 100              		.loc 1 116 0
 101 0004 00F00100 		and	r0, r0, #1
 102 0008 7047     		bx	lr
 103              	.L9:
 104 000a 00BF     		.align	2
 105              	.L8:
 106 000c C1510040 		.word	1073762753
 107              		.cfi_endproc
 108              	.LFE2:
 109              		.size	SCL_Read, .-SCL_Read
 110              		.section	.text.SCL_ReadDataReg,"ax",%progbits
 111              		.align	2
ARM GAS  C:\Users\mgronber\AppData\Local\Temp\ccs0rwoh.s 			page 5


 112              		.global	SCL_ReadDataReg
 113              		.thumb
 114              		.thumb_func
 115              		.type	SCL_ReadDataReg, %function
 116              	SCL_ReadDataReg:
 117              	.LFB3:
 117:Generated_Source\PSoC5/SCL.c **** 
 118:Generated_Source\PSoC5/SCL.c **** 
 119:Generated_Source\PSoC5/SCL.c **** /*******************************************************************************
 120:Generated_Source\PSoC5/SCL.c **** * Function Name: SCL_ReadDataReg
 121:Generated_Source\PSoC5/SCL.c **** ****************************************************************************//**
 122:Generated_Source\PSoC5/SCL.c **** *
 123:Generated_Source\PSoC5/SCL.c **** * \brief Reads the associated physical port's data output register and masks 
 124:Generated_Source\PSoC5/SCL.c **** *  the correct bits according to the width and bit position of the component 
 125:Generated_Source\PSoC5/SCL.c **** *  instance. 
 126:Generated_Source\PSoC5/SCL.c **** *
 127:Generated_Source\PSoC5/SCL.c **** * The data output register controls the signal applied to the physical pin in 
 128:Generated_Source\PSoC5/SCL.c **** * conjunction with the drive mode parameter. This is not the same as the 
 129:Generated_Source\PSoC5/SCL.c **** * preferred SCL_Read() API because the 
 130:Generated_Source\PSoC5/SCL.c **** * SCL_ReadDataReg() reads the data register instead of the status 
 131:Generated_Source\PSoC5/SCL.c **** * register. For output pins this is a useful function to determine the value 
 132:Generated_Source\PSoC5/SCL.c **** * just written to the pin.
 133:Generated_Source\PSoC5/SCL.c **** *
 134:Generated_Source\PSoC5/SCL.c **** * \return 
 135:Generated_Source\PSoC5/SCL.c **** *  The current value of the data register masked and shifted into a right 
 136:Generated_Source\PSoC5/SCL.c **** *  justified number for the component instance.
 137:Generated_Source\PSoC5/SCL.c **** *
 138:Generated_Source\PSoC5/SCL.c **** * \funcusage
 139:Generated_Source\PSoC5/SCL.c **** *  \snippet SCL_SUT.c usage_SCL_ReadDataReg 
 140:Generated_Source\PSoC5/SCL.c **** *******************************************************************************/
 141:Generated_Source\PSoC5/SCL.c **** uint8 SCL_ReadDataReg(void)
 142:Generated_Source\PSoC5/SCL.c **** {
 118              		.loc 1 142 0
 119              		.cfi_startproc
 120              		@ args = 0, pretend = 0, frame = 0
 121              		@ frame_needed = 0, uses_anonymous_args = 0
 122              		@ link register save eliminated.
 143:Generated_Source\PSoC5/SCL.c ****     return (SCL_DR & SCL_MASK) >> SCL_SHIFT;
 123              		.loc 1 143 0
 124 0000 024B     		ldr	r3, .L11
 125 0002 1878     		ldrb	r0, [r3]	@ zero_extendqisi2
 144:Generated_Source\PSoC5/SCL.c **** }
 126              		.loc 1 144 0
 127 0004 00F00100 		and	r0, r0, #1
 128 0008 7047     		bx	lr
 129              	.L12:
 130 000a 00BF     		.align	2
 131              	.L11:
 132 000c C0510040 		.word	1073762752
 133              		.cfi_endproc
 134              	.LFE3:
 135              		.size	SCL_ReadDataReg, .-SCL_ReadDataReg
 136              		.text
 137              	.Letext0:
 138              		.file 2 "Generated_Source\\PSoC5\\cytypes.h"
 139              		.section	.debug_info,"",%progbits
 140              	.Ldebug_info0:
ARM GAS  C:\Users\mgronber\AppData\Local\Temp\ccs0rwoh.s 			page 6


 141 0000 1B010000 		.4byte	0x11b
 142 0004 0400     		.2byte	0x4
 143 0006 00000000 		.4byte	.Ldebug_abbrev0
 144 000a 04       		.byte	0x4
 145 000b 01       		.uleb128 0x1
 146 000c 79000000 		.4byte	.LASF20
 147 0010 01       		.byte	0x1
 148 0011 06000000 		.4byte	.LASF21
 149 0015 2E000000 		.4byte	.LASF22
 150 0019 00000000 		.4byte	.Ldebug_ranges0+0
 151 001d 00000000 		.4byte	0
 152 0021 00000000 		.4byte	.Ldebug_line0
 153 0025 02       		.uleb128 0x2
 154 0026 01       		.byte	0x1
 155 0027 06       		.byte	0x6
 156 0028 D5010000 		.4byte	.LASF0
 157 002c 02       		.uleb128 0x2
 158 002d 01       		.byte	0x1
 159 002e 08       		.byte	0x8
 160 002f 0D010000 		.4byte	.LASF1
 161 0033 02       		.uleb128 0x2
 162 0034 02       		.byte	0x2
 163 0035 05       		.byte	0x5
 164 0036 A1010000 		.4byte	.LASF2
 165 003a 02       		.uleb128 0x2
 166 003b 02       		.byte	0x2
 167 003c 07       		.byte	0x7
 168 003d 32010000 		.4byte	.LASF3
 169 0041 02       		.uleb128 0x2
 170 0042 04       		.byte	0x4
 171 0043 05       		.byte	0x5
 172 0044 BB010000 		.4byte	.LASF4
 173 0048 02       		.uleb128 0x2
 174 0049 04       		.byte	0x4
 175 004a 07       		.byte	0x7
 176 004b 20010000 		.4byte	.LASF5
 177 004f 02       		.uleb128 0x2
 178 0050 08       		.byte	0x8
 179 0051 05       		.byte	0x5
 180 0052 8E010000 		.4byte	.LASF6
 181 0056 02       		.uleb128 0x2
 182 0057 08       		.byte	0x8
 183 0058 07       		.byte	0x7
 184 0059 72010000 		.4byte	.LASF7
 185 005d 03       		.uleb128 0x3
 186 005e 04       		.byte	0x4
 187 005f 05       		.byte	0x5
 188 0060 696E7400 		.ascii	"int\000"
 189 0064 02       		.uleb128 0x2
 190 0065 04       		.byte	0x4
 191 0066 07       		.byte	0x7
 192 0067 55010000 		.4byte	.LASF8
 193 006b 04       		.uleb128 0x4
 194 006c AB010000 		.4byte	.LASF12
 195 0070 02       		.byte	0x2
 196 0071 5B       		.byte	0x5b
 197 0072 2C000000 		.4byte	0x2c
ARM GAS  C:\Users\mgronber\AppData\Local\Temp\ccs0rwoh.s 			page 7


 198 0076 02       		.uleb128 0x2
 199 0077 04       		.byte	0x4
 200 0078 04       		.byte	0x4
 201 0079 07010000 		.4byte	.LASF9
 202 007d 02       		.uleb128 0x2
 203 007e 08       		.byte	0x8
 204 007f 04       		.byte	0x4
 205 0080 4E010000 		.4byte	.LASF10
 206 0084 02       		.uleb128 0x2
 207 0085 01       		.byte	0x1
 208 0086 08       		.byte	0x8
 209 0087 9C010000 		.4byte	.LASF11
 210 008b 04       		.uleb128 0x4
 211 008c 1B010000 		.4byte	.LASF13
 212 0090 02       		.byte	0x2
 213 0091 F0       		.byte	0xf0
 214 0092 96000000 		.4byte	0x96
 215 0096 05       		.uleb128 0x5
 216 0097 6B000000 		.4byte	0x6b
 217 009b 06       		.uleb128 0x6
 218 009c B1010000 		.4byte	.LASF14
 219 00a0 01       		.byte	0x1
 220 00a1 39       		.byte	0x39
 221 00a2 00000000 		.4byte	.LFB0
 222 00a6 18000000 		.4byte	.LFE0-.LFB0
 223 00aa 01       		.uleb128 0x1
 224 00ab 9C       		.byte	0x9c
 225 00ac CF000000 		.4byte	0xcf
 226 00b0 07       		.uleb128 0x7
 227 00b1 00000000 		.4byte	.LASF16
 228 00b5 01       		.byte	0x1
 229 00b6 39       		.byte	0x39
 230 00b7 6B000000 		.4byte	0x6b
 231 00bb 00000000 		.4byte	.LLST0
 232 00bf 08       		.uleb128 0x8
 233 00c0 23000000 		.4byte	.LASF23
 234 00c4 01       		.byte	0x1
 235 00c5 3B       		.byte	0x3b
 236 00c6 6B000000 		.4byte	0x6b
 237 00ca 21000000 		.4byte	.LLST1
 238 00ce 00       		.byte	0
 239 00cf 06       		.uleb128 0x6
 240 00d0 C4010000 		.4byte	.LASF15
 241 00d4 01       		.byte	0x1
 242 00d5 5A       		.byte	0x5a
 243 00d6 00000000 		.4byte	.LFB1
 244 00da 18000000 		.4byte	.LFE1-.LFB1
 245 00de 01       		.uleb128 0x1
 246 00df 9C       		.byte	0x9c
 247 00e0 F4000000 		.4byte	0xf4
 248 00e4 07       		.uleb128 0x7
 249 00e5 89010000 		.4byte	.LASF17
 250 00e9 01       		.byte	0x1
 251 00ea 5A       		.byte	0x5a
 252 00eb 6B000000 		.4byte	0x6b
 253 00ef 39000000 		.4byte	.LLST2
 254 00f3 00       		.byte	0
ARM GAS  C:\Users\mgronber\AppData\Local\Temp\ccs0rwoh.s 			page 8


 255 00f4 09       		.uleb128 0x9
 256 00f5 45010000 		.4byte	.LASF18
 257 00f9 01       		.byte	0x1
 258 00fa 71       		.byte	0x71
 259 00fb 6B000000 		.4byte	0x6b
 260 00ff 00000000 		.4byte	.LFB2
 261 0103 10000000 		.4byte	.LFE2-.LFB2
 262 0107 01       		.uleb128 0x1
 263 0108 9C       		.byte	0x9c
 264 0109 09       		.uleb128 0x9
 265 010a 62010000 		.4byte	.LASF19
 266 010e 01       		.byte	0x1
 267 010f 8D       		.byte	0x8d
 268 0110 6B000000 		.4byte	0x6b
 269 0114 00000000 		.4byte	.LFB3
 270 0118 10000000 		.4byte	.LFE3-.LFB3
 271 011c 01       		.uleb128 0x1
 272 011d 9C       		.byte	0x9c
 273 011e 00       		.byte	0
 274              		.section	.debug_abbrev,"",%progbits
 275              	.Ldebug_abbrev0:
 276 0000 01       		.uleb128 0x1
 277 0001 11       		.uleb128 0x11
 278 0002 01       		.byte	0x1
 279 0003 25       		.uleb128 0x25
 280 0004 0E       		.uleb128 0xe
 281 0005 13       		.uleb128 0x13
 282 0006 0B       		.uleb128 0xb
 283 0007 03       		.uleb128 0x3
 284 0008 0E       		.uleb128 0xe
 285 0009 1B       		.uleb128 0x1b
 286 000a 0E       		.uleb128 0xe
 287 000b 55       		.uleb128 0x55
 288 000c 17       		.uleb128 0x17
 289 000d 11       		.uleb128 0x11
 290 000e 01       		.uleb128 0x1
 291 000f 10       		.uleb128 0x10
 292 0010 17       		.uleb128 0x17
 293 0011 00       		.byte	0
 294 0012 00       		.byte	0
 295 0013 02       		.uleb128 0x2
 296 0014 24       		.uleb128 0x24
 297 0015 00       		.byte	0
 298 0016 0B       		.uleb128 0xb
 299 0017 0B       		.uleb128 0xb
 300 0018 3E       		.uleb128 0x3e
 301 0019 0B       		.uleb128 0xb
 302 001a 03       		.uleb128 0x3
 303 001b 0E       		.uleb128 0xe
 304 001c 00       		.byte	0
 305 001d 00       		.byte	0
 306 001e 03       		.uleb128 0x3
 307 001f 24       		.uleb128 0x24
 308 0020 00       		.byte	0
 309 0021 0B       		.uleb128 0xb
 310 0022 0B       		.uleb128 0xb
 311 0023 3E       		.uleb128 0x3e
ARM GAS  C:\Users\mgronber\AppData\Local\Temp\ccs0rwoh.s 			page 9


 312 0024 0B       		.uleb128 0xb
 313 0025 03       		.uleb128 0x3
 314 0026 08       		.uleb128 0x8
 315 0027 00       		.byte	0
 316 0028 00       		.byte	0
 317 0029 04       		.uleb128 0x4
 318 002a 16       		.uleb128 0x16
 319 002b 00       		.byte	0
 320 002c 03       		.uleb128 0x3
 321 002d 0E       		.uleb128 0xe
 322 002e 3A       		.uleb128 0x3a
 323 002f 0B       		.uleb128 0xb
 324 0030 3B       		.uleb128 0x3b
 325 0031 0B       		.uleb128 0xb
 326 0032 49       		.uleb128 0x49
 327 0033 13       		.uleb128 0x13
 328 0034 00       		.byte	0
 329 0035 00       		.byte	0
 330 0036 05       		.uleb128 0x5
 331 0037 35       		.uleb128 0x35
 332 0038 00       		.byte	0
 333 0039 49       		.uleb128 0x49
 334 003a 13       		.uleb128 0x13
 335 003b 00       		.byte	0
 336 003c 00       		.byte	0
 337 003d 06       		.uleb128 0x6
 338 003e 2E       		.uleb128 0x2e
 339 003f 01       		.byte	0x1
 340 0040 3F       		.uleb128 0x3f
 341 0041 19       		.uleb128 0x19
 342 0042 03       		.uleb128 0x3
 343 0043 0E       		.uleb128 0xe
 344 0044 3A       		.uleb128 0x3a
 345 0045 0B       		.uleb128 0xb
 346 0046 3B       		.uleb128 0x3b
 347 0047 0B       		.uleb128 0xb
 348 0048 27       		.uleb128 0x27
 349 0049 19       		.uleb128 0x19
 350 004a 11       		.uleb128 0x11
 351 004b 01       		.uleb128 0x1
 352 004c 12       		.uleb128 0x12
 353 004d 06       		.uleb128 0x6
 354 004e 40       		.uleb128 0x40
 355 004f 18       		.uleb128 0x18
 356 0050 9742     		.uleb128 0x2117
 357 0052 19       		.uleb128 0x19
 358 0053 01       		.uleb128 0x1
 359 0054 13       		.uleb128 0x13
 360 0055 00       		.byte	0
 361 0056 00       		.byte	0
 362 0057 07       		.uleb128 0x7
 363 0058 05       		.uleb128 0x5
 364 0059 00       		.byte	0
 365 005a 03       		.uleb128 0x3
 366 005b 0E       		.uleb128 0xe
 367 005c 3A       		.uleb128 0x3a
 368 005d 0B       		.uleb128 0xb
ARM GAS  C:\Users\mgronber\AppData\Local\Temp\ccs0rwoh.s 			page 10


 369 005e 3B       		.uleb128 0x3b
 370 005f 0B       		.uleb128 0xb
 371 0060 49       		.uleb128 0x49
 372 0061 13       		.uleb128 0x13
 373 0062 02       		.uleb128 0x2
 374 0063 17       		.uleb128 0x17
 375 0064 00       		.byte	0
 376 0065 00       		.byte	0
 377 0066 08       		.uleb128 0x8
 378 0067 34       		.uleb128 0x34
 379 0068 00       		.byte	0
 380 0069 03       		.uleb128 0x3
 381 006a 0E       		.uleb128 0xe
 382 006b 3A       		.uleb128 0x3a
 383 006c 0B       		.uleb128 0xb
 384 006d 3B       		.uleb128 0x3b
 385 006e 0B       		.uleb128 0xb
 386 006f 49       		.uleb128 0x49
 387 0070 13       		.uleb128 0x13
 388 0071 02       		.uleb128 0x2
 389 0072 17       		.uleb128 0x17
 390 0073 00       		.byte	0
 391 0074 00       		.byte	0
 392 0075 09       		.uleb128 0x9
 393 0076 2E       		.uleb128 0x2e
 394 0077 00       		.byte	0
 395 0078 3F       		.uleb128 0x3f
 396 0079 19       		.uleb128 0x19
 397 007a 03       		.uleb128 0x3
 398 007b 0E       		.uleb128 0xe
 399 007c 3A       		.uleb128 0x3a
 400 007d 0B       		.uleb128 0xb
 401 007e 3B       		.uleb128 0x3b
 402 007f 0B       		.uleb128 0xb
 403 0080 27       		.uleb128 0x27
 404 0081 19       		.uleb128 0x19
 405 0082 49       		.uleb128 0x49
 406 0083 13       		.uleb128 0x13
 407 0084 11       		.uleb128 0x11
 408 0085 01       		.uleb128 0x1
 409 0086 12       		.uleb128 0x12
 410 0087 06       		.uleb128 0x6
 411 0088 40       		.uleb128 0x40
 412 0089 18       		.uleb128 0x18
 413 008a 9742     		.uleb128 0x2117
 414 008c 19       		.uleb128 0x19
 415 008d 00       		.byte	0
 416 008e 00       		.byte	0
 417 008f 00       		.byte	0
 418              		.section	.debug_loc,"",%progbits
 419              	.Ldebug_loc0:
 420              	.LLST0:
 421 0000 00000000 		.4byte	.LVL0
 422 0004 06000000 		.4byte	.LVL1
 423 0008 0100     		.2byte	0x1
 424 000a 50       		.byte	0x50
 425 000b 06000000 		.4byte	.LVL1
ARM GAS  C:\Users\mgronber\AppData\Local\Temp\ccs0rwoh.s 			page 11


 426 000f 18000000 		.4byte	.LFE0
 427 0013 0400     		.2byte	0x4
 428 0015 F3       		.byte	0xf3
 429 0016 01       		.uleb128 0x1
 430 0017 50       		.byte	0x50
 431 0018 9F       		.byte	0x9f
 432 0019 00000000 		.4byte	0
 433 001d 00000000 		.4byte	0
 434              	.LLST1:
 435 0021 08000000 		.4byte	.LVL2
 436 0025 0C000000 		.4byte	.LVL3
 437 0029 0600     		.2byte	0x6
 438 002b 73       		.byte	0x73
 439 002c 00       		.sleb128 0
 440 002d 09       		.byte	0x9
 441 002e FE       		.byte	0xfe
 442 002f 1A       		.byte	0x1a
 443 0030 9F       		.byte	0x9f
 444 0031 00000000 		.4byte	0
 445 0035 00000000 		.4byte	0
 446              	.LLST2:
 447 0039 00000000 		.4byte	.LVL4
 448 003d 06000000 		.4byte	.LVL5
 449 0041 0100     		.2byte	0x1
 450 0043 50       		.byte	0x50
 451 0044 06000000 		.4byte	.LVL5
 452 0048 18000000 		.4byte	.LFE1
 453 004c 0400     		.2byte	0x4
 454 004e F3       		.byte	0xf3
 455 004f 01       		.uleb128 0x1
 456 0050 50       		.byte	0x50
 457 0051 9F       		.byte	0x9f
 458 0052 00000000 		.4byte	0
 459 0056 00000000 		.4byte	0
 460              		.section	.debug_aranges,"",%progbits
 461 0000 34000000 		.4byte	0x34
 462 0004 0200     		.2byte	0x2
 463 0006 00000000 		.4byte	.Ldebug_info0
 464 000a 04       		.byte	0x4
 465 000b 00       		.byte	0
 466 000c 0000     		.2byte	0
 467 000e 0000     		.2byte	0
 468 0010 00000000 		.4byte	.LFB0
 469 0014 18000000 		.4byte	.LFE0-.LFB0
 470 0018 00000000 		.4byte	.LFB1
 471 001c 18000000 		.4byte	.LFE1-.LFB1
 472 0020 00000000 		.4byte	.LFB2
 473 0024 10000000 		.4byte	.LFE2-.LFB2
 474 0028 00000000 		.4byte	.LFB3
 475 002c 10000000 		.4byte	.LFE3-.LFB3
 476 0030 00000000 		.4byte	0
 477 0034 00000000 		.4byte	0
 478              		.section	.debug_ranges,"",%progbits
 479              	.Ldebug_ranges0:
 480 0000 00000000 		.4byte	.LFB0
 481 0004 18000000 		.4byte	.LFE0
 482 0008 00000000 		.4byte	.LFB1
ARM GAS  C:\Users\mgronber\AppData\Local\Temp\ccs0rwoh.s 			page 12


 483 000c 18000000 		.4byte	.LFE1
 484 0010 00000000 		.4byte	.LFB2
 485 0014 10000000 		.4byte	.LFE2
 486 0018 00000000 		.4byte	.LFB3
 487 001c 10000000 		.4byte	.LFE3
 488 0020 00000000 		.4byte	0
 489 0024 00000000 		.4byte	0
 490              		.section	.debug_line,"",%progbits
 491              	.Ldebug_line0:
 492 0000 8E000000 		.section	.debug_str,"MS",%progbits,1
 492      02004000 
 492      00000201 
 492      FB0E0D00 
 492      01010101 
 493              	.LASF16:
 494 0000 76616C75 		.ascii	"value\000"
 494      6500
 495              	.LASF21:
 496 0006 47656E65 		.ascii	"Generated_Source\\PSoC5\\SCL.c\000"
 496      72617465 
 496      645F536F 
 496      75726365 
 496      5C50536F 
 497              	.LASF23:
 498 0023 73746174 		.ascii	"staticBits\000"
 498      69634269 
 498      747300
 499              	.LASF22:
 500 002e 433A5C55 		.ascii	"C:\\Users\\mgronber\\Desktop\\Hummingbird\\Hummingb"
 500      73657273 
 500      5C6D6772 
 500      6F6E6265 
 500      725C4465 
 501 005c 69726428 		.ascii	"ird(Continuous Output).cydsn\000"
 501      436F6E74 
 501      696E756F 
 501      7573204F 
 501      75747075 
 502              	.LASF20:
 503 0079 474E5520 		.ascii	"GNU C 4.9.3 20150303 (release) [ARM/embedded-4_9-br"
 503      4320342E 
 503      392E3320 
 503      32303135 
 503      30333033 
 504 00ac 616E6368 		.ascii	"anch revision 221220] -mcpu=cortex-m3 -mthumb -g -O"
 504      20726576 
 504      6973696F 
 504      6E203232 
 504      31323230 
 505 00df 32202D66 		.ascii	"2 -ffunction-sections -ffat-lto-objects\000"
 505      66756E63 
 505      74696F6E 
 505      2D736563 
 505      74696F6E 
 506              	.LASF9:
 507 0107 666C6F61 		.ascii	"float\000"
 507      7400
ARM GAS  C:\Users\mgronber\AppData\Local\Temp\ccs0rwoh.s 			page 13


 508              	.LASF1:
 509 010d 756E7369 		.ascii	"unsigned char\000"
 509      676E6564 
 509      20636861 
 509      7200
 510              	.LASF13:
 511 011b 72656738 		.ascii	"reg8\000"
 511      00
 512              	.LASF5:
 513 0120 6C6F6E67 		.ascii	"long unsigned int\000"
 513      20756E73 
 513      69676E65 
 513      6420696E 
 513      7400
 514              	.LASF3:
 515 0132 73686F72 		.ascii	"short unsigned int\000"
 515      7420756E 
 515      7369676E 
 515      65642069 
 515      6E7400
 516              	.LASF18:
 517 0145 53434C5F 		.ascii	"SCL_Read\000"
 517      52656164 
 517      00
 518              	.LASF10:
 519 014e 646F7562 		.ascii	"double\000"
 519      6C6500
 520              	.LASF8:
 521 0155 756E7369 		.ascii	"unsigned int\000"
 521      676E6564 
 521      20696E74 
 521      00
 522              	.LASF19:
 523 0162 53434C5F 		.ascii	"SCL_ReadDataReg\000"
 523      52656164 
 523      44617461 
 523      52656700 
 524              	.LASF7:
 525 0172 6C6F6E67 		.ascii	"long long unsigned int\000"
 525      206C6F6E 
 525      6720756E 
 525      7369676E 
 525      65642069 
 526              	.LASF17:
 527 0189 6D6F6465 		.ascii	"mode\000"
 527      00
 528              	.LASF6:
 529 018e 6C6F6E67 		.ascii	"long long int\000"
 529      206C6F6E 
 529      6720696E 
 529      7400
 530              	.LASF11:
 531 019c 63686172 		.ascii	"char\000"
 531      00
 532              	.LASF2:
 533 01a1 73686F72 		.ascii	"short int\000"
 533      7420696E 
ARM GAS  C:\Users\mgronber\AppData\Local\Temp\ccs0rwoh.s 			page 14


 533      7400
 534              	.LASF12:
 535 01ab 75696E74 		.ascii	"uint8\000"
 535      3800
 536              	.LASF14:
 537 01b1 53434C5F 		.ascii	"SCL_Write\000"
 537      57726974 
 537      6500
 538              	.LASF4:
 539 01bb 6C6F6E67 		.ascii	"long int\000"
 539      20696E74 
 539      00
 540              	.LASF15:
 541 01c4 53434C5F 		.ascii	"SCL_SetDriveMode\000"
 541      53657444 
 541      72697665 
 541      4D6F6465 
 541      00
 542              	.LASF0:
 543 01d5 7369676E 		.ascii	"signed char\000"
 543      65642063 
 543      68617200 
 544              		.ident	"GCC: (GNU Tools for ARM Embedded Processors) 4.9.3 20150303 (release) [ARM/embedded-4_9-br
