<<<<<<< HEAD
ARM GAS  C:\Users\mgronber\AppData\Local\Temp\ccDKleKT.s 			page 1
=======
ARM GAS  C:\Users\mgronber\AppData\Local\Temp\ccJXEffS.s 			page 1
>>>>>>> parent of 07369c6... MAG got tuner and pitch display to stop flickering


   1              		.syntax unified
   2              		.cpu cortex-m3
   3              		.fpu softvfp
   4              		.eabi_attribute 20, 1
   5              		.eabi_attribute 21, 1
   6              		.eabi_attribute 23, 3
   7              		.eabi_attribute 24, 1
   8              		.eabi_attribute 25, 1
   9              		.eabi_attribute 26, 1
  10              		.eabi_attribute 30, 2
  11              		.eabi_attribute 34, 1
  12              		.eabi_attribute 18, 4
  13              		.thumb
  14              		.file	"TIMER_SAMPLERATE_PM.c"
  15              		.text
  16              	.Ltext0:
  17              		.cfi_sections	.debug_frame
  18              		.section	.text.TIMER_SAMPLERATE_SaveConfig,"ax",%progbits
  19              		.align	2
  20              		.global	TIMER_SAMPLERATE_SaveConfig
  21              		.thumb
  22              		.thumb_func
  23              		.type	TIMER_SAMPLERATE_SaveConfig, %function
  24              	TIMER_SAMPLERATE_SaveConfig:
  25              	.LFB0:
  26              		.file 1 "Generated_Source\\PSoC5\\TIMER_SAMPLERATE_PM.c"
   1:Generated_Source\PSoC5/TIMER_SAMPLERATE_PM.c **** /*******************************************************************************
   2:Generated_Source\PSoC5/TIMER_SAMPLERATE_PM.c **** * File Name: TIMER_SAMPLERATE_PM.c
   3:Generated_Source\PSoC5/TIMER_SAMPLERATE_PM.c **** * Version 2.70
   4:Generated_Source\PSoC5/TIMER_SAMPLERATE_PM.c **** *
   5:Generated_Source\PSoC5/TIMER_SAMPLERATE_PM.c **** *  Description:
   6:Generated_Source\PSoC5/TIMER_SAMPLERATE_PM.c **** *     This file provides the power management source code to API for the
   7:Generated_Source\PSoC5/TIMER_SAMPLERATE_PM.c **** *     Timer.
   8:Generated_Source\PSoC5/TIMER_SAMPLERATE_PM.c **** *
   9:Generated_Source\PSoC5/TIMER_SAMPLERATE_PM.c **** *   Note:
  10:Generated_Source\PSoC5/TIMER_SAMPLERATE_PM.c **** *     None
  11:Generated_Source\PSoC5/TIMER_SAMPLERATE_PM.c **** *
  12:Generated_Source\PSoC5/TIMER_SAMPLERATE_PM.c **** *******************************************************************************
  13:Generated_Source\PSoC5/TIMER_SAMPLERATE_PM.c **** * Copyright 2008-2014, Cypress Semiconductor Corporation.  All rights reserved.
  14:Generated_Source\PSoC5/TIMER_SAMPLERATE_PM.c **** * You may use this file only in accordance with the license, terms, conditions,
  15:Generated_Source\PSoC5/TIMER_SAMPLERATE_PM.c **** * disclaimers, and limitations in the end user license agreement accompanying
  16:Generated_Source\PSoC5/TIMER_SAMPLERATE_PM.c **** * the software package with which this file was provided.
  17:Generated_Source\PSoC5/TIMER_SAMPLERATE_PM.c **** ********************************************************************************/
  18:Generated_Source\PSoC5/TIMER_SAMPLERATE_PM.c **** 
  19:Generated_Source\PSoC5/TIMER_SAMPLERATE_PM.c **** #include "TIMER_SAMPLERATE.h"
  20:Generated_Source\PSoC5/TIMER_SAMPLERATE_PM.c **** 
  21:Generated_Source\PSoC5/TIMER_SAMPLERATE_PM.c **** static TIMER_SAMPLERATE_backupStruct TIMER_SAMPLERATE_backup;
  22:Generated_Source\PSoC5/TIMER_SAMPLERATE_PM.c **** 
  23:Generated_Source\PSoC5/TIMER_SAMPLERATE_PM.c **** 
  24:Generated_Source\PSoC5/TIMER_SAMPLERATE_PM.c **** /*******************************************************************************
  25:Generated_Source\PSoC5/TIMER_SAMPLERATE_PM.c **** * Function Name: TIMER_SAMPLERATE_SaveConfig
  26:Generated_Source\PSoC5/TIMER_SAMPLERATE_PM.c **** ********************************************************************************
  27:Generated_Source\PSoC5/TIMER_SAMPLERATE_PM.c **** *
  28:Generated_Source\PSoC5/TIMER_SAMPLERATE_PM.c **** * Summary:
  29:Generated_Source\PSoC5/TIMER_SAMPLERATE_PM.c **** *     Save the current user configuration
  30:Generated_Source\PSoC5/TIMER_SAMPLERATE_PM.c **** *
  31:Generated_Source\PSoC5/TIMER_SAMPLERATE_PM.c **** * Parameters:
<<<<<<< HEAD
ARM GAS  C:\Users\mgronber\AppData\Local\Temp\ccDKleKT.s 			page 2
=======
ARM GAS  C:\Users\mgronber\AppData\Local\Temp\ccJXEffS.s 			page 2
>>>>>>> parent of 07369c6... MAG got tuner and pitch display to stop flickering


  32:Generated_Source\PSoC5/TIMER_SAMPLERATE_PM.c **** *  void
  33:Generated_Source\PSoC5/TIMER_SAMPLERATE_PM.c **** *
  34:Generated_Source\PSoC5/TIMER_SAMPLERATE_PM.c **** * Return:
  35:Generated_Source\PSoC5/TIMER_SAMPLERATE_PM.c **** *  void
  36:Generated_Source\PSoC5/TIMER_SAMPLERATE_PM.c **** *
  37:Generated_Source\PSoC5/TIMER_SAMPLERATE_PM.c **** * Global variables:
  38:Generated_Source\PSoC5/TIMER_SAMPLERATE_PM.c **** *  TIMER_SAMPLERATE_backup:  Variables of this global structure are modified to
  39:Generated_Source\PSoC5/TIMER_SAMPLERATE_PM.c **** *  store the values of non retention configuration registers when Sleep() API is
  40:Generated_Source\PSoC5/TIMER_SAMPLERATE_PM.c **** *  called.
  41:Generated_Source\PSoC5/TIMER_SAMPLERATE_PM.c **** *
  42:Generated_Source\PSoC5/TIMER_SAMPLERATE_PM.c **** *******************************************************************************/
  43:Generated_Source\PSoC5/TIMER_SAMPLERATE_PM.c **** void TIMER_SAMPLERATE_SaveConfig(void) 
  44:Generated_Source\PSoC5/TIMER_SAMPLERATE_PM.c **** {
  27              		.loc 1 44 0
  28              		.cfi_startproc
  29              		@ args = 0, pretend = 0, frame = 0
  30              		@ frame_needed = 0, uses_anonymous_args = 0
  31 0000 10B5     		push	{r4, lr}
  32              		.cfi_def_cfa_offset 8
  33              		.cfi_offset 4, -8
  34              		.cfi_offset 14, -4
  45:Generated_Source\PSoC5/TIMER_SAMPLERATE_PM.c ****     #if (!TIMER_SAMPLERATE_UsingFixedFunction)
  46:Generated_Source\PSoC5/TIMER_SAMPLERATE_PM.c ****         TIMER_SAMPLERATE_backup.TimerUdb = TIMER_SAMPLERATE_ReadCounter();
  35              		.loc 1 46 0
  36 0002 FFF7FEFF 		bl	TIMER_SAMPLERATE_ReadCounter
  37              	.LVL0:
  47:Generated_Source\PSoC5/TIMER_SAMPLERATE_PM.c ****         TIMER_SAMPLERATE_backup.InterruptMaskValue = TIMER_SAMPLERATE_STATUS_MASK;
  38              		.loc 1 47 0
  39 0006 044B     		ldr	r3, .L3
  46:Generated_Source\PSoC5/TIMER_SAMPLERATE_PM.c ****         TIMER_SAMPLERATE_backup.InterruptMaskValue = TIMER_SAMPLERATE_STATUS_MASK;
  40              		.loc 1 46 0
  41 0008 044C     		ldr	r4, .L3+4
  42              		.loc 1 47 0
  43 000a 1B78     		ldrb	r3, [r3]	@ zero_extendqisi2
  46:Generated_Source\PSoC5/TIMER_SAMPLERATE_PM.c ****         TIMER_SAMPLERATE_backup.InterruptMaskValue = TIMER_SAMPLERATE_STATUS_MASK;
  44              		.loc 1 46 0
  45 000c 6060     		str	r0, [r4, #4]
  46              		.loc 1 47 0
  47 000e 2372     		strb	r3, [r4, #8]
  48:Generated_Source\PSoC5/TIMER_SAMPLERATE_PM.c ****         #if (TIMER_SAMPLERATE_UsingHWCaptureCounter)
  49:Generated_Source\PSoC5/TIMER_SAMPLERATE_PM.c ****             TIMER_SAMPLERATE_backup.TimerCaptureCounter = TIMER_SAMPLERATE_ReadCaptureCount();
  50:Generated_Source\PSoC5/TIMER_SAMPLERATE_PM.c ****         #endif /* Back Up capture counter register  */
  51:Generated_Source\PSoC5/TIMER_SAMPLERATE_PM.c **** 
  52:Generated_Source\PSoC5/TIMER_SAMPLERATE_PM.c ****         #if(!TIMER_SAMPLERATE_UDB_CONTROL_REG_REMOVED)
  53:Generated_Source\PSoC5/TIMER_SAMPLERATE_PM.c ****             TIMER_SAMPLERATE_backup.TimerControlRegister = TIMER_SAMPLERATE_ReadControlRegister();
  48              		.loc 1 53 0
  49 0010 FFF7FEFF 		bl	TIMER_SAMPLERATE_ReadControlRegister
  50              	.LVL1:
  51 0014 6072     		strb	r0, [r4, #9]
  52 0016 10BD     		pop	{r4, pc}
  53              	.L4:
  54              		.align	2
  55              	.L3:
  56 0018 85650040 		.word	1073767813
  57 001c 00000000 		.word	.LANCHOR0
  58              		.cfi_endproc
  59              	.LFE0:
<<<<<<< HEAD
ARM GAS  C:\Users\mgronber\AppData\Local\Temp\ccDKleKT.s 			page 3
=======
ARM GAS  C:\Users\mgronber\AppData\Local\Temp\ccJXEffS.s 			page 3
>>>>>>> parent of 07369c6... MAG got tuner and pitch display to stop flickering


  60              		.size	TIMER_SAMPLERATE_SaveConfig, .-TIMER_SAMPLERATE_SaveConfig
  61              		.section	.text.TIMER_SAMPLERATE_RestoreConfig,"ax",%progbits
  62              		.align	2
  63              		.global	TIMER_SAMPLERATE_RestoreConfig
  64              		.thumb
  65              		.thumb_func
  66              		.type	TIMER_SAMPLERATE_RestoreConfig, %function
  67              	TIMER_SAMPLERATE_RestoreConfig:
  68              	.LFB1:
  54:Generated_Source\PSoC5/TIMER_SAMPLERATE_PM.c ****         #endif /* Backup the enable state of the Timer component */
  55:Generated_Source\PSoC5/TIMER_SAMPLERATE_PM.c ****     #endif /* Backup non retention registers in UDB implementation. All fixed function registers ar
  56:Generated_Source\PSoC5/TIMER_SAMPLERATE_PM.c **** }
  57:Generated_Source\PSoC5/TIMER_SAMPLERATE_PM.c **** 
  58:Generated_Source\PSoC5/TIMER_SAMPLERATE_PM.c **** 
  59:Generated_Source\PSoC5/TIMER_SAMPLERATE_PM.c **** /*******************************************************************************
  60:Generated_Source\PSoC5/TIMER_SAMPLERATE_PM.c **** * Function Name: TIMER_SAMPLERATE_RestoreConfig
  61:Generated_Source\PSoC5/TIMER_SAMPLERATE_PM.c **** ********************************************************************************
  62:Generated_Source\PSoC5/TIMER_SAMPLERATE_PM.c **** *
  63:Generated_Source\PSoC5/TIMER_SAMPLERATE_PM.c **** * Summary:
  64:Generated_Source\PSoC5/TIMER_SAMPLERATE_PM.c **** *  Restores the current user configuration.
  65:Generated_Source\PSoC5/TIMER_SAMPLERATE_PM.c **** *
  66:Generated_Source\PSoC5/TIMER_SAMPLERATE_PM.c **** * Parameters:
  67:Generated_Source\PSoC5/TIMER_SAMPLERATE_PM.c **** *  void
  68:Generated_Source\PSoC5/TIMER_SAMPLERATE_PM.c **** *
  69:Generated_Source\PSoC5/TIMER_SAMPLERATE_PM.c **** * Return:
  70:Generated_Source\PSoC5/TIMER_SAMPLERATE_PM.c **** *  void
  71:Generated_Source\PSoC5/TIMER_SAMPLERATE_PM.c **** *
  72:Generated_Source\PSoC5/TIMER_SAMPLERATE_PM.c **** * Global variables:
  73:Generated_Source\PSoC5/TIMER_SAMPLERATE_PM.c **** *  TIMER_SAMPLERATE_backup:  Variables of this global structure are used to
  74:Generated_Source\PSoC5/TIMER_SAMPLERATE_PM.c **** *  restore the values of non retention registers on wakeup from sleep mode.
  75:Generated_Source\PSoC5/TIMER_SAMPLERATE_PM.c **** *
  76:Generated_Source\PSoC5/TIMER_SAMPLERATE_PM.c **** *******************************************************************************/
  77:Generated_Source\PSoC5/TIMER_SAMPLERATE_PM.c **** void TIMER_SAMPLERATE_RestoreConfig(void) 
  78:Generated_Source\PSoC5/TIMER_SAMPLERATE_PM.c **** {   
  69              		.loc 1 78 0
  70              		.cfi_startproc
  71              		@ args = 0, pretend = 0, frame = 0
  72              		@ frame_needed = 0, uses_anonymous_args = 0
  73 0000 10B5     		push	{r4, lr}
  74              		.cfi_def_cfa_offset 8
  75              		.cfi_offset 4, -8
  76              		.cfi_offset 14, -4
  79:Generated_Source\PSoC5/TIMER_SAMPLERATE_PM.c ****     #if (!TIMER_SAMPLERATE_UsingFixedFunction)
  80:Generated_Source\PSoC5/TIMER_SAMPLERATE_PM.c **** 
  81:Generated_Source\PSoC5/TIMER_SAMPLERATE_PM.c ****         TIMER_SAMPLERATE_WriteCounter(TIMER_SAMPLERATE_backup.TimerUdb);
  77              		.loc 1 81 0
  78 0002 064C     		ldr	r4, .L7
  79 0004 6068     		ldr	r0, [r4, #4]
  80 0006 FFF7FEFF 		bl	TIMER_SAMPLERATE_WriteCounter
  81              	.LVL2:
  82:Generated_Source\PSoC5/TIMER_SAMPLERATE_PM.c ****         TIMER_SAMPLERATE_STATUS_MASK =TIMER_SAMPLERATE_backup.InterruptMaskValue;
  82              		.loc 1 82 0
  83 000a 227A     		ldrb	r2, [r4, #8]	@ zero_extendqisi2
  84 000c 044B     		ldr	r3, .L7+4
  83:Generated_Source\PSoC5/TIMER_SAMPLERATE_PM.c ****         #if (TIMER_SAMPLERATE_UsingHWCaptureCounter)
  84:Generated_Source\PSoC5/TIMER_SAMPLERATE_PM.c ****             TIMER_SAMPLERATE_SetCaptureCount(TIMER_SAMPLERATE_backup.TimerCaptureCounter);
  85:Generated_Source\PSoC5/TIMER_SAMPLERATE_PM.c ****         #endif /* Restore Capture counter register*/
<<<<<<< HEAD
ARM GAS  C:\Users\mgronber\AppData\Local\Temp\ccDKleKT.s 			page 4
=======
ARM GAS  C:\Users\mgronber\AppData\Local\Temp\ccJXEffS.s 			page 4
>>>>>>> parent of 07369c6... MAG got tuner and pitch display to stop flickering


  86:Generated_Source\PSoC5/TIMER_SAMPLERATE_PM.c **** 
  87:Generated_Source\PSoC5/TIMER_SAMPLERATE_PM.c ****         #if(!TIMER_SAMPLERATE_UDB_CONTROL_REG_REMOVED)
  88:Generated_Source\PSoC5/TIMER_SAMPLERATE_PM.c ****             TIMER_SAMPLERATE_WriteControlRegister(TIMER_SAMPLERATE_backup.TimerControlRegister);
  85              		.loc 1 88 0
  86 000e 607A     		ldrb	r0, [r4, #9]	@ zero_extendqisi2
  82:Generated_Source\PSoC5/TIMER_SAMPLERATE_PM.c ****         TIMER_SAMPLERATE_STATUS_MASK =TIMER_SAMPLERATE_backup.InterruptMaskValue;
  87              		.loc 1 82 0
  88 0010 1A70     		strb	r2, [r3]
  89:Generated_Source\PSoC5/TIMER_SAMPLERATE_PM.c ****         #endif /* Restore the enable state of the Timer component */
  90:Generated_Source\PSoC5/TIMER_SAMPLERATE_PM.c ****     #endif /* Restore non retention registers in the UDB implementation only */
  91:Generated_Source\PSoC5/TIMER_SAMPLERATE_PM.c **** }
  89              		.loc 1 91 0
  90 0012 BDE81040 		pop	{r4, lr}
  91              		.cfi_restore 14
  92              		.cfi_restore 4
  93              		.cfi_def_cfa_offset 0
  88:Generated_Source\PSoC5/TIMER_SAMPLERATE_PM.c ****         #endif /* Restore the enable state of the Timer component */
  94              		.loc 1 88 0
  95 0016 FFF7FEBF 		b	TIMER_SAMPLERATE_WriteControlRegister
  96              	.LVL3:
  97              	.L8:
  98 001a 00BF     		.align	2
  99              	.L7:
 100 001c 00000000 		.word	.LANCHOR0
 101 0020 85650040 		.word	1073767813
 102              		.cfi_endproc
 103              	.LFE1:
 104              		.size	TIMER_SAMPLERATE_RestoreConfig, .-TIMER_SAMPLERATE_RestoreConfig
 105              		.section	.text.TIMER_SAMPLERATE_Sleep,"ax",%progbits
 106              		.align	2
 107              		.global	TIMER_SAMPLERATE_Sleep
 108              		.thumb
 109              		.thumb_func
 110              		.type	TIMER_SAMPLERATE_Sleep, %function
 111              	TIMER_SAMPLERATE_Sleep:
 112              	.LFB2:
  92:Generated_Source\PSoC5/TIMER_SAMPLERATE_PM.c **** 
  93:Generated_Source\PSoC5/TIMER_SAMPLERATE_PM.c **** 
  94:Generated_Source\PSoC5/TIMER_SAMPLERATE_PM.c **** /*******************************************************************************
  95:Generated_Source\PSoC5/TIMER_SAMPLERATE_PM.c **** * Function Name: TIMER_SAMPLERATE_Sleep
  96:Generated_Source\PSoC5/TIMER_SAMPLERATE_PM.c **** ********************************************************************************
  97:Generated_Source\PSoC5/TIMER_SAMPLERATE_PM.c **** *
  98:Generated_Source\PSoC5/TIMER_SAMPLERATE_PM.c **** * Summary:
  99:Generated_Source\PSoC5/TIMER_SAMPLERATE_PM.c **** *     Stop and Save the user configuration
 100:Generated_Source\PSoC5/TIMER_SAMPLERATE_PM.c **** *
 101:Generated_Source\PSoC5/TIMER_SAMPLERATE_PM.c **** * Parameters:
 102:Generated_Source\PSoC5/TIMER_SAMPLERATE_PM.c **** *  void
 103:Generated_Source\PSoC5/TIMER_SAMPLERATE_PM.c **** *
 104:Generated_Source\PSoC5/TIMER_SAMPLERATE_PM.c **** * Return:
 105:Generated_Source\PSoC5/TIMER_SAMPLERATE_PM.c **** *  void
 106:Generated_Source\PSoC5/TIMER_SAMPLERATE_PM.c **** *
 107:Generated_Source\PSoC5/TIMER_SAMPLERATE_PM.c **** * Global variables:
 108:Generated_Source\PSoC5/TIMER_SAMPLERATE_PM.c **** *  TIMER_SAMPLERATE_backup.TimerEnableState:  Is modified depending on the
 109:Generated_Source\PSoC5/TIMER_SAMPLERATE_PM.c **** *  enable state of the block before entering sleep mode.
 110:Generated_Source\PSoC5/TIMER_SAMPLERATE_PM.c **** *
 111:Generated_Source\PSoC5/TIMER_SAMPLERATE_PM.c **** *******************************************************************************/
 112:Generated_Source\PSoC5/TIMER_SAMPLERATE_PM.c **** void TIMER_SAMPLERATE_Sleep(void) 
<<<<<<< HEAD
ARM GAS  C:\Users\mgronber\AppData\Local\Temp\ccDKleKT.s 			page 5
=======
ARM GAS  C:\Users\mgronber\AppData\Local\Temp\ccJXEffS.s 			page 5
>>>>>>> parent of 07369c6... MAG got tuner and pitch display to stop flickering


 113:Generated_Source\PSoC5/TIMER_SAMPLERATE_PM.c **** {
 113              		.loc 1 113 0
 114              		.cfi_startproc
 115              		@ args = 0, pretend = 0, frame = 0
 116              		@ frame_needed = 0, uses_anonymous_args = 0
 117 0000 08B5     		push	{r3, lr}
 118              		.cfi_def_cfa_offset 8
 119              		.cfi_offset 3, -8
 120              		.cfi_offset 14, -4
 114:Generated_Source\PSoC5/TIMER_SAMPLERATE_PM.c ****     #if(!TIMER_SAMPLERATE_UDB_CONTROL_REG_REMOVED)
 115:Generated_Source\PSoC5/TIMER_SAMPLERATE_PM.c ****         /* Save Counter's enable state */
 116:Generated_Source\PSoC5/TIMER_SAMPLERATE_PM.c ****         if(TIMER_SAMPLERATE_CTRL_ENABLE == (TIMER_SAMPLERATE_CONTROL & TIMER_SAMPLERATE_CTRL_ENABLE
 121              		.loc 1 116 0
 122 0002 074B     		ldr	r3, .L13
 123 0004 1B78     		ldrb	r3, [r3]	@ zero_extendqisi2
 124 0006 13F0800F 		tst	r3, #128
 117:Generated_Source\PSoC5/TIMER_SAMPLERATE_PM.c ****         {
 118:Generated_Source\PSoC5/TIMER_SAMPLERATE_PM.c ****             /* Timer is enabled */
 119:Generated_Source\PSoC5/TIMER_SAMPLERATE_PM.c ****             TIMER_SAMPLERATE_backup.TimerEnableState = 1u;
 125              		.loc 1 119 0
 126 000a 064B     		ldr	r3, .L13+4
 127 000c 14BF     		ite	ne
 128 000e 0122     		movne	r2, #1
 120:Generated_Source\PSoC5/TIMER_SAMPLERATE_PM.c ****         }
 121:Generated_Source\PSoC5/TIMER_SAMPLERATE_PM.c ****         else
 122:Generated_Source\PSoC5/TIMER_SAMPLERATE_PM.c ****         {
 123:Generated_Source\PSoC5/TIMER_SAMPLERATE_PM.c ****             /* Timer is disabled */
 124:Generated_Source\PSoC5/TIMER_SAMPLERATE_PM.c ****             TIMER_SAMPLERATE_backup.TimerEnableState = 0u;
 129              		.loc 1 124 0
 130 0010 0022     		moveq	r2, #0
 131 0012 1A70     		strb	r2, [r3]
 125:Generated_Source\PSoC5/TIMER_SAMPLERATE_PM.c ****         }
 126:Generated_Source\PSoC5/TIMER_SAMPLERATE_PM.c ****     #endif /* Back up enable state from the Timer control register */
 127:Generated_Source\PSoC5/TIMER_SAMPLERATE_PM.c ****     TIMER_SAMPLERATE_Stop();
 132              		.loc 1 127 0
 133 0014 FFF7FEFF 		bl	TIMER_SAMPLERATE_Stop
 134              	.LVL4:
 128:Generated_Source\PSoC5/TIMER_SAMPLERATE_PM.c ****     TIMER_SAMPLERATE_SaveConfig();
 129:Generated_Source\PSoC5/TIMER_SAMPLERATE_PM.c **** }
 135              		.loc 1 129 0
 136 0018 BDE80840 		pop	{r3, lr}
 137              		.cfi_restore 14
 138              		.cfi_restore 3
 139              		.cfi_def_cfa_offset 0
 128:Generated_Source\PSoC5/TIMER_SAMPLERATE_PM.c ****     TIMER_SAMPLERATE_SaveConfig();
 140              		.loc 1 128 0
 141 001c FFF7FEBF 		b	TIMER_SAMPLERATE_SaveConfig
 142              	.LVL5:
 143              	.L14:
 144              		.align	2
 145              	.L13:
 146 0020 74650040 		.word	1073767796
 147 0024 00000000 		.word	.LANCHOR0
 148              		.cfi_endproc
 149              	.LFE2:
 150              		.size	TIMER_SAMPLERATE_Sleep, .-TIMER_SAMPLERATE_Sleep
 151              		.section	.text.TIMER_SAMPLERATE_Wakeup,"ax",%progbits
<<<<<<< HEAD
ARM GAS  C:\Users\mgronber\AppData\Local\Temp\ccDKleKT.s 			page 6
=======
ARM GAS  C:\Users\mgronber\AppData\Local\Temp\ccJXEffS.s 			page 6
>>>>>>> parent of 07369c6... MAG got tuner and pitch display to stop flickering


 152              		.align	2
 153              		.global	TIMER_SAMPLERATE_Wakeup
 154              		.thumb
 155              		.thumb_func
 156              		.type	TIMER_SAMPLERATE_Wakeup, %function
 157              	TIMER_SAMPLERATE_Wakeup:
 158              	.LFB3:
 130:Generated_Source\PSoC5/TIMER_SAMPLERATE_PM.c **** 
 131:Generated_Source\PSoC5/TIMER_SAMPLERATE_PM.c **** 
 132:Generated_Source\PSoC5/TIMER_SAMPLERATE_PM.c **** /*******************************************************************************
 133:Generated_Source\PSoC5/TIMER_SAMPLERATE_PM.c **** * Function Name: TIMER_SAMPLERATE_Wakeup
 134:Generated_Source\PSoC5/TIMER_SAMPLERATE_PM.c **** ********************************************************************************
 135:Generated_Source\PSoC5/TIMER_SAMPLERATE_PM.c **** *
 136:Generated_Source\PSoC5/TIMER_SAMPLERATE_PM.c **** * Summary:
 137:Generated_Source\PSoC5/TIMER_SAMPLERATE_PM.c **** *  Restores and enables the user configuration
 138:Generated_Source\PSoC5/TIMER_SAMPLERATE_PM.c **** *
 139:Generated_Source\PSoC5/TIMER_SAMPLERATE_PM.c **** * Parameters:
 140:Generated_Source\PSoC5/TIMER_SAMPLERATE_PM.c **** *  void
 141:Generated_Source\PSoC5/TIMER_SAMPLERATE_PM.c **** *
 142:Generated_Source\PSoC5/TIMER_SAMPLERATE_PM.c **** * Return:
 143:Generated_Source\PSoC5/TIMER_SAMPLERATE_PM.c **** *  void
 144:Generated_Source\PSoC5/TIMER_SAMPLERATE_PM.c **** *
 145:Generated_Source\PSoC5/TIMER_SAMPLERATE_PM.c **** * Global variables:
 146:Generated_Source\PSoC5/TIMER_SAMPLERATE_PM.c **** *  TIMER_SAMPLERATE_backup.enableState:  Is used to restore the enable state of
 147:Generated_Source\PSoC5/TIMER_SAMPLERATE_PM.c **** *  block on wakeup from sleep mode.
 148:Generated_Source\PSoC5/TIMER_SAMPLERATE_PM.c **** *
 149:Generated_Source\PSoC5/TIMER_SAMPLERATE_PM.c **** *******************************************************************************/
 150:Generated_Source\PSoC5/TIMER_SAMPLERATE_PM.c **** void TIMER_SAMPLERATE_Wakeup(void) 
 151:Generated_Source\PSoC5/TIMER_SAMPLERATE_PM.c **** {
 159              		.loc 1 151 0
 160              		.cfi_startproc
 161              		@ args = 0, pretend = 0, frame = 0
 162              		@ frame_needed = 0, uses_anonymous_args = 0
 163 0000 08B5     		push	{r3, lr}
 164              		.cfi_def_cfa_offset 8
 165              		.cfi_offset 3, -8
 166              		.cfi_offset 14, -4
 152:Generated_Source\PSoC5/TIMER_SAMPLERATE_PM.c ****     TIMER_SAMPLERATE_RestoreConfig();
 167              		.loc 1 152 0
 168 0002 FFF7FEFF 		bl	TIMER_SAMPLERATE_RestoreConfig
 169              	.LVL6:
 153:Generated_Source\PSoC5/TIMER_SAMPLERATE_PM.c ****     #if(!TIMER_SAMPLERATE_UDB_CONTROL_REG_REMOVED)
 154:Generated_Source\PSoC5/TIMER_SAMPLERATE_PM.c ****         if(TIMER_SAMPLERATE_backup.TimerEnableState == 1u)
 170              		.loc 1 154 0
 171 0006 044B     		ldr	r3, .L20
 172 0008 1B78     		ldrb	r3, [r3]	@ zero_extendqisi2
 173 000a 012B     		cmp	r3, #1
 174 000c 00D0     		beq	.L19
 175 000e 08BD     		pop	{r3, pc}
 176              	.L19:
 155:Generated_Source\PSoC5/TIMER_SAMPLERATE_PM.c ****         {     /* Enable Timer's operation */
 156:Generated_Source\PSoC5/TIMER_SAMPLERATE_PM.c ****                 TIMER_SAMPLERATE_Enable();
 157:Generated_Source\PSoC5/TIMER_SAMPLERATE_PM.c ****         } /* Do nothing if Timer was disabled before */
 158:Generated_Source\PSoC5/TIMER_SAMPLERATE_PM.c ****     #endif /* Remove this code section if Control register is removed */
 159:Generated_Source\PSoC5/TIMER_SAMPLERATE_PM.c **** }
 177              		.loc 1 159 0
 178 0010 BDE80840 		pop	{r3, lr}
<<<<<<< HEAD
ARM GAS  C:\Users\mgronber\AppData\Local\Temp\ccDKleKT.s 			page 7
=======
ARM GAS  C:\Users\mgronber\AppData\Local\Temp\ccJXEffS.s 			page 7
>>>>>>> parent of 07369c6... MAG got tuner and pitch display to stop flickering


 179              		.cfi_restore 14
 180              		.cfi_restore 3
 181              		.cfi_def_cfa_offset 0
 156:Generated_Source\PSoC5/TIMER_SAMPLERATE_PM.c ****         } /* Do nothing if Timer was disabled before */
 182              		.loc 1 156 0
 183 0014 FFF7FEBF 		b	TIMER_SAMPLERATE_Enable
 184              	.LVL7:
 185              	.L21:
 186              		.align	2
 187              	.L20:
 188 0018 00000000 		.word	.LANCHOR0
 189              		.cfi_endproc
 190              	.LFE3:
 191              		.size	TIMER_SAMPLERATE_Wakeup, .-TIMER_SAMPLERATE_Wakeup
 192              		.bss
 193              		.align	2
 194              		.set	.LANCHOR0,. + 0
 195              		.type	TIMER_SAMPLERATE_backup, %object
 196              		.size	TIMER_SAMPLERATE_backup, 12
 197              	TIMER_SAMPLERATE_backup:
 198 0000 00000000 		.space	12
 198      00000000 
 198      00000000 
 199              		.text
 200              	.Letext0:
 201              		.file 2 "Generated_Source\\PSoC5\\cytypes.h"
 202              		.file 3 "Generated_Source\\PSoC5\\TIMER_SAMPLERATE.h"
 203              		.section	.debug_info,"",%progbits
 204              	.Ldebug_info0:
 205 0000 E5010000 		.4byte	0x1e5
 206 0004 0400     		.2byte	0x4
 207 0006 00000000 		.4byte	.Ldebug_abbrev0
 208 000a 04       		.byte	0x4
 209 000b 01       		.uleb128 0x1
 210 000c 7E000000 		.4byte	.LASF31
 211 0010 01       		.byte	0x1
 212 0011 B7010000 		.4byte	.LASF32
 213 0015 33000000 		.4byte	.LASF33
 214 0019 00000000 		.4byte	.Ldebug_ranges0+0
 215 001d 00000000 		.4byte	0
 216 0021 00000000 		.4byte	.Ldebug_line0
 217 0025 02       		.uleb128 0x2
 218 0026 01       		.byte	0x1
 219 0027 06       		.byte	0x6
 220 0028 E5020000 		.4byte	.LASF0
 221 002c 02       		.uleb128 0x2
 222 002d 01       		.byte	0x1
 223 002e 08       		.byte	0x8
 224 002f 2A010000 		.4byte	.LASF1
 225 0033 02       		.uleb128 0x2
 226 0034 02       		.byte	0x2
 227 0035 05       		.byte	0x5
 228 0036 88020000 		.4byte	.LASF2
 229 003a 02       		.uleb128 0x2
 230 003b 02       		.byte	0x2
 231 003c 07       		.byte	0x7
 232 003d 17000000 		.4byte	.LASF3
<<<<<<< HEAD
ARM GAS  C:\Users\mgronber\AppData\Local\Temp\ccDKleKT.s 			page 8
=======
ARM GAS  C:\Users\mgronber\AppData\Local\Temp\ccJXEffS.s 			page 8
>>>>>>> parent of 07369c6... MAG got tuner and pitch display to stop flickering


 233 0041 02       		.uleb128 0x2
 234 0042 04       		.byte	0x4
 235 0043 05       		.byte	0x5
 236 0044 DC020000 		.4byte	.LASF4
 237 0048 02       		.uleb128 0x2
 238 0049 04       		.byte	0x4
 239 004a 07       		.byte	0x7
 240 004b 55010000 		.4byte	.LASF5
 241 004f 02       		.uleb128 0x2
 242 0050 08       		.byte	0x8
 243 0051 05       		.byte	0x5
 244 0052 75020000 		.4byte	.LASF6
 245 0056 02       		.uleb128 0x2
 246 0057 08       		.byte	0x8
 247 0058 07       		.byte	0x7
 248 0059 36020000 		.4byte	.LASF7
 249 005d 03       		.uleb128 0x3
 250 005e 04       		.byte	0x4
 251 005f 05       		.byte	0x5
 252 0060 696E7400 		.ascii	"int\000"
 253 0064 02       		.uleb128 0x2
 254 0065 04       		.byte	0x4
 255 0066 07       		.byte	0x7
 256 0067 03020000 		.4byte	.LASF8
 257 006b 04       		.uleb128 0x4
 258 006c 67010000 		.4byte	.LASF9
 259 0070 02       		.byte	0x2
 260 0071 5B       		.byte	0x5b
 261 0072 2C000000 		.4byte	0x2c
 262 0076 04       		.uleb128 0x4
 263 0077 E4010000 		.4byte	.LASF10
 264 007b 02       		.byte	0x2
 265 007c 5D       		.byte	0x5d
 266 007d 48000000 		.4byte	0x48
 267 0081 02       		.uleb128 0x2
 268 0082 04       		.byte	0x4
 269 0083 04       		.byte	0x4
 270 0084 11000000 		.4byte	.LASF11
 271 0088 02       		.uleb128 0x2
 272 0089 08       		.byte	0x8
 273 008a 04       		.byte	0x4
 274 008b B0010000 		.4byte	.LASF12
 275 008f 02       		.uleb128 0x2
 276 0090 01       		.byte	0x1
 277 0091 08       		.byte	0x8
 278 0092 83020000 		.4byte	.LASF13
 279 0096 04       		.uleb128 0x4
 280 0097 50010000 		.4byte	.LASF14
 281 009b 02       		.byte	0x2
 282 009c F0       		.byte	0xf0
 283 009d A1000000 		.4byte	0xa1
 284 00a1 05       		.uleb128 0x5
 285 00a2 6B000000 		.4byte	0x6b
 286 00a6 02       		.uleb128 0x2
 287 00a7 04       		.byte	0x4
 288 00a8 07       		.byte	0x7
 289 00a9 4D020000 		.4byte	.LASF15
<<<<<<< HEAD
ARM GAS  C:\Users\mgronber\AppData\Local\Temp\ccDKleKT.s 			page 9
=======
ARM GAS  C:\Users\mgronber\AppData\Local\Temp\ccJXEffS.s 			page 9
>>>>>>> parent of 07369c6... MAG got tuner and pitch display to stop flickering


 290 00ad 06       		.uleb128 0x6
 291 00ae 0C       		.byte	0xc
 292 00af 03       		.byte	0x3
 293 00b0 43       		.byte	0x43
 294 00b1 E6000000 		.4byte	0xe6
 295 00b5 07       		.uleb128 0x7
 296 00b6 00000000 		.4byte	.LASF16
 297 00ba 03       		.byte	0x3
 298 00bb 45       		.byte	0x45
 299 00bc 6B000000 		.4byte	0x6b
 300 00c0 00       		.byte	0
 301 00c1 07       		.uleb128 0x7
 302 00c2 2A000000 		.4byte	.LASF17
 303 00c6 03       		.byte	0x3
 304 00c7 48       		.byte	0x48
 305 00c8 76000000 		.4byte	0x76
 306 00cc 04       		.byte	0x4
 307 00cd 07       		.uleb128 0x7
 308 00ce 25030000 		.4byte	.LASF18
 309 00d2 03       		.byte	0x3
 310 00d3 49       		.byte	0x49
 311 00d4 6B000000 		.4byte	0x6b
 312 00d8 08       		.byte	0x8
 313 00d9 07       		.uleb128 0x7
 314 00da 38030000 		.4byte	.LASF19
 315 00de 03       		.byte	0x3
 316 00df 4F       		.byte	0x4f
 317 00e0 6B000000 		.4byte	0x6b
 318 00e4 09       		.byte	0x9
 319 00e5 00       		.byte	0
 320 00e6 04       		.uleb128 0x4
 321 00e7 0C010000 		.4byte	.LASF20
 322 00eb 03       		.byte	0x3
 323 00ec 53       		.byte	0x53
 324 00ed AD000000 		.4byte	0xad
 325 00f1 08       		.uleb128 0x8
 326 00f2 F1020000 		.4byte	.LASF21
 327 00f6 01       		.byte	0x1
 328 00f7 2B       		.byte	0x2b
 329 00f8 00000000 		.4byte	.LFB0
 330 00fc 20000000 		.4byte	.LFE0-.LFB0
 331 0100 01       		.uleb128 0x1
 332 0101 9C       		.byte	0x9c
 333 0102 19010000 		.4byte	0x119
 334 0106 09       		.uleb128 0x9
 335 0107 06000000 		.4byte	.LVL0
 336 010b A2010000 		.4byte	0x1a2
 337 010f 09       		.uleb128 0x9
 338 0110 14000000 		.4byte	.LVL1
 339 0114 AD010000 		.4byte	0x1ad
 340 0118 00       		.byte	0
 341 0119 08       		.uleb128 0x8
 342 011a 56020000 		.4byte	.LASF22
 343 011e 01       		.byte	0x1
 344 011f 4D       		.byte	0x4d
 345 0120 00000000 		.4byte	.LFB1
 346 0124 24000000 		.4byte	.LFE1-.LFB1
<<<<<<< HEAD
ARM GAS  C:\Users\mgronber\AppData\Local\Temp\ccDKleKT.s 			page 10
=======
ARM GAS  C:\Users\mgronber\AppData\Local\Temp\ccJXEffS.s 			page 10
>>>>>>> parent of 07369c6... MAG got tuner and pitch display to stop flickering


 347 0128 01       		.uleb128 0x1
 348 0129 9C       		.byte	0x9c
 349 012a 41010000 		.4byte	0x141
 350 012e 09       		.uleb128 0x9
 351 012f 0A000000 		.4byte	.LVL2
 352 0133 B8010000 		.4byte	0x1b8
 353 0137 0A       		.uleb128 0xa
 354 0138 1A000000 		.4byte	.LVL3
 355 013c C9010000 		.4byte	0x1c9
 356 0140 00       		.byte	0
 357 0141 08       		.uleb128 0x8
 358 0142 C5020000 		.4byte	.LASF23
 359 0146 01       		.byte	0x1
 360 0147 70       		.byte	0x70
 361 0148 00000000 		.4byte	.LFB2
 362 014c 28000000 		.4byte	.LFE2-.LFB2
 363 0150 01       		.uleb128 0x1
 364 0151 9C       		.byte	0x9c
 365 0152 69010000 		.4byte	0x169
 366 0156 09       		.uleb128 0x9
 367 0157 18000000 		.4byte	.LVL4
 368 015b DA010000 		.4byte	0x1da
 369 015f 0A       		.uleb128 0xa
 370 0160 20000000 		.4byte	.LVL5
 371 0164 F1000000 		.4byte	0xf1
 372 0168 00       		.byte	0
 373 0169 08       		.uleb128 0x8
 374 016a EB010000 		.4byte	.LASF24
 375 016e 01       		.byte	0x1
 376 016f 96       		.byte	0x96
 377 0170 00000000 		.4byte	.LFB3
 378 0174 1C000000 		.4byte	.LFE3-.LFB3
 379 0178 01       		.uleb128 0x1
 380 0179 9C       		.byte	0x9c
 381 017a 91010000 		.4byte	0x191
 382 017e 09       		.uleb128 0x9
 383 017f 06000000 		.4byte	.LVL6
 384 0183 19010000 		.4byte	0x119
 385 0187 0A       		.uleb128 0xa
 386 0188 18000000 		.4byte	.LVL7
 387 018c E1010000 		.4byte	0x1e1
 388 0190 00       		.byte	0
 389 0191 0B       		.uleb128 0xb
 390 0192 38010000 		.4byte	.LASF34
 391 0196 01       		.byte	0x1
 392 0197 15       		.byte	0x15
 393 0198 E6000000 		.4byte	0xe6
 394 019c 05       		.uleb128 0x5
 395 019d 03       		.byte	0x3
 396 019e 00000000 		.4byte	TIMER_SAMPLERATE_backup
 397 01a2 0C       		.uleb128 0xc
 398 01a3 A8020000 		.4byte	.LASF25
 399 01a7 03       		.byte	0x3
 400 01a8 69       		.byte	0x69
 401 01a9 76000000 		.4byte	0x76
 402 01ad 0C       		.uleb128 0xc
 403 01ae 6D010000 		.4byte	.LASF26
<<<<<<< HEAD
ARM GAS  C:\Users\mgronber\AppData\Local\Temp\ccDKleKT.s 			page 11
=======
ARM GAS  C:\Users\mgronber\AppData\Local\Temp\ccJXEffS.s 			page 11
>>>>>>> parent of 07369c6... MAG got tuner and pitch display to stop flickering


 404 01b2 03       		.byte	0x3
 405 01b3 63       		.byte	0x63
 406 01b4 6B000000 		.4byte	0x6b
 407 01b8 0D       		.uleb128 0xd
 408 01b9 92010000 		.4byte	.LASF27
 409 01bd 03       		.byte	0x3
 410 01be 6A       		.byte	0x6a
 411 01bf C9010000 		.4byte	0x1c9
 412 01c3 0E       		.uleb128 0xe
 413 01c4 76000000 		.4byte	0x76
 414 01c8 00       		.byte	0
 415 01c9 0D       		.uleb128 0xd
 416 01ca 10020000 		.4byte	.LASF28
 417 01ce 03       		.byte	0x3
 418 01cf 64       		.byte	0x64
 419 01d0 DA010000 		.4byte	0x1da
 420 01d4 0E       		.uleb128 0xe
 421 01d5 6B000000 		.4byte	0x6b
 422 01d9 00       		.byte	0
 423 01da 0F       		.uleb128 0xf
 424 01db 92020000 		.4byte	.LASF29
 425 01df 03       		.byte	0x3
 426 01e0 5B       		.byte	0x5b
 427 01e1 0F       		.uleb128 0xf
 428 01e2 0D030000 		.4byte	.LASF30
 429 01e6 03       		.byte	0x3
 430 01e7 8B       		.byte	0x8b
 431 01e8 00       		.byte	0
 432              		.section	.debug_abbrev,"",%progbits
 433              	.Ldebug_abbrev0:
 434 0000 01       		.uleb128 0x1
 435 0001 11       		.uleb128 0x11
 436 0002 01       		.byte	0x1
 437 0003 25       		.uleb128 0x25
 438 0004 0E       		.uleb128 0xe
 439 0005 13       		.uleb128 0x13
 440 0006 0B       		.uleb128 0xb
 441 0007 03       		.uleb128 0x3
 442 0008 0E       		.uleb128 0xe
 443 0009 1B       		.uleb128 0x1b
 444 000a 0E       		.uleb128 0xe
 445 000b 55       		.uleb128 0x55
 446 000c 17       		.uleb128 0x17
 447 000d 11       		.uleb128 0x11
 448 000e 01       		.uleb128 0x1
 449 000f 10       		.uleb128 0x10
 450 0010 17       		.uleb128 0x17
 451 0011 00       		.byte	0
 452 0012 00       		.byte	0
 453 0013 02       		.uleb128 0x2
 454 0014 24       		.uleb128 0x24
 455 0015 00       		.byte	0
 456 0016 0B       		.uleb128 0xb
 457 0017 0B       		.uleb128 0xb
 458 0018 3E       		.uleb128 0x3e
 459 0019 0B       		.uleb128 0xb
 460 001a 03       		.uleb128 0x3
<<<<<<< HEAD
ARM GAS  C:\Users\mgronber\AppData\Local\Temp\ccDKleKT.s 			page 12
=======
ARM GAS  C:\Users\mgronber\AppData\Local\Temp\ccJXEffS.s 			page 12
>>>>>>> parent of 07369c6... MAG got tuner and pitch display to stop flickering


 461 001b 0E       		.uleb128 0xe
 462 001c 00       		.byte	0
 463 001d 00       		.byte	0
 464 001e 03       		.uleb128 0x3
 465 001f 24       		.uleb128 0x24
 466 0020 00       		.byte	0
 467 0021 0B       		.uleb128 0xb
 468 0022 0B       		.uleb128 0xb
 469 0023 3E       		.uleb128 0x3e
 470 0024 0B       		.uleb128 0xb
 471 0025 03       		.uleb128 0x3
 472 0026 08       		.uleb128 0x8
 473 0027 00       		.byte	0
 474 0028 00       		.byte	0
 475 0029 04       		.uleb128 0x4
 476 002a 16       		.uleb128 0x16
 477 002b 00       		.byte	0
 478 002c 03       		.uleb128 0x3
 479 002d 0E       		.uleb128 0xe
 480 002e 3A       		.uleb128 0x3a
 481 002f 0B       		.uleb128 0xb
 482 0030 3B       		.uleb128 0x3b
 483 0031 0B       		.uleb128 0xb
 484 0032 49       		.uleb128 0x49
 485 0033 13       		.uleb128 0x13
 486 0034 00       		.byte	0
 487 0035 00       		.byte	0
 488 0036 05       		.uleb128 0x5
 489 0037 35       		.uleb128 0x35
 490 0038 00       		.byte	0
 491 0039 49       		.uleb128 0x49
 492 003a 13       		.uleb128 0x13
 493 003b 00       		.byte	0
 494 003c 00       		.byte	0
 495 003d 06       		.uleb128 0x6
 496 003e 13       		.uleb128 0x13
 497 003f 01       		.byte	0x1
 498 0040 0B       		.uleb128 0xb
 499 0041 0B       		.uleb128 0xb
 500 0042 3A       		.uleb128 0x3a
 501 0043 0B       		.uleb128 0xb
 502 0044 3B       		.uleb128 0x3b
 503 0045 0B       		.uleb128 0xb
 504 0046 01       		.uleb128 0x1
 505 0047 13       		.uleb128 0x13
 506 0048 00       		.byte	0
 507 0049 00       		.byte	0
 508 004a 07       		.uleb128 0x7
 509 004b 0D       		.uleb128 0xd
 510 004c 00       		.byte	0
 511 004d 03       		.uleb128 0x3
 512 004e 0E       		.uleb128 0xe
 513 004f 3A       		.uleb128 0x3a
 514 0050 0B       		.uleb128 0xb
 515 0051 3B       		.uleb128 0x3b
 516 0052 0B       		.uleb128 0xb
 517 0053 49       		.uleb128 0x49
<<<<<<< HEAD
ARM GAS  C:\Users\mgronber\AppData\Local\Temp\ccDKleKT.s 			page 13
=======
ARM GAS  C:\Users\mgronber\AppData\Local\Temp\ccJXEffS.s 			page 13
>>>>>>> parent of 07369c6... MAG got tuner and pitch display to stop flickering


 518 0054 13       		.uleb128 0x13
 519 0055 38       		.uleb128 0x38
 520 0056 0B       		.uleb128 0xb
 521 0057 00       		.byte	0
 522 0058 00       		.byte	0
 523 0059 08       		.uleb128 0x8
 524 005a 2E       		.uleb128 0x2e
 525 005b 01       		.byte	0x1
 526 005c 3F       		.uleb128 0x3f
 527 005d 19       		.uleb128 0x19
 528 005e 03       		.uleb128 0x3
 529 005f 0E       		.uleb128 0xe
 530 0060 3A       		.uleb128 0x3a
 531 0061 0B       		.uleb128 0xb
 532 0062 3B       		.uleb128 0x3b
 533 0063 0B       		.uleb128 0xb
 534 0064 27       		.uleb128 0x27
 535 0065 19       		.uleb128 0x19
 536 0066 11       		.uleb128 0x11
 537 0067 01       		.uleb128 0x1
 538 0068 12       		.uleb128 0x12
 539 0069 06       		.uleb128 0x6
 540 006a 40       		.uleb128 0x40
 541 006b 18       		.uleb128 0x18
 542 006c 9742     		.uleb128 0x2117
 543 006e 19       		.uleb128 0x19
 544 006f 01       		.uleb128 0x1
 545 0070 13       		.uleb128 0x13
 546 0071 00       		.byte	0
 547 0072 00       		.byte	0
 548 0073 09       		.uleb128 0x9
 549 0074 898201   		.uleb128 0x4109
 550 0077 00       		.byte	0
 551 0078 11       		.uleb128 0x11
 552 0079 01       		.uleb128 0x1
 553 007a 31       		.uleb128 0x31
 554 007b 13       		.uleb128 0x13
 555 007c 00       		.byte	0
 556 007d 00       		.byte	0
 557 007e 0A       		.uleb128 0xa
 558 007f 898201   		.uleb128 0x4109
 559 0082 00       		.byte	0
 560 0083 11       		.uleb128 0x11
 561 0084 01       		.uleb128 0x1
 562 0085 9542     		.uleb128 0x2115
 563 0087 19       		.uleb128 0x19
 564 0088 31       		.uleb128 0x31
 565 0089 13       		.uleb128 0x13
 566 008a 00       		.byte	0
 567 008b 00       		.byte	0
 568 008c 0B       		.uleb128 0xb
 569 008d 34       		.uleb128 0x34
 570 008e 00       		.byte	0
 571 008f 03       		.uleb128 0x3
 572 0090 0E       		.uleb128 0xe
 573 0091 3A       		.uleb128 0x3a
 574 0092 0B       		.uleb128 0xb
<<<<<<< HEAD
ARM GAS  C:\Users\mgronber\AppData\Local\Temp\ccDKleKT.s 			page 14
=======
ARM GAS  C:\Users\mgronber\AppData\Local\Temp\ccJXEffS.s 			page 14
>>>>>>> parent of 07369c6... MAG got tuner and pitch display to stop flickering


 575 0093 3B       		.uleb128 0x3b
 576 0094 0B       		.uleb128 0xb
 577 0095 49       		.uleb128 0x49
 578 0096 13       		.uleb128 0x13
 579 0097 02       		.uleb128 0x2
 580 0098 18       		.uleb128 0x18
 581 0099 00       		.byte	0
 582 009a 00       		.byte	0
 583 009b 0C       		.uleb128 0xc
 584 009c 2E       		.uleb128 0x2e
 585 009d 00       		.byte	0
 586 009e 3F       		.uleb128 0x3f
 587 009f 19       		.uleb128 0x19
 588 00a0 03       		.uleb128 0x3
 589 00a1 0E       		.uleb128 0xe
 590 00a2 3A       		.uleb128 0x3a
 591 00a3 0B       		.uleb128 0xb
 592 00a4 3B       		.uleb128 0x3b
 593 00a5 0B       		.uleb128 0xb
 594 00a6 27       		.uleb128 0x27
 595 00a7 19       		.uleb128 0x19
 596 00a8 49       		.uleb128 0x49
 597 00a9 13       		.uleb128 0x13
 598 00aa 3C       		.uleb128 0x3c
 599 00ab 19       		.uleb128 0x19
 600 00ac 00       		.byte	0
 601 00ad 00       		.byte	0
 602 00ae 0D       		.uleb128 0xd
 603 00af 2E       		.uleb128 0x2e
 604 00b0 01       		.byte	0x1
 605 00b1 3F       		.uleb128 0x3f
 606 00b2 19       		.uleb128 0x19
 607 00b3 03       		.uleb128 0x3
 608 00b4 0E       		.uleb128 0xe
 609 00b5 3A       		.uleb128 0x3a
 610 00b6 0B       		.uleb128 0xb
 611 00b7 3B       		.uleb128 0x3b
 612 00b8 0B       		.uleb128 0xb
 613 00b9 27       		.uleb128 0x27
 614 00ba 19       		.uleb128 0x19
 615 00bb 3C       		.uleb128 0x3c
 616 00bc 19       		.uleb128 0x19
 617 00bd 01       		.uleb128 0x1
 618 00be 13       		.uleb128 0x13
 619 00bf 00       		.byte	0
 620 00c0 00       		.byte	0
 621 00c1 0E       		.uleb128 0xe
 622 00c2 05       		.uleb128 0x5
 623 00c3 00       		.byte	0
 624 00c4 49       		.uleb128 0x49
 625 00c5 13       		.uleb128 0x13
 626 00c6 00       		.byte	0
 627 00c7 00       		.byte	0
 628 00c8 0F       		.uleb128 0xf
 629 00c9 2E       		.uleb128 0x2e
 630 00ca 00       		.byte	0
 631 00cb 3F       		.uleb128 0x3f
<<<<<<< HEAD
ARM GAS  C:\Users\mgronber\AppData\Local\Temp\ccDKleKT.s 			page 15
=======
ARM GAS  C:\Users\mgronber\AppData\Local\Temp\ccJXEffS.s 			page 15
>>>>>>> parent of 07369c6... MAG got tuner and pitch display to stop flickering


 632 00cc 19       		.uleb128 0x19
 633 00cd 03       		.uleb128 0x3
 634 00ce 0E       		.uleb128 0xe
 635 00cf 3A       		.uleb128 0x3a
 636 00d0 0B       		.uleb128 0xb
 637 00d1 3B       		.uleb128 0x3b
 638 00d2 0B       		.uleb128 0xb
 639 00d3 27       		.uleb128 0x27
 640 00d4 19       		.uleb128 0x19
 641 00d5 3C       		.uleb128 0x3c
 642 00d6 19       		.uleb128 0x19
 643 00d7 00       		.byte	0
 644 00d8 00       		.byte	0
 645 00d9 00       		.byte	0
 646              		.section	.debug_aranges,"",%progbits
 647 0000 34000000 		.4byte	0x34
 648 0004 0200     		.2byte	0x2
 649 0006 00000000 		.4byte	.Ldebug_info0
 650 000a 04       		.byte	0x4
 651 000b 00       		.byte	0
 652 000c 0000     		.2byte	0
 653 000e 0000     		.2byte	0
 654 0010 00000000 		.4byte	.LFB0
 655 0014 20000000 		.4byte	.LFE0-.LFB0
 656 0018 00000000 		.4byte	.LFB1
 657 001c 24000000 		.4byte	.LFE1-.LFB1
 658 0020 00000000 		.4byte	.LFB2
 659 0024 28000000 		.4byte	.LFE2-.LFB2
 660 0028 00000000 		.4byte	.LFB3
 661 002c 1C000000 		.4byte	.LFE3-.LFB3
 662 0030 00000000 		.4byte	0
 663 0034 00000000 		.4byte	0
 664              		.section	.debug_ranges,"",%progbits
 665              	.Ldebug_ranges0:
 666 0000 00000000 		.4byte	.LFB0
 667 0004 20000000 		.4byte	.LFE0
 668 0008 00000000 		.4byte	.LFB1
 669 000c 24000000 		.4byte	.LFE1
 670 0010 00000000 		.4byte	.LFB2
 671 0014 28000000 		.4byte	.LFE2
 672 0018 00000000 		.4byte	.LFB3
 673 001c 1C000000 		.4byte	.LFE3
 674 0020 00000000 		.4byte	0
 675 0024 00000000 		.4byte	0
 676              		.section	.debug_line,"",%progbits
 677              	.Ldebug_line0:
 678 0000 C6000000 		.section	.debug_str,"MS",%progbits,1
 678      02006600 
 678      00000201 
 678      FB0E0D00 
 678      01010101 
 679              	.LASF16:
 680 0000 54696D65 		.ascii	"TimerEnableState\000"
 680      72456E61 
 680      626C6553 
 680      74617465 
 680      00
<<<<<<< HEAD
ARM GAS  C:\Users\mgronber\AppData\Local\Temp\ccDKleKT.s 			page 16
=======
ARM GAS  C:\Users\mgronber\AppData\Local\Temp\ccJXEffS.s 			page 16
>>>>>>> parent of 07369c6... MAG got tuner and pitch display to stop flickering


 681              	.LASF11:
 682 0011 666C6F61 		.ascii	"float\000"
 682      7400
 683              	.LASF3:
 684 0017 73686F72 		.ascii	"short unsigned int\000"
 684      7420756E 
 684      7369676E 
 684      65642069 
 684      6E7400
 685              	.LASF17:
 686 002a 54696D65 		.ascii	"TimerUdb\000"
 686      72556462 
 686      00
 687              	.LASF33:
 688 0033 433A5C55 		.ascii	"C:\\Users\\mgronber\\Desktop\\Hummingbird\\Hummingb"
 688      73657273 
 688      5C6D6772 
 688      6F6E6265 
 688      725C4465 
 689 0061 69726428 		.ascii	"ird(Continuous Output).cydsn\000"
 689      436F6E74 
 689      696E756F 
 689      7573204F 
 689      75747075 
 690              	.LASF31:
 691 007e 474E5520 		.ascii	"GNU C 4.9.3 20150303 (release) [ARM/embedded-4_9-br"
 691      4320342E 
 691      392E3320 
 691      32303135 
 691      30333033 
 692 00b1 616E6368 		.ascii	"anch revision 221220] -mcpu=cortex-m3 -mthumb -g -O"
 692      20726576 
 692      6973696F 
 692      6E203232 
 692      31323230 
 693 00e4 32202D66 		.ascii	"2 -ffunction-sections -ffat-lto-objects\000"
 693      66756E63 
 693      74696F6E 
 693      2D736563 
 693      74696F6E 
 694              	.LASF20:
 695 010c 54494D45 		.ascii	"TIMER_SAMPLERATE_backupStruct\000"
 695      525F5341 
 695      4D504C45 
 695      52415445 
 695      5F626163 
 696              	.LASF1:
 697 012a 756E7369 		.ascii	"unsigned char\000"
 697      676E6564 
 697      20636861 
 697      7200
 698              	.LASF34:
 699 0138 54494D45 		.ascii	"TIMER_SAMPLERATE_backup\000"
 699      525F5341 
 699      4D504C45 
 699      52415445 
 699      5F626163 
<<<<<<< HEAD
ARM GAS  C:\Users\mgronber\AppData\Local\Temp\ccDKleKT.s 			page 17
=======
ARM GAS  C:\Users\mgronber\AppData\Local\Temp\ccJXEffS.s 			page 17
>>>>>>> parent of 07369c6... MAG got tuner and pitch display to stop flickering


 700              	.LASF14:
 701 0150 72656738 		.ascii	"reg8\000"
 701      00
 702              	.LASF5:
 703 0155 6C6F6E67 		.ascii	"long unsigned int\000"
 703      20756E73 
 703      69676E65 
 703      6420696E 
 703      7400
 704              	.LASF9:
 705 0167 75696E74 		.ascii	"uint8\000"
 705      3800
 706              	.LASF26:
 707 016d 54494D45 		.ascii	"TIMER_SAMPLERATE_ReadControlRegister\000"
 707      525F5341 
 707      4D504C45 
 707      52415445 
 707      5F526561 
 708              	.LASF27:
 709 0192 54494D45 		.ascii	"TIMER_SAMPLERATE_WriteCounter\000"
 709      525F5341 
 709      4D504C45 
 709      52415445 
 709      5F577269 
 710              	.LASF12:
 711 01b0 646F7562 		.ascii	"double\000"
 711      6C6500
 712              	.LASF32:
 713 01b7 47656E65 		.ascii	"Generated_Source\\PSoC5\\TIMER_SAMPLERATE_PM.c\000"
 713      72617465 
 713      645F536F 
 713      75726365 
 713      5C50536F 
 714              	.LASF10:
 715 01e4 75696E74 		.ascii	"uint32\000"
 715      333200
 716              	.LASF24:
 717 01eb 54494D45 		.ascii	"TIMER_SAMPLERATE_Wakeup\000"
 717      525F5341 
 717      4D504C45 
 717      52415445 
 717      5F57616B 
 718              	.LASF8:
 719 0203 756E7369 		.ascii	"unsigned int\000"
 719      676E6564 
 719      20696E74 
 719      00
 720              	.LASF28:
 721 0210 54494D45 		.ascii	"TIMER_SAMPLERATE_WriteControlRegister\000"
 721      525F5341 
 721      4D504C45 
 721      52415445 
 721      5F577269 
 722              	.LASF7:
 723 0236 6C6F6E67 		.ascii	"long long unsigned int\000"
 723      206C6F6E 
 723      6720756E 
<<<<<<< HEAD
ARM GAS  C:\Users\mgronber\AppData\Local\Temp\ccDKleKT.s 			page 18
=======
ARM GAS  C:\Users\mgronber\AppData\Local\Temp\ccJXEffS.s 			page 18
>>>>>>> parent of 07369c6... MAG got tuner and pitch display to stop flickering


 723      7369676E 
 723      65642069 
 724              	.LASF15:
 725 024d 73697A65 		.ascii	"sizetype\000"
 725      74797065 
 725      00
 726              	.LASF22:
 727 0256 54494D45 		.ascii	"TIMER_SAMPLERATE_RestoreConfig\000"
 727      525F5341 
 727      4D504C45 
 727      52415445 
 727      5F526573 
 728              	.LASF6:
 729 0275 6C6F6E67 		.ascii	"long long int\000"
 729      206C6F6E 
 729      6720696E 
 729      7400
 730              	.LASF13:
 731 0283 63686172 		.ascii	"char\000"
 731      00
 732              	.LASF2:
 733 0288 73686F72 		.ascii	"short int\000"
 733      7420696E 
 733      7400
 734              	.LASF29:
 735 0292 54494D45 		.ascii	"TIMER_SAMPLERATE_Stop\000"
 735      525F5341 
 735      4D504C45 
 735      52415445 
 735      5F53746F 
 736              	.LASF25:
 737 02a8 54494D45 		.ascii	"TIMER_SAMPLERATE_ReadCounter\000"
 737      525F5341 
 737      4D504C45 
 737      52415445 
 737      5F526561 
 738              	.LASF23:
 739 02c5 54494D45 		.ascii	"TIMER_SAMPLERATE_Sleep\000"
 739      525F5341 
 739      4D504C45 
 739      52415445 
 739      5F536C65 
 740              	.LASF4:
 741 02dc 6C6F6E67 		.ascii	"long int\000"
 741      20696E74 
 741      00
 742              	.LASF0:
 743 02e5 7369676E 		.ascii	"signed char\000"
 743      65642063 
 743      68617200 
 744              	.LASF21:
 745 02f1 54494D45 		.ascii	"TIMER_SAMPLERATE_SaveConfig\000"
 745      525F5341 
 745      4D504C45 
 745      52415445 
 745      5F536176 
 746              	.LASF30:
<<<<<<< HEAD
ARM GAS  C:\Users\mgronber\AppData\Local\Temp\ccDKleKT.s 			page 19
=======
ARM GAS  C:\Users\mgronber\AppData\Local\Temp\ccJXEffS.s 			page 19
>>>>>>> parent of 07369c6... MAG got tuner and pitch display to stop flickering


 747 030d 54494D45 		.ascii	"TIMER_SAMPLERATE_Enable\000"
 747      525F5341 
 747      4D504C45 
 747      52415445 
 747      5F456E61 
 748              	.LASF18:
 749 0325 496E7465 		.ascii	"InterruptMaskValue\000"
 749      72727570 
 749      744D6173 
 749      6B56616C 
 749      756500
 750              	.LASF19:
 751 0338 54696D65 		.ascii	"TimerControlRegister\000"
 751      72436F6E 
 751      74726F6C 
 751      52656769 
 751      73746572 
 752              		.ident	"GCC: (GNU Tools for ARM Embedded Processors) 4.9.3 20150303 (release) [ARM/embedded-4_9-br
