ARM GAS  C:\Users\jwvance\AppData\Local\Temp\ccYsJJJy.s 			page 1


   1              		.syntax unified
   2              		.cpu cortex-m3
   3              		.fpu softvfp
   4              		.eabi_attribute 20, 1
   5              		.eabi_attribute 21, 1
   6              		.eabi_attribute 23, 3
   7              		.eabi_attribute 24, 1
   8              		.eabi_attribute 25, 1
   9              		.eabi_attribute 26, 1
  10              		.eabi_attribute 30, 2
  11              		.eabi_attribute 34, 1
  12              		.eabi_attribute 18, 4
  13              		.thumb
  14              		.file	"UI_ADC_FinalBuf_dma.c"
  15              		.text
  16              	.Ltext0:
  17              		.cfi_sections	.debug_frame
  18              		.section	.text.UI_ADC_FinalBuf_DmaInitialize,"ax",%progbits
  19              		.align	2
  20              		.global	UI_ADC_FinalBuf_DmaInitialize
  21              		.thumb
  22              		.thumb_func
  23              		.type	UI_ADC_FinalBuf_DmaInitialize, %function
  24              	UI_ADC_FinalBuf_DmaInitialize:
  25              	.LFB0:
  26              		.file 1 "Generated_Source\\PSoC5\\UI_ADC_FinalBuf_dma.c"
   1:Generated_Source\PSoC5/UI_ADC_FinalBuf_dma.c **** /***************************************************************************
   2:Generated_Source\PSoC5/UI_ADC_FinalBuf_dma.c **** * File Name: UI_ADC_FinalBuf_dma.c  
   3:Generated_Source\PSoC5/UI_ADC_FinalBuf_dma.c **** * Version 1.70
   4:Generated_Source\PSoC5/UI_ADC_FinalBuf_dma.c **** *
   5:Generated_Source\PSoC5/UI_ADC_FinalBuf_dma.c **** *  Description:
   6:Generated_Source\PSoC5/UI_ADC_FinalBuf_dma.c **** *   Provides an API for the DMAC component. The API includes functions
   7:Generated_Source\PSoC5/UI_ADC_FinalBuf_dma.c **** *   for the DMA controller, DMA channels and Transfer Descriptors.
   8:Generated_Source\PSoC5/UI_ADC_FinalBuf_dma.c **** *
   9:Generated_Source\PSoC5/UI_ADC_FinalBuf_dma.c **** *
  10:Generated_Source\PSoC5/UI_ADC_FinalBuf_dma.c **** *   Note:
  11:Generated_Source\PSoC5/UI_ADC_FinalBuf_dma.c **** *     This module requires the developer to finish or fill in the auto
  12:Generated_Source\PSoC5/UI_ADC_FinalBuf_dma.c **** *     generated funcions and setup the dma channel and TD's.
  13:Generated_Source\PSoC5/UI_ADC_FinalBuf_dma.c **** *
  14:Generated_Source\PSoC5/UI_ADC_FinalBuf_dma.c **** ********************************************************************************
  15:Generated_Source\PSoC5/UI_ADC_FinalBuf_dma.c **** * Copyright 2008-2010, Cypress Semiconductor Corporation.  All rights reserved.
  16:Generated_Source\PSoC5/UI_ADC_FinalBuf_dma.c **** * You may use this file only in accordance with the license, terms, conditions, 
  17:Generated_Source\PSoC5/UI_ADC_FinalBuf_dma.c **** * disclaimers, and limitations in the end user license agreement accompanying 
  18:Generated_Source\PSoC5/UI_ADC_FinalBuf_dma.c **** * the software package with which this file was provided.
  19:Generated_Source\PSoC5/UI_ADC_FinalBuf_dma.c **** ********************************************************************************/
  20:Generated_Source\PSoC5/UI_ADC_FinalBuf_dma.c **** #include <CYLIB.H>
  21:Generated_Source\PSoC5/UI_ADC_FinalBuf_dma.c **** #include <CYDMAC.H>
  22:Generated_Source\PSoC5/UI_ADC_FinalBuf_dma.c **** #include <UI_ADC_FinalBuf_dma.H>
  23:Generated_Source\PSoC5/UI_ADC_FinalBuf_dma.c **** 
  24:Generated_Source\PSoC5/UI_ADC_FinalBuf_dma.c **** 
  25:Generated_Source\PSoC5/UI_ADC_FinalBuf_dma.c **** 
  26:Generated_Source\PSoC5/UI_ADC_FinalBuf_dma.c **** /****************************************************************************
  27:Generated_Source\PSoC5/UI_ADC_FinalBuf_dma.c **** * 
  28:Generated_Source\PSoC5/UI_ADC_FinalBuf_dma.c **** * The following defines are available in Cyfitter.h
  29:Generated_Source\PSoC5/UI_ADC_FinalBuf_dma.c **** * 
  30:Generated_Source\PSoC5/UI_ADC_FinalBuf_dma.c **** * 
  31:Generated_Source\PSoC5/UI_ADC_FinalBuf_dma.c **** * 
ARM GAS  C:\Users\jwvance\AppData\Local\Temp\ccYsJJJy.s 			page 2


  32:Generated_Source\PSoC5/UI_ADC_FinalBuf_dma.c **** * UI_ADC_FinalBuf__DRQ_CTL_REG
  33:Generated_Source\PSoC5/UI_ADC_FinalBuf_dma.c **** * 
  34:Generated_Source\PSoC5/UI_ADC_FinalBuf_dma.c **** * 
  35:Generated_Source\PSoC5/UI_ADC_FinalBuf_dma.c **** * UI_ADC_FinalBuf__DRQ_NUMBER
  36:Generated_Source\PSoC5/UI_ADC_FinalBuf_dma.c **** * 
  37:Generated_Source\PSoC5/UI_ADC_FinalBuf_dma.c **** * Number of TD's used by this channel.
  38:Generated_Source\PSoC5/UI_ADC_FinalBuf_dma.c **** * UI_ADC_FinalBuf__NUMBEROF_TDS
  39:Generated_Source\PSoC5/UI_ADC_FinalBuf_dma.c **** * 
  40:Generated_Source\PSoC5/UI_ADC_FinalBuf_dma.c **** * Priority of this channel.
  41:Generated_Source\PSoC5/UI_ADC_FinalBuf_dma.c **** * UI_ADC_FinalBuf__PRIORITY
  42:Generated_Source\PSoC5/UI_ADC_FinalBuf_dma.c **** * 
  43:Generated_Source\PSoC5/UI_ADC_FinalBuf_dma.c **** * True if UI_ADC_FinalBuf_TERMIN_SEL is used.
  44:Generated_Source\PSoC5/UI_ADC_FinalBuf_dma.c **** * UI_ADC_FinalBuf__TERMIN_EN
  45:Generated_Source\PSoC5/UI_ADC_FinalBuf_dma.c **** * 
  46:Generated_Source\PSoC5/UI_ADC_FinalBuf_dma.c **** * TERMIN interrupt line to signal terminate.
  47:Generated_Source\PSoC5/UI_ADC_FinalBuf_dma.c **** * UI_ADC_FinalBuf__TERMIN_SEL
  48:Generated_Source\PSoC5/UI_ADC_FinalBuf_dma.c **** * 
  49:Generated_Source\PSoC5/UI_ADC_FinalBuf_dma.c **** * 
  50:Generated_Source\PSoC5/UI_ADC_FinalBuf_dma.c **** * True if UI_ADC_FinalBuf_TERMOUT0_SEL is used.
  51:Generated_Source\PSoC5/UI_ADC_FinalBuf_dma.c **** * UI_ADC_FinalBuf__TERMOUT0_EN
  52:Generated_Source\PSoC5/UI_ADC_FinalBuf_dma.c **** * 
  53:Generated_Source\PSoC5/UI_ADC_FinalBuf_dma.c **** * 
  54:Generated_Source\PSoC5/UI_ADC_FinalBuf_dma.c **** * TERMOUT0 interrupt line to signal completion.
  55:Generated_Source\PSoC5/UI_ADC_FinalBuf_dma.c **** * UI_ADC_FinalBuf__TERMOUT0_SEL
  56:Generated_Source\PSoC5/UI_ADC_FinalBuf_dma.c **** * 
  57:Generated_Source\PSoC5/UI_ADC_FinalBuf_dma.c **** * 
  58:Generated_Source\PSoC5/UI_ADC_FinalBuf_dma.c **** * True if UI_ADC_FinalBuf_TERMOUT1_SEL is used.
  59:Generated_Source\PSoC5/UI_ADC_FinalBuf_dma.c **** * UI_ADC_FinalBuf__TERMOUT1_EN
  60:Generated_Source\PSoC5/UI_ADC_FinalBuf_dma.c **** * 
  61:Generated_Source\PSoC5/UI_ADC_FinalBuf_dma.c **** * 
  62:Generated_Source\PSoC5/UI_ADC_FinalBuf_dma.c **** * TERMOUT1 interrupt line to signal completion.
  63:Generated_Source\PSoC5/UI_ADC_FinalBuf_dma.c **** * UI_ADC_FinalBuf__TERMOUT1_SEL
  64:Generated_Source\PSoC5/UI_ADC_FinalBuf_dma.c **** * 
  65:Generated_Source\PSoC5/UI_ADC_FinalBuf_dma.c **** ****************************************************************************/
  66:Generated_Source\PSoC5/UI_ADC_FinalBuf_dma.c **** 
  67:Generated_Source\PSoC5/UI_ADC_FinalBuf_dma.c **** 
  68:Generated_Source\PSoC5/UI_ADC_FinalBuf_dma.c **** /* Zero based index of UI_ADC_FinalBuf dma channel */
  69:Generated_Source\PSoC5/UI_ADC_FinalBuf_dma.c **** uint8 UI_ADC_FinalBuf_DmaHandle = DMA_INVALID_CHANNEL;
  70:Generated_Source\PSoC5/UI_ADC_FinalBuf_dma.c **** 
  71:Generated_Source\PSoC5/UI_ADC_FinalBuf_dma.c **** /*********************************************************************
  72:Generated_Source\PSoC5/UI_ADC_FinalBuf_dma.c **** * Function Name: uint8 UI_ADC_FinalBuf_DmaInitalize
  73:Generated_Source\PSoC5/UI_ADC_FinalBuf_dma.c **** **********************************************************************
  74:Generated_Source\PSoC5/UI_ADC_FinalBuf_dma.c **** * Summary:
  75:Generated_Source\PSoC5/UI_ADC_FinalBuf_dma.c **** *   Allocates and initialises a channel of the DMAC to be used by the
  76:Generated_Source\PSoC5/UI_ADC_FinalBuf_dma.c **** *   caller.
  77:Generated_Source\PSoC5/UI_ADC_FinalBuf_dma.c **** *
  78:Generated_Source\PSoC5/UI_ADC_FinalBuf_dma.c **** * Parameters:
  79:Generated_Source\PSoC5/UI_ADC_FinalBuf_dma.c **** *   BurstCount.
  80:Generated_Source\PSoC5/UI_ADC_FinalBuf_dma.c **** *       
  81:Generated_Source\PSoC5/UI_ADC_FinalBuf_dma.c **** *       
  82:Generated_Source\PSoC5/UI_ADC_FinalBuf_dma.c **** *   ReqestPerBurst.
  83:Generated_Source\PSoC5/UI_ADC_FinalBuf_dma.c **** *       
  84:Generated_Source\PSoC5/UI_ADC_FinalBuf_dma.c **** *       
  85:Generated_Source\PSoC5/UI_ADC_FinalBuf_dma.c **** *   UpperSrcAddress.
  86:Generated_Source\PSoC5/UI_ADC_FinalBuf_dma.c **** *       
  87:Generated_Source\PSoC5/UI_ADC_FinalBuf_dma.c **** *       
  88:Generated_Source\PSoC5/UI_ADC_FinalBuf_dma.c **** *   UpperDestAddress.
ARM GAS  C:\Users\jwvance\AppData\Local\Temp\ccYsJJJy.s 			page 3


  89:Generated_Source\PSoC5/UI_ADC_FinalBuf_dma.c **** *       
  90:Generated_Source\PSoC5/UI_ADC_FinalBuf_dma.c **** *
  91:Generated_Source\PSoC5/UI_ADC_FinalBuf_dma.c **** * Return:
  92:Generated_Source\PSoC5/UI_ADC_FinalBuf_dma.c **** *   The channel that can be used by the caller for DMA activity.
  93:Generated_Source\PSoC5/UI_ADC_FinalBuf_dma.c **** *   DMA_INVALID_CHANNEL (0xFF) if there are no channels left. 
  94:Generated_Source\PSoC5/UI_ADC_FinalBuf_dma.c **** *
  95:Generated_Source\PSoC5/UI_ADC_FinalBuf_dma.c **** *
  96:Generated_Source\PSoC5/UI_ADC_FinalBuf_dma.c **** *******************************************************************/
  97:Generated_Source\PSoC5/UI_ADC_FinalBuf_dma.c **** uint8 UI_ADC_FinalBuf_DmaInitialize(uint8 BurstCount, uint8 ReqestPerBurst, uint16 UpperSrcAddress,
  98:Generated_Source\PSoC5/UI_ADC_FinalBuf_dma.c **** {
  27              		.loc 1 98 0
  28              		.cfi_startproc
  29              		@ args = 0, pretend = 0, frame = 0
  30              		@ frame_needed = 0, uses_anonymous_args = 0
  31              	.LVL0:
  32 0000 F0B5     		push	{r4, r5, r6, r7, lr}
  33              		.cfi_def_cfa_offset 20
  34              		.cfi_offset 4, -20
  35              		.cfi_offset 5, -16
  36              		.cfi_offset 6, -12
  37              		.cfi_offset 7, -8
  38              		.cfi_offset 14, -4
  39 0002 8E46     		mov	lr, r1
  40 0004 1746     		mov	r7, r2
  41 0006 1E46     		mov	r6, r3
  42 0008 83B0     		sub	sp, sp, #12
  43              		.cfi_def_cfa_offset 32
  99:Generated_Source\PSoC5/UI_ADC_FinalBuf_dma.c **** 
 100:Generated_Source\PSoC5/UI_ADC_FinalBuf_dma.c ****     /* Allocate a DMA channel. */
 101:Generated_Source\PSoC5/UI_ADC_FinalBuf_dma.c ****     UI_ADC_FinalBuf_DmaHandle = (uint8)UI_ADC_FinalBuf__DRQ_NUMBER;
  44              		.loc 1 101 0
  45 000a 0025     		movs	r5, #0
  46 000c 0A4C     		ldr	r4, .L3
 102:Generated_Source\PSoC5/UI_ADC_FinalBuf_dma.c **** 
 103:Generated_Source\PSoC5/UI_ADC_FinalBuf_dma.c ****     /* Configure the channel. */
 104:Generated_Source\PSoC5/UI_ADC_FinalBuf_dma.c ****     (void)CyDmaChSetConfiguration(UI_ADC_FinalBuf_DmaHandle,
  47              		.loc 1 104 0
  48 000e 7246     		mov	r2, lr
  49              	.LVL1:
  50 0010 2B46     		mov	r3, r5
  51              	.LVL2:
  52 0012 0146     		mov	r1, r0
  53              	.LVL3:
  54 0014 0095     		str	r5, [sp]
  55 0016 0195     		str	r5, [sp, #4]
  56 0018 2846     		mov	r0, r5
  57              	.LVL4:
 101:Generated_Source\PSoC5/UI_ADC_FinalBuf_dma.c **** 
  58              		.loc 1 101 0
  59 001a 2570     		strb	r5, [r4]
  60              		.loc 1 104 0
  61 001c FFF7FEFF 		bl	CyDmaChSetConfiguration
  62              	.LVL5:
 105:Generated_Source\PSoC5/UI_ADC_FinalBuf_dma.c ****                                   BurstCount,
 106:Generated_Source\PSoC5/UI_ADC_FinalBuf_dma.c ****                                   ReqestPerBurst,
 107:Generated_Source\PSoC5/UI_ADC_FinalBuf_dma.c ****                                   (uint8)UI_ADC_FinalBuf__TERMOUT0_SEL,
 108:Generated_Source\PSoC5/UI_ADC_FinalBuf_dma.c ****                                   (uint8)UI_ADC_FinalBuf__TERMOUT1_SEL,
ARM GAS  C:\Users\jwvance\AppData\Local\Temp\ccYsJJJy.s 			page 4


 109:Generated_Source\PSoC5/UI_ADC_FinalBuf_dma.c ****                                   (uint8)UI_ADC_FinalBuf__TERMIN_SEL);
 110:Generated_Source\PSoC5/UI_ADC_FinalBuf_dma.c **** 
 111:Generated_Source\PSoC5/UI_ADC_FinalBuf_dma.c ****     /* Set the extended address for the transfers */
 112:Generated_Source\PSoC5/UI_ADC_FinalBuf_dma.c ****     (void)CyDmaChSetExtendedAddress(UI_ADC_FinalBuf_DmaHandle, UpperSrcAddress, UpperDestAddress);
  63              		.loc 1 112 0
  64 0020 3946     		mov	r1, r7
  65 0022 3246     		mov	r2, r6
  66 0024 2078     		ldrb	r0, [r4]	@ zero_extendqisi2
  67 0026 FFF7FEFF 		bl	CyDmaChSetExtendedAddress
  68              	.LVL6:
 113:Generated_Source\PSoC5/UI_ADC_FinalBuf_dma.c **** 
 114:Generated_Source\PSoC5/UI_ADC_FinalBuf_dma.c ****     /* Set the priority for this channel */
 115:Generated_Source\PSoC5/UI_ADC_FinalBuf_dma.c ****     (void)CyDmaChPriority(UI_ADC_FinalBuf_DmaHandle, (uint8)UI_ADC_FinalBuf__PRIORITY);
  69              		.loc 1 115 0
  70 002a 2078     		ldrb	r0, [r4]	@ zero_extendqisi2
  71 002c 0221     		movs	r1, #2
  72 002e FFF7FEFF 		bl	CyDmaChPriority
  73              	.LVL7:
 116:Generated_Source\PSoC5/UI_ADC_FinalBuf_dma.c ****     
 117:Generated_Source\PSoC5/UI_ADC_FinalBuf_dma.c ****     return UI_ADC_FinalBuf_DmaHandle;
 118:Generated_Source\PSoC5/UI_ADC_FinalBuf_dma.c **** }
  74              		.loc 1 118 0
  75 0032 2078     		ldrb	r0, [r4]	@ zero_extendqisi2
  76 0034 03B0     		add	sp, sp, #12
  77              		.cfi_def_cfa_offset 20
  78              		@ sp needed
  79 0036 F0BD     		pop	{r4, r5, r6, r7, pc}
  80              	.L4:
  81              		.align	2
  82              	.L3:
  83 0038 00000000 		.word	.LANCHOR0
  84              		.cfi_endproc
  85              	.LFE0:
  86              		.size	UI_ADC_FinalBuf_DmaInitialize, .-UI_ADC_FinalBuf_DmaInitialize
  87              		.section	.text.UI_ADC_FinalBuf_DmaRelease,"ax",%progbits
  88              		.align	2
  89              		.global	UI_ADC_FinalBuf_DmaRelease
  90              		.thumb
  91              		.thumb_func
  92              		.type	UI_ADC_FinalBuf_DmaRelease, %function
  93              	UI_ADC_FinalBuf_DmaRelease:
  94              	.LFB1:
 119:Generated_Source\PSoC5/UI_ADC_FinalBuf_dma.c **** 
 120:Generated_Source\PSoC5/UI_ADC_FinalBuf_dma.c **** /*********************************************************************
 121:Generated_Source\PSoC5/UI_ADC_FinalBuf_dma.c **** * Function Name: void UI_ADC_FinalBuf_DmaRelease
 122:Generated_Source\PSoC5/UI_ADC_FinalBuf_dma.c **** **********************************************************************
 123:Generated_Source\PSoC5/UI_ADC_FinalBuf_dma.c **** * Summary:
 124:Generated_Source\PSoC5/UI_ADC_FinalBuf_dma.c **** *   Frees the channel associated with UI_ADC_FinalBuf.
 125:Generated_Source\PSoC5/UI_ADC_FinalBuf_dma.c **** *
 126:Generated_Source\PSoC5/UI_ADC_FinalBuf_dma.c **** *
 127:Generated_Source\PSoC5/UI_ADC_FinalBuf_dma.c **** * Parameters:
 128:Generated_Source\PSoC5/UI_ADC_FinalBuf_dma.c **** *   void.
 129:Generated_Source\PSoC5/UI_ADC_FinalBuf_dma.c **** *
 130:Generated_Source\PSoC5/UI_ADC_FinalBuf_dma.c **** *
 131:Generated_Source\PSoC5/UI_ADC_FinalBuf_dma.c **** *
 132:Generated_Source\PSoC5/UI_ADC_FinalBuf_dma.c **** * Return:
 133:Generated_Source\PSoC5/UI_ADC_FinalBuf_dma.c **** *   void.
ARM GAS  C:\Users\jwvance\AppData\Local\Temp\ccYsJJJy.s 			page 5


 134:Generated_Source\PSoC5/UI_ADC_FinalBuf_dma.c **** *
 135:Generated_Source\PSoC5/UI_ADC_FinalBuf_dma.c **** *******************************************************************/
 136:Generated_Source\PSoC5/UI_ADC_FinalBuf_dma.c **** void UI_ADC_FinalBuf_DmaRelease(void) 
 137:Generated_Source\PSoC5/UI_ADC_FinalBuf_dma.c **** {
  95              		.loc 1 137 0
  96              		.cfi_startproc
  97              		@ args = 0, pretend = 0, frame = 0
  98              		@ frame_needed = 0, uses_anonymous_args = 0
  99              		@ link register save eliminated.
 138:Generated_Source\PSoC5/UI_ADC_FinalBuf_dma.c ****     /* Disable the channel */
 139:Generated_Source\PSoC5/UI_ADC_FinalBuf_dma.c ****     (void)CyDmaChDisable(UI_ADC_FinalBuf_DmaHandle);
 100              		.loc 1 139 0
 101 0000 014B     		ldr	r3, .L6
 102 0002 1878     		ldrb	r0, [r3]	@ zero_extendqisi2
 103 0004 FFF7FEBF 		b	CyDmaChDisable
 104              	.LVL8:
 105              	.L7:
 106              		.align	2
 107              	.L6:
 108 0008 00000000 		.word	.LANCHOR0
 109              		.cfi_endproc
 110              	.LFE1:
 111              		.size	UI_ADC_FinalBuf_DmaRelease, .-UI_ADC_FinalBuf_DmaRelease
 112              		.global	UI_ADC_FinalBuf_DmaHandle
 113              		.data
 114              		.set	.LANCHOR0,. + 0
 115              		.type	UI_ADC_FinalBuf_DmaHandle, %object
 116              		.size	UI_ADC_FinalBuf_DmaHandle, 1
 117              	UI_ADC_FinalBuf_DmaHandle:
 118 0000 FF       		.byte	-1
 119              		.text
 120              	.Letext0:
 121              		.file 2 "Generated_Source\\PSoC5/cytypes.h"
 122              		.file 3 "Generated_Source\\PSoC5/CYDMAC.H"
 123              		.section	.debug_info,"",%progbits
 124              	.Ldebug_info0:
 125 0000 F4010000 		.4byte	0x1f4
 126 0004 0400     		.2byte	0x4
 127 0006 00000000 		.4byte	.Ldebug_abbrev0
 128 000a 04       		.byte	0x4
 129 000b 01       		.uleb128 0x1
 130 000c 15010000 		.4byte	.LASF23
 131 0010 01       		.byte	0x1
 132 0011 B3000000 		.4byte	.LASF24
 133 0015 09000000 		.4byte	.LASF25
 134 0019 00000000 		.4byte	.Ldebug_ranges0+0
 135 001d 00000000 		.4byte	0
 136 0021 00000000 		.4byte	.Ldebug_line0
 137 0025 02       		.uleb128 0x2
 138 0026 04       		.byte	0x4
 139 0027 05       		.byte	0x5
 140 0028 696E7400 		.ascii	"int\000"
 141 002c 03       		.uleb128 0x3
 142 002d 04       		.byte	0x4
 143 002e 07       		.byte	0x7
 144 002f E8010000 		.4byte	.LASF0
 145 0033 03       		.uleb128 0x3
ARM GAS  C:\Users\jwvance\AppData\Local\Temp\ccYsJJJy.s 			page 6


 146 0034 01       		.byte	0x1
 147 0035 06       		.byte	0x6
 148 0036 66020000 		.4byte	.LASF1
 149 003a 03       		.uleb128 0x3
 150 003b 01       		.byte	0x1
 151 003c 08       		.byte	0x8
 152 003d A9010000 		.4byte	.LASF2
 153 0041 03       		.uleb128 0x3
 154 0042 02       		.byte	0x2
 155 0043 05       		.byte	0x5
 156 0044 53020000 		.4byte	.LASF3
 157 0048 03       		.uleb128 0x3
 158 0049 02       		.byte	0x2
 159 004a 07       		.byte	0x7
 160 004b A0000000 		.4byte	.LASF4
 161 004f 03       		.uleb128 0x3
 162 0050 04       		.byte	0x4
 163 0051 05       		.byte	0x5
 164 0052 5D020000 		.4byte	.LASF5
 165 0056 03       		.uleb128 0x3
 166 0057 04       		.byte	0x4
 167 0058 07       		.byte	0x7
 168 0059 C2010000 		.4byte	.LASF6
 169 005d 03       		.uleb128 0x3
 170 005e 08       		.byte	0x8
 171 005f 05       		.byte	0x5
 172 0060 26020000 		.4byte	.LASF7
 173 0064 03       		.uleb128 0x3
 174 0065 08       		.byte	0x8
 175 0066 07       		.byte	0x7
 176 0067 F5010000 		.4byte	.LASF8
 177 006b 03       		.uleb128 0x3
 178 006c 04       		.byte	0x4
 179 006d 07       		.byte	0x7
 180 006e 1D020000 		.4byte	.LASF9
 181 0072 03       		.uleb128 0x3
 182 0073 01       		.byte	0x1
 183 0074 08       		.byte	0x8
 184 0075 4E020000 		.4byte	.LASF10
 185 0079 04       		.uleb128 0x4
 186 007a D4010000 		.4byte	.LASF11
 187 007e 02       		.byte	0x2
 188 007f 5B       		.byte	0x5b
 189 0080 3A000000 		.4byte	0x3a
 190 0084 04       		.uleb128 0x4
 191 0085 E1010000 		.4byte	.LASF12
 192 0089 02       		.byte	0x2
 193 008a 5C       		.byte	0x5c
 194 008b 48000000 		.4byte	0x48
 195 008f 03       		.uleb128 0x3
 196 0090 04       		.byte	0x4
 197 0091 04       		.byte	0x4
 198 0092 A3010000 		.4byte	.LASF13
 199 0096 03       		.uleb128 0x3
 200 0097 08       		.byte	0x8
 201 0098 04       		.byte	0x4
 202 0099 DA010000 		.4byte	.LASF14
ARM GAS  C:\Users\jwvance\AppData\Local\Temp\ccYsJJJy.s 			page 7


 203 009d 04       		.uleb128 0x4
 204 009e 00000000 		.4byte	.LASF15
 205 00a2 02       		.byte	0x2
 206 00a3 E8       		.byte	0xe8
 207 00a4 56000000 		.4byte	0x56
 208 00a8 05       		.uleb128 0x5
 209 00a9 53000000 		.4byte	.LASF26
 210 00ad 01       		.byte	0x1
 211 00ae 61       		.byte	0x61
 212 00af 79000000 		.4byte	0x79
 213 00b3 00000000 		.4byte	.LFB0
 214 00b7 3C000000 		.4byte	.LFE0-.LFB0
 215 00bb 01       		.uleb128 0x1
 216 00bc 9C       		.byte	0x9c
 217 00bd 4F010000 		.4byte	0x14f
 218 00c1 06       		.uleb128 0x6
 219 00c2 B7010000 		.4byte	.LASF16
 220 00c6 01       		.byte	0x1
 221 00c7 61       		.byte	0x61
 222 00c8 79000000 		.4byte	0x79
 223 00cc 00000000 		.4byte	.LLST0
 224 00d0 06       		.uleb128 0x6
 225 00d1 91000000 		.4byte	.LASF17
 226 00d5 01       		.byte	0x1
 227 00d6 61       		.byte	0x61
 228 00d7 79000000 		.4byte	0x79
 229 00db 21000000 		.4byte	.LLST1
 230 00df 06       		.uleb128 0x6
 231 00e0 71000000 		.4byte	.LASF18
 232 00e4 01       		.byte	0x1
 233 00e5 61       		.byte	0x61
 234 00e6 84000000 		.4byte	0x84
 235 00ea 42000000 		.4byte	.LLST2
 236 00ee 06       		.uleb128 0x6
 237 00ef 0C020000 		.4byte	.LASF19
 238 00f3 01       		.byte	0x1
 239 00f4 61       		.byte	0x61
 240 00f5 84000000 		.4byte	0x84
 241 00f9 63000000 		.4byte	.LLST3
 242 00fd 07       		.uleb128 0x7
 243 00fe 20000000 		.4byte	.LVL5
 244 0102 7F010000 		.4byte	0x17f
 245 0106 25010000 		.4byte	0x125
 246 010a 08       		.uleb128 0x8
 247 010b 01       		.uleb128 0x1
 248 010c 53       		.byte	0x53
 249 010d 02       		.uleb128 0x2
 250 010e 75       		.byte	0x75
 251 010f 00       		.sleb128 0
 252 0110 08       		.uleb128 0x8
 253 0111 01       		.uleb128 0x1
 254 0112 50       		.byte	0x50
 255 0113 02       		.uleb128 0x2
 256 0114 75       		.byte	0x75
 257 0115 00       		.sleb128 0
 258 0116 08       		.uleb128 0x8
 259 0117 02       		.uleb128 0x2
ARM GAS  C:\Users\jwvance\AppData\Local\Temp\ccYsJJJy.s 			page 8


 260 0118 7D       		.byte	0x7d
 261 0119 04       		.sleb128 4
 262 011a 02       		.uleb128 0x2
 263 011b 75       		.byte	0x75
 264 011c 00       		.sleb128 0
 265 011d 08       		.uleb128 0x8
 266 011e 02       		.uleb128 0x2
 267 011f 7D       		.byte	0x7d
 268 0120 00       		.sleb128 0
 269 0121 02       		.uleb128 0x2
 270 0122 75       		.byte	0x75
 271 0123 00       		.sleb128 0
 272 0124 00       		.byte	0
 273 0125 07       		.uleb128 0x7
 274 0126 2A000000 		.4byte	.LVL6
 275 012a AD010000 		.4byte	0x1ad
 276 012e 3F010000 		.4byte	0x13f
 277 0132 08       		.uleb128 0x8
 278 0133 01       		.uleb128 0x1
 279 0134 52       		.byte	0x52
 280 0135 02       		.uleb128 0x2
 281 0136 76       		.byte	0x76
 282 0137 00       		.sleb128 0
 283 0138 08       		.uleb128 0x8
 284 0139 01       		.uleb128 0x1
 285 013a 51       		.byte	0x51
 286 013b 02       		.uleb128 0x2
 287 013c 77       		.byte	0x77
 288 013d 00       		.sleb128 0
 289 013e 00       		.byte	0
 290 013f 09       		.uleb128 0x9
 291 0140 32000000 		.4byte	.LVL7
 292 0144 CC010000 		.4byte	0x1cc
 293 0148 08       		.uleb128 0x8
 294 0149 01       		.uleb128 0x1
 295 014a 51       		.byte	0x51
 296 014b 01       		.uleb128 0x1
 297 014c 32       		.byte	0x32
 298 014d 00       		.byte	0
 299 014e 00       		.byte	0
 300 014f 0A       		.uleb128 0xa
 301 0150 FA000000 		.4byte	.LASF27
 302 0154 01       		.byte	0x1
 303 0155 88       		.byte	0x88
 304 0156 00000000 		.4byte	.LFB1
 305 015a 0C000000 		.4byte	.LFE1-.LFB1
 306 015e 01       		.uleb128 0x1
 307 015f 9C       		.byte	0x9c
 308 0160 6E010000 		.4byte	0x16e
 309 0164 0B       		.uleb128 0xb
 310 0165 08000000 		.4byte	.LVL8
 311 0169 E6010000 		.4byte	0x1e6
 312 016d 00       		.byte	0
 313 016e 0C       		.uleb128 0xc
 314 016f E0000000 		.4byte	.LASF28
 315 0173 01       		.byte	0x1
 316 0174 45       		.byte	0x45
ARM GAS  C:\Users\jwvance\AppData\Local\Temp\ccYsJJJy.s 			page 9


 317 0175 79000000 		.4byte	0x79
 318 0179 05       		.uleb128 0x5
 319 017a 03       		.byte	0x3
 320 017b 00000000 		.4byte	UI_ADC_FinalBuf_DmaHandle
 321 017f 0D       		.uleb128 0xd
 322 0180 81020000 		.4byte	.LASF20
 323 0184 03       		.byte	0x3
 324 0185 34       		.byte	0x34
 325 0186 9D000000 		.4byte	0x9d
 326 018a AD010000 		.4byte	0x1ad
 327 018e 0E       		.uleb128 0xe
 328 018f 79000000 		.4byte	0x79
 329 0193 0E       		.uleb128 0xe
 330 0194 79000000 		.4byte	0x79
 331 0198 0E       		.uleb128 0xe
 332 0199 79000000 		.4byte	0x79
 333 019d 0E       		.uleb128 0xe
 334 019e 79000000 		.4byte	0x79
 335 01a2 0E       		.uleb128 0xe
 336 01a3 79000000 		.4byte	0x79
 337 01a7 0E       		.uleb128 0xe
 338 01a8 79000000 		.4byte	0x79
 339 01ac 00       		.byte	0
 340 01ad 0D       		.uleb128 0xd
 341 01ae 34020000 		.4byte	.LASF21
 342 01b2 03       		.byte	0x3
 343 01b3 2E       		.byte	0x2e
 344 01b4 9D000000 		.4byte	0x9d
 345 01b8 CC010000 		.4byte	0x1cc
 346 01bc 0E       		.uleb128 0xe
 347 01bd 79000000 		.4byte	0x79
 348 01c1 0E       		.uleb128 0xe
 349 01c2 84000000 		.4byte	0x84
 350 01c6 0E       		.uleb128 0xe
 351 01c7 84000000 		.4byte	0x84
 352 01cb 00       		.byte	0
 353 01cc 0D       		.uleb128 0xd
 354 01cd 81000000 		.4byte	.LASF22
 355 01d1 03       		.byte	0x3
 356 01d2 2D       		.byte	0x2d
 357 01d3 9D000000 		.4byte	0x9d
 358 01d7 E6010000 		.4byte	0x1e6
 359 01db 0E       		.uleb128 0xe
 360 01dc 79000000 		.4byte	0x79
 361 01e0 0E       		.uleb128 0xe
 362 01e1 79000000 		.4byte	0x79
 363 01e5 00       		.byte	0
 364 01e6 0F       		.uleb128 0xf
 365 01e7 72020000 		.4byte	.LASF29
 366 01eb 03       		.byte	0x3
 367 01ec 2B       		.byte	0x2b
 368 01ed 9D000000 		.4byte	0x9d
 369 01f1 0E       		.uleb128 0xe
 370 01f2 79000000 		.4byte	0x79
 371 01f6 00       		.byte	0
 372 01f7 00       		.byte	0
 373              		.section	.debug_abbrev,"",%progbits
ARM GAS  C:\Users\jwvance\AppData\Local\Temp\ccYsJJJy.s 			page 10


 374              	.Ldebug_abbrev0:
 375 0000 01       		.uleb128 0x1
 376 0001 11       		.uleb128 0x11
 377 0002 01       		.byte	0x1
 378 0003 25       		.uleb128 0x25
 379 0004 0E       		.uleb128 0xe
 380 0005 13       		.uleb128 0x13
 381 0006 0B       		.uleb128 0xb
 382 0007 03       		.uleb128 0x3
 383 0008 0E       		.uleb128 0xe
 384 0009 1B       		.uleb128 0x1b
 385 000a 0E       		.uleb128 0xe
 386 000b 55       		.uleb128 0x55
 387 000c 17       		.uleb128 0x17
 388 000d 11       		.uleb128 0x11
 389 000e 01       		.uleb128 0x1
 390 000f 10       		.uleb128 0x10
 391 0010 17       		.uleb128 0x17
 392 0011 00       		.byte	0
 393 0012 00       		.byte	0
 394 0013 02       		.uleb128 0x2
 395 0014 24       		.uleb128 0x24
 396 0015 00       		.byte	0
 397 0016 0B       		.uleb128 0xb
 398 0017 0B       		.uleb128 0xb
 399 0018 3E       		.uleb128 0x3e
 400 0019 0B       		.uleb128 0xb
 401 001a 03       		.uleb128 0x3
 402 001b 08       		.uleb128 0x8
 403 001c 00       		.byte	0
 404 001d 00       		.byte	0
 405 001e 03       		.uleb128 0x3
 406 001f 24       		.uleb128 0x24
 407 0020 00       		.byte	0
 408 0021 0B       		.uleb128 0xb
 409 0022 0B       		.uleb128 0xb
 410 0023 3E       		.uleb128 0x3e
 411 0024 0B       		.uleb128 0xb
 412 0025 03       		.uleb128 0x3
 413 0026 0E       		.uleb128 0xe
 414 0027 00       		.byte	0
 415 0028 00       		.byte	0
 416 0029 04       		.uleb128 0x4
 417 002a 16       		.uleb128 0x16
 418 002b 00       		.byte	0
 419 002c 03       		.uleb128 0x3
 420 002d 0E       		.uleb128 0xe
 421 002e 3A       		.uleb128 0x3a
 422 002f 0B       		.uleb128 0xb
 423 0030 3B       		.uleb128 0x3b
 424 0031 0B       		.uleb128 0xb
 425 0032 49       		.uleb128 0x49
 426 0033 13       		.uleb128 0x13
 427 0034 00       		.byte	0
 428 0035 00       		.byte	0
 429 0036 05       		.uleb128 0x5
 430 0037 2E       		.uleb128 0x2e
ARM GAS  C:\Users\jwvance\AppData\Local\Temp\ccYsJJJy.s 			page 11


 431 0038 01       		.byte	0x1
 432 0039 3F       		.uleb128 0x3f
 433 003a 19       		.uleb128 0x19
 434 003b 03       		.uleb128 0x3
 435 003c 0E       		.uleb128 0xe
 436 003d 3A       		.uleb128 0x3a
 437 003e 0B       		.uleb128 0xb
 438 003f 3B       		.uleb128 0x3b
 439 0040 0B       		.uleb128 0xb
 440 0041 27       		.uleb128 0x27
 441 0042 19       		.uleb128 0x19
 442 0043 49       		.uleb128 0x49
 443 0044 13       		.uleb128 0x13
 444 0045 11       		.uleb128 0x11
 445 0046 01       		.uleb128 0x1
 446 0047 12       		.uleb128 0x12
 447 0048 06       		.uleb128 0x6
 448 0049 40       		.uleb128 0x40
 449 004a 18       		.uleb128 0x18
 450 004b 9742     		.uleb128 0x2117
 451 004d 19       		.uleb128 0x19
 452 004e 01       		.uleb128 0x1
 453 004f 13       		.uleb128 0x13
 454 0050 00       		.byte	0
 455 0051 00       		.byte	0
 456 0052 06       		.uleb128 0x6
 457 0053 05       		.uleb128 0x5
 458 0054 00       		.byte	0
 459 0055 03       		.uleb128 0x3
 460 0056 0E       		.uleb128 0xe
 461 0057 3A       		.uleb128 0x3a
 462 0058 0B       		.uleb128 0xb
 463 0059 3B       		.uleb128 0x3b
 464 005a 0B       		.uleb128 0xb
 465 005b 49       		.uleb128 0x49
 466 005c 13       		.uleb128 0x13
 467 005d 02       		.uleb128 0x2
 468 005e 17       		.uleb128 0x17
 469 005f 00       		.byte	0
 470 0060 00       		.byte	0
 471 0061 07       		.uleb128 0x7
 472 0062 898201   		.uleb128 0x4109
 473 0065 01       		.byte	0x1
 474 0066 11       		.uleb128 0x11
 475 0067 01       		.uleb128 0x1
 476 0068 31       		.uleb128 0x31
 477 0069 13       		.uleb128 0x13
 478 006a 01       		.uleb128 0x1
 479 006b 13       		.uleb128 0x13
 480 006c 00       		.byte	0
 481 006d 00       		.byte	0
 482 006e 08       		.uleb128 0x8
 483 006f 8A8201   		.uleb128 0x410a
 484 0072 00       		.byte	0
 485 0073 02       		.uleb128 0x2
 486 0074 18       		.uleb128 0x18
 487 0075 9142     		.uleb128 0x2111
ARM GAS  C:\Users\jwvance\AppData\Local\Temp\ccYsJJJy.s 			page 12


 488 0077 18       		.uleb128 0x18
 489 0078 00       		.byte	0
 490 0079 00       		.byte	0
 491 007a 09       		.uleb128 0x9
 492 007b 898201   		.uleb128 0x4109
 493 007e 01       		.byte	0x1
 494 007f 11       		.uleb128 0x11
 495 0080 01       		.uleb128 0x1
 496 0081 31       		.uleb128 0x31
 497 0082 13       		.uleb128 0x13
 498 0083 00       		.byte	0
 499 0084 00       		.byte	0
 500 0085 0A       		.uleb128 0xa
 501 0086 2E       		.uleb128 0x2e
 502 0087 01       		.byte	0x1
 503 0088 3F       		.uleb128 0x3f
 504 0089 19       		.uleb128 0x19
 505 008a 03       		.uleb128 0x3
 506 008b 0E       		.uleb128 0xe
 507 008c 3A       		.uleb128 0x3a
 508 008d 0B       		.uleb128 0xb
 509 008e 3B       		.uleb128 0x3b
 510 008f 0B       		.uleb128 0xb
 511 0090 27       		.uleb128 0x27
 512 0091 19       		.uleb128 0x19
 513 0092 11       		.uleb128 0x11
 514 0093 01       		.uleb128 0x1
 515 0094 12       		.uleb128 0x12
 516 0095 06       		.uleb128 0x6
 517 0096 40       		.uleb128 0x40
 518 0097 18       		.uleb128 0x18
 519 0098 9742     		.uleb128 0x2117
 520 009a 19       		.uleb128 0x19
 521 009b 01       		.uleb128 0x1
 522 009c 13       		.uleb128 0x13
 523 009d 00       		.byte	0
 524 009e 00       		.byte	0
 525 009f 0B       		.uleb128 0xb
 526 00a0 898201   		.uleb128 0x4109
 527 00a3 00       		.byte	0
 528 00a4 11       		.uleb128 0x11
 529 00a5 01       		.uleb128 0x1
 530 00a6 9542     		.uleb128 0x2115
 531 00a8 19       		.uleb128 0x19
 532 00a9 31       		.uleb128 0x31
 533 00aa 13       		.uleb128 0x13
 534 00ab 00       		.byte	0
 535 00ac 00       		.byte	0
 536 00ad 0C       		.uleb128 0xc
 537 00ae 34       		.uleb128 0x34
 538 00af 00       		.byte	0
 539 00b0 03       		.uleb128 0x3
 540 00b1 0E       		.uleb128 0xe
 541 00b2 3A       		.uleb128 0x3a
 542 00b3 0B       		.uleb128 0xb
 543 00b4 3B       		.uleb128 0x3b
 544 00b5 0B       		.uleb128 0xb
ARM GAS  C:\Users\jwvance\AppData\Local\Temp\ccYsJJJy.s 			page 13


 545 00b6 49       		.uleb128 0x49
 546 00b7 13       		.uleb128 0x13
 547 00b8 3F       		.uleb128 0x3f
 548 00b9 19       		.uleb128 0x19
 549 00ba 02       		.uleb128 0x2
 550 00bb 18       		.uleb128 0x18
 551 00bc 00       		.byte	0
 552 00bd 00       		.byte	0
 553 00be 0D       		.uleb128 0xd
 554 00bf 2E       		.uleb128 0x2e
 555 00c0 01       		.byte	0x1
 556 00c1 3F       		.uleb128 0x3f
 557 00c2 19       		.uleb128 0x19
 558 00c3 03       		.uleb128 0x3
 559 00c4 0E       		.uleb128 0xe
 560 00c5 3A       		.uleb128 0x3a
 561 00c6 0B       		.uleb128 0xb
 562 00c7 3B       		.uleb128 0x3b
 563 00c8 0B       		.uleb128 0xb
 564 00c9 27       		.uleb128 0x27
 565 00ca 19       		.uleb128 0x19
 566 00cb 49       		.uleb128 0x49
 567 00cc 13       		.uleb128 0x13
 568 00cd 3C       		.uleb128 0x3c
 569 00ce 19       		.uleb128 0x19
 570 00cf 01       		.uleb128 0x1
 571 00d0 13       		.uleb128 0x13
 572 00d1 00       		.byte	0
 573 00d2 00       		.byte	0
 574 00d3 0E       		.uleb128 0xe
 575 00d4 05       		.uleb128 0x5
 576 00d5 00       		.byte	0
 577 00d6 49       		.uleb128 0x49
 578 00d7 13       		.uleb128 0x13
 579 00d8 00       		.byte	0
 580 00d9 00       		.byte	0
 581 00da 0F       		.uleb128 0xf
 582 00db 2E       		.uleb128 0x2e
 583 00dc 01       		.byte	0x1
 584 00dd 3F       		.uleb128 0x3f
 585 00de 19       		.uleb128 0x19
 586 00df 03       		.uleb128 0x3
 587 00e0 0E       		.uleb128 0xe
 588 00e1 3A       		.uleb128 0x3a
 589 00e2 0B       		.uleb128 0xb
 590 00e3 3B       		.uleb128 0x3b
 591 00e4 0B       		.uleb128 0xb
 592 00e5 27       		.uleb128 0x27
 593 00e6 19       		.uleb128 0x19
 594 00e7 49       		.uleb128 0x49
 595 00e8 13       		.uleb128 0x13
 596 00e9 3C       		.uleb128 0x3c
 597 00ea 19       		.uleb128 0x19
 598 00eb 00       		.byte	0
 599 00ec 00       		.byte	0
 600 00ed 00       		.byte	0
 601              		.section	.debug_loc,"",%progbits
ARM GAS  C:\Users\jwvance\AppData\Local\Temp\ccYsJJJy.s 			page 14


 602              	.Ldebug_loc0:
 603              	.LLST0:
 604 0000 00000000 		.4byte	.LVL0
 605 0004 1A000000 		.4byte	.LVL4
 606 0008 0100     		.2byte	0x1
 607 000a 50       		.byte	0x50
 608 000b 1A000000 		.4byte	.LVL4
 609 000f 3C000000 		.4byte	.LFE0
 610 0013 0400     		.2byte	0x4
 611 0015 F3       		.byte	0xf3
 612 0016 01       		.uleb128 0x1
 613 0017 50       		.byte	0x50
 614 0018 9F       		.byte	0x9f
 615 0019 00000000 		.4byte	0
 616 001d 00000000 		.4byte	0
 617              	.LLST1:
 618 0021 00000000 		.4byte	.LVL0
 619 0025 14000000 		.4byte	.LVL3
 620 0029 0100     		.2byte	0x1
 621 002b 51       		.byte	0x51
 622 002c 14000000 		.4byte	.LVL3
 623 0030 3C000000 		.4byte	.LFE0
 624 0034 0400     		.2byte	0x4
 625 0036 F3       		.byte	0xf3
 626 0037 01       		.uleb128 0x1
 627 0038 51       		.byte	0x51
 628 0039 9F       		.byte	0x9f
 629 003a 00000000 		.4byte	0
 630 003e 00000000 		.4byte	0
 631              	.LLST2:
 632 0042 00000000 		.4byte	.LVL0
 633 0046 10000000 		.4byte	.LVL1
 634 004a 0100     		.2byte	0x1
 635 004c 52       		.byte	0x52
 636 004d 10000000 		.4byte	.LVL1
 637 0051 3C000000 		.4byte	.LFE0
 638 0055 0400     		.2byte	0x4
 639 0057 F3       		.byte	0xf3
 640 0058 01       		.uleb128 0x1
 641 0059 52       		.byte	0x52
 642 005a 9F       		.byte	0x9f
 643 005b 00000000 		.4byte	0
 644 005f 00000000 		.4byte	0
 645              	.LLST3:
 646 0063 00000000 		.4byte	.LVL0
 647 0067 12000000 		.4byte	.LVL2
 648 006b 0100     		.2byte	0x1
 649 006d 53       		.byte	0x53
 650 006e 12000000 		.4byte	.LVL2
 651 0072 3C000000 		.4byte	.LFE0
 652 0076 0400     		.2byte	0x4
 653 0078 F3       		.byte	0xf3
 654 0079 01       		.uleb128 0x1
 655 007a 53       		.byte	0x53
 656 007b 9F       		.byte	0x9f
 657 007c 00000000 		.4byte	0
 658 0080 00000000 		.4byte	0
ARM GAS  C:\Users\jwvance\AppData\Local\Temp\ccYsJJJy.s 			page 15


 659              		.section	.debug_aranges,"",%progbits
 660 0000 24000000 		.4byte	0x24
 661 0004 0200     		.2byte	0x2
 662 0006 00000000 		.4byte	.Ldebug_info0
 663 000a 04       		.byte	0x4
 664 000b 00       		.byte	0
 665 000c 0000     		.2byte	0
 666 000e 0000     		.2byte	0
 667 0010 00000000 		.4byte	.LFB0
 668 0014 3C000000 		.4byte	.LFE0-.LFB0
 669 0018 00000000 		.4byte	.LFB1
 670 001c 0C000000 		.4byte	.LFE1-.LFB1
 671 0020 00000000 		.4byte	0
 672 0024 00000000 		.4byte	0
 673              		.section	.debug_ranges,"",%progbits
 674              	.Ldebug_ranges0:
 675 0000 00000000 		.4byte	.LFB0
 676 0004 3C000000 		.4byte	.LFE0
 677 0008 00000000 		.4byte	.LFB1
 678 000c 0C000000 		.4byte	.LFE1
 679 0010 00000000 		.4byte	0
 680 0014 00000000 		.4byte	0
 681              		.section	.debug_line,"",%progbits
 682              	.Ldebug_line0:
 683 0000 8A000000 		.section	.debug_str,"MS",%progbits,1
 683      02005C00 
 683      00000201 
 683      FB0E0D00 
 683      01010101 
 684              	.LASF15:
 685 0000 63797374 		.ascii	"cystatus\000"
 685      61747573 
 685      00
 686              	.LASF25:
 687 0009 433A5C55 		.ascii	"C:\\Users\\jwvance\\Desktop\\Hummingbird\\Hummingbi"
 687      73657273 
 687      5C6A7776 
 687      616E6365 
 687      5C446573 
 688 0037 72642843 		.ascii	"rd(Continuous Output).cydsn\000"
 688      6F6E7469 
 688      6E756F75 
 688      73204F75 
 688      74707574 
 689              	.LASF26:
 690 0053 55495F41 		.ascii	"UI_ADC_FinalBuf_DmaInitialize\000"
 690      44435F46 
 690      696E616C 
 690      4275665F 
 690      446D6149 
 691              	.LASF18:
 692 0071 55707065 		.ascii	"UpperSrcAddress\000"
 692      72537263 
 692      41646472 
 692      65737300 
 693              	.LASF22:
 694 0081 4379446D 		.ascii	"CyDmaChPriority\000"
ARM GAS  C:\Users\jwvance\AppData\Local\Temp\ccYsJJJy.s 			page 16


 694      61436850 
 694      72696F72 
 694      69747900 
 695              	.LASF17:
 696 0091 52657165 		.ascii	"ReqestPerBurst\000"
 696      73745065 
 696      72427572 
 696      737400
 697              	.LASF4:
 698 00a0 73686F72 		.ascii	"short unsigned int\000"
 698      7420756E 
 698      7369676E 
 698      65642069 
 698      6E7400
 699              	.LASF24:
 700 00b3 47656E65 		.ascii	"Generated_Source\\PSoC5\\UI_ADC_FinalBuf_dma.c\000"
 700      72617465 
 700      645F536F 
 700      75726365 
 700      5C50536F 
 701              	.LASF28:
 702 00e0 55495F41 		.ascii	"UI_ADC_FinalBuf_DmaHandle\000"
 702      44435F46 
 702      696E616C 
 702      4275665F 
 702      446D6148 
 703              	.LASF27:
 704 00fa 55495F41 		.ascii	"UI_ADC_FinalBuf_DmaRelease\000"
 704      44435F46 
 704      696E616C 
 704      4275665F 
 704      446D6152 
 705              	.LASF23:
 706 0115 474E5520 		.ascii	"GNU C 4.9.3 20150303 (release) [ARM/embedded-4_9-br"
 706      4320342E 
 706      392E3320 
 706      32303135 
 706      30333033 
 707 0148 616E6368 		.ascii	"anch revision 221220] -mcpu=cortex-m3 -mthumb -g -O"
 707      20726576 
 707      6973696F 
 707      6E203232 
 707      31323230 
 708 017b 32202D66 		.ascii	"2 -ffunction-sections -ffat-lto-objects\000"
 708      66756E63 
 708      74696F6E 
 708      2D736563 
 708      74696F6E 
 709              	.LASF13:
 710 01a3 666C6F61 		.ascii	"float\000"
 710      7400
 711              	.LASF2:
 712 01a9 756E7369 		.ascii	"unsigned char\000"
 712      676E6564 
 712      20636861 
 712      7200
 713              	.LASF16:
ARM GAS  C:\Users\jwvance\AppData\Local\Temp\ccYsJJJy.s 			page 17


 714 01b7 42757273 		.ascii	"BurstCount\000"
 714      74436F75 
 714      6E7400
 715              	.LASF6:
 716 01c2 6C6F6E67 		.ascii	"long unsigned int\000"
 716      20756E73 
 716      69676E65 
 716      6420696E 
 716      7400
 717              	.LASF11:
 718 01d4 75696E74 		.ascii	"uint8\000"
 718      3800
 719              	.LASF14:
 720 01da 646F7562 		.ascii	"double\000"
 720      6C6500
 721              	.LASF12:
 722 01e1 75696E74 		.ascii	"uint16\000"
 722      313600
 723              	.LASF0:
 724 01e8 756E7369 		.ascii	"unsigned int\000"
 724      676E6564 
 724      20696E74 
 724      00
 725              	.LASF8:
 726 01f5 6C6F6E67 		.ascii	"long long unsigned int\000"
 726      206C6F6E 
 726      6720756E 
 726      7369676E 
 726      65642069 
 727              	.LASF19:
 728 020c 55707065 		.ascii	"UpperDestAddress\000"
 728      72446573 
 728      74416464 
 728      72657373 
 728      00
 729              	.LASF9:
 730 021d 73697A65 		.ascii	"sizetype\000"
 730      74797065 
 730      00
 731              	.LASF7:
 732 0226 6C6F6E67 		.ascii	"long long int\000"
 732      206C6F6E 
 732      6720696E 
 732      7400
 733              	.LASF21:
 734 0234 4379446D 		.ascii	"CyDmaChSetExtendedAddress\000"
 734      61436853 
 734      65744578 
 734      74656E64 
 734      65644164 
 735              	.LASF10:
 736 024e 63686172 		.ascii	"char\000"
 736      00
 737              	.LASF3:
 738 0253 73686F72 		.ascii	"short int\000"
 738      7420696E 
 738      7400
ARM GAS  C:\Users\jwvance\AppData\Local\Temp\ccYsJJJy.s 			page 18


 739              	.LASF5:
 740 025d 6C6F6E67 		.ascii	"long int\000"
 740      20696E74 
 740      00
 741              	.LASF1:
 742 0266 7369676E 		.ascii	"signed char\000"
 742      65642063 
 742      68617200 
 743              	.LASF29:
 744 0272 4379446D 		.ascii	"CyDmaChDisable\000"
 744      61436844 
 744      69736162 
 744      6C6500
 745              	.LASF20:
 746 0281 4379446D 		.ascii	"CyDmaChSetConfiguration\000"
 746      61436853 
 746      6574436F 
 746      6E666967 
 746      75726174 
 747              		.ident	"GCC: (GNU Tools for ARM Embedded Processors) 4.9.3 20150303 (release) [ARM/embedded-4_9-br
