ARM GAS  C:\Users\mgronber\AppData\Local\Temp\ccPxGEwX.s 			page 1


   1              		.syntax unified
   2              		.cpu cortex-m3
   3              		.fpu softvfp
   4              		.eabi_attribute 20, 1
   5              		.eabi_attribute 21, 1
   6              		.eabi_attribute 23, 3
   7              		.eabi_attribute 24, 1
   8              		.eabi_attribute 25, 1
   9              		.eabi_attribute 26, 1
  10              		.eabi_attribute 30, 2
  11              		.eabi_attribute 34, 1
  12              		.eabi_attribute 18, 4
  13              		.thumb
  14              		.file	"USB_cls.c"
  15              		.text
  16              	.Ltext0:
  17              		.cfi_sections	.debug_frame
  18              		.section	.text.USB_DispatchClassRqst,"ax",%progbits
  19              		.align	2
  20              		.global	USB_DispatchClassRqst
  21              		.thumb
  22              		.thumb_func
  23              		.type	USB_DispatchClassRqst, %function
  24              	USB_DispatchClassRqst:
  25              	.LFB0:
  26              		.file 1 "Generated_Source\\PSoC5\\USB_cls.c"
   1:Generated_Source\PSoC5/USB_cls.c **** /*******************************************************************************
   2:Generated_Source\PSoC5/USB_cls.c **** * File Name: USB_cls.c
   3:Generated_Source\PSoC5/USB_cls.c **** * Version 2.70
   4:Generated_Source\PSoC5/USB_cls.c **** *
   5:Generated_Source\PSoC5/USB_cls.c **** * Description:
   6:Generated_Source\PSoC5/USB_cls.c **** *  USB Class request handler.
   7:Generated_Source\PSoC5/USB_cls.c **** *
   8:Generated_Source\PSoC5/USB_cls.c **** * Note:
   9:Generated_Source\PSoC5/USB_cls.c **** *
  10:Generated_Source\PSoC5/USB_cls.c **** ********************************************************************************
  11:Generated_Source\PSoC5/USB_cls.c **** * Copyright 2008-2013, Cypress Semiconductor Corporation.  All rights reserved.
  12:Generated_Source\PSoC5/USB_cls.c **** * You may use this file only in accordance with the license, terms, conditions,
  13:Generated_Source\PSoC5/USB_cls.c **** * disclaimers, and limitations in the end user license agreement accompanying
  14:Generated_Source\PSoC5/USB_cls.c **** * the software package with which this file was provided.
  15:Generated_Source\PSoC5/USB_cls.c **** *******************************************************************************/
  16:Generated_Source\PSoC5/USB_cls.c **** 
  17:Generated_Source\PSoC5/USB_cls.c **** #include "USB.h"
  18:Generated_Source\PSoC5/USB_cls.c **** 
  19:Generated_Source\PSoC5/USB_cls.c **** #if(USB_EXTERN_CLS == USB_FALSE)
  20:Generated_Source\PSoC5/USB_cls.c **** 
  21:Generated_Source\PSoC5/USB_cls.c **** #include "USB_pvt.h"
  22:Generated_Source\PSoC5/USB_cls.c **** 
  23:Generated_Source\PSoC5/USB_cls.c **** 
  24:Generated_Source\PSoC5/USB_cls.c **** /***************************************
  25:Generated_Source\PSoC5/USB_cls.c **** * User Implemented Class Driver Declarations.
  26:Generated_Source\PSoC5/USB_cls.c **** ***************************************/
  27:Generated_Source\PSoC5/USB_cls.c **** /* `#START USER_DEFINED_CLASS_DECLARATIONS` Place your declaration here */
  28:Generated_Source\PSoC5/USB_cls.c **** 
  29:Generated_Source\PSoC5/USB_cls.c **** /* `#END` */
  30:Generated_Source\PSoC5/USB_cls.c **** 
  31:Generated_Source\PSoC5/USB_cls.c **** 
ARM GAS  C:\Users\mgronber\AppData\Local\Temp\ccPxGEwX.s 			page 2


  32:Generated_Source\PSoC5/USB_cls.c **** /*******************************************************************************
  33:Generated_Source\PSoC5/USB_cls.c **** * Function Name: USB_DispatchClassRqst
  34:Generated_Source\PSoC5/USB_cls.c **** ********************************************************************************
  35:Generated_Source\PSoC5/USB_cls.c **** * Summary:
  36:Generated_Source\PSoC5/USB_cls.c **** *  This routine dispatches class specific requests depend on interface class.
  37:Generated_Source\PSoC5/USB_cls.c **** *
  38:Generated_Source\PSoC5/USB_cls.c **** * Parameters:
  39:Generated_Source\PSoC5/USB_cls.c **** *  None.
  40:Generated_Source\PSoC5/USB_cls.c **** *
  41:Generated_Source\PSoC5/USB_cls.c **** * Return:
  42:Generated_Source\PSoC5/USB_cls.c **** *  requestHandled.
  43:Generated_Source\PSoC5/USB_cls.c **** *
  44:Generated_Source\PSoC5/USB_cls.c **** * Reentrant:
  45:Generated_Source\PSoC5/USB_cls.c **** *  No.
  46:Generated_Source\PSoC5/USB_cls.c **** *
  47:Generated_Source\PSoC5/USB_cls.c **** *******************************************************************************/
  48:Generated_Source\PSoC5/USB_cls.c **** uint8 USB_DispatchClassRqst(void) 
  49:Generated_Source\PSoC5/USB_cls.c **** {
  27              		.loc 1 49 0
  28              		.cfi_startproc
  29              		@ args = 0, pretend = 0, frame = 0
  30              		@ frame_needed = 0, uses_anonymous_args = 0
  31              		@ link register save eliminated.
  32              	.LVL0:
  50:Generated_Source\PSoC5/USB_cls.c ****     uint8 requestHandled = USB_FALSE;
  51:Generated_Source\PSoC5/USB_cls.c ****     uint8 interfaceNumber = 0u;
  52:Generated_Source\PSoC5/USB_cls.c **** 
  53:Generated_Source\PSoC5/USB_cls.c ****     switch(CY_GET_REG8(USB_bmRequestType) & USB_RQST_RCPT_MASK)
  33              		.loc 1 53 0
  34 0000 134B     		ldr	r3, .L13
  35 0002 1B78     		ldrb	r3, [r3]	@ zero_extendqisi2
  36 0004 03F00303 		and	r3, r3, #3
  37 0008 012B     		cmp	r3, #1
  38 000a 1CD0     		beq	.L3
  39 000c 022B     		cmp	r3, #2
  40 000e 07D0     		beq	.L4
  41 0010 0023     		movs	r3, #0
  42              	.LVL1:
  43              	.L2:
  54:Generated_Source\PSoC5/USB_cls.c ****     {
  55:Generated_Source\PSoC5/USB_cls.c ****         case USB_RQST_RCPT_IFC:        /* Class-specific request directed to an interface */
  56:Generated_Source\PSoC5/USB_cls.c ****             interfaceNumber = CY_GET_REG8(USB_wIndexLo); /* wIndexLo contain Interface number */
  57:Generated_Source\PSoC5/USB_cls.c ****             break;
  58:Generated_Source\PSoC5/USB_cls.c ****         case USB_RQST_RCPT_EP:         /* Class-specific request directed to the endpoint */
  59:Generated_Source\PSoC5/USB_cls.c ****             /* Find related interface to the endpoint, wIndexLo contain EP number */
  60:Generated_Source\PSoC5/USB_cls.c ****             interfaceNumber = USB_EP[CY_GET_REG8(USB_wIndexLo) & 
  61:Generated_Source\PSoC5/USB_cls.c ****                               USB_DIR_UNUSED].interface;
  62:Generated_Source\PSoC5/USB_cls.c ****             break;
  63:Generated_Source\PSoC5/USB_cls.c ****         default:    /* RequestHandled is initialized as FALSE by default */
  64:Generated_Source\PSoC5/USB_cls.c ****             break;
  65:Generated_Source\PSoC5/USB_cls.c ****     }
  66:Generated_Source\PSoC5/USB_cls.c ****     /* Handle Class request depend on interface type */
  67:Generated_Source\PSoC5/USB_cls.c ****     switch(USB_interfaceClass[interfaceNumber])
  44              		.loc 1 67 0
  45 0012 104A     		ldr	r2, .L13+4
  46 0014 1268     		ldr	r2, [r2]
  47 0016 D35C     		ldrb	r3, [r2, r3]	@ zero_extendqisi2
ARM GAS  C:\Users\mgronber\AppData\Local\Temp\ccPxGEwX.s 			page 3


  48 0018 012B     		cmp	r3, #1
  49 001a 12D0     		beq	.L12
  50              	.L9:
  68:Generated_Source\PSoC5/USB_cls.c ****     {
  69:Generated_Source\PSoC5/USB_cls.c ****         case USB_CLASS_HID:
  70:Generated_Source\PSoC5/USB_cls.c ****             #if defined(USB_ENABLE_HID_CLASS)
  71:Generated_Source\PSoC5/USB_cls.c ****                 requestHandled = USB_DispatchHIDClassRqst();
  72:Generated_Source\PSoC5/USB_cls.c ****             #endif /* USB_ENABLE_HID_CLASS */
  73:Generated_Source\PSoC5/USB_cls.c ****             break;
  74:Generated_Source\PSoC5/USB_cls.c ****         case USB_CLASS_AUDIO:
  75:Generated_Source\PSoC5/USB_cls.c ****             #if defined(USB_ENABLE_AUDIO_CLASS)
  76:Generated_Source\PSoC5/USB_cls.c ****                 requestHandled = USB_DispatchAUDIOClassRqst();
  77:Generated_Source\PSoC5/USB_cls.c ****             #endif /* USB_CLASS_AUDIO */
  78:Generated_Source\PSoC5/USB_cls.c ****             break;
  79:Generated_Source\PSoC5/USB_cls.c ****         case USB_CLASS_CDC:
  80:Generated_Source\PSoC5/USB_cls.c ****             #if defined(USB_ENABLE_CDC_CLASS)
  81:Generated_Source\PSoC5/USB_cls.c ****                 requestHandled = USB_DispatchCDCClassRqst();
  82:Generated_Source\PSoC5/USB_cls.c ****             #endif /* USB_ENABLE_CDC_CLASS */
  83:Generated_Source\PSoC5/USB_cls.c ****             break;
  84:Generated_Source\PSoC5/USB_cls.c ****         default:    /* requestHandled is initialized as FALSE by default */
  85:Generated_Source\PSoC5/USB_cls.c ****             break;
  86:Generated_Source\PSoC5/USB_cls.c ****     }
  87:Generated_Source\PSoC5/USB_cls.c **** 
  88:Generated_Source\PSoC5/USB_cls.c ****     /* `#START USER_DEFINED_CLASS_CODE` Place your Class request here */
  89:Generated_Source\PSoC5/USB_cls.c **** 
  90:Generated_Source\PSoC5/USB_cls.c ****     /* `#END` */
  91:Generated_Source\PSoC5/USB_cls.c **** 
  92:Generated_Source\PSoC5/USB_cls.c ****     return(requestHandled);
  93:Generated_Source\PSoC5/USB_cls.c **** }
  51              		.loc 1 93 0
  52 001c 0020     		movs	r0, #0
  53 001e 7047     		bx	lr
  54              	.LVL2:
  55              	.L4:
  60:Generated_Source\PSoC5/USB_cls.c ****                               USB_DIR_UNUSED].interface;
  56              		.loc 1 60 0
  57 0020 0D4B     		ldr	r3, .L13+8
  58 0022 0E4A     		ldr	r2, .L13+12
  59 0024 1B78     		ldrb	r3, [r3]	@ zero_extendqisi2
  60 0026 03F07F03 		and	r3, r3, #127
  61 002a 03EB4303 		add	r3, r3, r3, lsl #1
  62 002e 02EB8303 		add	r3, r2, r3, lsl #2
  63 0032 0833     		adds	r3, r3, #8
  67:Generated_Source\PSoC5/USB_cls.c ****     {
  64              		.loc 1 67 0
  65 0034 074A     		ldr	r2, .L13+4
  60:Generated_Source\PSoC5/USB_cls.c ****                               USB_DIR_UNUSED].interface;
  66              		.loc 1 60 0
  67 0036 9B78     		ldrb	r3, [r3, #2]	@ zero_extendqisi2
  67:Generated_Source\PSoC5/USB_cls.c ****     {
  68              		.loc 1 67 0
  69 0038 1268     		ldr	r2, [r2]
  60:Generated_Source\PSoC5/USB_cls.c ****                               USB_DIR_UNUSED].interface;
  70              		.loc 1 60 0
  71 003a DBB2     		uxtb	r3, r3
  72              	.LVL3:
  67:Generated_Source\PSoC5/USB_cls.c ****     {
ARM GAS  C:\Users\mgronber\AppData\Local\Temp\ccPxGEwX.s 			page 4


  73              		.loc 1 67 0
  74 003c D35C     		ldrb	r3, [r2, r3]	@ zero_extendqisi2
  75 003e 012B     		cmp	r3, #1
  76 0040 ECD1     		bne	.L9
  77              	.L12:
  76:Generated_Source\PSoC5/USB_cls.c ****             #endif /* USB_CLASS_AUDIO */
  78              		.loc 1 76 0
  79 0042 FFF7FEBF 		b	USB_DispatchAUDIOClassRqst
  80              	.LVL4:
  81              	.L3:
  56:Generated_Source\PSoC5/USB_cls.c ****             break;
  82              		.loc 1 56 0
  83 0046 044B     		ldr	r3, .L13+8
  84 0048 1B78     		ldrb	r3, [r3]	@ zero_extendqisi2
  85 004a DBB2     		uxtb	r3, r3
  86              	.LVL5:
  57:Generated_Source\PSoC5/USB_cls.c ****         case USB_RQST_RCPT_EP:         /* Class-specific request directed to the endpoint */
  87              		.loc 1 57 0
  88 004c E1E7     		b	.L2
  89              	.L14:
  90 004e 00BF     		.align	2
  91              	.L13:
  92 0050 00600040 		.word	1073766400
  93 0054 00000000 		.word	USB_interfaceClass
  94 0058 04600040 		.word	1073766404
  95 005c 00000000 		.word	USB_EP
  96              		.cfi_endproc
  97              	.LFE0:
  98              		.size	USB_DispatchClassRqst, .-USB_DispatchClassRqst
  99              		.text
 100              	.Letext0:
 101              		.file 2 "Generated_Source\\PSoC5\\cytypes.h"
 102              		.file 3 "Generated_Source\\PSoC5\\USB.h"
 103              		.file 4 "Generated_Source\\PSoC5\\USB_pvt.h"
 104              		.section	.debug_info,"",%progbits
 105              	.Ldebug_info0:
 106 0000 A9010000 		.4byte	0x1a9
 107 0004 0400     		.2byte	0x4
 108 0006 00000000 		.4byte	.Ldebug_abbrev0
 109 000a 04       		.byte	0x4
 110 000b 01       		.uleb128 0x1
 111 000c 96000000 		.4byte	.LASF30
 112 0010 01       		.byte	0x1
 113 0011 D9010000 		.4byte	.LASF31
 114 0015 4B000000 		.4byte	.LASF32
 115 0019 00000000 		.4byte	.Ldebug_ranges0+0
 116 001d 00000000 		.4byte	0
 117 0021 00000000 		.4byte	.Ldebug_line0
 118 0025 02       		.uleb128 0x2
 119 0026 01       		.byte	0x1
 120 0027 06       		.byte	0x6
 121 0028 6D020000 		.4byte	.LASF0
 122 002c 02       		.uleb128 0x2
 123 002d 01       		.byte	0x1
 124 002e 08       		.byte	0x8
 125 002f 33010000 		.4byte	.LASF1
 126 0033 02       		.uleb128 0x2
ARM GAS  C:\Users\mgronber\AppData\Local\Temp\ccPxGEwX.s 			page 5


 127 0034 02       		.byte	0x2
 128 0035 05       		.byte	0x5
 129 0036 37020000 		.4byte	.LASF2
 130 003a 02       		.uleb128 0x2
 131 003b 02       		.byte	0x2
 132 003c 07       		.byte	0x7
 133 003d 16000000 		.4byte	.LASF3
 134 0041 02       		.uleb128 0x2
 135 0042 04       		.byte	0x4
 136 0043 05       		.byte	0x5
 137 0044 51020000 		.4byte	.LASF4
 138 0048 02       		.uleb128 0x2
 139 0049 04       		.byte	0x4
 140 004a 07       		.byte	0x7
 141 004b 46010000 		.4byte	.LASF5
 142 004f 02       		.uleb128 0x2
 143 0050 08       		.byte	0x8
 144 0051 05       		.byte	0x5
 145 0052 19020000 		.4byte	.LASF6
 146 0056 02       		.uleb128 0x2
 147 0057 08       		.byte	0x8
 148 0058 07       		.byte	0x7
 149 0059 A5010000 		.4byte	.LASF7
 150 005d 03       		.uleb128 0x3
 151 005e 04       		.byte	0x4
 152 005f 05       		.byte	0x5
 153 0060 696E7400 		.ascii	"int\000"
 154 0064 02       		.uleb128 0x2
 155 0065 04       		.byte	0x4
 156 0066 07       		.byte	0x7
 157 0067 98010000 		.4byte	.LASF8
 158 006b 04       		.uleb128 0x4
 159 006c 41020000 		.4byte	.LASF9
 160 0070 02       		.byte	0x2
 161 0071 5B       		.byte	0x5b
 162 0072 2C000000 		.4byte	0x2c
 163 0076 04       		.uleb128 0x4
 164 0077 86010000 		.4byte	.LASF10
 165 007b 02       		.byte	0x2
 166 007c 5C       		.byte	0x5c
 167 007d 3A000000 		.4byte	0x3a
 168 0081 02       		.uleb128 0x2
 169 0082 04       		.byte	0x4
 170 0083 04       		.byte	0x4
 171 0084 24010000 		.4byte	.LASF11
 172 0088 02       		.uleb128 0x2
 173 0089 08       		.byte	0x8
 174 008a 04       		.byte	0x4
 175 008b 6D010000 		.4byte	.LASF12
 176 008f 02       		.uleb128 0x2
 177 0090 01       		.byte	0x1
 178 0091 08       		.byte	0x8
 179 0092 27020000 		.4byte	.LASF13
 180 0096 04       		.uleb128 0x4
 181 0097 41010000 		.4byte	.LASF14
 182 009b 02       		.byte	0x2
 183 009c F0       		.byte	0xf0
ARM GAS  C:\Users\mgronber\AppData\Local\Temp\ccPxGEwX.s 			page 6


 184 009d A1000000 		.4byte	0xa1
 185 00a1 05       		.uleb128 0x5
 186 00a2 6B000000 		.4byte	0x6b
 187 00a6 02       		.uleb128 0x2
 188 00a7 04       		.byte	0x4
 189 00a8 07       		.byte	0x7
 190 00a9 09020000 		.4byte	.LASF15
 191 00ad 06       		.uleb128 0x6
 192 00ae 0C       		.byte	0xc
 193 00af 03       		.byte	0x3
 194 00b0 7D       		.byte	0x7d
 195 00b1 22010000 		.4byte	0x122
 196 00b5 07       		.uleb128 0x7
 197 00b6 74010000 		.4byte	.LASF16
 198 00ba 03       		.byte	0x3
 199 00bb 7F       		.byte	0x7f
 200 00bc 6B000000 		.4byte	0x6b
 201 00c0 00       		.byte	0
 202 00c1 07       		.uleb128 0x7
 203 00c2 8D010000 		.4byte	.LASF17
 204 00c6 03       		.byte	0x3
 205 00c7 80       		.byte	0x80
 206 00c8 6B000000 		.4byte	0x6b
 207 00cc 01       		.byte	0x1
 208 00cd 07       		.uleb128 0x7
 209 00ce BC010000 		.4byte	.LASF18
 210 00d2 03       		.byte	0x3
 211 00d3 81       		.byte	0x81
 212 00d4 6B000000 		.4byte	0x6b
 213 00d8 02       		.byte	0x2
 214 00d9 07       		.uleb128 0x7
 215 00da 2A010000 		.4byte	.LASF19
 216 00de 03       		.byte	0x3
 217 00df 82       		.byte	0x82
 218 00e0 6B000000 		.4byte	0x6b
 219 00e4 03       		.byte	0x3
 220 00e5 07       		.uleb128 0x7
 221 00e6 58010000 		.4byte	.LASF20
 222 00ea 03       		.byte	0x3
 223 00eb 83       		.byte	0x83
 224 00ec 6B000000 		.4byte	0x6b
 225 00f0 04       		.byte	0x4
 226 00f1 07       		.uleb128 0x7
 227 00f2 12020000 		.4byte	.LASF21
 228 00f6 03       		.byte	0x3
 229 00f7 84       		.byte	0x84
 230 00f8 6B000000 		.4byte	0x6b
 231 00fc 05       		.byte	0x5
 232 00fd 07       		.uleb128 0x7
 233 00fe 7B010000 		.4byte	.LASF22
 234 0102 03       		.byte	0x3
 235 0103 85       		.byte	0x85
 236 0104 76000000 		.4byte	0x76
 237 0108 06       		.byte	0x6
 238 0109 07       		.uleb128 0x7
 239 010a 2C020000 		.4byte	.LASF23
 240 010e 03       		.byte	0x3
ARM GAS  C:\Users\mgronber\AppData\Local\Temp\ccPxGEwX.s 			page 7


 241 010f 86       		.byte	0x86
 242 0110 76000000 		.4byte	0x76
 243 0114 08       		.byte	0x8
 244 0115 07       		.uleb128 0x7
 245 0116 47020000 		.4byte	.LASF24
 246 011a 03       		.byte	0x3
 247 011b 87       		.byte	0x87
 248 011c 6B000000 		.4byte	0x6b
 249 0120 0A       		.byte	0xa
 250 0121 00       		.byte	0
 251 0122 04       		.uleb128 0x4
 252 0123 5A020000 		.4byte	.LASF25
 253 0127 03       		.byte	0x3
 254 0128 88       		.byte	0x88
 255 0129 AD000000 		.4byte	0xad
 256 012d 08       		.uleb128 0x8
 257 012e 00000000 		.4byte	.LASF33
 258 0132 01       		.byte	0x1
 259 0133 30       		.byte	0x30
 260 0134 6B000000 		.4byte	0x6b
 261 0138 00000000 		.4byte	.LFB0
 262 013c 60000000 		.4byte	.LFE0-.LFB0
 263 0140 01       		.uleb128 0x1
 264 0141 9C       		.byte	0x9c
 265 0142 6B010000 		.4byte	0x16b
 266 0146 09       		.uleb128 0x9
 267 0147 FA010000 		.4byte	.LASF26
 268 014b 01       		.byte	0x1
 269 014c 32       		.byte	0x32
 270 014d 6B000000 		.4byte	0x6b
 271 0151 00       		.byte	0
 272 0152 0A       		.uleb128 0xa
 273 0153 5D010000 		.4byte	.LASF27
 274 0157 01       		.byte	0x1
 275 0158 33       		.byte	0x33
 276 0159 6B000000 		.4byte	0x6b
 277 015d 00000000 		.4byte	.LLST0
 278 0161 0B       		.uleb128 0xb
 279 0162 46000000 		.4byte	.LVL4
 280 0166 A1010000 		.4byte	0x1a1
 281 016a 00       		.byte	0
 282 016b 0C       		.uleb128 0xc
 283 016c C6010000 		.4byte	.LASF28
 284 0170 04       		.byte	0x4
 285 0171 32       		.byte	0x32
 286 0172 76010000 		.4byte	0x176
 287 0176 0D       		.uleb128 0xd
 288 0177 04       		.byte	0x4
 289 0178 7C010000 		.4byte	0x17c
 290 017c 0E       		.uleb128 0xe
 291 017d 6B000000 		.4byte	0x6b
 292 0181 0F       		.uleb128 0xf
 293 0182 22010000 		.4byte	0x122
 294 0186 91010000 		.4byte	0x191
 295 018a 10       		.uleb128 0x10
 296 018b A6000000 		.4byte	0xa6
 297 018f 08       		.byte	0x8
ARM GAS  C:\Users\mgronber\AppData\Local\Temp\ccPxGEwX.s 			page 8


 298 0190 00       		.byte	0
 299 0191 0C       		.uleb128 0xc
 300 0192 29000000 		.4byte	.LASF29
 301 0196 04       		.byte	0x4
 302 0197 34       		.byte	0x34
 303 0198 9C010000 		.4byte	0x19c
 304 019c 05       		.uleb128 0x5
 305 019d 81010000 		.4byte	0x181
 306 01a1 11       		.uleb128 0x11
 307 01a2 30000000 		.4byte	.LASF34
 308 01a6 04       		.byte	0x4
 309 01a7 81       		.byte	0x81
 310 01a8 6B000000 		.4byte	0x6b
 311 01ac 00       		.byte	0
 312              		.section	.debug_abbrev,"",%progbits
 313              	.Ldebug_abbrev0:
 314 0000 01       		.uleb128 0x1
 315 0001 11       		.uleb128 0x11
 316 0002 01       		.byte	0x1
 317 0003 25       		.uleb128 0x25
 318 0004 0E       		.uleb128 0xe
 319 0005 13       		.uleb128 0x13
 320 0006 0B       		.uleb128 0xb
 321 0007 03       		.uleb128 0x3
 322 0008 0E       		.uleb128 0xe
 323 0009 1B       		.uleb128 0x1b
 324 000a 0E       		.uleb128 0xe
 325 000b 55       		.uleb128 0x55
 326 000c 17       		.uleb128 0x17
 327 000d 11       		.uleb128 0x11
 328 000e 01       		.uleb128 0x1
 329 000f 10       		.uleb128 0x10
 330 0010 17       		.uleb128 0x17
 331 0011 00       		.byte	0
 332 0012 00       		.byte	0
 333 0013 02       		.uleb128 0x2
 334 0014 24       		.uleb128 0x24
 335 0015 00       		.byte	0
 336 0016 0B       		.uleb128 0xb
 337 0017 0B       		.uleb128 0xb
 338 0018 3E       		.uleb128 0x3e
 339 0019 0B       		.uleb128 0xb
 340 001a 03       		.uleb128 0x3
 341 001b 0E       		.uleb128 0xe
 342 001c 00       		.byte	0
 343 001d 00       		.byte	0
 344 001e 03       		.uleb128 0x3
 345 001f 24       		.uleb128 0x24
 346 0020 00       		.byte	0
 347 0021 0B       		.uleb128 0xb
 348 0022 0B       		.uleb128 0xb
 349 0023 3E       		.uleb128 0x3e
 350 0024 0B       		.uleb128 0xb
 351 0025 03       		.uleb128 0x3
 352 0026 08       		.uleb128 0x8
 353 0027 00       		.byte	0
 354 0028 00       		.byte	0
ARM GAS  C:\Users\mgronber\AppData\Local\Temp\ccPxGEwX.s 			page 9


 355 0029 04       		.uleb128 0x4
 356 002a 16       		.uleb128 0x16
 357 002b 00       		.byte	0
 358 002c 03       		.uleb128 0x3
 359 002d 0E       		.uleb128 0xe
 360 002e 3A       		.uleb128 0x3a
 361 002f 0B       		.uleb128 0xb
 362 0030 3B       		.uleb128 0x3b
 363 0031 0B       		.uleb128 0xb
 364 0032 49       		.uleb128 0x49
 365 0033 13       		.uleb128 0x13
 366 0034 00       		.byte	0
 367 0035 00       		.byte	0
 368 0036 05       		.uleb128 0x5
 369 0037 35       		.uleb128 0x35
 370 0038 00       		.byte	0
 371 0039 49       		.uleb128 0x49
 372 003a 13       		.uleb128 0x13
 373 003b 00       		.byte	0
 374 003c 00       		.byte	0
 375 003d 06       		.uleb128 0x6
 376 003e 13       		.uleb128 0x13
 377 003f 01       		.byte	0x1
 378 0040 0B       		.uleb128 0xb
 379 0041 0B       		.uleb128 0xb
 380 0042 3A       		.uleb128 0x3a
 381 0043 0B       		.uleb128 0xb
 382 0044 3B       		.uleb128 0x3b
 383 0045 0B       		.uleb128 0xb
 384 0046 01       		.uleb128 0x1
 385 0047 13       		.uleb128 0x13
 386 0048 00       		.byte	0
 387 0049 00       		.byte	0
 388 004a 07       		.uleb128 0x7
 389 004b 0D       		.uleb128 0xd
 390 004c 00       		.byte	0
 391 004d 03       		.uleb128 0x3
 392 004e 0E       		.uleb128 0xe
 393 004f 3A       		.uleb128 0x3a
 394 0050 0B       		.uleb128 0xb
 395 0051 3B       		.uleb128 0x3b
 396 0052 0B       		.uleb128 0xb
 397 0053 49       		.uleb128 0x49
 398 0054 13       		.uleb128 0x13
 399 0055 38       		.uleb128 0x38
 400 0056 0B       		.uleb128 0xb
 401 0057 00       		.byte	0
 402 0058 00       		.byte	0
 403 0059 08       		.uleb128 0x8
 404 005a 2E       		.uleb128 0x2e
 405 005b 01       		.byte	0x1
 406 005c 3F       		.uleb128 0x3f
 407 005d 19       		.uleb128 0x19
 408 005e 03       		.uleb128 0x3
 409 005f 0E       		.uleb128 0xe
 410 0060 3A       		.uleb128 0x3a
 411 0061 0B       		.uleb128 0xb
ARM GAS  C:\Users\mgronber\AppData\Local\Temp\ccPxGEwX.s 			page 10


 412 0062 3B       		.uleb128 0x3b
 413 0063 0B       		.uleb128 0xb
 414 0064 27       		.uleb128 0x27
 415 0065 19       		.uleb128 0x19
 416 0066 49       		.uleb128 0x49
 417 0067 13       		.uleb128 0x13
 418 0068 11       		.uleb128 0x11
 419 0069 01       		.uleb128 0x1
 420 006a 12       		.uleb128 0x12
 421 006b 06       		.uleb128 0x6
 422 006c 40       		.uleb128 0x40
 423 006d 18       		.uleb128 0x18
 424 006e 9742     		.uleb128 0x2117
 425 0070 19       		.uleb128 0x19
 426 0071 01       		.uleb128 0x1
 427 0072 13       		.uleb128 0x13
 428 0073 00       		.byte	0
 429 0074 00       		.byte	0
 430 0075 09       		.uleb128 0x9
 431 0076 34       		.uleb128 0x34
 432 0077 00       		.byte	0
 433 0078 03       		.uleb128 0x3
 434 0079 0E       		.uleb128 0xe
 435 007a 3A       		.uleb128 0x3a
 436 007b 0B       		.uleb128 0xb
 437 007c 3B       		.uleb128 0x3b
 438 007d 0B       		.uleb128 0xb
 439 007e 49       		.uleb128 0x49
 440 007f 13       		.uleb128 0x13
 441 0080 1C       		.uleb128 0x1c
 442 0081 0B       		.uleb128 0xb
 443 0082 00       		.byte	0
 444 0083 00       		.byte	0
 445 0084 0A       		.uleb128 0xa
 446 0085 34       		.uleb128 0x34
 447 0086 00       		.byte	0
 448 0087 03       		.uleb128 0x3
 449 0088 0E       		.uleb128 0xe
 450 0089 3A       		.uleb128 0x3a
 451 008a 0B       		.uleb128 0xb
 452 008b 3B       		.uleb128 0x3b
 453 008c 0B       		.uleb128 0xb
 454 008d 49       		.uleb128 0x49
 455 008e 13       		.uleb128 0x13
 456 008f 02       		.uleb128 0x2
 457 0090 17       		.uleb128 0x17
 458 0091 00       		.byte	0
 459 0092 00       		.byte	0
 460 0093 0B       		.uleb128 0xb
 461 0094 898201   		.uleb128 0x4109
 462 0097 00       		.byte	0
 463 0098 11       		.uleb128 0x11
 464 0099 01       		.uleb128 0x1
 465 009a 9542     		.uleb128 0x2115
 466 009c 19       		.uleb128 0x19
 467 009d 31       		.uleb128 0x31
 468 009e 13       		.uleb128 0x13
ARM GAS  C:\Users\mgronber\AppData\Local\Temp\ccPxGEwX.s 			page 11


 469 009f 00       		.byte	0
 470 00a0 00       		.byte	0
 471 00a1 0C       		.uleb128 0xc
 472 00a2 34       		.uleb128 0x34
 473 00a3 00       		.byte	0
 474 00a4 03       		.uleb128 0x3
 475 00a5 0E       		.uleb128 0xe
 476 00a6 3A       		.uleb128 0x3a
 477 00a7 0B       		.uleb128 0xb
 478 00a8 3B       		.uleb128 0x3b
 479 00a9 0B       		.uleb128 0xb
 480 00aa 49       		.uleb128 0x49
 481 00ab 13       		.uleb128 0x13
 482 00ac 3F       		.uleb128 0x3f
 483 00ad 19       		.uleb128 0x19
 484 00ae 3C       		.uleb128 0x3c
 485 00af 19       		.uleb128 0x19
 486 00b0 00       		.byte	0
 487 00b1 00       		.byte	0
 488 00b2 0D       		.uleb128 0xd
 489 00b3 0F       		.uleb128 0xf
 490 00b4 00       		.byte	0
 491 00b5 0B       		.uleb128 0xb
 492 00b6 0B       		.uleb128 0xb
 493 00b7 49       		.uleb128 0x49
 494 00b8 13       		.uleb128 0x13
 495 00b9 00       		.byte	0
 496 00ba 00       		.byte	0
 497 00bb 0E       		.uleb128 0xe
 498 00bc 26       		.uleb128 0x26
 499 00bd 00       		.byte	0
 500 00be 49       		.uleb128 0x49
 501 00bf 13       		.uleb128 0x13
 502 00c0 00       		.byte	0
 503 00c1 00       		.byte	0
 504 00c2 0F       		.uleb128 0xf
 505 00c3 01       		.uleb128 0x1
 506 00c4 01       		.byte	0x1
 507 00c5 49       		.uleb128 0x49
 508 00c6 13       		.uleb128 0x13
 509 00c7 01       		.uleb128 0x1
 510 00c8 13       		.uleb128 0x13
 511 00c9 00       		.byte	0
 512 00ca 00       		.byte	0
 513 00cb 10       		.uleb128 0x10
 514 00cc 21       		.uleb128 0x21
 515 00cd 00       		.byte	0
 516 00ce 49       		.uleb128 0x49
 517 00cf 13       		.uleb128 0x13
 518 00d0 2F       		.uleb128 0x2f
 519 00d1 0B       		.uleb128 0xb
 520 00d2 00       		.byte	0
 521 00d3 00       		.byte	0
 522 00d4 11       		.uleb128 0x11
 523 00d5 2E       		.uleb128 0x2e
 524 00d6 00       		.byte	0
 525 00d7 3F       		.uleb128 0x3f
ARM GAS  C:\Users\mgronber\AppData\Local\Temp\ccPxGEwX.s 			page 12


 526 00d8 19       		.uleb128 0x19
 527 00d9 03       		.uleb128 0x3
 528 00da 0E       		.uleb128 0xe
 529 00db 3A       		.uleb128 0x3a
 530 00dc 0B       		.uleb128 0xb
 531 00dd 3B       		.uleb128 0x3b
 532 00de 0B       		.uleb128 0xb
 533 00df 27       		.uleb128 0x27
 534 00e0 19       		.uleb128 0x19
 535 00e1 49       		.uleb128 0x49
 536 00e2 13       		.uleb128 0x13
 537 00e3 3C       		.uleb128 0x3c
 538 00e4 19       		.uleb128 0x19
 539 00e5 00       		.byte	0
 540 00e6 00       		.byte	0
 541 00e7 00       		.byte	0
 542              		.section	.debug_loc,"",%progbits
 543              	.Ldebug_loc0:
 544              	.LLST0:
 545 0000 00000000 		.4byte	.LVL0
 546 0004 12000000 		.4byte	.LVL1
 547 0008 0200     		.2byte	0x2
 548 000a 30       		.byte	0x30
 549 000b 9F       		.byte	0x9f
 550 000c 20000000 		.4byte	.LVL2
 551 0010 3C000000 		.4byte	.LVL3
 552 0014 0200     		.2byte	0x2
 553 0016 30       		.byte	0x30
 554 0017 9F       		.byte	0x9f
 555 0018 46000000 		.4byte	.LVL4
 556 001c 4C000000 		.4byte	.LVL5
 557 0020 0200     		.2byte	0x2
 558 0022 30       		.byte	0x30
 559 0023 9F       		.byte	0x9f
 560 0024 00000000 		.4byte	0
 561 0028 00000000 		.4byte	0
 562              		.section	.debug_aranges,"",%progbits
 563 0000 1C000000 		.4byte	0x1c
 564 0004 0200     		.2byte	0x2
 565 0006 00000000 		.4byte	.Ldebug_info0
 566 000a 04       		.byte	0x4
 567 000b 00       		.byte	0
 568 000c 0000     		.2byte	0
 569 000e 0000     		.2byte	0
 570 0010 00000000 		.4byte	.LFB0
 571 0014 60000000 		.4byte	.LFE0-.LFB0
 572 0018 00000000 		.4byte	0
 573 001c 00000000 		.4byte	0
 574              		.section	.debug_ranges,"",%progbits
 575              	.Ldebug_ranges0:
 576 0000 00000000 		.4byte	.LFB0
 577 0004 60000000 		.4byte	.LFE0
 578 0008 00000000 		.4byte	0
 579 000c 00000000 		.4byte	0
 580              		.section	.debug_line,"",%progbits
 581              	.Ldebug_line0:
 582 0000 89000000 		.section	.debug_str,"MS",%progbits,1
ARM GAS  C:\Users\mgronber\AppData\Local\Temp\ccPxGEwX.s 			page 13


 582      02005A00 
 582      00000201 
 582      FB0E0D00 
 582      01010101 
 583              	.LASF33:
 584 0000 5553425F 		.ascii	"USB_DispatchClassRqst\000"
 584      44697370 
 584      61746368 
 584      436C6173 
 584      73527173 
 585              	.LASF3:
 586 0016 73686F72 		.ascii	"short unsigned int\000"
 586      7420756E 
 586      7369676E 
 586      65642069 
 586      6E7400
 587              	.LASF29:
 588 0029 5553425F 		.ascii	"USB_EP\000"
 588      455000
 589              	.LASF34:
 590 0030 5553425F 		.ascii	"USB_DispatchAUDIOClassRqst\000"
 590      44697370 
 590      61746368 
 590      41554449 
 590      4F436C61 
 591              	.LASF32:
 592 004b 433A5C55 		.ascii	"C:\\Users\\mgronber\\Desktop\\Hummingbird\\Hummingb"
 592      73657273 
 592      5C6D6772 
 592      6F6E6265 
 592      725C4465 
 593 0079 69726428 		.ascii	"ird(Continuous Output).cydsn\000"
 593      436F6E74 
 593      696E756F 
 593      7573204F 
 593      75747075 
 594              	.LASF30:
 595 0096 474E5520 		.ascii	"GNU C 4.9.3 20150303 (release) [ARM/embedded-4_9-br"
 595      4320342E 
 595      392E3320 
 595      32303135 
 595      30333033 
 596 00c9 616E6368 		.ascii	"anch revision 221220] -mcpu=cortex-m3 -mthumb -g -O"
 596      20726576 
 596      6973696F 
 596      6E203232 
 596      31323230 
 597 00fc 32202D66 		.ascii	"2 -ffunction-sections -ffat-lto-objects\000"
 597      66756E63 
 597      74696F6E 
 597      2D736563 
 597      74696F6E 
 598              	.LASF11:
 599 0124 666C6F61 		.ascii	"float\000"
 599      7400
 600              	.LASF19:
 601 012a 6570546F 		.ascii	"epToggle\000"
ARM GAS  C:\Users\mgronber\AppData\Local\Temp\ccPxGEwX.s 			page 14


 601      67676C65 
 601      00
 602              	.LASF1:
 603 0133 756E7369 		.ascii	"unsigned char\000"
 603      676E6564 
 603      20636861 
 603      7200
 604              	.LASF14:
 605 0141 72656738 		.ascii	"reg8\000"
 605      00
 606              	.LASF5:
 607 0146 6C6F6E67 		.ascii	"long unsigned int\000"
 607      20756E73 
 607      69676E65 
 607      6420696E 
 607      7400
 608              	.LASF20:
 609 0158 61646472 		.ascii	"addr\000"
 609      00
 610              	.LASF27:
 611 015d 696E7465 		.ascii	"interfaceNumber\000"
 611      72666163 
 611      654E756D 
 611      62657200 
 612              	.LASF12:
 613 016d 646F7562 		.ascii	"double\000"
 613      6C6500
 614              	.LASF16:
 615 0174 61747472 		.ascii	"attrib\000"
 615      696200
 616              	.LASF22:
 617 017b 62756666 		.ascii	"buffOffset\000"
 617      4F666673 
 617      657400
 618              	.LASF10:
 619 0186 75696E74 		.ascii	"uint16\000"
 619      313600
 620              	.LASF17:
 621 018d 61706945 		.ascii	"apiEpState\000"
 621      70537461 
 621      746500
 622              	.LASF8:
 623 0198 756E7369 		.ascii	"unsigned int\000"
 623      676E6564 
 623      20696E74 
 623      00
 624              	.LASF7:
 625 01a5 6C6F6E67 		.ascii	"long long unsigned int\000"
 625      206C6F6E 
 625      6720756E 
 625      7369676E 
 625      65642069 
 626              	.LASF18:
 627 01bc 68774570 		.ascii	"hwEpState\000"
 627      53746174 
 627      6500
 628              	.LASF28:
ARM GAS  C:\Users\mgronber\AppData\Local\Temp\ccPxGEwX.s 			page 15


 629 01c6 5553425F 		.ascii	"USB_interfaceClass\000"
 629      696E7465 
 629      72666163 
 629      65436C61 
 629      737300
 630              	.LASF31:
 631 01d9 47656E65 		.ascii	"Generated_Source\\PSoC5\\USB_cls.c\000"
 631      72617465 
 631      645F536F 
 631      75726365 
 631      5C50536F 
 632              	.LASF26:
 633 01fa 72657175 		.ascii	"requestHandled\000"
 633      65737448 
 633      616E646C 
 633      656400
 634              	.LASF15:
 635 0209 73697A65 		.ascii	"sizetype\000"
 635      74797065 
 635      00
 636              	.LASF21:
 637 0212 65704D6F 		.ascii	"epMode\000"
 637      646500
 638              	.LASF6:
 639 0219 6C6F6E67 		.ascii	"long long int\000"
 639      206C6F6E 
 639      6720696E 
 639      7400
 640              	.LASF13:
 641 0227 63686172 		.ascii	"char\000"
 641      00
 642              	.LASF23:
 643 022c 62756666 		.ascii	"bufferSize\000"
 643      65725369 
 643      7A6500
 644              	.LASF2:
 645 0237 73686F72 		.ascii	"short int\000"
 645      7420696E 
 645      7400
 646              	.LASF9:
 647 0241 75696E74 		.ascii	"uint8\000"
 647      3800
 648              	.LASF24:
 649 0247 696E7465 		.ascii	"interface\000"
 649      72666163 
 649      6500
 650              	.LASF4:
 651 0251 6C6F6E67 		.ascii	"long int\000"
 651      20696E74 
 651      00
 652              	.LASF25:
 653 025a 545F5553 		.ascii	"T_USB_EP_CTL_BLOCK\000"
 653      425F4550 
 653      5F43544C 
 653      5F424C4F 
 653      434B00
 654              	.LASF0:
ARM GAS  C:\Users\mgronber\AppData\Local\Temp\ccPxGEwX.s 			page 16


 655 026d 7369676E 		.ascii	"signed char\000"
 655      65642063 
 655      68617200 
 656              		.ident	"GCC: (GNU Tools for ARM Embedded Processors) 4.9.3 20150303 (release) [ARM/embedded-4_9-br
