ARM GAS  C:\Users\mgronber\AppData\Local\Temp\ccaJJyMA.s 			page 1


   1              		.syntax unified
   2              		.cpu cortex-m3
   3              		.fpu softvfp
   4              		.eabi_attribute 20, 1
   5              		.eabi_attribute 21, 1
   6              		.eabi_attribute 23, 3
   7              		.eabi_attribute 24, 1
   8              		.eabi_attribute 25, 1
   9              		.eabi_attribute 26, 1
  10              		.eabi_attribute 30, 2
  11              		.eabi_attribute 34, 1
  12              		.eabi_attribute 18, 4
  13              		.thumb
  14              		.file	"USB_descr.c"
  15              		.text
  16              	.Ltext0:
  17              		.cfi_sections	.debug_frame
  18              		.comm	USB_idSerialNumberStringDescriptor,34,4
  19              		.global	USB_MSOS_CONFIGURATION_DESCR
  20              		.global	USB_MSOS_DESCRIPTOR
  21              		.global	USB_TABLE
  22              		.global	USB_DEVICE0_TABLE
  23              		.global	USB_DEVICE0_CONFIGURATION0_TABLE
  24              		.global	USB_DEVICE0_CONFIGURATION0_INTERFACE_CLASS
  25              		.global	USB_DEVICE0_CONFIGURATION0_EP_SETTINGS_TABLE
  26              		.global	USB_SN_STRING_DESCRIPTOR
  27              		.global	USB_STRING_DESCRIPTORS
  28              		.global	USB_DEVICE0_CONFIGURATION0_DESCR
  29              		.global	USB_DEVICE0_DESCR
  30              		.section	.rodata
  31              		.align	2
  32              		.type	USB_MSOS_CONFIGURATION_DESCR, %object
  33              		.size	USB_MSOS_CONFIGURATION_DESCR, 40
  34              	USB_MSOS_CONFIGURATION_DESCR:
  35 0000 28       		.byte	40
  36 0001 00       		.byte	0
  37 0002 00       		.byte	0
  38 0003 00       		.byte	0
  39 0004 00       		.byte	0
  40 0005 01       		.byte	1
  41 0006 04       		.byte	4
  42 0007 00       		.byte	0
  43 0008 01       		.byte	1
  44 0009 00       		.byte	0
  45 000a 00       		.byte	0
  46 000b 00       		.byte	0
  47 000c 00       		.byte	0
  48 000d 00       		.byte	0
  49 000e 00       		.byte	0
  50 000f 00       		.byte	0
  51 0010 00       		.byte	0
  52 0011 01       		.byte	1
  53 0012 43       		.byte	67
  54 0013 59       		.byte	89
  55 0014 55       		.byte	85
  56 0015 53       		.byte	83
  57 0016 42       		.byte	66
ARM GAS  C:\Users\mgronber\AppData\Local\Temp\ccaJJyMA.s 			page 2


  58 0017 00       		.byte	0
  59 0018 00       		.byte	0
  60 0019 00       		.byte	0
  61 001a 30       		.byte	48
  62 001b 30       		.byte	48
  63 001c 30       		.byte	48
  64 001d 30       		.byte	48
  65 001e 31       		.byte	49
  66 001f 00       		.byte	0
  67 0020 00       		.byte	0
  68 0021 00       		.byte	0
  69 0022 00       		.byte	0
  70 0023 00       		.byte	0
  71 0024 00       		.byte	0
  72 0025 00       		.byte	0
  73 0026 00       		.byte	0
  74 0027 00       		.byte	0
  75              		.type	USB_MSOS_DESCRIPTOR, %object
  76              		.size	USB_MSOS_DESCRIPTOR, 18
  77              	USB_MSOS_DESCRIPTOR:
  78 0028 12       		.byte	18
  79 0029 03       		.byte	3
  80 002a 4D       		.byte	77
  81 002b 00       		.byte	0
  82 002c 53       		.byte	83
  83 002d 00       		.byte	0
  84 002e 46       		.byte	70
  85 002f 00       		.byte	0
  86 0030 54       		.byte	84
  87 0031 00       		.byte	0
  88 0032 31       		.byte	49
  89 0033 00       		.byte	0
  90 0034 30       		.byte	48
  91 0035 00       		.byte	0
  92 0036 30       		.byte	48
  93 0037 00       		.byte	0
  94 0038 01       		.byte	1
  95 0039 00       		.byte	0
  96 003a 0000     		.space	2
  97              		.type	USB_TABLE, %object
  98              		.size	USB_TABLE, 8
  99              	USB_TABLE:
 100 003c 01       		.byte	1
 101 003d 000000   		.space	3
 102 0040 00000000 		.word	USB_DEVICE0_TABLE
 103              		.type	USB_DEVICE0_TABLE, %object
 104              		.size	USB_DEVICE0_TABLE, 16
 105              	USB_DEVICE0_TABLE:
 106 0044 01       		.byte	1
 107 0045 000000   		.space	3
 108 0048 00000000 		.word	USB_DEVICE0_DESCR
 109 004c 01       		.byte	1
 110 004d 000000   		.space	3
 111 0050 00000000 		.word	USB_DEVICE0_CONFIGURATION0_TABLE
 112              		.type	USB_DEVICE0_CONFIGURATION0_TABLE, %object
 113              		.size	USB_DEVICE0_CONFIGURATION0_TABLE, 40
 114              	USB_DEVICE0_CONFIGURATION0_TABLE:
ARM GAS  C:\Users\mgronber\AppData\Local\Temp\ccaJJyMA.s 			page 3


 115 0054 01       		.byte	1
 116 0055 000000   		.space	3
 117 0058 00000000 		.word	USB_DEVICE0_CONFIGURATION0_DESCR
 118 005c 02       		.byte	2
 119 005d 000000   		.space	3
 120 0060 00000000 		.word	USB_DEVICE0_CONFIGURATION0_EP_SETTINGS_TABLE
 121 0064 00       		.byte	0
 122 0065 000000   		.space	3
 123 0068 00000000 		.word	0
 124 006c 00       		.byte	0
 125 006d 000000   		.space	3
 126 0070 00000000 		.word	0
 127 0074 00       		.byte	0
 128 0075 000000   		.space	3
 129 0078 00000000 		.word	USB_DEVICE0_CONFIGURATION0_INTERFACE_CLASS
 130              		.type	USB_DEVICE0_CONFIGURATION0_INTERFACE_CLASS, %object
 131              		.size	USB_DEVICE0_CONFIGURATION0_INTERFACE_CLASS, 2
 132              	USB_DEVICE0_CONFIGURATION0_INTERFACE_CLASS:
 133 007c 01       		.byte	1
 134 007d 01       		.byte	1
 135 007e 0000     		.space	2
 136              		.type	USB_DEVICE0_CONFIGURATION0_EP_SETTINGS_TABLE, %object
 137              		.size	USB_DEVICE0_CONFIGURATION0_EP_SETTINGS_TABLE, 16
 138              	USB_DEVICE0_CONFIGURATION0_EP_SETTINGS_TABLE:
 139 0080 01       		.byte	1
 140 0081 00       		.byte	0
 141 0082 81       		.byte	-127
 142 0083 02       		.byte	2
 143 0084 2000     		.short	32
 144 0086 01       		.byte	1
 145 0087 00       		.space	1
 146 0088 01       		.byte	1
 147 0089 00       		.byte	0
 148 008a 02       		.byte	2
 149 008b 02       		.byte	2
 150 008c 2000     		.short	32
 151 008e 01       		.byte	1
 152 008f 00       		.space	1
 153              		.type	USB_SN_STRING_DESCRIPTOR, %object
 154              		.size	USB_SN_STRING_DESCRIPTOR, 2
 155              	USB_SN_STRING_DESCRIPTOR:
 156 0090 02       		.byte	2
 157 0091 03       		.byte	3
 158 0092 0000     		.space	2
 159              		.type	USB_STRING_DESCRIPTORS, %object
 160              		.size	USB_STRING_DESCRIPTORS, 185
 161              	USB_STRING_DESCRIPTORS:
 162 0094 04       		.byte	4
 163 0095 03       		.byte	3
 164 0096 09       		.byte	9
 165 0097 04       		.byte	4
 166 0098 10       		.byte	16
 167 0099 03       		.byte	3
 168 009a 43       		.byte	67
 169 009b 00       		.byte	0
 170 009c 79       		.byte	121
 171 009d 00       		.byte	0
ARM GAS  C:\Users\mgronber\AppData\Local\Temp\ccaJJyMA.s 			page 4


 172 009e 70       		.byte	112
 173 009f 00       		.byte	0
 174 00a0 72       		.byte	114
 175 00a1 00       		.byte	0
 176 00a2 65       		.byte	101
 177 00a3 00       		.byte	0
 178 00a4 73       		.byte	115
 179 00a5 00       		.byte	0
 180 00a6 73       		.byte	115
 181 00a7 00       		.byte	0
 182 00a8 12       		.byte	18
 183 00a9 03       		.byte	3
 184 00aa 55       		.byte	85
 185 00ab 00       		.byte	0
 186 00ac 53       		.byte	83
 187 00ad 00       		.byte	0
 188 00ae 42       		.byte	66
 189 00af 00       		.byte	0
 190 00b0 20       		.byte	32
 191 00b1 00       		.byte	0
 192 00b2 4D       		.byte	77
 193 00b3 00       		.byte	0
 194 00b4 49       		.byte	73
 195 00b5 00       		.byte	0
 196 00b6 44       		.byte	68
 197 00b7 00       		.byte	0
 198 00b8 49       		.byte	73
 199 00b9 00       		.byte	0
 200 00ba 10       		.byte	16
 201 00bb 03       		.byte	3
 202 00bc 4D       		.byte	77
 203 00bd 00       		.byte	0
 204 00be 49       		.byte	73
 205 00bf 00       		.byte	0
 206 00c0 44       		.byte	68
 207 00c1 00       		.byte	0
 208 00c2 49       		.byte	73
 209 00c3 00       		.byte	0
 210 00c4 20       		.byte	32
 211 00c5 00       		.byte	0
 212 00c6 49       		.byte	73
 213 00c7 00       		.byte	0
 214 00c8 4E       		.byte	78
 215 00c9 00       		.byte	0
 216 00ca 12       		.byte	18
 217 00cb 03       		.byte	3
 218 00cc 4D       		.byte	77
 219 00cd 00       		.byte	0
 220 00ce 49       		.byte	73
 221 00cf 00       		.byte	0
 222 00d0 44       		.byte	68
 223 00d1 00       		.byte	0
 224 00d2 49       		.byte	73
 225 00d3 00       		.byte	0
 226 00d4 20       		.byte	32
 227 00d5 00       		.byte	0
 228 00d6 4F       		.byte	79
ARM GAS  C:\Users\mgronber\AppData\Local\Temp\ccaJJyMA.s 			page 5


 229 00d7 00       		.byte	0
 230 00d8 55       		.byte	85
 231 00d9 00       		.byte	0
 232 00da 54       		.byte	84
 233 00db 00       		.byte	0
 234 00dc 28       		.byte	40
 235 00dd 03       		.byte	3
 236 00de 4D       		.byte	77
 237 00df 00       		.byte	0
 238 00e0 49       		.byte	73
 239 00e1 00       		.byte	0
 240 00e2 44       		.byte	68
 241 00e3 00       		.byte	0
 242 00e4 49       		.byte	73
 243 00e5 00       		.byte	0
 244 00e6 20       		.byte	32
 245 00e7 00       		.byte	0
 246 00e8 53       		.byte	83
 247 00e9 00       		.byte	0
 248 00ea 74       		.byte	116
 249 00eb 00       		.byte	0
 250 00ec 72       		.byte	114
 251 00ed 00       		.byte	0
 252 00ee 65       		.byte	101
 253 00ef 00       		.byte	0
 254 00f0 61       		.byte	97
 255 00f1 00       		.byte	0
 256 00f2 6D       		.byte	109
 257 00f3 00       		.byte	0
 258 00f4 69       		.byte	105
 259 00f5 00       		.byte	0
 260 00f6 6E       		.byte	110
 261 00f7 00       		.byte	0
 262 00f8 67       		.byte	103
 263 00f9 00       		.byte	0
 264 00fa 20       		.byte	32
 265 00fb 00       		.byte	0
 266 00fc 49       		.byte	73
 267 00fd 00       		.byte	0
 268 00fe 6E       		.byte	110
 269 00ff 00       		.byte	0
 270 0100 74       		.byte	116
 271 0101 00       		.byte	0
 272 0102 66       		.byte	102
 273 0103 00       		.byte	0
 274 0104 1E       		.byte	30
 275 0105 03       		.byte	3
 276 0106 4D       		.byte	77
 277 0107 00       		.byte	0
 278 0108 49       		.byte	73
 279 0109 00       		.byte	0
 280 010a 44       		.byte	68
 281 010b 00       		.byte	0
 282 010c 49       		.byte	73
 283 010d 00       		.byte	0
 284 010e 20       		.byte	32
 285 010f 00       		.byte	0
ARM GAS  C:\Users\mgronber\AppData\Local\Temp\ccaJJyMA.s 			page 6


 286 0110 49       		.byte	73
 287 0111 00       		.byte	0
 288 0112 6E       		.byte	110
 289 0113 00       		.byte	0
 290 0114 74       		.byte	116
 291 0115 00       		.byte	0
 292 0116 65       		.byte	101
 293 0117 00       		.byte	0
 294 0118 72       		.byte	114
 295 0119 00       		.byte	0
 296 011a 66       		.byte	102
 297 011b 00       		.byte	0
 298 011c 61       		.byte	97
 299 011d 00       		.byte	0
 300 011e 63       		.byte	99
 301 011f 00       		.byte	0
 302 0120 65       		.byte	101
 303 0121 00       		.byte	0
 304 0122 14       		.byte	20
 305 0123 03       		.byte	3
 306 0124 4D       		.byte	77
 307 0125 00       		.byte	0
 308 0126 49       		.byte	73
 309 0127 00       		.byte	0
 310 0128 44       		.byte	68
 311 0129 00       		.byte	0
 312 012a 49       		.byte	73
 313 012b 00       		.byte	0
 314 012c 20       		.byte	32
 315 012d 00       		.byte	0
 316 012e 49       		.byte	73
 317 012f 00       		.byte	0
 318 0130 4E       		.byte	78
 319 0131 00       		.byte	0
 320 0132 20       		.byte	32
 321 0133 00       		.byte	0
 322 0134 32       		.byte	50
 323 0135 00       		.byte	0
 324 0136 16       		.byte	22
 325 0137 03       		.byte	3
 326 0138 4D       		.byte	77
 327 0139 00       		.byte	0
 328 013a 49       		.byte	73
 329 013b 00       		.byte	0
 330 013c 44       		.byte	68
 331 013d 00       		.byte	0
 332 013e 49       		.byte	73
 333 013f 00       		.byte	0
 334 0140 20       		.byte	32
 335 0141 00       		.byte	0
 336 0142 4F       		.byte	79
 337 0143 00       		.byte	0
 338 0144 55       		.byte	85
 339 0145 00       		.byte	0
 340 0146 54       		.byte	84
 341 0147 00       		.byte	0
 342 0148 20       		.byte	32
ARM GAS  C:\Users\mgronber\AppData\Local\Temp\ccaJJyMA.s 			page 7


 343 0149 00       		.byte	0
 344 014a 32       		.byte	50
 345 014b 00       		.byte	0
 346 014c 00       		.byte	0
 347 014d 000000   		.space	3
 348              		.type	USB_DEVICE0_CONFIGURATION0_DESCR, %object
 349              		.size	USB_DEVICE0_CONFIGURATION0_DESCR, 133
 350              	USB_DEVICE0_CONFIGURATION0_DESCR:
 351 0150 09       		.byte	9
 352 0151 02       		.byte	2
 353 0152 85       		.byte	-123
 354 0153 00       		.byte	0
 355 0154 02       		.byte	2
 356 0155 01       		.byte	1
 357 0156 02       		.byte	2
 358 0157 80       		.byte	-128
 359 0158 32       		.byte	50
 360 0159 09       		.byte	9
 361 015a 04       		.byte	4
 362 015b 00       		.byte	0
 363 015c 00       		.byte	0
 364 015d 00       		.byte	0
 365 015e 01       		.byte	1
 366 015f 01       		.byte	1
 367 0160 00       		.byte	0
 368 0161 06       		.byte	6
 369 0162 09       		.byte	9
 370 0163 24       		.byte	36
 371 0164 01       		.byte	1
 372 0165 00       		.byte	0
 373 0166 01       		.byte	1
 374 0167 09       		.byte	9
 375 0168 00       		.byte	0
 376 0169 01       		.byte	1
 377 016a 01       		.byte	1
 378 016b 09       		.byte	9
 379 016c 04       		.byte	4
 380 016d 01       		.byte	1
 381 016e 00       		.byte	0
 382 016f 02       		.byte	2
 383 0170 01       		.byte	1
 384 0171 03       		.byte	3
 385 0172 00       		.byte	0
 386 0173 05       		.byte	5
 387 0174 07       		.byte	7
 388 0175 24       		.byte	36
 389 0176 01       		.byte	1
 390 0177 00       		.byte	0
 391 0178 01       		.byte	1
 392 0179 43       		.byte	67
 393 017a 00       		.byte	0
 394 017b 06       		.byte	6
 395 017c 24       		.byte	36
 396 017d 02       		.byte	2
 397 017e 01       		.byte	1
 398 017f 01       		.byte	1
 399 0180 03       		.byte	3
ARM GAS  C:\Users\mgronber\AppData\Local\Temp\ccaJJyMA.s 			page 8


 400 0181 06       		.byte	6
 401 0182 24       		.byte	36
 402 0183 02       		.byte	2
 403 0184 02       		.byte	2
 404 0185 02       		.byte	2
 405 0186 03       		.byte	3
 406 0187 09       		.byte	9
 407 0188 24       		.byte	36
 408 0189 03       		.byte	3
 409 018a 01       		.byte	1
 410 018b 03       		.byte	3
 411 018c 01       		.byte	1
 412 018d 02       		.byte	2
 413 018e 01       		.byte	1
 414 018f 04       		.byte	4
 415 0190 09       		.byte	9
 416 0191 24       		.byte	36
 417 0192 03       		.byte	3
 418 0193 02       		.byte	2
 419 0194 04       		.byte	4
 420 0195 01       		.byte	1
 421 0196 01       		.byte	1
 422 0197 01       		.byte	1
 423 0198 04       		.byte	4
 424 0199 06       		.byte	6
 425 019a 24       		.byte	36
 426 019b 02       		.byte	2
 427 019c 01       		.byte	1
 428 019d 05       		.byte	5
 429 019e 07       		.byte	7
 430 019f 06       		.byte	6
 431 01a0 24       		.byte	36
 432 01a1 02       		.byte	2
 433 01a2 02       		.byte	2
 434 01a3 06       		.byte	6
 435 01a4 07       		.byte	7
 436 01a5 09       		.byte	9
 437 01a6 24       		.byte	36
 438 01a7 03       		.byte	3
 439 01a8 01       		.byte	1
 440 01a9 07       		.byte	7
 441 01aa 01       		.byte	1
 442 01ab 06       		.byte	6
 443 01ac 01       		.byte	1
 444 01ad 04       		.byte	4
 445 01ae 09       		.byte	9
 446 01af 24       		.byte	36
 447 01b0 03       		.byte	3
 448 01b1 02       		.byte	2
 449 01b2 08       		.byte	8
 450 01b3 01       		.byte	1
 451 01b4 05       		.byte	5
 452 01b5 01       		.byte	1
 453 01b6 08       		.byte	8
 454 01b7 09       		.byte	9
 455 01b8 05       		.byte	5
 456 01b9 81       		.byte	-127
ARM GAS  C:\Users\mgronber\AppData\Local\Temp\ccaJJyMA.s 			page 9


 457 01ba 02       		.byte	2
 458 01bb 20       		.byte	32
 459 01bc 00       		.byte	0
 460 01bd 00       		.byte	0
 461 01be 00       		.byte	0
 462 01bf 00       		.byte	0
 463 01c0 06       		.byte	6
 464 01c1 25       		.byte	37
 465 01c2 01       		.byte	1
 466 01c3 02       		.byte	2
 467 01c4 03       		.byte	3
 468 01c5 07       		.byte	7
 469 01c6 09       		.byte	9
 470 01c7 05       		.byte	5
 471 01c8 02       		.byte	2
 472 01c9 02       		.byte	2
 473 01ca 20       		.byte	32
 474 01cb 00       		.byte	0
 475 01cc 00       		.byte	0
 476 01cd 00       		.byte	0
 477 01ce 00       		.byte	0
 478 01cf 06       		.byte	6
 479 01d0 25       		.byte	37
 480 01d1 01       		.byte	1
 481 01d2 02       		.byte	2
 482 01d3 01       		.byte	1
 483 01d4 05       		.byte	5
 484 01d5 000000   		.space	3
 485              		.type	USB_DEVICE0_DESCR, %object
 486              		.size	USB_DEVICE0_DESCR, 18
 487              	USB_DEVICE0_DESCR:
 488 01d8 12       		.byte	18
 489 01d9 01       		.byte	1
 490 01da 00       		.byte	0
 491 01db 02       		.byte	2
 492 01dc 00       		.byte	0
 493 01dd 00       		.byte	0
 494 01de 00       		.byte	0
 495 01df 08       		.byte	8
 496 01e0 B4       		.byte	-76
 497 01e1 04       		.byte	4
 498 01e2 32       		.byte	50
 499 01e3 D2       		.byte	-46
 500 01e4 00       		.byte	0
 501 01e5 00       		.byte	0
 502 01e6 01       		.byte	1
 503 01e7 02       		.byte	2
 504 01e8 80       		.byte	-128
 505 01e9 01       		.byte	1
 506 01ea 0000     		.text
 507              	.Letext0:
 508              		.file 1 "Generated_Source\\PSoC5\\cytypes.h"
 509              		.file 2 "Generated_Source\\PSoC5\\USB.h"
 510              		.file 3 "Generated_Source\\PSoC5\\USB_descr.c"
 511              		.section	.debug_info,"",%progbits
 512              	.Ldebug_info0:
 513 0000 CB020000 		.4byte	0x2cb
ARM GAS  C:\Users\mgronber\AppData\Local\Temp\ccaJJyMA.s 			page 10


 514 0004 0400     		.2byte	0x4
 515 0006 00000000 		.4byte	.Ldebug_abbrev0
 516 000a 04       		.byte	0x4
 517 000b 01       		.uleb128 0x1
 518 000c B4000000 		.4byte	.LASF36
 519 0010 01       		.byte	0x1
 520 0011 73020000 		.4byte	.LASF37
 521 0015 69000000 		.4byte	.LASF38
 522 0019 00000000 		.4byte	.Ldebug_line0
 523 001d 02       		.uleb128 0x2
 524 001e 01       		.byte	0x1
 525 001f 06       		.byte	0x6
 526 0020 41030000 		.4byte	.LASF0
 527 0024 02       		.uleb128 0x2
 528 0025 01       		.byte	0x1
 529 0026 08       		.byte	0x8
 530 0027 74010000 		.4byte	.LASF1
 531 002b 02       		.uleb128 0x2
 532 002c 02       		.byte	0x2
 533 002d 05       		.byte	0x5
 534 002e F3020000 		.4byte	.LASF2
 535 0032 02       		.uleb128 0x2
 536 0033 02       		.byte	0x2
 537 0034 07       		.byte	0x7
 538 0035 44000000 		.4byte	.LASF3
 539 0039 02       		.uleb128 0x2
 540 003a 04       		.byte	0x4
 541 003b 05       		.byte	0x5
 542 003c 38030000 		.4byte	.LASF4
 543 0040 02       		.uleb128 0x2
 544 0041 04       		.byte	0x4
 545 0042 07       		.byte	0x7
 546 0043 8D010000 		.4byte	.LASF5
 547 0047 02       		.uleb128 0x2
 548 0048 08       		.byte	0x8
 549 0049 05       		.byte	0x5
 550 004a BD020000 		.4byte	.LASF6
 551 004e 02       		.uleb128 0x2
 552 004f 08       		.byte	0x8
 553 0050 07       		.byte	0x7
 554 0051 96020000 		.4byte	.LASF7
 555 0055 03       		.uleb128 0x3
 556 0056 04       		.byte	0x4
 557 0057 05       		.byte	0x5
 558 0058 696E7400 		.ascii	"int\000"
 559 005c 02       		.uleb128 0x2
 560 005d 04       		.byte	0x4
 561 005e 07       		.byte	0x7
 562 005f 49020000 		.4byte	.LASF8
 563 0063 04       		.uleb128 0x4
 564 0064 FD020000 		.4byte	.LASF9
 565 0068 01       		.byte	0x1
 566 0069 5B       		.byte	0x5b
 567 006a 24000000 		.4byte	0x24
 568 006e 04       		.uleb128 0x4
 569 006f 2E020000 		.4byte	.LASF10
 570 0073 01       		.byte	0x1
ARM GAS  C:\Users\mgronber\AppData\Local\Temp\ccaJJyMA.s 			page 11


 571 0074 5C       		.byte	0x5c
 572 0075 32000000 		.4byte	0x32
 573 0079 02       		.uleb128 0x2
 574 007a 04       		.byte	0x4
 575 007b 04       		.byte	0x4
 576 007c 42010000 		.4byte	.LASF11
 577 0080 02       		.uleb128 0x2
 578 0081 08       		.byte	0x8
 579 0082 04       		.byte	0x4
 580 0083 EF010000 		.4byte	.LASF12
 581 0087 02       		.uleb128 0x2
 582 0088 01       		.byte	0x1
 583 0089 08       		.byte	0x8
 584 008a CB020000 		.4byte	.LASF13
 585 008e 02       		.uleb128 0x2
 586 008f 04       		.byte	0x4
 587 0090 07       		.byte	0x7
 588 0091 B4020000 		.4byte	.LASF14
 589 0095 05       		.uleb128 0x5
 590 0096 08       		.byte	0x8
 591 0097 02       		.byte	0x2
 592 0098 8A       		.byte	0x8a
 593 0099 E6000000 		.4byte	0xe6
 594 009d 06       		.uleb128 0x6
 595 009e 03030000 		.4byte	.LASF15
 596 00a2 02       		.byte	0x2
 597 00a3 8C       		.byte	0x8c
 598 00a4 63000000 		.4byte	0x63
 599 00a8 00       		.byte	0
 600 00a9 06       		.uleb128 0x6
 601 00aa 48010000 		.4byte	.LASF16
 602 00ae 02       		.byte	0x2
 603 00af 8D       		.byte	0x8d
 604 00b0 63000000 		.4byte	0x63
 605 00b4 01       		.byte	0x1
 606 00b5 06       		.uleb128 0x6
 607 00b6 9F010000 		.4byte	.LASF17
 608 00ba 02       		.byte	0x2
 609 00bb 8E       		.byte	0x8e
 610 00bc 63000000 		.4byte	0x63
 611 00c0 02       		.byte	0x2
 612 00c1 06       		.uleb128 0x6
 613 00c2 82010000 		.4byte	.LASF18
 614 00c6 02       		.byte	0x2
 615 00c7 8F       		.byte	0x8f
 616 00c8 63000000 		.4byte	0x63
 617 00cc 03       		.byte	0x3
 618 00cd 06       		.uleb128 0x6
 619 00ce F6010000 		.4byte	.LASF19
 620 00d2 02       		.byte	0x2
 621 00d3 90       		.byte	0x90
 622 00d4 6E000000 		.4byte	0x6e
 623 00d8 04       		.byte	0x4
 624 00d9 06       		.uleb128 0x6
 625 00da 4D030000 		.4byte	.LASF20
 626 00de 02       		.byte	0x2
 627 00df 91       		.byte	0x91
ARM GAS  C:\Users\mgronber\AppData\Local\Temp\ccaJJyMA.s 			page 12


 628 00e0 63000000 		.4byte	0x63
 629 00e4 06       		.byte	0x6
 630 00e5 00       		.byte	0
 631 00e6 04       		.uleb128 0x4
 632 00e7 A4010000 		.4byte	.LASF21
 633 00eb 02       		.byte	0x2
 634 00ec 92       		.byte	0x92
 635 00ed 95000000 		.4byte	0x95
 636 00f1 05       		.uleb128 0x5
 637 00f2 08       		.byte	0x8
 638 00f3 02       		.byte	0x2
 639 00f4 A2       		.byte	0xa2
 640 00f5 10010000 		.4byte	0x110
 641 00f9 07       		.uleb128 0x7
 642 00fa 6300     		.ascii	"c\000"
 643 00fc 02       		.byte	0x2
 644 00fd A4       		.byte	0xa4
 645 00fe 63000000 		.4byte	0x63
 646 0102 00       		.byte	0
 647 0103 06       		.uleb128 0x6
 648 0104 AD020000 		.4byte	.LASF22
 649 0108 02       		.byte	0x2
 650 0109 A5       		.byte	0xa5
 651 010a 10010000 		.4byte	0x110
 652 010e 04       		.byte	0x4
 653 010f 00       		.byte	0
 654 0110 08       		.uleb128 0x8
 655 0111 04       		.byte	0x4
 656 0112 16010000 		.4byte	0x116
 657 0116 09       		.uleb128 0x9
 658 0117 04       		.uleb128 0x4
 659 0118 6A010000 		.4byte	.LASF23
 660 011c 02       		.byte	0x2
 661 011d A6       		.byte	0xa6
 662 011e F1000000 		.4byte	0xf1
 663 0122 0A       		.uleb128 0xa
 664 0123 63000000 		.4byte	0x63
 665 0127 32010000 		.4byte	0x132
 666 012b 0B       		.uleb128 0xb
 667 012c 8E000000 		.4byte	0x8e
 668 0130 11       		.byte	0x11
 669 0131 00       		.byte	0
 670 0132 0C       		.uleb128 0xc
 671 0133 BC010000 		.4byte	.LASF24
 672 0137 03       		.byte	0x3
 673 0138 26       		.byte	0x26
 674 0139 43010000 		.4byte	0x143
 675 013d 05       		.uleb128 0x5
 676 013e 03       		.byte	0x3
 677 013f 00000000 		.4byte	USB_DEVICE0_DESCR
 678 0143 0D       		.uleb128 0xd
 679 0144 22010000 		.4byte	0x122
 680 0148 0A       		.uleb128 0xa
 681 0149 63000000 		.4byte	0x63
 682 014d 58010000 		.4byte	0x158
 683 0151 0B       		.uleb128 0xb
 684 0152 8E000000 		.4byte	0x8e
ARM GAS  C:\Users\mgronber\AppData\Local\Temp\ccaJJyMA.s 			page 13


 685 0156 84       		.byte	0x84
 686 0157 00       		.byte	0
 687 0158 0C       		.uleb128 0xc
 688 0159 CE010000 		.4byte	.LASF25
 689 015d 03       		.byte	0x3
 690 015e 39       		.byte	0x39
 691 015f 69010000 		.4byte	0x169
 692 0163 05       		.uleb128 0x5
 693 0164 03       		.byte	0x3
 694 0165 00000000 		.4byte	USB_DEVICE0_CONFIGURATION0_DESCR
 695 0169 0D       		.uleb128 0xd
 696 016a 48010000 		.4byte	0x148
 697 016e 0A       		.uleb128 0xa
 698 016f E6000000 		.4byte	0xe6
 699 0173 7E010000 		.4byte	0x17e
 700 0177 0B       		.uleb128 0xb
 701 0178 8E000000 		.4byte	0x8e
 702 017c 01       		.byte	0x1
 703 017d 00       		.byte	0
 704 017e 0E       		.uleb128 0xe
 705 017f 01020000 		.4byte	.LASF26
 706 0183 03       		.byte	0x3
 707 0184 4201     		.2byte	0x142
 708 0186 90010000 		.4byte	0x190
 709 018a 05       		.uleb128 0x5
 710 018b 03       		.byte	0x3
 711 018c 00000000 		.4byte	USB_DEVICE0_CONFIGURATION0_EP_SETTINGS_TABLE
 712 0190 0D       		.uleb128 0xd
 713 0191 6E010000 		.4byte	0x16e
 714 0195 0A       		.uleb128 0xa
 715 0196 63000000 		.4byte	0x63
 716 019a A5010000 		.4byte	0x1a5
 717 019e 0B       		.uleb128 0xb
 718 019f 8E000000 		.4byte	0x8e
 719 01a3 01       		.byte	0x1
 720 01a4 00       		.byte	0
 721 01a5 0E       		.uleb128 0xe
 722 01a6 0D030000 		.4byte	.LASF27
 723 01aa 03       		.byte	0x3
 724 01ab 4701     		.2byte	0x147
 725 01ad B7010000 		.4byte	0x1b7
 726 01b1 05       		.uleb128 0x5
 727 01b2 03       		.byte	0x3
 728 01b3 00000000 		.4byte	USB_DEVICE0_CONFIGURATION0_INTERFACE_CLASS
 729 01b7 0D       		.uleb128 0xd
 730 01b8 95010000 		.4byte	0x195
 731 01bc 0A       		.uleb128 0xa
 732 01bd 17010000 		.4byte	0x117
 733 01c1 CC010000 		.4byte	0x1cc
 734 01c5 0B       		.uleb128 0xb
 735 01c6 8E000000 		.4byte	0x8e
 736 01ca 04       		.byte	0x4
 737 01cb 00       		.byte	0
 738 01cc 0E       		.uleb128 0xe
 739 01cd 23000000 		.4byte	.LASF28
 740 01d1 03       		.byte	0x3
 741 01d2 4F01     		.2byte	0x14f
ARM GAS  C:\Users\mgronber\AppData\Local\Temp\ccaJJyMA.s 			page 14


 742 01d4 DE010000 		.4byte	0x1de
 743 01d8 05       		.uleb128 0x5
 744 01d9 03       		.byte	0x3
 745 01da 00000000 		.4byte	USB_DEVICE0_CONFIGURATION0_TABLE
 746 01de 0D       		.uleb128 0xd
 747 01df BC010000 		.4byte	0x1bc
 748 01e3 0A       		.uleb128 0xa
 749 01e4 17010000 		.4byte	0x117
 750 01e8 F3010000 		.4byte	0x1f3
 751 01ec 0B       		.uleb128 0xb
 752 01ed 8E000000 		.4byte	0x8e
 753 01f1 01       		.byte	0x1
 754 01f2 00       		.byte	0
 755 01f3 0E       		.uleb128 0xe
 756 01f4 57000000 		.4byte	.LASF29
 757 01f8 03       		.byte	0x3
 758 01f9 5A01     		.2byte	0x15a
 759 01fb 05020000 		.4byte	0x205
 760 01ff 05       		.uleb128 0x5
 761 0200 03       		.byte	0x3
 762 0201 00000000 		.4byte	USB_DEVICE0_TABLE
 763 0205 0D       		.uleb128 0xd
 764 0206 E3010000 		.4byte	0x1e3
 765 020a 0A       		.uleb128 0xa
 766 020b 17010000 		.4byte	0x117
 767 020f 1A020000 		.4byte	0x21a
 768 0213 0B       		.uleb128 0xb
 769 0214 8E000000 		.4byte	0x8e
 770 0218 00       		.byte	0
 771 0219 00       		.byte	0
 772 021a 0E       		.uleb128 0xe
 773 021b E9020000 		.4byte	.LASF30
 774 021f 03       		.byte	0x3
 775 0220 6101     		.2byte	0x161
 776 0222 2C020000 		.4byte	0x22c
 777 0226 05       		.uleb128 0x5
 778 0227 03       		.byte	0x3
 779 0228 00000000 		.4byte	USB_TABLE
 780 022c 0D       		.uleb128 0xd
 781 022d 0A020000 		.4byte	0x20a
 782 0231 0E       		.uleb128 0xe
 783 0232 D0020000 		.4byte	.LASF31
 784 0236 03       		.byte	0x3
 785 0237 3401     		.2byte	0x134
 786 0239 43020000 		.4byte	0x243
 787 023d 05       		.uleb128 0x5
 788 023e 03       		.byte	0x3
 789 023f 00000000 		.4byte	USB_SN_STRING_DESCRIPTOR
 790 0243 0D       		.uleb128 0xd
 791 0244 95010000 		.4byte	0x195
 792 0248 0A       		.uleb128 0xa
 793 0249 63000000 		.4byte	0x63
 794 024d 58020000 		.4byte	0x258
 795 0251 0B       		.uleb128 0xb
 796 0252 8E000000 		.4byte	0x8e
 797 0256 B8       		.byte	0xb8
 798 0257 00       		.byte	0
ARM GAS  C:\Users\mgronber\AppData\Local\Temp\ccaJJyMA.s 			page 15


 799 0258 0C       		.uleb128 0xc
 800 0259 53010000 		.4byte	.LASF32
 801 025d 03       		.byte	0x3
 802 025e EB       		.byte	0xeb
 803 025f 69020000 		.4byte	0x269
 804 0263 05       		.uleb128 0x5
 805 0264 03       		.byte	0x3
 806 0265 00000000 		.4byte	USB_STRING_DESCRIPTORS
 807 0269 0D       		.uleb128 0xd
 808 026a 48020000 		.4byte	0x248
 809 026e 0E       		.uleb128 0xe
 810 026f 35020000 		.4byte	.LASF33
 811 0273 03       		.byte	0x3
 812 0274 7101     		.2byte	0x171
 813 0276 80020000 		.4byte	0x280
 814 027a 05       		.uleb128 0x5
 815 027b 03       		.byte	0x3
 816 027c 00000000 		.4byte	USB_MSOS_DESCRIPTOR
 817 0280 0D       		.uleb128 0xd
 818 0281 22010000 		.4byte	0x122
 819 0285 0A       		.uleb128 0xa
 820 0286 63000000 		.4byte	0x63
 821 028a 95020000 		.4byte	0x295
 822 028e 0B       		.uleb128 0xb
 823 028f 8E000000 		.4byte	0x8e
 824 0293 27       		.byte	0x27
 825 0294 00       		.byte	0
 826 0295 0E       		.uleb128 0xe
 827 0296 56020000 		.4byte	.LASF34
 828 029a 03       		.byte	0x3
 829 029b 7C01     		.2byte	0x17c
 830 029d A7020000 		.4byte	0x2a7
 831 02a1 05       		.uleb128 0x5
 832 02a2 03       		.byte	0x3
 833 02a3 00000000 		.4byte	USB_MSOS_CONFIGURATION_DESCR
 834 02a7 0D       		.uleb128 0xd
 835 02a8 85020000 		.4byte	0x285
 836 02ac 0A       		.uleb128 0xa
 837 02ad 63000000 		.4byte	0x63
 838 02b1 BC020000 		.4byte	0x2bc
 839 02b5 0B       		.uleb128 0xb
 840 02b6 8E000000 		.4byte	0x8e
 841 02ba 21       		.byte	0x21
 842 02bb 00       		.byte	0
 843 02bc 0E       		.uleb128 0xe
 844 02bd 00000000 		.4byte	.LASF35
 845 02c1 03       		.byte	0x3
 846 02c2 8F01     		.2byte	0x18f
 847 02c4 AC020000 		.4byte	0x2ac
 848 02c8 05       		.uleb128 0x5
 849 02c9 03       		.byte	0x3
 850 02ca 00000000 		.4byte	USB_idSerialNumberStringDescriptor
 851 02ce 00       		.byte	0
 852              		.section	.debug_abbrev,"",%progbits
 853              	.Ldebug_abbrev0:
 854 0000 01       		.uleb128 0x1
 855 0001 11       		.uleb128 0x11
ARM GAS  C:\Users\mgronber\AppData\Local\Temp\ccaJJyMA.s 			page 16


 856 0002 01       		.byte	0x1
 857 0003 25       		.uleb128 0x25
 858 0004 0E       		.uleb128 0xe
 859 0005 13       		.uleb128 0x13
 860 0006 0B       		.uleb128 0xb
 861 0007 03       		.uleb128 0x3
 862 0008 0E       		.uleb128 0xe
 863 0009 1B       		.uleb128 0x1b
 864 000a 0E       		.uleb128 0xe
 865 000b 10       		.uleb128 0x10
 866 000c 17       		.uleb128 0x17
 867 000d 00       		.byte	0
 868 000e 00       		.byte	0
 869 000f 02       		.uleb128 0x2
 870 0010 24       		.uleb128 0x24
 871 0011 00       		.byte	0
 872 0012 0B       		.uleb128 0xb
 873 0013 0B       		.uleb128 0xb
 874 0014 3E       		.uleb128 0x3e
 875 0015 0B       		.uleb128 0xb
 876 0016 03       		.uleb128 0x3
 877 0017 0E       		.uleb128 0xe
 878 0018 00       		.byte	0
 879 0019 00       		.byte	0
 880 001a 03       		.uleb128 0x3
 881 001b 24       		.uleb128 0x24
 882 001c 00       		.byte	0
 883 001d 0B       		.uleb128 0xb
 884 001e 0B       		.uleb128 0xb
 885 001f 3E       		.uleb128 0x3e
 886 0020 0B       		.uleb128 0xb
 887 0021 03       		.uleb128 0x3
 888 0022 08       		.uleb128 0x8
 889 0023 00       		.byte	0
 890 0024 00       		.byte	0
 891 0025 04       		.uleb128 0x4
 892 0026 16       		.uleb128 0x16
 893 0027 00       		.byte	0
 894 0028 03       		.uleb128 0x3
 895 0029 0E       		.uleb128 0xe
 896 002a 3A       		.uleb128 0x3a
 897 002b 0B       		.uleb128 0xb
 898 002c 3B       		.uleb128 0x3b
 899 002d 0B       		.uleb128 0xb
 900 002e 49       		.uleb128 0x49
 901 002f 13       		.uleb128 0x13
 902 0030 00       		.byte	0
 903 0031 00       		.byte	0
 904 0032 05       		.uleb128 0x5
 905 0033 13       		.uleb128 0x13
 906 0034 01       		.byte	0x1
 907 0035 0B       		.uleb128 0xb
 908 0036 0B       		.uleb128 0xb
 909 0037 3A       		.uleb128 0x3a
 910 0038 0B       		.uleb128 0xb
 911 0039 3B       		.uleb128 0x3b
 912 003a 0B       		.uleb128 0xb
ARM GAS  C:\Users\mgronber\AppData\Local\Temp\ccaJJyMA.s 			page 17


 913 003b 01       		.uleb128 0x1
 914 003c 13       		.uleb128 0x13
 915 003d 00       		.byte	0
 916 003e 00       		.byte	0
 917 003f 06       		.uleb128 0x6
 918 0040 0D       		.uleb128 0xd
 919 0041 00       		.byte	0
 920 0042 03       		.uleb128 0x3
 921 0043 0E       		.uleb128 0xe
 922 0044 3A       		.uleb128 0x3a
 923 0045 0B       		.uleb128 0xb
 924 0046 3B       		.uleb128 0x3b
 925 0047 0B       		.uleb128 0xb
 926 0048 49       		.uleb128 0x49
 927 0049 13       		.uleb128 0x13
 928 004a 38       		.uleb128 0x38
 929 004b 0B       		.uleb128 0xb
 930 004c 00       		.byte	0
 931 004d 00       		.byte	0
 932 004e 07       		.uleb128 0x7
 933 004f 0D       		.uleb128 0xd
 934 0050 00       		.byte	0
 935 0051 03       		.uleb128 0x3
 936 0052 08       		.uleb128 0x8
 937 0053 3A       		.uleb128 0x3a
 938 0054 0B       		.uleb128 0xb
 939 0055 3B       		.uleb128 0x3b
 940 0056 0B       		.uleb128 0xb
 941 0057 49       		.uleb128 0x49
 942 0058 13       		.uleb128 0x13
 943 0059 38       		.uleb128 0x38
 944 005a 0B       		.uleb128 0xb
 945 005b 00       		.byte	0
 946 005c 00       		.byte	0
 947 005d 08       		.uleb128 0x8
 948 005e 0F       		.uleb128 0xf
 949 005f 00       		.byte	0
 950 0060 0B       		.uleb128 0xb
 951 0061 0B       		.uleb128 0xb
 952 0062 49       		.uleb128 0x49
 953 0063 13       		.uleb128 0x13
 954 0064 00       		.byte	0
 955 0065 00       		.byte	0
 956 0066 09       		.uleb128 0x9
 957 0067 26       		.uleb128 0x26
 958 0068 00       		.byte	0
 959 0069 00       		.byte	0
 960 006a 00       		.byte	0
 961 006b 0A       		.uleb128 0xa
 962 006c 01       		.uleb128 0x1
 963 006d 01       		.byte	0x1
 964 006e 49       		.uleb128 0x49
 965 006f 13       		.uleb128 0x13
 966 0070 01       		.uleb128 0x1
 967 0071 13       		.uleb128 0x13
 968 0072 00       		.byte	0
 969 0073 00       		.byte	0
ARM GAS  C:\Users\mgronber\AppData\Local\Temp\ccaJJyMA.s 			page 18


 970 0074 0B       		.uleb128 0xb
 971 0075 21       		.uleb128 0x21
 972 0076 00       		.byte	0
 973 0077 49       		.uleb128 0x49
 974 0078 13       		.uleb128 0x13
 975 0079 2F       		.uleb128 0x2f
 976 007a 0B       		.uleb128 0xb
 977 007b 00       		.byte	0
 978 007c 00       		.byte	0
 979 007d 0C       		.uleb128 0xc
 980 007e 34       		.uleb128 0x34
 981 007f 00       		.byte	0
 982 0080 03       		.uleb128 0x3
 983 0081 0E       		.uleb128 0xe
 984 0082 3A       		.uleb128 0x3a
 985 0083 0B       		.uleb128 0xb
 986 0084 3B       		.uleb128 0x3b
 987 0085 0B       		.uleb128 0xb
 988 0086 49       		.uleb128 0x49
 989 0087 13       		.uleb128 0x13
 990 0088 3F       		.uleb128 0x3f
 991 0089 19       		.uleb128 0x19
 992 008a 02       		.uleb128 0x2
 993 008b 18       		.uleb128 0x18
 994 008c 00       		.byte	0
 995 008d 00       		.byte	0
 996 008e 0D       		.uleb128 0xd
 997 008f 26       		.uleb128 0x26
 998 0090 00       		.byte	0
 999 0091 49       		.uleb128 0x49
 1000 0092 13       		.uleb128 0x13
 1001 0093 00       		.byte	0
 1002 0094 00       		.byte	0
 1003 0095 0E       		.uleb128 0xe
 1004 0096 34       		.uleb128 0x34
 1005 0097 00       		.byte	0
 1006 0098 03       		.uleb128 0x3
 1007 0099 0E       		.uleb128 0xe
 1008 009a 3A       		.uleb128 0x3a
 1009 009b 0B       		.uleb128 0xb
 1010 009c 3B       		.uleb128 0x3b
 1011 009d 05       		.uleb128 0x5
 1012 009e 49       		.uleb128 0x49
 1013 009f 13       		.uleb128 0x13
 1014 00a0 3F       		.uleb128 0x3f
 1015 00a1 19       		.uleb128 0x19
 1016 00a2 02       		.uleb128 0x2
 1017 00a3 18       		.uleb128 0x18
 1018 00a4 00       		.byte	0
 1019 00a5 00       		.byte	0
 1020 00a6 00       		.byte	0
 1021              		.section	.debug_aranges,"",%progbits
 1022 0000 14000000 		.4byte	0x14
 1023 0004 0200     		.2byte	0x2
 1024 0006 00000000 		.4byte	.Ldebug_info0
 1025 000a 04       		.byte	0x4
 1026 000b 00       		.byte	0
ARM GAS  C:\Users\mgronber\AppData\Local\Temp\ccaJJyMA.s 			page 19


 1027 000c 0000     		.2byte	0
 1028 000e 0000     		.2byte	0
 1029 0010 00000000 		.4byte	0
 1030 0014 00000000 		.4byte	0
 1031              		.section	.debug_line,"",%progbits
 1032              	.Ldebug_line0:
 1033 0000 55000000 		.section	.debug_str,"MS",%progbits,1
 1033      02004F00 
 1033      00000201 
 1033      FB0E0D00 
 1033      01010101 
 1034              	.LASF35:
 1035 0000 5553425F 		.ascii	"USB_idSerialNumberStringDescriptor\000"
 1035      69645365 
 1035      7269616C 
 1035      4E756D62 
 1035      65725374 
 1036              	.LASF28:
 1037 0023 5553425F 		.ascii	"USB_DEVICE0_CONFIGURATION0_TABLE\000"
 1037      44455649 
 1037      4345305F 
 1037      434F4E46 
 1037      49475552 
 1038              	.LASF3:
 1039 0044 73686F72 		.ascii	"short unsigned int\000"
 1039      7420756E 
 1039      7369676E 
 1039      65642069 
 1039      6E7400
 1040              	.LASF29:
 1041 0057 5553425F 		.ascii	"USB_DEVICE0_TABLE\000"
 1041      44455649 
 1041      4345305F 
 1041      5441424C 
 1041      4500
 1042              	.LASF38:
 1043 0069 433A5C55 		.ascii	"C:\\Users\\mgronber\\Desktop\\Hummingbird\\Hummingb"
 1043      73657273 
 1043      5C6D6772 
 1043      6F6E6265 
 1043      725C4465 
 1044 0097 69726428 		.ascii	"ird(Continuous Output).cydsn\000"
 1044      436F6E74 
 1044      696E756F 
 1044      7573204F 
 1044      75747075 
 1045              	.LASF36:
 1046 00b4 474E5520 		.ascii	"GNU C 4.9.3 20150303 (release) [ARM/embedded-4_9-br"
 1046      4320342E 
 1046      392E3320 
 1046      32303135 
 1046      30333033 
 1047 00e7 616E6368 		.ascii	"anch revision 221220] -mcpu=cortex-m3 -mthumb -g -O"
 1047      20726576 
 1047      6973696F 
 1047      6E203232 
 1047      31323230 
ARM GAS  C:\Users\mgronber\AppData\Local\Temp\ccaJJyMA.s 			page 20


 1048 011a 32202D66 		.ascii	"2 -ffunction-sections -ffat-lto-objects\000"
 1048      66756E63 
 1048      74696F6E 
 1048      2D736563 
 1048      74696F6E 
 1049              	.LASF11:
 1050 0142 666C6F61 		.ascii	"float\000"
 1050      7400
 1051              	.LASF16:
 1052 0148 616C7453 		.ascii	"altSetting\000"
 1052      65747469 
 1052      6E6700
 1053              	.LASF32:
 1054 0153 5553425F 		.ascii	"USB_STRING_DESCRIPTORS\000"
 1054      53545249 
 1054      4E475F44 
 1054      45534352 
 1054      4950544F 
 1055              	.LASF23:
 1056 016a 545F5553 		.ascii	"T_USB_LUT\000"
 1056      425F4C55 
 1056      5400
 1057              	.LASF1:
 1058 0174 756E7369 		.ascii	"unsigned char\000"
 1058      676E6564 
 1058      20636861 
 1058      7200
 1059              	.LASF18:
 1060 0182 61747472 		.ascii	"attributes\000"
 1060      69627574 
 1060      657300
 1061              	.LASF5:
 1062 018d 6C6F6E67 		.ascii	"long unsigned int\000"
 1062      20756E73 
 1062      69676E65 
 1062      6420696E 
 1062      7400
 1063              	.LASF17:
 1064 019f 61646472 		.ascii	"addr\000"
 1064      00
 1065              	.LASF21:
 1066 01a4 545F5553 		.ascii	"T_USB_EP_SETTINGS_BLOCK\000"
 1066      425F4550 
 1066      5F534554 
 1066      54494E47 
 1066      535F424C 
 1067              	.LASF24:
 1068 01bc 5553425F 		.ascii	"USB_DEVICE0_DESCR\000"
 1068      44455649 
 1068      4345305F 
 1068      44455343 
 1068      5200
 1069              	.LASF25:
 1070 01ce 5553425F 		.ascii	"USB_DEVICE0_CONFIGURATION0_DESCR\000"
 1070      44455649 
 1070      4345305F 
 1070      434F4E46 
ARM GAS  C:\Users\mgronber\AppData\Local\Temp\ccaJJyMA.s 			page 21


 1070      49475552 
 1071              	.LASF12:
 1072 01ef 646F7562 		.ascii	"double\000"
 1072      6C6500
 1073              	.LASF19:
 1074 01f6 62756666 		.ascii	"bufferSize\000"
 1074      65725369 
 1074      7A6500
 1075              	.LASF26:
 1076 0201 5553425F 		.ascii	"USB_DEVICE0_CONFIGURATION0_EP_SETTINGS_TABLE\000"
 1076      44455649 
 1076      4345305F 
 1076      434F4E46 
 1076      49475552 
 1077              	.LASF10:
 1078 022e 75696E74 		.ascii	"uint16\000"
 1078      313600
 1079              	.LASF33:
 1080 0235 5553425F 		.ascii	"USB_MSOS_DESCRIPTOR\000"
 1080      4D534F53 
 1080      5F444553 
 1080      43524950 
 1080      544F5200 
 1081              	.LASF8:
 1082 0249 756E7369 		.ascii	"unsigned int\000"
 1082      676E6564 
 1082      20696E74 
 1082      00
 1083              	.LASF34:
 1084 0256 5553425F 		.ascii	"USB_MSOS_CONFIGURATION_DESCR\000"
 1084      4D534F53 
 1084      5F434F4E 
 1084      46494755 
 1084      52415449 
 1085              	.LASF37:
 1086 0273 47656E65 		.ascii	"Generated_Source\\PSoC5\\USB_descr.c\000"
 1086      72617465 
 1086      645F536F 
 1086      75726365 
 1086      5C50536F 
 1087              	.LASF7:
 1088 0296 6C6F6E67 		.ascii	"long long unsigned int\000"
 1088      206C6F6E 
 1088      6720756E 
 1088      7369676E 
 1088      65642069 
 1089              	.LASF22:
 1090 02ad 705F6C69 		.ascii	"p_list\000"
 1090      737400
 1091              	.LASF14:
 1092 02b4 73697A65 		.ascii	"sizetype\000"
 1092      74797065 
 1092      00
 1093              	.LASF6:
 1094 02bd 6C6F6E67 		.ascii	"long long int\000"
 1094      206C6F6E 
 1094      6720696E 
ARM GAS  C:\Users\mgronber\AppData\Local\Temp\ccaJJyMA.s 			page 22


 1094      7400
 1095              	.LASF13:
 1096 02cb 63686172 		.ascii	"char\000"
 1096      00
 1097              	.LASF31:
 1098 02d0 5553425F 		.ascii	"USB_SN_STRING_DESCRIPTOR\000"
 1098      534E5F53 
 1098      5452494E 
 1098      475F4445 
 1098      53435249 
 1099              	.LASF30:
 1100 02e9 5553425F 		.ascii	"USB_TABLE\000"
 1100      5441424C 
 1100      4500
 1101              	.LASF2:
 1102 02f3 73686F72 		.ascii	"short int\000"
 1102      7420696E 
 1102      7400
 1103              	.LASF9:
 1104 02fd 75696E74 		.ascii	"uint8\000"
 1104      3800
 1105              	.LASF15:
 1106 0303 696E7465 		.ascii	"interface\000"
 1106      72666163 
 1106      6500
 1107              	.LASF27:
 1108 030d 5553425F 		.ascii	"USB_DEVICE0_CONFIGURATION0_INTERFACE_CLASS\000"
 1108      44455649 
 1108      4345305F 
 1108      434F4E46 
 1108      49475552 
 1109              	.LASF4:
 1110 0338 6C6F6E67 		.ascii	"long int\000"
 1110      20696E74 
 1110      00
 1111              	.LASF0:
 1112 0341 7369676E 		.ascii	"signed char\000"
 1112      65642063 
 1112      68617200 
 1113              	.LASF20:
 1114 034d 624D6973 		.ascii	"bMisc\000"
 1114      6300
 1115              		.ident	"GCC: (GNU Tools for ARM Embedded Processors) 4.9.3 20150303 (release) [ARM/embedded-4_9-br
