ARM GAS  C:\Users\mgronber\AppData\Local\Temp\ccTNH5fZ.s 			page 1


   1              		.syntax unified
   2              		.cpu cortex-m3
   3              		.fpu softvfp
   4              		.eabi_attribute 20, 1
   5              		.eabi_attribute 21, 1
   6              		.eabi_attribute 23, 3
   7              		.eabi_attribute 24, 1
   8              		.eabi_attribute 25, 1
   9              		.eabi_attribute 26, 1
  10              		.eabi_attribute 30, 2
  11              		.eabi_attribute 34, 1
  12              		.eabi_attribute 18, 4
  13              		.thumb
  14              		.file	"USB_episr.c"
  15              		.text
  16              	.Ltext0:
  17              		.cfi_sections	.debug_frame
  18              		.section	.text.USB_EP_1_ISR,"ax",%progbits
  19              		.align	2
  20              		.global	USB_EP_1_ISR
  21              		.thumb
  22              		.thumb_func
  23              		.type	USB_EP_1_ISR, %function
  24              	USB_EP_1_ISR:
  25              	.LFB0:
  26              		.file 1 "Generated_Source\\PSoC5\\USB_episr.c"
   1:Generated_Source\PSoC5/USB_episr.c **** /*******************************************************************************
   2:Generated_Source\PSoC5/USB_episr.c **** * File Name: USB_episr.c
   3:Generated_Source\PSoC5/USB_episr.c **** * Version 2.70
   4:Generated_Source\PSoC5/USB_episr.c **** *
   5:Generated_Source\PSoC5/USB_episr.c **** * Description:
   6:Generated_Source\PSoC5/USB_episr.c **** *  Data endpoint Interrupt Service Routines
   7:Generated_Source\PSoC5/USB_episr.c **** *
   8:Generated_Source\PSoC5/USB_episr.c **** * Note:
   9:Generated_Source\PSoC5/USB_episr.c **** *
  10:Generated_Source\PSoC5/USB_episr.c **** ********************************************************************************
  11:Generated_Source\PSoC5/USB_episr.c **** * Copyright 2008-2013, Cypress Semiconductor Corporation.  All rights reserved.
  12:Generated_Source\PSoC5/USB_episr.c **** * You may use this file only in accordance with the license, terms, conditions,
  13:Generated_Source\PSoC5/USB_episr.c **** * disclaimers, and limitations in the end user license agreement accompanying
  14:Generated_Source\PSoC5/USB_episr.c **** * the software package with which this file was provided.
  15:Generated_Source\PSoC5/USB_episr.c **** *******************************************************************************/
  16:Generated_Source\PSoC5/USB_episr.c **** 
  17:Generated_Source\PSoC5/USB_episr.c **** #include "USB.h"
  18:Generated_Source\PSoC5/USB_episr.c **** #include "USB_pvt.h"
  19:Generated_Source\PSoC5/USB_episr.c **** #if (defined(USB_ENABLE_MIDI_STREAMING) && (USB_ENABLE_MIDI_API != 0u))
  20:Generated_Source\PSoC5/USB_episr.c ****     #include "USB_midi.h"
  21:Generated_Source\PSoC5/USB_episr.c **** #endif /* (defined(USB_ENABLE_MIDI_STREAMING) && (USB_ENABLE_MIDI_API != 0u)) */
  22:Generated_Source\PSoC5/USB_episr.c **** #if ((USB_EP_MM == USB__EP_DMAAUTO) && (USB_EP_DMA_AUTO_OPT == 0u))
  23:Generated_Source\PSoC5/USB_episr.c ****     #include "USB_EP8_DMA_Done_SR.h"
  24:Generated_Source\PSoC5/USB_episr.c ****     #include "USB_EP17_DMA_Done_SR.h"
  25:Generated_Source\PSoC5/USB_episr.c **** #endif /* (USB_EP_MM == USB__EP_DMAAUTO) && (USB_EP_DMA_AUTO_OPT == 0u) */
  26:Generated_Source\PSoC5/USB_episr.c **** 
  27:Generated_Source\PSoC5/USB_episr.c **** 
  28:Generated_Source\PSoC5/USB_episr.c **** /***************************************
  29:Generated_Source\PSoC5/USB_episr.c **** * Custom Declarations
  30:Generated_Source\PSoC5/USB_episr.c **** ***************************************/
  31:Generated_Source\PSoC5/USB_episr.c **** /* `#START CUSTOM_DECLARATIONS` Place your declaration here */
ARM GAS  C:\Users\mgronber\AppData\Local\Temp\ccTNH5fZ.s 			page 2


  32:Generated_Source\PSoC5/USB_episr.c **** 
  33:Generated_Source\PSoC5/USB_episr.c **** /* `#END` */
  34:Generated_Source\PSoC5/USB_episr.c **** 
  35:Generated_Source\PSoC5/USB_episr.c **** 
  36:Generated_Source\PSoC5/USB_episr.c **** #if(USB_EP1_ISR_REMOVE == 0u)
  37:Generated_Source\PSoC5/USB_episr.c **** 
  38:Generated_Source\PSoC5/USB_episr.c **** 
  39:Generated_Source\PSoC5/USB_episr.c ****     /******************************************************************************
  40:Generated_Source\PSoC5/USB_episr.c ****     * Function Name: USB_EP_1_ISR
  41:Generated_Source\PSoC5/USB_episr.c ****     *******************************************************************************
  42:Generated_Source\PSoC5/USB_episr.c ****     *
  43:Generated_Source\PSoC5/USB_episr.c ****     * Summary:
  44:Generated_Source\PSoC5/USB_episr.c ****     *  Endpoint 1 Interrupt Service Routine
  45:Generated_Source\PSoC5/USB_episr.c ****     *
  46:Generated_Source\PSoC5/USB_episr.c ****     * Parameters:
  47:Generated_Source\PSoC5/USB_episr.c ****     *  None.
  48:Generated_Source\PSoC5/USB_episr.c ****     *
  49:Generated_Source\PSoC5/USB_episr.c ****     * Return:
  50:Generated_Source\PSoC5/USB_episr.c ****     *  None.
  51:Generated_Source\PSoC5/USB_episr.c ****     *
  52:Generated_Source\PSoC5/USB_episr.c ****     ******************************************************************************/
  53:Generated_Source\PSoC5/USB_episr.c ****     CY_ISR(USB_EP_1_ISR)
  54:Generated_Source\PSoC5/USB_episr.c ****     {
  27              		.loc 1 54 0
  28              		.cfi_startproc
  29              		@ args = 0, pretend = 0, frame = 0
  30              		@ frame_needed = 0, uses_anonymous_args = 0
  31              		@ link register save eliminated.
  55:Generated_Source\PSoC5/USB_episr.c ****         #if (defined(USB_ENABLE_MIDI_STREAMING) && !defined(USB_MAIN_SERVICE_MIDI_OUT)  && \
  56:Generated_Source\PSoC5/USB_episr.c ****                      USB_ISR_SERVICE_MIDI_OUT && CY_PSOC3)
  57:Generated_Source\PSoC5/USB_episr.c ****             uint8 int_en;
  58:Generated_Source\PSoC5/USB_episr.c ****         #endif /* USB_ISR_SERVICE_MIDI_OUT && CY_PSOC3 */
  59:Generated_Source\PSoC5/USB_episr.c **** 
  60:Generated_Source\PSoC5/USB_episr.c ****         /* `#START EP1_USER_CODE` Place your code here */
  61:Generated_Source\PSoC5/USB_episr.c **** 
  62:Generated_Source\PSoC5/USB_episr.c ****         /* `#END` */
  63:Generated_Source\PSoC5/USB_episr.c **** 
  64:Generated_Source\PSoC5/USB_episr.c ****         #if (defined(USB_ENABLE_MIDI_STREAMING) && !defined(USB_MAIN_SERVICE_MIDI_OUT) && \
  65:Generated_Source\PSoC5/USB_episr.c ****                      USB_ISR_SERVICE_MIDI_OUT && CY_PSOC3)
  66:Generated_Source\PSoC5/USB_episr.c ****             int_en = EA;
  67:Generated_Source\PSoC5/USB_episr.c ****             CyGlobalIntEnable;  /* Make sure nested interrupt is enabled */
  68:Generated_Source\PSoC5/USB_episr.c ****         #endif /* USB_ISR_SERVICE_MIDI_OUT && CY_PSOC3 */
  69:Generated_Source\PSoC5/USB_episr.c **** 
  70:Generated_Source\PSoC5/USB_episr.c ****         CY_GET_REG8(USB_SIE_EP1_CR0_PTR); /* Must read the mode reg */
  32              		.loc 1 70 0
  33 0000 094A     		ldr	r2, .L7
  71:Generated_Source\PSoC5/USB_episr.c ****         /* Do not toggle ISOC endpoint */
  72:Generated_Source\PSoC5/USB_episr.c ****         if((USB_EP[USB_EP1].attrib & USB_EP_TYPE_MASK) !=
  34              		.loc 1 72 0
  35 0002 0A4B     		ldr	r3, .L7+4
  70:Generated_Source\PSoC5/USB_episr.c ****         /* Do not toggle ISOC endpoint */
  36              		.loc 1 70 0
  37 0004 1278     		ldrb	r2, [r2]	@ zero_extendqisi2
  38              		.loc 1 72 0
  39 0006 1A7B     		ldrb	r2, [r3, #12]	@ zero_extendqisi2
  40 0008 02F00302 		and	r2, r2, #3
  41 000c 012A     		cmp	r2, #1
ARM GAS  C:\Users\mgronber\AppData\Local\Temp\ccTNH5fZ.s 			page 3


  42 000e 03D0     		beq	.L2
  73:Generated_Source\PSoC5/USB_episr.c ****                                                                                     USB_EP_TYPE_ISO
  74:Generated_Source\PSoC5/USB_episr.c ****         {
  75:Generated_Source\PSoC5/USB_episr.c ****             USB_EP[USB_EP1].epToggle ^= USB_EPX_CNT_DATA_TOGGLE;
  43              		.loc 1 75 0
  44 0010 DA7B     		ldrb	r2, [r3, #15]	@ zero_extendqisi2
  45 0012 82F08002 		eor	r2, r2, #128
  46 0016 DA73     		strb	r2, [r3, #15]
  47              	.L2:
  76:Generated_Source\PSoC5/USB_episr.c ****         }
  77:Generated_Source\PSoC5/USB_episr.c ****         USB_EP[USB_EP1].apiEpState = USB_EVENT_PENDING;
  78:Generated_Source\PSoC5/USB_episr.c ****         CY_SET_REG8(USB_SIE_EP_INT_SR_PTR, CY_GET_REG8(USB_SIE_EP_INT_SR_PTR) &
  48              		.loc 1 78 0
  49 0018 054A     		ldr	r2, .L7+8
  77:Generated_Source\PSoC5/USB_episr.c ****         CY_SET_REG8(USB_SIE_EP_INT_SR_PTR, CY_GET_REG8(USB_SIE_EP_INT_SR_PTR) &
  50              		.loc 1 77 0
  51 001a 0121     		movs	r1, #1
  52 001c 5973     		strb	r1, [r3, #13]
  53              		.loc 1 78 0
  54 001e 1378     		ldrb	r3, [r2]	@ zero_extendqisi2
  55 0020 03F0FE03 		and	r3, r3, #254
  56 0024 1370     		strb	r3, [r2]
  57 0026 7047     		bx	lr
  58              	.L8:
  59              		.align	2
  60              	.L7:
  61 0028 0E600040 		.word	1073766414
  62 002c 00000000 		.word	USB_EP
  63 0030 0B600040 		.word	1073766411
  64              		.cfi_endproc
  65              	.LFE0:
  66              		.size	USB_EP_1_ISR, .-USB_EP_1_ISR
  67              		.section	.text.USB_EP_2_ISR,"ax",%progbits
  68              		.align	2
  69              		.global	USB_EP_2_ISR
  70              		.thumb
  71              		.thumb_func
  72              		.type	USB_EP_2_ISR, %function
  73              	USB_EP_2_ISR:
  74              	.LFB1:
  79:Generated_Source\PSoC5/USB_episr.c ****                                                                     (uint8)~USB_SIE_EP_INT_EP1_MASK
  80:Generated_Source\PSoC5/USB_episr.c **** 
  81:Generated_Source\PSoC5/USB_episr.c ****         #if (defined(USB_ENABLE_MIDI_STREAMING) && !defined(USB_MAIN_SERVICE_MIDI_OUT) && \
  82:Generated_Source\PSoC5/USB_episr.c ****                      USB_ISR_SERVICE_MIDI_OUT)
  83:Generated_Source\PSoC5/USB_episr.c ****             if(USB_midi_out_ep == USB_EP1)
  84:Generated_Source\PSoC5/USB_episr.c ****             {
  85:Generated_Source\PSoC5/USB_episr.c ****                 USB_MIDI_OUT_EP_Service();
  86:Generated_Source\PSoC5/USB_episr.c ****             }
  87:Generated_Source\PSoC5/USB_episr.c ****         #endif /*  USB_ISR_SERVICE_MIDI_OUT */
  88:Generated_Source\PSoC5/USB_episr.c **** 
  89:Generated_Source\PSoC5/USB_episr.c ****         /* `#START EP1_END_USER_CODE` Place your code here */
  90:Generated_Source\PSoC5/USB_episr.c **** 
  91:Generated_Source\PSoC5/USB_episr.c ****         /* `#END` */
  92:Generated_Source\PSoC5/USB_episr.c **** 
  93:Generated_Source\PSoC5/USB_episr.c ****         #if (defined(USB_ENABLE_MIDI_STREAMING) && !defined(USB_MAIN_SERVICE_MIDI_OUT) && \
  94:Generated_Source\PSoC5/USB_episr.c ****                      USB_ISR_SERVICE_MIDI_OUT && CY_PSOC3)
  95:Generated_Source\PSoC5/USB_episr.c ****             EA = int_en;
ARM GAS  C:\Users\mgronber\AppData\Local\Temp\ccTNH5fZ.s 			page 4


  96:Generated_Source\PSoC5/USB_episr.c ****         #endif /* USB_ISR_SERVICE_MIDI_OUT && CY_PSOC3 */
  97:Generated_Source\PSoC5/USB_episr.c ****     }
  98:Generated_Source\PSoC5/USB_episr.c **** 
  99:Generated_Source\PSoC5/USB_episr.c **** #endif   /*  USB_EP1_ISR_REMOVE */
 100:Generated_Source\PSoC5/USB_episr.c **** 
 101:Generated_Source\PSoC5/USB_episr.c **** 
 102:Generated_Source\PSoC5/USB_episr.c **** #if(USB_EP2_ISR_REMOVE == 0u)
 103:Generated_Source\PSoC5/USB_episr.c **** 
 104:Generated_Source\PSoC5/USB_episr.c ****     /*******************************************************************************
 105:Generated_Source\PSoC5/USB_episr.c ****     * Function Name: USB_EP_2_ISR
 106:Generated_Source\PSoC5/USB_episr.c ****     ********************************************************************************
 107:Generated_Source\PSoC5/USB_episr.c ****     *
 108:Generated_Source\PSoC5/USB_episr.c ****     * Summary:
 109:Generated_Source\PSoC5/USB_episr.c ****     *  Endpoint 2 Interrupt Service Routine
 110:Generated_Source\PSoC5/USB_episr.c ****     *
 111:Generated_Source\PSoC5/USB_episr.c ****     * Parameters:
 112:Generated_Source\PSoC5/USB_episr.c ****     *  None.
 113:Generated_Source\PSoC5/USB_episr.c ****     *
 114:Generated_Source\PSoC5/USB_episr.c ****     * Return:
 115:Generated_Source\PSoC5/USB_episr.c ****     *  None.
 116:Generated_Source\PSoC5/USB_episr.c ****     *
 117:Generated_Source\PSoC5/USB_episr.c ****     *******************************************************************************/
 118:Generated_Source\PSoC5/USB_episr.c ****     CY_ISR(USB_EP_2_ISR)
 119:Generated_Source\PSoC5/USB_episr.c ****     {
  75              		.loc 1 119 0
  76              		.cfi_startproc
  77              		@ args = 0, pretend = 0, frame = 0
  78              		@ frame_needed = 0, uses_anonymous_args = 0
  79              		@ link register save eliminated.
 120:Generated_Source\PSoC5/USB_episr.c ****         #if (defined(USB_ENABLE_MIDI_STREAMING) && !defined(USB_MAIN_SERVICE_MIDI_OUT) && \
 121:Generated_Source\PSoC5/USB_episr.c ****                      USB_ISR_SERVICE_MIDI_OUT && CY_PSOC3)
 122:Generated_Source\PSoC5/USB_episr.c ****             uint8 int_en;
 123:Generated_Source\PSoC5/USB_episr.c ****         #endif /* USB_ISR_SERVICE_MIDI_OUT && CY_PSOC3 */
 124:Generated_Source\PSoC5/USB_episr.c **** 
 125:Generated_Source\PSoC5/USB_episr.c ****         /* `#START EP2_USER_CODE` Place your code here */
 126:Generated_Source\PSoC5/USB_episr.c **** 
 127:Generated_Source\PSoC5/USB_episr.c ****         /* `#END` */
 128:Generated_Source\PSoC5/USB_episr.c **** 
 129:Generated_Source\PSoC5/USB_episr.c ****         #if (defined(USB_ENABLE_MIDI_STREAMING) && !defined(USB_MAIN_SERVICE_MIDI_OUT) && \
 130:Generated_Source\PSoC5/USB_episr.c ****                      USB_ISR_SERVICE_MIDI_OUT && CY_PSOC3)
 131:Generated_Source\PSoC5/USB_episr.c ****             int_en = EA;
 132:Generated_Source\PSoC5/USB_episr.c ****             CyGlobalIntEnable;  /* Make sure nested interrupt is enabled */
 133:Generated_Source\PSoC5/USB_episr.c ****         #endif /* USB_ISR_SERVICE_MIDI_OUT && CY_PSOC3 */
 134:Generated_Source\PSoC5/USB_episr.c **** 
 135:Generated_Source\PSoC5/USB_episr.c ****         CY_GET_REG8(USB_SIE_EP2_CR0_PTR); /* Must read the mode reg */
  80              		.loc 1 135 0
  81 0000 094A     		ldr	r2, .L14
 136:Generated_Source\PSoC5/USB_episr.c ****         /* Do not toggle ISOC endpoint */
 137:Generated_Source\PSoC5/USB_episr.c ****         if((USB_EP[USB_EP2].attrib & USB_EP_TYPE_MASK) !=
  82              		.loc 1 137 0
  83 0002 0A4B     		ldr	r3, .L14+4
 135:Generated_Source\PSoC5/USB_episr.c ****         /* Do not toggle ISOC endpoint */
  84              		.loc 1 135 0
  85 0004 1278     		ldrb	r2, [r2]	@ zero_extendqisi2
  86              		.loc 1 137 0
  87 0006 1A7E     		ldrb	r2, [r3, #24]	@ zero_extendqisi2
  88 0008 02F00302 		and	r2, r2, #3
ARM GAS  C:\Users\mgronber\AppData\Local\Temp\ccTNH5fZ.s 			page 5


  89 000c 012A     		cmp	r2, #1
  90 000e 03D0     		beq	.L10
 138:Generated_Source\PSoC5/USB_episr.c ****                                                                                     USB_EP_TYPE_ISO
 139:Generated_Source\PSoC5/USB_episr.c ****         {
 140:Generated_Source\PSoC5/USB_episr.c ****             USB_EP[USB_EP2].epToggle ^= USB_EPX_CNT_DATA_TOGGLE;
  91              		.loc 1 140 0
  92 0010 DA7E     		ldrb	r2, [r3, #27]	@ zero_extendqisi2
  93 0012 82F08002 		eor	r2, r2, #128
  94 0016 DA76     		strb	r2, [r3, #27]
  95              	.L10:
 141:Generated_Source\PSoC5/USB_episr.c ****         }
 142:Generated_Source\PSoC5/USB_episr.c ****         USB_EP[USB_EP2].apiEpState = USB_EVENT_PENDING;
 143:Generated_Source\PSoC5/USB_episr.c ****         CY_SET_REG8(USB_SIE_EP_INT_SR_PTR, CY_GET_REG8(USB_SIE_EP_INT_SR_PTR)
  96              		.loc 1 143 0
  97 0018 054A     		ldr	r2, .L14+8
 142:Generated_Source\PSoC5/USB_episr.c ****         CY_SET_REG8(USB_SIE_EP_INT_SR_PTR, CY_GET_REG8(USB_SIE_EP_INT_SR_PTR)
  98              		.loc 1 142 0
  99 001a 0121     		movs	r1, #1
 100 001c 5976     		strb	r1, [r3, #25]
 101              		.loc 1 143 0
 102 001e 1378     		ldrb	r3, [r2]	@ zero_extendqisi2
 103 0020 03F0FD03 		and	r3, r3, #253
 104 0024 1370     		strb	r3, [r2]
 105 0026 7047     		bx	lr
 106              	.L15:
 107              		.align	2
 108              	.L14:
 109 0028 1E600040 		.word	1073766430
 110 002c 00000000 		.word	USB_EP
 111 0030 0B600040 		.word	1073766411
 112              		.cfi_endproc
 113              	.LFE1:
 114              		.size	USB_EP_2_ISR, .-USB_EP_2_ISR
 115              		.section	.text.USB_SOF_ISR,"ax",%progbits
 116              		.align	2
 117              		.global	USB_SOF_ISR
 118              		.thumb
 119              		.thumb_func
 120              		.type	USB_SOF_ISR, %function
 121              	USB_SOF_ISR:
 122              	.LFB2:
 144:Generated_Source\PSoC5/USB_episr.c ****                                                                         & (uint8)~USB_SIE_EP_INT_EP
 145:Generated_Source\PSoC5/USB_episr.c **** 
 146:Generated_Source\PSoC5/USB_episr.c ****         #if (defined(USB_ENABLE_MIDI_STREAMING) && !defined(USB_MAIN_SERVICE_MIDI_OUT) && \
 147:Generated_Source\PSoC5/USB_episr.c ****                      USB_ISR_SERVICE_MIDI_OUT)
 148:Generated_Source\PSoC5/USB_episr.c ****             if(USB_midi_out_ep == USB_EP2)
 149:Generated_Source\PSoC5/USB_episr.c ****             {
 150:Generated_Source\PSoC5/USB_episr.c ****                 USB_MIDI_OUT_EP_Service();
 151:Generated_Source\PSoC5/USB_episr.c ****             }
 152:Generated_Source\PSoC5/USB_episr.c ****         #endif /*  USB_ISR_SERVICE_MIDI_OUT */
 153:Generated_Source\PSoC5/USB_episr.c **** 
 154:Generated_Source\PSoC5/USB_episr.c ****         /* `#START EP2_END_USER_CODE` Place your code here */
 155:Generated_Source\PSoC5/USB_episr.c **** 
 156:Generated_Source\PSoC5/USB_episr.c ****         /* `#END` */
 157:Generated_Source\PSoC5/USB_episr.c **** 
 158:Generated_Source\PSoC5/USB_episr.c ****         #if (defined(USB_ENABLE_MIDI_STREAMING) && !defined(USB_MAIN_SERVICE_MIDI_OUT) && \
 159:Generated_Source\PSoC5/USB_episr.c ****                      USB_ISR_SERVICE_MIDI_OUT && CY_PSOC3)
ARM GAS  C:\Users\mgronber\AppData\Local\Temp\ccTNH5fZ.s 			page 6


 160:Generated_Source\PSoC5/USB_episr.c ****             EA = int_en;
 161:Generated_Source\PSoC5/USB_episr.c ****         #endif /* USB_ISR_SERVICE_MIDI_OUT && CY_PSOC3 */
 162:Generated_Source\PSoC5/USB_episr.c ****     }
 163:Generated_Source\PSoC5/USB_episr.c **** 
 164:Generated_Source\PSoC5/USB_episr.c **** #endif   /*  USB_EP2_ISR_REMOVE */
 165:Generated_Source\PSoC5/USB_episr.c **** 
 166:Generated_Source\PSoC5/USB_episr.c **** 
 167:Generated_Source\PSoC5/USB_episr.c **** #if(USB_EP3_ISR_REMOVE == 0u)
 168:Generated_Source\PSoC5/USB_episr.c **** 
 169:Generated_Source\PSoC5/USB_episr.c ****     /*******************************************************************************
 170:Generated_Source\PSoC5/USB_episr.c ****     * Function Name: USB_EP_3_ISR
 171:Generated_Source\PSoC5/USB_episr.c ****     ********************************************************************************
 172:Generated_Source\PSoC5/USB_episr.c ****     *
 173:Generated_Source\PSoC5/USB_episr.c ****     * Summary:
 174:Generated_Source\PSoC5/USB_episr.c ****     *  Endpoint 3 Interrupt Service Routine
 175:Generated_Source\PSoC5/USB_episr.c ****     *
 176:Generated_Source\PSoC5/USB_episr.c ****     * Parameters:
 177:Generated_Source\PSoC5/USB_episr.c ****     *  None.
 178:Generated_Source\PSoC5/USB_episr.c ****     *
 179:Generated_Source\PSoC5/USB_episr.c ****     * Return:
 180:Generated_Source\PSoC5/USB_episr.c ****     *  None.
 181:Generated_Source\PSoC5/USB_episr.c ****     *
 182:Generated_Source\PSoC5/USB_episr.c ****     *******************************************************************************/
 183:Generated_Source\PSoC5/USB_episr.c ****     CY_ISR(USB_EP_3_ISR)
 184:Generated_Source\PSoC5/USB_episr.c ****     {
 185:Generated_Source\PSoC5/USB_episr.c ****         #if (defined(USB_ENABLE_MIDI_STREAMING) && !defined(USB_MAIN_SERVICE_MIDI_OUT) && \
 186:Generated_Source\PSoC5/USB_episr.c ****                      USB_ISR_SERVICE_MIDI_OUT && CY_PSOC3)
 187:Generated_Source\PSoC5/USB_episr.c ****             uint8 int_en;
 188:Generated_Source\PSoC5/USB_episr.c ****         #endif /* USB_ISR_SERVICE_MIDI_OUT && CY_PSOC3 */
 189:Generated_Source\PSoC5/USB_episr.c **** 
 190:Generated_Source\PSoC5/USB_episr.c ****         /* `#START EP3_USER_CODE` Place your code here */
 191:Generated_Source\PSoC5/USB_episr.c **** 
 192:Generated_Source\PSoC5/USB_episr.c ****         /* `#END` */
 193:Generated_Source\PSoC5/USB_episr.c **** 
 194:Generated_Source\PSoC5/USB_episr.c ****         #if (defined(USB_ENABLE_MIDI_STREAMING) && !defined(USB_MAIN_SERVICE_MIDI_OUT) && \
 195:Generated_Source\PSoC5/USB_episr.c ****                      USB_ISR_SERVICE_MIDI_OUT && CY_PSOC3)
 196:Generated_Source\PSoC5/USB_episr.c ****             int_en = EA;
 197:Generated_Source\PSoC5/USB_episr.c ****             CyGlobalIntEnable;  /* Make sure nested interrupt is enabled */
 198:Generated_Source\PSoC5/USB_episr.c ****         #endif /* CY_PSOC3 & USB_ISR_SERVICE_MIDI_OUT  */
 199:Generated_Source\PSoC5/USB_episr.c **** 
 200:Generated_Source\PSoC5/USB_episr.c ****         CY_GET_REG8(USB_SIE_EP3_CR0_PTR); /* Must read the mode reg */
 201:Generated_Source\PSoC5/USB_episr.c ****         /* Do not toggle ISOC endpoint */
 202:Generated_Source\PSoC5/USB_episr.c ****         if((USB_EP[USB_EP3].attrib & USB_EP_TYPE_MASK) !=
 203:Generated_Source\PSoC5/USB_episr.c ****                                                                                     USB_EP_TYPE_ISO
 204:Generated_Source\PSoC5/USB_episr.c ****         {
 205:Generated_Source\PSoC5/USB_episr.c ****             USB_EP[USB_EP3].epToggle ^= USB_EPX_CNT_DATA_TOGGLE;
 206:Generated_Source\PSoC5/USB_episr.c ****         }
 207:Generated_Source\PSoC5/USB_episr.c ****         USB_EP[USB_EP3].apiEpState = USB_EVENT_PENDING;
 208:Generated_Source\PSoC5/USB_episr.c ****         CY_SET_REG8(USB_SIE_EP_INT_SR_PTR, CY_GET_REG8(USB_SIE_EP_INT_SR_PTR)
 209:Generated_Source\PSoC5/USB_episr.c ****                                                                         & (uint8)~USB_SIE_EP_INT_EP
 210:Generated_Source\PSoC5/USB_episr.c **** 
 211:Generated_Source\PSoC5/USB_episr.c ****         #if (defined(USB_ENABLE_MIDI_STREAMING) && !defined(USB_MAIN_SERVICE_MIDI_OUT) && \
 212:Generated_Source\PSoC5/USB_episr.c ****                      USB_ISR_SERVICE_MIDI_OUT)
 213:Generated_Source\PSoC5/USB_episr.c ****             if(USB_midi_out_ep == USB_EP3)
 214:Generated_Source\PSoC5/USB_episr.c ****             {
 215:Generated_Source\PSoC5/USB_episr.c ****                 USB_MIDI_OUT_EP_Service();
 216:Generated_Source\PSoC5/USB_episr.c ****             }
ARM GAS  C:\Users\mgronber\AppData\Local\Temp\ccTNH5fZ.s 			page 7


 217:Generated_Source\PSoC5/USB_episr.c ****         #endif /*  USB_ISR_SERVICE_MIDI_OUT */
 218:Generated_Source\PSoC5/USB_episr.c **** 
 219:Generated_Source\PSoC5/USB_episr.c ****         /* `#START EP3_END_USER_CODE` Place your code here */
 220:Generated_Source\PSoC5/USB_episr.c **** 
 221:Generated_Source\PSoC5/USB_episr.c ****         /* `#END` */
 222:Generated_Source\PSoC5/USB_episr.c **** 
 223:Generated_Source\PSoC5/USB_episr.c ****         #if (defined(USB_ENABLE_MIDI_STREAMING) && !defined(USB_MAIN_SERVICE_MIDI_OUT) && \
 224:Generated_Source\PSoC5/USB_episr.c ****                      USB_ISR_SERVICE_MIDI_OUT && CY_PSOC3)
 225:Generated_Source\PSoC5/USB_episr.c ****             EA = int_en;
 226:Generated_Source\PSoC5/USB_episr.c ****         #endif /* CY_PSOC3 & USB_ISR_SERVICE_MIDI_OUT  */
 227:Generated_Source\PSoC5/USB_episr.c ****     }
 228:Generated_Source\PSoC5/USB_episr.c **** 
 229:Generated_Source\PSoC5/USB_episr.c **** #endif   /*  USB_EP3_ISR_REMOVE */
 230:Generated_Source\PSoC5/USB_episr.c **** 
 231:Generated_Source\PSoC5/USB_episr.c **** 
 232:Generated_Source\PSoC5/USB_episr.c **** #if(USB_EP4_ISR_REMOVE == 0u)
 233:Generated_Source\PSoC5/USB_episr.c **** 
 234:Generated_Source\PSoC5/USB_episr.c ****     /*******************************************************************************
 235:Generated_Source\PSoC5/USB_episr.c ****     * Function Name: USB_EP_4_ISR
 236:Generated_Source\PSoC5/USB_episr.c ****     ********************************************************************************
 237:Generated_Source\PSoC5/USB_episr.c ****     *
 238:Generated_Source\PSoC5/USB_episr.c ****     * Summary:
 239:Generated_Source\PSoC5/USB_episr.c ****     *  Endpoint 4 Interrupt Service Routine
 240:Generated_Source\PSoC5/USB_episr.c ****     *
 241:Generated_Source\PSoC5/USB_episr.c ****     * Parameters:
 242:Generated_Source\PSoC5/USB_episr.c ****     *  None.
 243:Generated_Source\PSoC5/USB_episr.c ****     *
 244:Generated_Source\PSoC5/USB_episr.c ****     * Return:
 245:Generated_Source\PSoC5/USB_episr.c ****     *  None.
 246:Generated_Source\PSoC5/USB_episr.c ****     *
 247:Generated_Source\PSoC5/USB_episr.c ****     *******************************************************************************/
 248:Generated_Source\PSoC5/USB_episr.c ****     CY_ISR(USB_EP_4_ISR)
 249:Generated_Source\PSoC5/USB_episr.c ****     {
 250:Generated_Source\PSoC5/USB_episr.c ****         #if (defined(USB_ENABLE_MIDI_STREAMING) && !defined(USB_MAIN_SERVICE_MIDI_OUT) && \
 251:Generated_Source\PSoC5/USB_episr.c ****                      USB_ISR_SERVICE_MIDI_OUT && CY_PSOC3)
 252:Generated_Source\PSoC5/USB_episr.c ****             uint8 int_en;
 253:Generated_Source\PSoC5/USB_episr.c ****         #endif /* CY_PSOC3 & USB_ISR_SERVICE_MIDI_OUT  */
 254:Generated_Source\PSoC5/USB_episr.c **** 
 255:Generated_Source\PSoC5/USB_episr.c ****         /* `#START EP4_USER_CODE` Place your code here */
 256:Generated_Source\PSoC5/USB_episr.c **** 
 257:Generated_Source\PSoC5/USB_episr.c ****         /* `#END` */
 258:Generated_Source\PSoC5/USB_episr.c **** 
 259:Generated_Source\PSoC5/USB_episr.c ****         #if (defined(USB_ENABLE_MIDI_STREAMING) && !defined(USB_MAIN_SERVICE_MIDI_OUT) && \
 260:Generated_Source\PSoC5/USB_episr.c ****                      USB_ISR_SERVICE_MIDI_OUT && CY_PSOC3)
 261:Generated_Source\PSoC5/USB_episr.c ****             int_en = EA;
 262:Generated_Source\PSoC5/USB_episr.c ****             CyGlobalIntEnable;  /* Make sure nested interrupt is enabled */
 263:Generated_Source\PSoC5/USB_episr.c ****         #endif /* CY_PSOC3 & USB_ISR_SERVICE_MIDI_OUT  */
 264:Generated_Source\PSoC5/USB_episr.c **** 
 265:Generated_Source\PSoC5/USB_episr.c ****         CY_GET_REG8(USB_SIE_EP4_CR0_PTR); /* Must read the mode reg */
 266:Generated_Source\PSoC5/USB_episr.c ****         /* Do not toggle ISOC endpoint */
 267:Generated_Source\PSoC5/USB_episr.c ****         if((USB_EP[USB_EP4].attrib & USB_EP_TYPE_MASK) !=
 268:Generated_Source\PSoC5/USB_episr.c ****                                                                                     USB_EP_TYPE_ISO
 269:Generated_Source\PSoC5/USB_episr.c ****         {
 270:Generated_Source\PSoC5/USB_episr.c ****             USB_EP[USB_EP4].epToggle ^= USB_EPX_CNT_DATA_TOGGLE;
 271:Generated_Source\PSoC5/USB_episr.c ****         }
 272:Generated_Source\PSoC5/USB_episr.c ****         USB_EP[USB_EP4].apiEpState = USB_EVENT_PENDING;
 273:Generated_Source\PSoC5/USB_episr.c ****         CY_SET_REG8(USB_SIE_EP_INT_SR_PTR, CY_GET_REG8(USB_SIE_EP_INT_SR_PTR)
ARM GAS  C:\Users\mgronber\AppData\Local\Temp\ccTNH5fZ.s 			page 8


 274:Generated_Source\PSoC5/USB_episr.c ****                                                                         & (uint8)~USB_SIE_EP_INT_EP
 275:Generated_Source\PSoC5/USB_episr.c **** 
 276:Generated_Source\PSoC5/USB_episr.c ****         #if (defined(USB_ENABLE_MIDI_STREAMING) && !defined(USB_MAIN_SERVICE_MIDI_OUT) && \
 277:Generated_Source\PSoC5/USB_episr.c ****                      USB_ISR_SERVICE_MIDI_OUT)
 278:Generated_Source\PSoC5/USB_episr.c ****             if(USB_midi_out_ep == USB_EP4)
 279:Generated_Source\PSoC5/USB_episr.c ****             {
 280:Generated_Source\PSoC5/USB_episr.c ****                 USB_MIDI_OUT_EP_Service();
 281:Generated_Source\PSoC5/USB_episr.c ****             }
 282:Generated_Source\PSoC5/USB_episr.c ****         #endif /*  USB_ISR_SERVICE_MIDI_OUT */
 283:Generated_Source\PSoC5/USB_episr.c **** 
 284:Generated_Source\PSoC5/USB_episr.c ****         /* `#START EP4_END_USER_CODE` Place your code here */
 285:Generated_Source\PSoC5/USB_episr.c **** 
 286:Generated_Source\PSoC5/USB_episr.c ****         /* `#END` */
 287:Generated_Source\PSoC5/USB_episr.c **** 
 288:Generated_Source\PSoC5/USB_episr.c ****         #if (defined(USB_ENABLE_MIDI_STREAMING) && !defined(USB_MAIN_SERVICE_MIDI_OUT) && \
 289:Generated_Source\PSoC5/USB_episr.c ****                      USB_ISR_SERVICE_MIDI_OUT && CY_PSOC3)
 290:Generated_Source\PSoC5/USB_episr.c ****             EA = int_en;
 291:Generated_Source\PSoC5/USB_episr.c ****         #endif /* CY_PSOC3 & USB_ISR_SERVICE_MIDI_OUT  */
 292:Generated_Source\PSoC5/USB_episr.c ****     }
 293:Generated_Source\PSoC5/USB_episr.c **** 
 294:Generated_Source\PSoC5/USB_episr.c **** #endif   /*  USB_EP4_ISR_REMOVE */
 295:Generated_Source\PSoC5/USB_episr.c **** 
 296:Generated_Source\PSoC5/USB_episr.c **** 
 297:Generated_Source\PSoC5/USB_episr.c **** #if(USB_EP5_ISR_REMOVE == 0u)
 298:Generated_Source\PSoC5/USB_episr.c **** 
 299:Generated_Source\PSoC5/USB_episr.c ****     /*******************************************************************************
 300:Generated_Source\PSoC5/USB_episr.c ****     * Function Name: USB_EP_5_ISR
 301:Generated_Source\PSoC5/USB_episr.c ****     ********************************************************************************
 302:Generated_Source\PSoC5/USB_episr.c ****     *
 303:Generated_Source\PSoC5/USB_episr.c ****     * Summary:
 304:Generated_Source\PSoC5/USB_episr.c ****     *  Endpoint 5 Interrupt Service Routine
 305:Generated_Source\PSoC5/USB_episr.c ****     *
 306:Generated_Source\PSoC5/USB_episr.c ****     * Parameters:
 307:Generated_Source\PSoC5/USB_episr.c ****     *  None.
 308:Generated_Source\PSoC5/USB_episr.c ****     *
 309:Generated_Source\PSoC5/USB_episr.c ****     * Return:
 310:Generated_Source\PSoC5/USB_episr.c ****     *  None.
 311:Generated_Source\PSoC5/USB_episr.c ****     *
 312:Generated_Source\PSoC5/USB_episr.c ****     *******************************************************************************/
 313:Generated_Source\PSoC5/USB_episr.c ****     CY_ISR(USB_EP_5_ISR)
 314:Generated_Source\PSoC5/USB_episr.c ****     {
 315:Generated_Source\PSoC5/USB_episr.c ****         #if (defined(USB_ENABLE_MIDI_STREAMING) && !defined(USB_MAIN_SERVICE_MIDI_OUT) && \
 316:Generated_Source\PSoC5/USB_episr.c ****                      USB_ISR_SERVICE_MIDI_OUT && CY_PSOC3)
 317:Generated_Source\PSoC5/USB_episr.c ****             uint8 int_en;
 318:Generated_Source\PSoC5/USB_episr.c ****         #endif /* CY_PSOC3 & USB_ISR_SERVICE_MIDI_OUT  */
 319:Generated_Source\PSoC5/USB_episr.c **** 
 320:Generated_Source\PSoC5/USB_episr.c ****         /* `#START EP5_USER_CODE` Place your code here */
 321:Generated_Source\PSoC5/USB_episr.c **** 
 322:Generated_Source\PSoC5/USB_episr.c ****         /* `#END` */
 323:Generated_Source\PSoC5/USB_episr.c **** 
 324:Generated_Source\PSoC5/USB_episr.c ****         #if (defined(USB_ENABLE_MIDI_STREAMING) && !defined(USB_MAIN_SERVICE_MIDI_OUT) && \
 325:Generated_Source\PSoC5/USB_episr.c ****                      USB_ISR_SERVICE_MIDI_OUT && CY_PSOC3)
 326:Generated_Source\PSoC5/USB_episr.c ****             int_en = EA;
 327:Generated_Source\PSoC5/USB_episr.c ****             CyGlobalIntEnable;  /* Make sure nested interrupt is enabled */
 328:Generated_Source\PSoC5/USB_episr.c ****         #endif /* CY_PSOC3 & USB_ISR_SERVICE_MIDI_OUT  */
 329:Generated_Source\PSoC5/USB_episr.c **** 
 330:Generated_Source\PSoC5/USB_episr.c ****         CY_GET_REG8(USB_SIE_EP5_CR0_PTR); /* Must read the mode reg */
ARM GAS  C:\Users\mgronber\AppData\Local\Temp\ccTNH5fZ.s 			page 9


 331:Generated_Source\PSoC5/USB_episr.c ****         /* Do not toggle ISOC endpoint */
 332:Generated_Source\PSoC5/USB_episr.c ****         if((USB_EP[USB_EP5].attrib & USB_EP_TYPE_MASK) !=
 333:Generated_Source\PSoC5/USB_episr.c ****                                                                                     USB_EP_TYPE_ISO
 334:Generated_Source\PSoC5/USB_episr.c ****         {
 335:Generated_Source\PSoC5/USB_episr.c ****             USB_EP[USB_EP5].epToggle ^= USB_EPX_CNT_DATA_TOGGLE;
 336:Generated_Source\PSoC5/USB_episr.c ****         }
 337:Generated_Source\PSoC5/USB_episr.c ****         USB_EP[USB_EP5].apiEpState = USB_EVENT_PENDING;
 338:Generated_Source\PSoC5/USB_episr.c ****         CY_SET_REG8(USB_SIE_EP_INT_SR_PTR, CY_GET_REG8(USB_SIE_EP_INT_SR_PTR)
 339:Generated_Source\PSoC5/USB_episr.c ****                                                                         & (uint8)~USB_SIE_EP_INT_EP
 340:Generated_Source\PSoC5/USB_episr.c **** 
 341:Generated_Source\PSoC5/USB_episr.c ****         #if (defined(USB_ENABLE_MIDI_STREAMING) && !defined(USB_MAIN_SERVICE_MIDI_OUT) && \
 342:Generated_Source\PSoC5/USB_episr.c ****                      USB_ISR_SERVICE_MIDI_OUT)
 343:Generated_Source\PSoC5/USB_episr.c ****             if(USB_midi_out_ep == USB_EP5)
 344:Generated_Source\PSoC5/USB_episr.c ****             {
 345:Generated_Source\PSoC5/USB_episr.c ****                 USB_MIDI_OUT_EP_Service();
 346:Generated_Source\PSoC5/USB_episr.c ****             }
 347:Generated_Source\PSoC5/USB_episr.c ****         #endif /*  USB_ISR_SERVICE_MIDI_OUT */
 348:Generated_Source\PSoC5/USB_episr.c **** 
 349:Generated_Source\PSoC5/USB_episr.c ****         /* `#START EP5_END_USER_CODE` Place your code here */
 350:Generated_Source\PSoC5/USB_episr.c **** 
 351:Generated_Source\PSoC5/USB_episr.c ****         /* `#END` */
 352:Generated_Source\PSoC5/USB_episr.c **** 
 353:Generated_Source\PSoC5/USB_episr.c ****         #if (defined(USB_ENABLE_MIDI_STREAMING) && !defined(USB_MAIN_SERVICE_MIDI_OUT) && \
 354:Generated_Source\PSoC5/USB_episr.c ****                      USB_ISR_SERVICE_MIDI_OUT && CY_PSOC3)
 355:Generated_Source\PSoC5/USB_episr.c ****             EA = int_en;
 356:Generated_Source\PSoC5/USB_episr.c ****         #endif /* CY_PSOC3 & USB_ISR_SERVICE_MIDI_OUT  */
 357:Generated_Source\PSoC5/USB_episr.c ****     }
 358:Generated_Source\PSoC5/USB_episr.c **** #endif   /*  USB_EP5_ISR_REMOVE */
 359:Generated_Source\PSoC5/USB_episr.c **** 
 360:Generated_Source\PSoC5/USB_episr.c **** 
 361:Generated_Source\PSoC5/USB_episr.c **** #if(USB_EP6_ISR_REMOVE == 0u)
 362:Generated_Source\PSoC5/USB_episr.c **** 
 363:Generated_Source\PSoC5/USB_episr.c ****     /*******************************************************************************
 364:Generated_Source\PSoC5/USB_episr.c ****     * Function Name: USB_EP_6_ISR
 365:Generated_Source\PSoC5/USB_episr.c ****     ********************************************************************************
 366:Generated_Source\PSoC5/USB_episr.c ****     *
 367:Generated_Source\PSoC5/USB_episr.c ****     * Summary:
 368:Generated_Source\PSoC5/USB_episr.c ****     *  Endpoint 6 Interrupt Service Routine
 369:Generated_Source\PSoC5/USB_episr.c ****     *
 370:Generated_Source\PSoC5/USB_episr.c ****     * Parameters:
 371:Generated_Source\PSoC5/USB_episr.c ****     *  None.
 372:Generated_Source\PSoC5/USB_episr.c ****     *
 373:Generated_Source\PSoC5/USB_episr.c ****     * Return:
 374:Generated_Source\PSoC5/USB_episr.c ****     *  None.
 375:Generated_Source\PSoC5/USB_episr.c ****     *
 376:Generated_Source\PSoC5/USB_episr.c ****     *******************************************************************************/
 377:Generated_Source\PSoC5/USB_episr.c ****     CY_ISR(USB_EP_6_ISR)
 378:Generated_Source\PSoC5/USB_episr.c ****     {
 379:Generated_Source\PSoC5/USB_episr.c ****         #if (defined(USB_ENABLE_MIDI_STREAMING) && !defined(USB_MAIN_SERVICE_MIDI_OUT) && \
 380:Generated_Source\PSoC5/USB_episr.c ****                      USB_ISR_SERVICE_MIDI_OUT && CY_PSOC3)
 381:Generated_Source\PSoC5/USB_episr.c ****             uint8 int_en;
 382:Generated_Source\PSoC5/USB_episr.c ****         #endif /* CY_PSOC3 & USB_ISR_SERVICE_MIDI_OUT  */
 383:Generated_Source\PSoC5/USB_episr.c **** 
 384:Generated_Source\PSoC5/USB_episr.c ****         /* `#START EP6_USER_CODE` Place your code here */
 385:Generated_Source\PSoC5/USB_episr.c **** 
 386:Generated_Source\PSoC5/USB_episr.c ****         /* `#END` */
 387:Generated_Source\PSoC5/USB_episr.c **** 
ARM GAS  C:\Users\mgronber\AppData\Local\Temp\ccTNH5fZ.s 			page 10


 388:Generated_Source\PSoC5/USB_episr.c ****         #if (defined(USB_ENABLE_MIDI_STREAMING) && !defined(USB_MAIN_SERVICE_MIDI_OUT) && \
 389:Generated_Source\PSoC5/USB_episr.c ****                      USB_ISR_SERVICE_MIDI_OUT && CY_PSOC3)
 390:Generated_Source\PSoC5/USB_episr.c ****             int_en = EA;
 391:Generated_Source\PSoC5/USB_episr.c ****             CyGlobalIntEnable;  /* Make sure nested interrupt is enabled */
 392:Generated_Source\PSoC5/USB_episr.c ****         #endif /* CY_PSOC3 & USB_ISR_SERVICE_MIDI_OUT  */
 393:Generated_Source\PSoC5/USB_episr.c **** 
 394:Generated_Source\PSoC5/USB_episr.c ****         CY_GET_REG8(USB_SIE_EP6_CR0_PTR); /* Must read the mode reg */
 395:Generated_Source\PSoC5/USB_episr.c ****         /* Do not toggle ISOC endpoint */
 396:Generated_Source\PSoC5/USB_episr.c ****         if((USB_EP[USB_EP6].attrib & USB_EP_TYPE_MASK) !=
 397:Generated_Source\PSoC5/USB_episr.c ****                                                                                     USB_EP_TYPE_ISO
 398:Generated_Source\PSoC5/USB_episr.c ****         {
 399:Generated_Source\PSoC5/USB_episr.c ****             USB_EP[USB_EP6].epToggle ^= USB_EPX_CNT_DATA_TOGGLE;
 400:Generated_Source\PSoC5/USB_episr.c ****         }
 401:Generated_Source\PSoC5/USB_episr.c ****         USB_EP[USB_EP6].apiEpState = USB_EVENT_PENDING;
 402:Generated_Source\PSoC5/USB_episr.c ****         CY_SET_REG8(USB_SIE_EP_INT_SR_PTR, CY_GET_REG8(USB_SIE_EP_INT_SR_PTR)
 403:Generated_Source\PSoC5/USB_episr.c ****                                                                         & (uint8)~USB_SIE_EP_INT_EP
 404:Generated_Source\PSoC5/USB_episr.c **** 
 405:Generated_Source\PSoC5/USB_episr.c ****         #if (defined(USB_ENABLE_MIDI_STREAMING) && !defined(USB_MAIN_SERVICE_MIDI_OUT) && \
 406:Generated_Source\PSoC5/USB_episr.c ****                      USB_ISR_SERVICE_MIDI_OUT)
 407:Generated_Source\PSoC5/USB_episr.c ****             if(USB_midi_out_ep == USB_EP6)
 408:Generated_Source\PSoC5/USB_episr.c ****             {
 409:Generated_Source\PSoC5/USB_episr.c ****                 USB_MIDI_OUT_EP_Service();
 410:Generated_Source\PSoC5/USB_episr.c ****             }
 411:Generated_Source\PSoC5/USB_episr.c ****         #endif /*  USB_ISR_SERVICE_MIDI_OUT  */
 412:Generated_Source\PSoC5/USB_episr.c **** 
 413:Generated_Source\PSoC5/USB_episr.c ****         /* `#START EP6_END_USER_CODE` Place your code here */
 414:Generated_Source\PSoC5/USB_episr.c **** 
 415:Generated_Source\PSoC5/USB_episr.c ****         /* `#END` */
 416:Generated_Source\PSoC5/USB_episr.c **** 
 417:Generated_Source\PSoC5/USB_episr.c ****         #if (defined(USB_ENABLE_MIDI_STREAMING) && !defined(USB_MAIN_SERVICE_MIDI_OUT) && \
 418:Generated_Source\PSoC5/USB_episr.c ****                      USB_ISR_SERVICE_MIDI_OUT && CY_PSOC3)
 419:Generated_Source\PSoC5/USB_episr.c ****             EA = int_en;
 420:Generated_Source\PSoC5/USB_episr.c ****         #endif /* CY_PSOC3 & USB_ISR_SERVICE_MIDI_OUT  */
 421:Generated_Source\PSoC5/USB_episr.c ****     }
 422:Generated_Source\PSoC5/USB_episr.c **** 
 423:Generated_Source\PSoC5/USB_episr.c **** #endif   /*  USB_EP6_ISR_REMOVE */
 424:Generated_Source\PSoC5/USB_episr.c **** 
 425:Generated_Source\PSoC5/USB_episr.c **** 
 426:Generated_Source\PSoC5/USB_episr.c **** #if(USB_EP7_ISR_REMOVE == 0u)
 427:Generated_Source\PSoC5/USB_episr.c **** 
 428:Generated_Source\PSoC5/USB_episr.c ****     /*******************************************************************************
 429:Generated_Source\PSoC5/USB_episr.c ****     * Function Name: USB_EP_7_ISR
 430:Generated_Source\PSoC5/USB_episr.c ****     ********************************************************************************
 431:Generated_Source\PSoC5/USB_episr.c ****     *
 432:Generated_Source\PSoC5/USB_episr.c ****     * Summary:
 433:Generated_Source\PSoC5/USB_episr.c ****     *  Endpoint 7 Interrupt Service Routine
 434:Generated_Source\PSoC5/USB_episr.c ****     *
 435:Generated_Source\PSoC5/USB_episr.c ****     * Parameters:
 436:Generated_Source\PSoC5/USB_episr.c ****     *  None.
 437:Generated_Source\PSoC5/USB_episr.c ****     *
 438:Generated_Source\PSoC5/USB_episr.c ****     * Return:
 439:Generated_Source\PSoC5/USB_episr.c ****     *  None.
 440:Generated_Source\PSoC5/USB_episr.c ****     *
 441:Generated_Source\PSoC5/USB_episr.c ****     *******************************************************************************/
 442:Generated_Source\PSoC5/USB_episr.c ****     CY_ISR(USB_EP_7_ISR)
 443:Generated_Source\PSoC5/USB_episr.c ****     {
 444:Generated_Source\PSoC5/USB_episr.c ****         #if (defined(USB_ENABLE_MIDI_STREAMING) && !defined(USB_MAIN_SERVICE_MIDI_OUT) && \
ARM GAS  C:\Users\mgronber\AppData\Local\Temp\ccTNH5fZ.s 			page 11


 445:Generated_Source\PSoC5/USB_episr.c ****                      USB_ISR_SERVICE_MIDI_OUT && CY_PSOC3)
 446:Generated_Source\PSoC5/USB_episr.c ****             uint8 int_en;
 447:Generated_Source\PSoC5/USB_episr.c ****         #endif /* CY_PSOC3 & USB_ISR_SERVICE_MIDI_OUT  */
 448:Generated_Source\PSoC5/USB_episr.c **** 
 449:Generated_Source\PSoC5/USB_episr.c ****         /* `#START EP7_USER_CODE` Place your code here */
 450:Generated_Source\PSoC5/USB_episr.c **** 
 451:Generated_Source\PSoC5/USB_episr.c ****         /* `#END` */
 452:Generated_Source\PSoC5/USB_episr.c **** 
 453:Generated_Source\PSoC5/USB_episr.c ****         #if (defined(USB_ENABLE_MIDI_STREAMING) && !defined(USB_MAIN_SERVICE_MIDI_OUT) && \
 454:Generated_Source\PSoC5/USB_episr.c ****                      USB_ISR_SERVICE_MIDI_OUT && CY_PSOC3)
 455:Generated_Source\PSoC5/USB_episr.c ****             int_en = EA;
 456:Generated_Source\PSoC5/USB_episr.c ****             CyGlobalIntEnable;  /* Make sure nested interrupt is enabled */
 457:Generated_Source\PSoC5/USB_episr.c ****         #endif /* CY_PSOC3 & USB_ISR_SERVICE_MIDI_OUT  */
 458:Generated_Source\PSoC5/USB_episr.c **** 
 459:Generated_Source\PSoC5/USB_episr.c ****         CY_GET_REG8(USB_SIE_EP7_CR0_PTR); /* Must read the mode reg */
 460:Generated_Source\PSoC5/USB_episr.c ****         /* Do not toggle ISOC endpoint */
 461:Generated_Source\PSoC5/USB_episr.c ****         if((USB_EP[USB_EP7].attrib & USB_EP_TYPE_MASK) !=
 462:Generated_Source\PSoC5/USB_episr.c ****                                                                                     USB_EP_TYPE_ISO
 463:Generated_Source\PSoC5/USB_episr.c ****         {
 464:Generated_Source\PSoC5/USB_episr.c ****             USB_EP[USB_EP7].epToggle ^= USB_EPX_CNT_DATA_TOGGLE;
 465:Generated_Source\PSoC5/USB_episr.c ****         }
 466:Generated_Source\PSoC5/USB_episr.c ****         USB_EP[USB_EP7].apiEpState = USB_EVENT_PENDING;
 467:Generated_Source\PSoC5/USB_episr.c ****         CY_SET_REG8(USB_SIE_EP_INT_SR_PTR, CY_GET_REG8(USB_SIE_EP_INT_SR_PTR)
 468:Generated_Source\PSoC5/USB_episr.c ****                                                                         & (uint8)~USB_SIE_EP_INT_EP
 469:Generated_Source\PSoC5/USB_episr.c **** 
 470:Generated_Source\PSoC5/USB_episr.c ****         #if (defined(USB_ENABLE_MIDI_STREAMING) && !defined(USB_MAIN_SERVICE_MIDI_OUT) && \
 471:Generated_Source\PSoC5/USB_episr.c ****                      USB_ISR_SERVICE_MIDI_OUT)
 472:Generated_Source\PSoC5/USB_episr.c ****             if(USB_midi_out_ep == USB_EP7)
 473:Generated_Source\PSoC5/USB_episr.c ****             {
 474:Generated_Source\PSoC5/USB_episr.c ****                 USB_MIDI_OUT_EP_Service();
 475:Generated_Source\PSoC5/USB_episr.c ****             }
 476:Generated_Source\PSoC5/USB_episr.c ****         #endif /*  USB_ISR_SERVICE_MIDI_OUT  */
 477:Generated_Source\PSoC5/USB_episr.c **** 
 478:Generated_Source\PSoC5/USB_episr.c ****         /* `#START EP7_END_USER_CODE` Place your code here */
 479:Generated_Source\PSoC5/USB_episr.c **** 
 480:Generated_Source\PSoC5/USB_episr.c ****         /* `#END` */
 481:Generated_Source\PSoC5/USB_episr.c **** 
 482:Generated_Source\PSoC5/USB_episr.c ****         #if (defined(USB_ENABLE_MIDI_STREAMING) && !defined(USB_MAIN_SERVICE_MIDI_OUT) && \
 483:Generated_Source\PSoC5/USB_episr.c ****                      USB_ISR_SERVICE_MIDI_OUT && CY_PSOC3)
 484:Generated_Source\PSoC5/USB_episr.c ****             EA = int_en;
 485:Generated_Source\PSoC5/USB_episr.c ****         #endif /* CY_PSOC3 & USB_ISR_SERVICE_MIDI_OUT  */
 486:Generated_Source\PSoC5/USB_episr.c ****     }
 487:Generated_Source\PSoC5/USB_episr.c **** 
 488:Generated_Source\PSoC5/USB_episr.c **** #endif   /*  USB_EP7_ISR_REMOVE */
 489:Generated_Source\PSoC5/USB_episr.c **** 
 490:Generated_Source\PSoC5/USB_episr.c **** 
 491:Generated_Source\PSoC5/USB_episr.c **** #if(USB_EP8_ISR_REMOVE == 0u)
 492:Generated_Source\PSoC5/USB_episr.c **** 
 493:Generated_Source\PSoC5/USB_episr.c ****     /*******************************************************************************
 494:Generated_Source\PSoC5/USB_episr.c ****     * Function Name: USB_EP_8_ISR
 495:Generated_Source\PSoC5/USB_episr.c ****     ********************************************************************************
 496:Generated_Source\PSoC5/USB_episr.c ****     *
 497:Generated_Source\PSoC5/USB_episr.c ****     * Summary:
 498:Generated_Source\PSoC5/USB_episr.c ****     *  Endpoint 8 Interrupt Service Routine
 499:Generated_Source\PSoC5/USB_episr.c ****     *
 500:Generated_Source\PSoC5/USB_episr.c ****     * Parameters:
 501:Generated_Source\PSoC5/USB_episr.c ****     *  None.
ARM GAS  C:\Users\mgronber\AppData\Local\Temp\ccTNH5fZ.s 			page 12


 502:Generated_Source\PSoC5/USB_episr.c ****     *
 503:Generated_Source\PSoC5/USB_episr.c ****     * Return:
 504:Generated_Source\PSoC5/USB_episr.c ****     *  None.
 505:Generated_Source\PSoC5/USB_episr.c ****     *
 506:Generated_Source\PSoC5/USB_episr.c ****     *******************************************************************************/
 507:Generated_Source\PSoC5/USB_episr.c ****     CY_ISR(USB_EP_8_ISR)
 508:Generated_Source\PSoC5/USB_episr.c ****     {
 509:Generated_Source\PSoC5/USB_episr.c ****         #if (defined(USB_ENABLE_MIDI_STREAMING) && !defined(USB_MAIN_SERVICE_MIDI_OUT) && \
 510:Generated_Source\PSoC5/USB_episr.c ****                      USB_ISR_SERVICE_MIDI_OUT && CY_PSOC3)
 511:Generated_Source\PSoC5/USB_episr.c ****             uint8 int_en;
 512:Generated_Source\PSoC5/USB_episr.c ****         #endif /* CY_PSOC3 & USB_ISR_SERVICE_MIDI_OUT  */
 513:Generated_Source\PSoC5/USB_episr.c **** 
 514:Generated_Source\PSoC5/USB_episr.c ****         /* `#START EP8_USER_CODE` Place your code here */
 515:Generated_Source\PSoC5/USB_episr.c **** 
 516:Generated_Source\PSoC5/USB_episr.c ****         /* `#END` */
 517:Generated_Source\PSoC5/USB_episr.c **** 
 518:Generated_Source\PSoC5/USB_episr.c ****         #if (defined(USB_ENABLE_MIDI_STREAMING) && !defined(USB_MAIN_SERVICE_MIDI_OUT) && \
 519:Generated_Source\PSoC5/USB_episr.c ****                      USB_ISR_SERVICE_MIDI_OUT && CY_PSOC3)
 520:Generated_Source\PSoC5/USB_episr.c ****             int_en = EA;
 521:Generated_Source\PSoC5/USB_episr.c ****             CyGlobalIntEnable;  /* Make sure nested interrupt is enabled */
 522:Generated_Source\PSoC5/USB_episr.c ****         #endif /* CY_PSOC3 & USB_ISR_SERVICE_MIDI_OUT  */
 523:Generated_Source\PSoC5/USB_episr.c **** 
 524:Generated_Source\PSoC5/USB_episr.c ****         CY_GET_REG8(USB_SIE_EP8_CR0_PTR); /* Must read the mode reg */
 525:Generated_Source\PSoC5/USB_episr.c ****         /* Do not toggle ISOC endpoint */
 526:Generated_Source\PSoC5/USB_episr.c ****         if((USB_EP[USB_EP8].attrib & USB_EP_TYPE_MASK) !=
 527:Generated_Source\PSoC5/USB_episr.c ****                                                                                     USB_EP_TYPE_ISO
 528:Generated_Source\PSoC5/USB_episr.c ****         {
 529:Generated_Source\PSoC5/USB_episr.c ****             USB_EP[USB_EP8].epToggle ^= USB_EPX_CNT_DATA_TOGGLE;
 530:Generated_Source\PSoC5/USB_episr.c ****         }
 531:Generated_Source\PSoC5/USB_episr.c ****         USB_EP[USB_EP8].apiEpState = USB_EVENT_PENDING;
 532:Generated_Source\PSoC5/USB_episr.c ****         CY_SET_REG8(USB_SIE_EP_INT_SR_PTR, CY_GET_REG8(USB_SIE_EP_INT_SR_PTR)
 533:Generated_Source\PSoC5/USB_episr.c ****                                                                         & (uint8)~USB_SIE_EP_INT_EP
 534:Generated_Source\PSoC5/USB_episr.c **** 
 535:Generated_Source\PSoC5/USB_episr.c ****         #if (defined(USB_ENABLE_MIDI_STREAMING) && !defined(USB_MAIN_SERVICE_MIDI_OUT) && \
 536:Generated_Source\PSoC5/USB_episr.c ****                      USB_ISR_SERVICE_MIDI_OUT)
 537:Generated_Source\PSoC5/USB_episr.c ****             if(USB_midi_out_ep == USB_EP8)
 538:Generated_Source\PSoC5/USB_episr.c ****             {
 539:Generated_Source\PSoC5/USB_episr.c ****                 USB_MIDI_OUT_EP_Service();
 540:Generated_Source\PSoC5/USB_episr.c ****             }
 541:Generated_Source\PSoC5/USB_episr.c ****         #endif /*  USB_ISR_SERVICE_MIDI_OUT */
 542:Generated_Source\PSoC5/USB_episr.c **** 
 543:Generated_Source\PSoC5/USB_episr.c ****         /* `#START EP8_END_USER_CODE` Place your code here */
 544:Generated_Source\PSoC5/USB_episr.c **** 
 545:Generated_Source\PSoC5/USB_episr.c ****         /* `#END` */
 546:Generated_Source\PSoC5/USB_episr.c **** 
 547:Generated_Source\PSoC5/USB_episr.c ****         #if (defined(USB_ENABLE_MIDI_STREAMING) && !defined(USB_MAIN_SERVICE_MIDI_OUT) && \
 548:Generated_Source\PSoC5/USB_episr.c ****                      USB_ISR_SERVICE_MIDI_OUT && CY_PSOC3)
 549:Generated_Source\PSoC5/USB_episr.c ****             EA = int_en;
 550:Generated_Source\PSoC5/USB_episr.c ****         #endif /* CY_PSOC3 & USB_ISR_SERVICE_MIDI_OUT  */
 551:Generated_Source\PSoC5/USB_episr.c ****     }
 552:Generated_Source\PSoC5/USB_episr.c **** 
 553:Generated_Source\PSoC5/USB_episr.c **** #endif   /*  USB_EP8_ISR_REMOVE */
 554:Generated_Source\PSoC5/USB_episr.c **** 
 555:Generated_Source\PSoC5/USB_episr.c **** 
 556:Generated_Source\PSoC5/USB_episr.c **** /*******************************************************************************
 557:Generated_Source\PSoC5/USB_episr.c **** * Function Name: USB_SOF_ISR
 558:Generated_Source\PSoC5/USB_episr.c **** ********************************************************************************
ARM GAS  C:\Users\mgronber\AppData\Local\Temp\ccTNH5fZ.s 			page 13


 559:Generated_Source\PSoC5/USB_episr.c **** *
 560:Generated_Source\PSoC5/USB_episr.c **** * Summary:
 561:Generated_Source\PSoC5/USB_episr.c **** *  Start of Frame Interrupt Service Routine
 562:Generated_Source\PSoC5/USB_episr.c **** *
 563:Generated_Source\PSoC5/USB_episr.c **** * Parameters:
 564:Generated_Source\PSoC5/USB_episr.c **** *  None.
 565:Generated_Source\PSoC5/USB_episr.c **** *
 566:Generated_Source\PSoC5/USB_episr.c **** * Return:
 567:Generated_Source\PSoC5/USB_episr.c **** *  None.
 568:Generated_Source\PSoC5/USB_episr.c **** *
 569:Generated_Source\PSoC5/USB_episr.c **** *******************************************************************************/
 570:Generated_Source\PSoC5/USB_episr.c **** CY_ISR(USB_SOF_ISR)
 571:Generated_Source\PSoC5/USB_episr.c **** {
 123              		.loc 1 571 0
 124              		.cfi_startproc
 125              		@ args = 0, pretend = 0, frame = 0
 126              		@ frame_needed = 0, uses_anonymous_args = 0
 127              		@ link register save eliminated.
 128 0000 7047     		bx	lr
 129              		.cfi_endproc
 130              	.LFE2:
 131              		.size	USB_SOF_ISR, .-USB_SOF_ISR
 132 0002 00BF     		.section	.text.USB_BUS_RESET_ISR,"ax",%progbits
 133              		.align	2
 134              		.global	USB_BUS_RESET_ISR
 135              		.thumb
 136              		.thumb_func
 137              		.type	USB_BUS_RESET_ISR, %function
 138              	USB_BUS_RESET_ISR:
 139              	.LFB3:
 572:Generated_Source\PSoC5/USB_episr.c ****     /* `#START SOF_USER_CODE` Place your code here */
 573:Generated_Source\PSoC5/USB_episr.c **** 
 574:Generated_Source\PSoC5/USB_episr.c ****     /* `#END` */
 575:Generated_Source\PSoC5/USB_episr.c **** }
 576:Generated_Source\PSoC5/USB_episr.c **** 
 577:Generated_Source\PSoC5/USB_episr.c **** 
 578:Generated_Source\PSoC5/USB_episr.c **** /*******************************************************************************
 579:Generated_Source\PSoC5/USB_episr.c **** * Function Name: USB_BUS_RESET_ISR
 580:Generated_Source\PSoC5/USB_episr.c **** ********************************************************************************
 581:Generated_Source\PSoC5/USB_episr.c **** *
 582:Generated_Source\PSoC5/USB_episr.c **** * Summary:
 583:Generated_Source\PSoC5/USB_episr.c **** *  USB Bus Reset Interrupt Service Routine.  Calls _Start with the same
 584:Generated_Source\PSoC5/USB_episr.c **** *  parameters as the last USER call to _Start
 585:Generated_Source\PSoC5/USB_episr.c **** *
 586:Generated_Source\PSoC5/USB_episr.c **** * Parameters:
 587:Generated_Source\PSoC5/USB_episr.c **** *  None.
 588:Generated_Source\PSoC5/USB_episr.c **** *
 589:Generated_Source\PSoC5/USB_episr.c **** * Return:
 590:Generated_Source\PSoC5/USB_episr.c **** *  None.
 591:Generated_Source\PSoC5/USB_episr.c **** *
 592:Generated_Source\PSoC5/USB_episr.c **** *******************************************************************************/
 593:Generated_Source\PSoC5/USB_episr.c **** CY_ISR(USB_BUS_RESET_ISR)
 594:Generated_Source\PSoC5/USB_episr.c **** {
 140              		.loc 1 594 0
 141              		.cfi_startproc
 142              		@ args = 0, pretend = 0, frame = 0
 143              		@ frame_needed = 0, uses_anonymous_args = 0
ARM GAS  C:\Users\mgronber\AppData\Local\Temp\ccTNH5fZ.s 			page 14


 144              		@ link register save eliminated.
 595:Generated_Source\PSoC5/USB_episr.c ****     /* `#START BUS_RESET_USER_CODE` Place your code here */
 596:Generated_Source\PSoC5/USB_episr.c **** 
 597:Generated_Source\PSoC5/USB_episr.c ****     /* `#END` */
 598:Generated_Source\PSoC5/USB_episr.c **** 
 599:Generated_Source\PSoC5/USB_episr.c ****     USB_ReInitComponent();
 145              		.loc 1 599 0
 146 0000 FFF7FEBF 		b	USB_ReInitComponent
 147              	.LVL0:
 148              		.cfi_endproc
 149              	.LFE3:
 150              		.size	USB_BUS_RESET_ISR, .-USB_BUS_RESET_ISR
 151              		.text
 152              	.Letext0:
 153              		.file 2 "Generated_Source\\PSoC5\\cytypes.h"
 154              		.file 3 "Generated_Source\\PSoC5\\USB.h"
 155              		.file 4 "Generated_Source\\PSoC5\\USB_pvt.h"
 156              		.section	.debug_info,"",%progbits
 157              	.Ldebug_info0:
 158 0000 A5010000 		.4byte	0x1a5
 159 0004 0400     		.2byte	0x4
 160 0006 00000000 		.4byte	.Ldebug_abbrev0
 161 000a 04       		.byte	0x4
 162 000b 01       		.uleb128 0x1
 163 000c B3000000 		.4byte	.LASF29
 164 0010 01       		.byte	0x1
 165 0011 00000000 		.4byte	.LASF30
 166 0015 68000000 		.4byte	.LASF31
 167 0019 00000000 		.4byte	.Ldebug_ranges0+0
 168 001d 00000000 		.4byte	0
 169 0021 00000000 		.4byte	.Ldebug_line0
 170 0025 02       		.uleb128 0x2
 171 0026 01       		.byte	0x1
 172 0027 06       		.byte	0x6
 173 0028 58020000 		.4byte	.LASF0
 174 002c 02       		.uleb128 0x2
 175 002d 01       		.byte	0x1
 176 002e 08       		.byte	0x8
 177 002f 50010000 		.4byte	.LASF1
 178 0033 02       		.uleb128 0x2
 179 0034 02       		.byte	0x2
 180 0035 05       		.byte	0x5
 181 0036 15020000 		.4byte	.LASF2
 182 003a 02       		.uleb128 0x2
 183 003b 02       		.byte	0x2
 184 003c 07       		.byte	0x7
 185 003d 4E000000 		.4byte	.LASF3
 186 0041 02       		.uleb128 0x2
 187 0042 04       		.byte	0x4
 188 0043 05       		.byte	0x5
 189 0044 3C020000 		.4byte	.LASF4
 190 0048 02       		.uleb128 0x2
 191 0049 04       		.byte	0x4
 192 004a 07       		.byte	0x7
 193 004b 63010000 		.4byte	.LASF5
 194 004f 02       		.uleb128 0x2
 195 0050 08       		.byte	0x8
ARM GAS  C:\Users\mgronber\AppData\Local\Temp\ccTNH5fZ.s 			page 15


 196 0051 05       		.byte	0x5
 197 0052 F7010000 		.4byte	.LASF6
 198 0056 02       		.uleb128 0x2
 199 0057 08       		.byte	0x8
 200 0058 07       		.byte	0x7
 201 0059 C6010000 		.4byte	.LASF7
 202 005d 03       		.uleb128 0x3
 203 005e 04       		.byte	0x4
 204 005f 05       		.byte	0x5
 205 0060 696E7400 		.ascii	"int\000"
 206 0064 02       		.uleb128 0x2
 207 0065 04       		.byte	0x4
 208 0066 07       		.byte	0x7
 209 0067 B9010000 		.4byte	.LASF8
 210 006b 04       		.uleb128 0x4
 211 006c 2C020000 		.4byte	.LASF9
 212 0070 02       		.byte	0x2
 213 0071 5B       		.byte	0x5b
 214 0072 2C000000 		.4byte	0x2c
 215 0076 04       		.uleb128 0x4
 216 0077 93010000 		.4byte	.LASF10
 217 007b 02       		.byte	0x2
 218 007c 5C       		.byte	0x5c
 219 007d 3A000000 		.4byte	0x3a
 220 0081 02       		.uleb128 0x2
 221 0082 04       		.byte	0x4
 222 0083 04       		.byte	0x4
 223 0084 41010000 		.4byte	.LASF11
 224 0088 02       		.uleb128 0x2
 225 0089 08       		.byte	0x8
 226 008a 04       		.byte	0x4
 227 008b 7A010000 		.4byte	.LASF12
 228 008f 02       		.uleb128 0x2
 229 0090 01       		.byte	0x1
 230 0091 08       		.byte	0x8
 231 0092 05020000 		.4byte	.LASF13
 232 0096 04       		.uleb128 0x4
 233 0097 5E010000 		.4byte	.LASF14
 234 009b 02       		.byte	0x2
 235 009c F0       		.byte	0xf0
 236 009d A1000000 		.4byte	0xa1
 237 00a1 05       		.uleb128 0x5
 238 00a2 6B000000 		.4byte	0x6b
 239 00a6 02       		.uleb128 0x2
 240 00a7 04       		.byte	0x4
 241 00a8 07       		.byte	0x7
 242 00a9 E7010000 		.4byte	.LASF15
 243 00ad 06       		.uleb128 0x6
 244 00ae 0C       		.byte	0xc
 245 00af 03       		.byte	0x3
 246 00b0 7D       		.byte	0x7d
 247 00b1 22010000 		.4byte	0x122
 248 00b5 07       		.uleb128 0x7
 249 00b6 81010000 		.4byte	.LASF16
 250 00ba 03       		.byte	0x3
 251 00bb 7F       		.byte	0x7f
 252 00bc 6B000000 		.4byte	0x6b
ARM GAS  C:\Users\mgronber\AppData\Local\Temp\ccTNH5fZ.s 			page 16


 253 00c0 00       		.byte	0
 254 00c1 07       		.uleb128 0x7
 255 00c2 9A010000 		.4byte	.LASF17
 256 00c6 03       		.byte	0x3
 257 00c7 80       		.byte	0x80
 258 00c8 6B000000 		.4byte	0x6b
 259 00cc 01       		.byte	0x1
 260 00cd 07       		.uleb128 0x7
 261 00ce DD010000 		.4byte	.LASF18
 262 00d2 03       		.byte	0x3
 263 00d3 81       		.byte	0x81
 264 00d4 6B000000 		.4byte	0x6b
 265 00d8 02       		.byte	0x2
 266 00d9 07       		.uleb128 0x7
 267 00da 47010000 		.4byte	.LASF19
 268 00de 03       		.byte	0x3
 269 00df 82       		.byte	0x82
 270 00e0 6B000000 		.4byte	0x6b
 271 00e4 03       		.byte	0x3
 272 00e5 07       		.uleb128 0x7
 273 00e6 75010000 		.4byte	.LASF20
 274 00ea 03       		.byte	0x3
 275 00eb 83       		.byte	0x83
 276 00ec 6B000000 		.4byte	0x6b
 277 00f0 04       		.byte	0x4
 278 00f1 07       		.uleb128 0x7
 279 00f2 F0010000 		.4byte	.LASF21
 280 00f6 03       		.byte	0x3
 281 00f7 84       		.byte	0x84
 282 00f8 6B000000 		.4byte	0x6b
 283 00fc 05       		.byte	0x5
 284 00fd 07       		.uleb128 0x7
 285 00fe 88010000 		.4byte	.LASF22
 286 0102 03       		.byte	0x3
 287 0103 85       		.byte	0x85
 288 0104 76000000 		.4byte	0x76
 289 0108 06       		.byte	0x6
 290 0109 07       		.uleb128 0x7
 291 010a 0A020000 		.4byte	.LASF23
 292 010e 03       		.byte	0x3
 293 010f 86       		.byte	0x86
 294 0110 76000000 		.4byte	0x76
 295 0114 08       		.byte	0x8
 296 0115 07       		.uleb128 0x7
 297 0116 32020000 		.4byte	.LASF24
 298 011a 03       		.byte	0x3
 299 011b 87       		.byte	0x87
 300 011c 6B000000 		.4byte	0x6b
 301 0120 0A       		.byte	0xa
 302 0121 00       		.byte	0
 303 0122 04       		.uleb128 0x4
 304 0123 45020000 		.4byte	.LASF25
 305 0127 03       		.byte	0x3
 306 0128 88       		.byte	0x88
 307 0129 AD000000 		.4byte	0xad
 308 012d 08       		.uleb128 0x8
 309 012e 1F020000 		.4byte	.LASF26
ARM GAS  C:\Users\mgronber\AppData\Local\Temp\ccTNH5fZ.s 			page 17


 310 0132 01       		.byte	0x1
 311 0133 35       		.byte	0x35
 312 0134 00000000 		.4byte	.LFB0
 313 0138 34000000 		.4byte	.LFE0-.LFB0
 314 013c 01       		.uleb128 0x1
 315 013d 9C       		.byte	0x9c
 316 013e 08       		.uleb128 0x8
 317 013f 23000000 		.4byte	.LASF27
 318 0143 01       		.byte	0x1
 319 0144 76       		.byte	0x76
 320 0145 00000000 		.4byte	.LFB1
 321 0149 34000000 		.4byte	.LFE1-.LFB1
 322 014d 01       		.uleb128 0x1
 323 014e 9C       		.byte	0x9c
 324 014f 09       		.uleb128 0x9
 325 0150 30000000 		.4byte	.LASF28
 326 0154 01       		.byte	0x1
 327 0155 3A02     		.2byte	0x23a
 328 0157 00000000 		.4byte	.LFB2
 329 015b 02000000 		.4byte	.LFE2-.LFB2
 330 015f 01       		.uleb128 0x1
 331 0160 9C       		.byte	0x9c
 332 0161 0A       		.uleb128 0xa
 333 0162 3C000000 		.4byte	.LASF32
 334 0166 01       		.byte	0x1
 335 0167 5102     		.2byte	0x251
 336 0169 00000000 		.4byte	.LFB3
 337 016d 04000000 		.4byte	.LFE3-.LFB3
 338 0171 01       		.uleb128 0x1
 339 0172 9C       		.byte	0x9c
 340 0173 81010000 		.4byte	0x181
 341 0177 0B       		.uleb128 0xb
 342 0178 04000000 		.4byte	.LVL0
 343 017c A1010000 		.4byte	0x1a1
 344 0180 00       		.byte	0
 345 0181 0C       		.uleb128 0xc
 346 0182 22010000 		.4byte	0x122
 347 0186 91010000 		.4byte	0x191
 348 018a 0D       		.uleb128 0xd
 349 018b A6000000 		.4byte	0xa6
 350 018f 08       		.byte	0x8
 351 0190 00       		.byte	0
 352 0191 0E       		.uleb128 0xe
 353 0192 61000000 		.4byte	.LASF33
 354 0196 04       		.byte	0x4
 355 0197 34       		.byte	0x34
 356 0198 9C010000 		.4byte	0x19c
 357 019c 05       		.uleb128 0x5
 358 019d 81010000 		.4byte	0x181
 359 01a1 0F       		.uleb128 0xf
 360 01a2 A5010000 		.4byte	.LASF34
 361 01a6 04       		.byte	0x4
 362 01a7 4C       		.byte	0x4c
 363 01a8 00       		.byte	0
 364              		.section	.debug_abbrev,"",%progbits
 365              	.Ldebug_abbrev0:
 366 0000 01       		.uleb128 0x1
ARM GAS  C:\Users\mgronber\AppData\Local\Temp\ccTNH5fZ.s 			page 18


 367 0001 11       		.uleb128 0x11
 368 0002 01       		.byte	0x1
 369 0003 25       		.uleb128 0x25
 370 0004 0E       		.uleb128 0xe
 371 0005 13       		.uleb128 0x13
 372 0006 0B       		.uleb128 0xb
 373 0007 03       		.uleb128 0x3
 374 0008 0E       		.uleb128 0xe
 375 0009 1B       		.uleb128 0x1b
 376 000a 0E       		.uleb128 0xe
 377 000b 55       		.uleb128 0x55
 378 000c 17       		.uleb128 0x17
 379 000d 11       		.uleb128 0x11
 380 000e 01       		.uleb128 0x1
 381 000f 10       		.uleb128 0x10
 382 0010 17       		.uleb128 0x17
 383 0011 00       		.byte	0
 384 0012 00       		.byte	0
 385 0013 02       		.uleb128 0x2
 386 0014 24       		.uleb128 0x24
 387 0015 00       		.byte	0
 388 0016 0B       		.uleb128 0xb
 389 0017 0B       		.uleb128 0xb
 390 0018 3E       		.uleb128 0x3e
 391 0019 0B       		.uleb128 0xb
 392 001a 03       		.uleb128 0x3
 393 001b 0E       		.uleb128 0xe
 394 001c 00       		.byte	0
 395 001d 00       		.byte	0
 396 001e 03       		.uleb128 0x3
 397 001f 24       		.uleb128 0x24
 398 0020 00       		.byte	0
 399 0021 0B       		.uleb128 0xb
 400 0022 0B       		.uleb128 0xb
 401 0023 3E       		.uleb128 0x3e
 402 0024 0B       		.uleb128 0xb
 403 0025 03       		.uleb128 0x3
 404 0026 08       		.uleb128 0x8
 405 0027 00       		.byte	0
 406 0028 00       		.byte	0
 407 0029 04       		.uleb128 0x4
 408 002a 16       		.uleb128 0x16
 409 002b 00       		.byte	0
 410 002c 03       		.uleb128 0x3
 411 002d 0E       		.uleb128 0xe
 412 002e 3A       		.uleb128 0x3a
 413 002f 0B       		.uleb128 0xb
 414 0030 3B       		.uleb128 0x3b
 415 0031 0B       		.uleb128 0xb
 416 0032 49       		.uleb128 0x49
 417 0033 13       		.uleb128 0x13
 418 0034 00       		.byte	0
 419 0035 00       		.byte	0
 420 0036 05       		.uleb128 0x5
 421 0037 35       		.uleb128 0x35
 422 0038 00       		.byte	0
 423 0039 49       		.uleb128 0x49
ARM GAS  C:\Users\mgronber\AppData\Local\Temp\ccTNH5fZ.s 			page 19


 424 003a 13       		.uleb128 0x13
 425 003b 00       		.byte	0
 426 003c 00       		.byte	0
 427 003d 06       		.uleb128 0x6
 428 003e 13       		.uleb128 0x13
 429 003f 01       		.byte	0x1
 430 0040 0B       		.uleb128 0xb
 431 0041 0B       		.uleb128 0xb
 432 0042 3A       		.uleb128 0x3a
 433 0043 0B       		.uleb128 0xb
 434 0044 3B       		.uleb128 0x3b
 435 0045 0B       		.uleb128 0xb
 436 0046 01       		.uleb128 0x1
 437 0047 13       		.uleb128 0x13
 438 0048 00       		.byte	0
 439 0049 00       		.byte	0
 440 004a 07       		.uleb128 0x7
 441 004b 0D       		.uleb128 0xd
 442 004c 00       		.byte	0
 443 004d 03       		.uleb128 0x3
 444 004e 0E       		.uleb128 0xe
 445 004f 3A       		.uleb128 0x3a
 446 0050 0B       		.uleb128 0xb
 447 0051 3B       		.uleb128 0x3b
 448 0052 0B       		.uleb128 0xb
 449 0053 49       		.uleb128 0x49
 450 0054 13       		.uleb128 0x13
 451 0055 38       		.uleb128 0x38
 452 0056 0B       		.uleb128 0xb
 453 0057 00       		.byte	0
 454 0058 00       		.byte	0
 455 0059 08       		.uleb128 0x8
 456 005a 2E       		.uleb128 0x2e
 457 005b 00       		.byte	0
 458 005c 3F       		.uleb128 0x3f
 459 005d 19       		.uleb128 0x19
 460 005e 03       		.uleb128 0x3
 461 005f 0E       		.uleb128 0xe
 462 0060 3A       		.uleb128 0x3a
 463 0061 0B       		.uleb128 0xb
 464 0062 3B       		.uleb128 0x3b
 465 0063 0B       		.uleb128 0xb
 466 0064 27       		.uleb128 0x27
 467 0065 19       		.uleb128 0x19
 468 0066 11       		.uleb128 0x11
 469 0067 01       		.uleb128 0x1
 470 0068 12       		.uleb128 0x12
 471 0069 06       		.uleb128 0x6
 472 006a 40       		.uleb128 0x40
 473 006b 18       		.uleb128 0x18
 474 006c 9742     		.uleb128 0x2117
 475 006e 19       		.uleb128 0x19
 476 006f 00       		.byte	0
 477 0070 00       		.byte	0
 478 0071 09       		.uleb128 0x9
 479 0072 2E       		.uleb128 0x2e
 480 0073 00       		.byte	0
ARM GAS  C:\Users\mgronber\AppData\Local\Temp\ccTNH5fZ.s 			page 20


 481 0074 3F       		.uleb128 0x3f
 482 0075 19       		.uleb128 0x19
 483 0076 03       		.uleb128 0x3
 484 0077 0E       		.uleb128 0xe
 485 0078 3A       		.uleb128 0x3a
 486 0079 0B       		.uleb128 0xb
 487 007a 3B       		.uleb128 0x3b
 488 007b 05       		.uleb128 0x5
 489 007c 27       		.uleb128 0x27
 490 007d 19       		.uleb128 0x19
 491 007e 11       		.uleb128 0x11
 492 007f 01       		.uleb128 0x1
 493 0080 12       		.uleb128 0x12
 494 0081 06       		.uleb128 0x6
 495 0082 40       		.uleb128 0x40
 496 0083 18       		.uleb128 0x18
 497 0084 9742     		.uleb128 0x2117
 498 0086 19       		.uleb128 0x19
 499 0087 00       		.byte	0
 500 0088 00       		.byte	0
 501 0089 0A       		.uleb128 0xa
 502 008a 2E       		.uleb128 0x2e
 503 008b 01       		.byte	0x1
 504 008c 3F       		.uleb128 0x3f
 505 008d 19       		.uleb128 0x19
 506 008e 03       		.uleb128 0x3
 507 008f 0E       		.uleb128 0xe
 508 0090 3A       		.uleb128 0x3a
 509 0091 0B       		.uleb128 0xb
 510 0092 3B       		.uleb128 0x3b
 511 0093 05       		.uleb128 0x5
 512 0094 27       		.uleb128 0x27
 513 0095 19       		.uleb128 0x19
 514 0096 11       		.uleb128 0x11
 515 0097 01       		.uleb128 0x1
 516 0098 12       		.uleb128 0x12
 517 0099 06       		.uleb128 0x6
 518 009a 40       		.uleb128 0x40
 519 009b 18       		.uleb128 0x18
 520 009c 9742     		.uleb128 0x2117
 521 009e 19       		.uleb128 0x19
 522 009f 01       		.uleb128 0x1
 523 00a0 13       		.uleb128 0x13
 524 00a1 00       		.byte	0
 525 00a2 00       		.byte	0
 526 00a3 0B       		.uleb128 0xb
 527 00a4 898201   		.uleb128 0x4109
 528 00a7 00       		.byte	0
 529 00a8 11       		.uleb128 0x11
 530 00a9 01       		.uleb128 0x1
 531 00aa 9542     		.uleb128 0x2115
 532 00ac 19       		.uleb128 0x19
 533 00ad 31       		.uleb128 0x31
 534 00ae 13       		.uleb128 0x13
 535 00af 00       		.byte	0
 536 00b0 00       		.byte	0
 537 00b1 0C       		.uleb128 0xc
ARM GAS  C:\Users\mgronber\AppData\Local\Temp\ccTNH5fZ.s 			page 21


 538 00b2 01       		.uleb128 0x1
 539 00b3 01       		.byte	0x1
 540 00b4 49       		.uleb128 0x49
 541 00b5 13       		.uleb128 0x13
 542 00b6 01       		.uleb128 0x1
 543 00b7 13       		.uleb128 0x13
 544 00b8 00       		.byte	0
 545 00b9 00       		.byte	0
 546 00ba 0D       		.uleb128 0xd
 547 00bb 21       		.uleb128 0x21
 548 00bc 00       		.byte	0
 549 00bd 49       		.uleb128 0x49
 550 00be 13       		.uleb128 0x13
 551 00bf 2F       		.uleb128 0x2f
 552 00c0 0B       		.uleb128 0xb
 553 00c1 00       		.byte	0
 554 00c2 00       		.byte	0
 555 00c3 0E       		.uleb128 0xe
 556 00c4 34       		.uleb128 0x34
 557 00c5 00       		.byte	0
 558 00c6 03       		.uleb128 0x3
 559 00c7 0E       		.uleb128 0xe
 560 00c8 3A       		.uleb128 0x3a
 561 00c9 0B       		.uleb128 0xb
 562 00ca 3B       		.uleb128 0x3b
 563 00cb 0B       		.uleb128 0xb
 564 00cc 49       		.uleb128 0x49
 565 00cd 13       		.uleb128 0x13
 566 00ce 3F       		.uleb128 0x3f
 567 00cf 19       		.uleb128 0x19
 568 00d0 3C       		.uleb128 0x3c
 569 00d1 19       		.uleb128 0x19
 570 00d2 00       		.byte	0
 571 00d3 00       		.byte	0
 572 00d4 0F       		.uleb128 0xf
 573 00d5 2E       		.uleb128 0x2e
 574 00d6 00       		.byte	0
 575 00d7 3F       		.uleb128 0x3f
 576 00d8 19       		.uleb128 0x19
 577 00d9 03       		.uleb128 0x3
 578 00da 0E       		.uleb128 0xe
 579 00db 3A       		.uleb128 0x3a
 580 00dc 0B       		.uleb128 0xb
 581 00dd 3B       		.uleb128 0x3b
 582 00de 0B       		.uleb128 0xb
 583 00df 27       		.uleb128 0x27
 584 00e0 19       		.uleb128 0x19
 585 00e1 3C       		.uleb128 0x3c
 586 00e2 19       		.uleb128 0x19
 587 00e3 00       		.byte	0
 588 00e4 00       		.byte	0
 589 00e5 00       		.byte	0
 590              		.section	.debug_aranges,"",%progbits
 591 0000 34000000 		.4byte	0x34
 592 0004 0200     		.2byte	0x2
 593 0006 00000000 		.4byte	.Ldebug_info0
 594 000a 04       		.byte	0x4
ARM GAS  C:\Users\mgronber\AppData\Local\Temp\ccTNH5fZ.s 			page 22


 595 000b 00       		.byte	0
 596 000c 0000     		.2byte	0
 597 000e 0000     		.2byte	0
 598 0010 00000000 		.4byte	.LFB0
 599 0014 34000000 		.4byte	.LFE0-.LFB0
 600 0018 00000000 		.4byte	.LFB1
 601 001c 34000000 		.4byte	.LFE1-.LFB1
 602 0020 00000000 		.4byte	.LFB2
 603 0024 02000000 		.4byte	.LFE2-.LFB2
 604 0028 00000000 		.4byte	.LFB3
 605 002c 04000000 		.4byte	.LFE3-.LFB3
 606 0030 00000000 		.4byte	0
 607 0034 00000000 		.4byte	0
 608              		.section	.debug_ranges,"",%progbits
 609              	.Ldebug_ranges0:
 610 0000 00000000 		.4byte	.LFB0
 611 0004 34000000 		.4byte	.LFE0
 612 0008 00000000 		.4byte	.LFB1
 613 000c 34000000 		.4byte	.LFE1
 614 0010 00000000 		.4byte	.LFB2
 615 0014 02000000 		.4byte	.LFE2
 616 0018 00000000 		.4byte	.LFB3
 617 001c 04000000 		.4byte	.LFE3
 618 0020 00000000 		.4byte	0
 619 0024 00000000 		.4byte	0
 620              		.section	.debug_line,"",%progbits
 621              	.Ldebug_line0:
 622 0000 B6000000 		.section	.debug_str,"MS",%progbits,1
 622      02005C00 
 622      00000201 
 622      FB0E0D00 
 622      01010101 
 623              	.LASF30:
 624 0000 47656E65 		.ascii	"Generated_Source\\PSoC5\\USB_episr.c\000"
 624      72617465 
 624      645F536F 
 624      75726365 
 624      5C50536F 
 625              	.LASF27:
 626 0023 5553425F 		.ascii	"USB_EP_2_ISR\000"
 626      45505F32 
 626      5F495352 
 626      00
 627              	.LASF28:
 628 0030 5553425F 		.ascii	"USB_SOF_ISR\000"
 628      534F465F 
 628      49535200 
 629              	.LASF32:
 630 003c 5553425F 		.ascii	"USB_BUS_RESET_ISR\000"
 630      4255535F 
 630      52455345 
 630      545F4953 
 630      5200
 631              	.LASF3:
 632 004e 73686F72 		.ascii	"short unsigned int\000"
 632      7420756E 
 632      7369676E 
ARM GAS  C:\Users\mgronber\AppData\Local\Temp\ccTNH5fZ.s 			page 23


 632      65642069 
 632      6E7400
 633              	.LASF33:
 634 0061 5553425F 		.ascii	"USB_EP\000"
 634      455000
 635              	.LASF31:
 636 0068 433A5C55 		.ascii	"C:\\Users\\mgronber\\Desktop\\Hummingbird\\Hummingb"
 636      73657273 
 636      5C6D6772 
 636      6F6E6265 
 636      725C4465 
 637 0096 69726428 		.ascii	"ird(Continuous Output).cydsn\000"
 637      436F6E74 
 637      696E756F 
 637      7573204F 
 637      75747075 
 638              	.LASF29:
 639 00b3 474E5520 		.ascii	"GNU C 4.9.3 20150303 (release) [ARM/embedded-4_9-br"
 639      4320342E 
 639      392E3320 
 639      32303135 
 639      30333033 
 640 00e6 616E6368 		.ascii	"anch revision 221220] -mcpu=cortex-m3 -mthumb -g -O"
 640      20726576 
 640      6973696F 
 640      6E203232 
 640      31323230 
 641 0119 32202D66 		.ascii	"2 -ffunction-sections -ffat-lto-objects\000"
 641      66756E63 
 641      74696F6E 
 641      2D736563 
 641      74696F6E 
 642              	.LASF11:
 643 0141 666C6F61 		.ascii	"float\000"
 643      7400
 644              	.LASF19:
 645 0147 6570546F 		.ascii	"epToggle\000"
 645      67676C65 
 645      00
 646              	.LASF1:
 647 0150 756E7369 		.ascii	"unsigned char\000"
 647      676E6564 
 647      20636861 
 647      7200
 648              	.LASF14:
 649 015e 72656738 		.ascii	"reg8\000"
 649      00
 650              	.LASF5:
 651 0163 6C6F6E67 		.ascii	"long unsigned int\000"
 651      20756E73 
 651      69676E65 
 651      6420696E 
 651      7400
 652              	.LASF20:
 653 0175 61646472 		.ascii	"addr\000"
 653      00
 654              	.LASF12:
ARM GAS  C:\Users\mgronber\AppData\Local\Temp\ccTNH5fZ.s 			page 24


 655 017a 646F7562 		.ascii	"double\000"
 655      6C6500
 656              	.LASF16:
 657 0181 61747472 		.ascii	"attrib\000"
 657      696200
 658              	.LASF22:
 659 0188 62756666 		.ascii	"buffOffset\000"
 659      4F666673 
 659      657400
 660              	.LASF10:
 661 0193 75696E74 		.ascii	"uint16\000"
 661      313600
 662              	.LASF17:
 663 019a 61706945 		.ascii	"apiEpState\000"
 663      70537461 
 663      746500
 664              	.LASF34:
 665 01a5 5553425F 		.ascii	"USB_ReInitComponent\000"
 665      5265496E 
 665      6974436F 
 665      6D706F6E 
 665      656E7400 
 666              	.LASF8:
 667 01b9 756E7369 		.ascii	"unsigned int\000"
 667      676E6564 
 667      20696E74 
 667      00
 668              	.LASF7:
 669 01c6 6C6F6E67 		.ascii	"long long unsigned int\000"
 669      206C6F6E 
 669      6720756E 
 669      7369676E 
 669      65642069 
 670              	.LASF18:
 671 01dd 68774570 		.ascii	"hwEpState\000"
 671      53746174 
 671      6500
 672              	.LASF15:
 673 01e7 73697A65 		.ascii	"sizetype\000"
 673      74797065 
 673      00
 674              	.LASF21:
 675 01f0 65704D6F 		.ascii	"epMode\000"
 675      646500
 676              	.LASF6:
 677 01f7 6C6F6E67 		.ascii	"long long int\000"
 677      206C6F6E 
 677      6720696E 
 677      7400
 678              	.LASF13:
 679 0205 63686172 		.ascii	"char\000"
 679      00
 680              	.LASF23:
 681 020a 62756666 		.ascii	"bufferSize\000"
 681      65725369 
 681      7A6500
 682              	.LASF2:
ARM GAS  C:\Users\mgronber\AppData\Local\Temp\ccTNH5fZ.s 			page 25


 683 0215 73686F72 		.ascii	"short int\000"
 683      7420696E 
 683      7400
 684              	.LASF26:
 685 021f 5553425F 		.ascii	"USB_EP_1_ISR\000"
 685      45505F31 
 685      5F495352 
 685      00
 686              	.LASF9:
 687 022c 75696E74 		.ascii	"uint8\000"
 687      3800
 688              	.LASF24:
 689 0232 696E7465 		.ascii	"interface\000"
 689      72666163 
 689      6500
 690              	.LASF4:
 691 023c 6C6F6E67 		.ascii	"long int\000"
 691      20696E74 
 691      00
 692              	.LASF25:
 693 0245 545F5553 		.ascii	"T_USB_EP_CTL_BLOCK\000"
 693      425F4550 
 693      5F43544C 
 693      5F424C4F 
 693      434B00
 694              	.LASF0:
 695 0258 7369676E 		.ascii	"signed char\000"
 695      65642063 
 695      68617200 
 696              		.ident	"GCC: (GNU Tools for ARM Embedded Processors) 4.9.3 20150303 (release) [ARM/embedded-4_9-br
