ARM GAS  C:\Users\mgronber\AppData\Local\Temp\ccnLME07.s 			page 1


   1              		.syntax unified
   2              		.cpu cortex-m3
   3              		.fpu softvfp
   4              		.eabi_attribute 20, 1
   5              		.eabi_attribute 21, 1
   6              		.eabi_attribute 23, 3
   7              		.eabi_attribute 24, 1
   8              		.eabi_attribute 25, 1
   9              		.eabi_attribute 26, 1
  10              		.eabi_attribute 30, 2
  11              		.eabi_attribute 34, 1
  12              		.eabi_attribute 18, 4
  13              		.thumb
  14              		.file	"USB_Dp.c"
  15              		.text
  16              	.Ltext0:
  17              		.cfi_sections	.debug_frame
  18              		.section	.text.USB_Dp_Write,"ax",%progbits
  19              		.align	2
  20              		.global	USB_Dp_Write
  21              		.thumb
  22              		.thumb_func
  23              		.type	USB_Dp_Write, %function
  24              	USB_Dp_Write:
  25              	.LFB0:
  26              		.file 1 "Generated_Source\\PSoC5\\USB_Dp.c"
   1:Generated_Source\PSoC5/USB_Dp.c **** /*******************************************************************************
   2:Generated_Source\PSoC5/USB_Dp.c **** * File Name: USB_Dp.c  
   3:Generated_Source\PSoC5/USB_Dp.c **** * Version 2.0
   4:Generated_Source\PSoC5/USB_Dp.c **** *
   5:Generated_Source\PSoC5/USB_Dp.c **** * Description:
   6:Generated_Source\PSoC5/USB_Dp.c **** *  This file contains API to enable firmware control of a Pins component.
   7:Generated_Source\PSoC5/USB_Dp.c **** *
   8:Generated_Source\PSoC5/USB_Dp.c **** * Note:
   9:Generated_Source\PSoC5/USB_Dp.c **** *
  10:Generated_Source\PSoC5/USB_Dp.c **** ********************************************************************************
  11:Generated_Source\PSoC5/USB_Dp.c **** * Copyright 2008-2014, Cypress Semiconductor Corporation.  All rights reserved.
  12:Generated_Source\PSoC5/USB_Dp.c **** * You may use this file only in accordance with the license, terms, conditions, 
  13:Generated_Source\PSoC5/USB_Dp.c **** * disclaimers, and limitations in the end user license agreement accompanying 
  14:Generated_Source\PSoC5/USB_Dp.c **** * the software package with which this file was provided.
  15:Generated_Source\PSoC5/USB_Dp.c **** *******************************************************************************/
  16:Generated_Source\PSoC5/USB_Dp.c **** 
  17:Generated_Source\PSoC5/USB_Dp.c **** #include "cytypes.h"
  18:Generated_Source\PSoC5/USB_Dp.c **** #include "USB_Dp.h"
  19:Generated_Source\PSoC5/USB_Dp.c **** 
  20:Generated_Source\PSoC5/USB_Dp.c **** /* APIs are not generated for P15[7:6] on PSoC 5 */
  21:Generated_Source\PSoC5/USB_Dp.c **** #if !(CY_PSOC5A &&\
  22:Generated_Source\PSoC5/USB_Dp.c **** 	 USB_Dp__PORT == 15 && ((USB_Dp__MASK & 0xC0) != 0))
  23:Generated_Source\PSoC5/USB_Dp.c **** 
  24:Generated_Source\PSoC5/USB_Dp.c **** 
  25:Generated_Source\PSoC5/USB_Dp.c **** /*******************************************************************************
  26:Generated_Source\PSoC5/USB_Dp.c **** * Function Name: USB_Dp_Write
  27:Generated_Source\PSoC5/USB_Dp.c **** ********************************************************************************
  28:Generated_Source\PSoC5/USB_Dp.c **** *
  29:Generated_Source\PSoC5/USB_Dp.c **** * Summary:
  30:Generated_Source\PSoC5/USB_Dp.c **** *  Assign a new value to the digital port's data output register.  
  31:Generated_Source\PSoC5/USB_Dp.c **** *
ARM GAS  C:\Users\mgronber\AppData\Local\Temp\ccnLME07.s 			page 2


  32:Generated_Source\PSoC5/USB_Dp.c **** * Parameters:  
  33:Generated_Source\PSoC5/USB_Dp.c **** *  prtValue:  The value to be assigned to the Digital Port. 
  34:Generated_Source\PSoC5/USB_Dp.c **** *
  35:Generated_Source\PSoC5/USB_Dp.c **** * Return: 
  36:Generated_Source\PSoC5/USB_Dp.c **** *  None
  37:Generated_Source\PSoC5/USB_Dp.c **** *  
  38:Generated_Source\PSoC5/USB_Dp.c **** *******************************************************************************/
  39:Generated_Source\PSoC5/USB_Dp.c **** void USB_Dp_Write(uint8 value) 
  40:Generated_Source\PSoC5/USB_Dp.c **** {
  27              		.loc 1 40 0
  28              		.cfi_startproc
  29              		@ args = 0, pretend = 0, frame = 0
  30              		@ frame_needed = 0, uses_anonymous_args = 0
  31              		@ link register save eliminated.
  32              	.LVL0:
  41:Generated_Source\PSoC5/USB_Dp.c ****     uint8 staticBits = (USB_Dp_DR & (uint8)(~USB_Dp_MASK));
  33              		.loc 1 41 0
  34 0000 044A     		ldr	r2, .L2
  42:Generated_Source\PSoC5/USB_Dp.c ****     USB_Dp_DR = staticBits | ((uint8)(value << USB_Dp_SHIFT) & USB_Dp_MASK);
  35              		.loc 1 42 0
  36 0002 8001     		lsls	r0, r0, #6
  37              	.LVL1:
  41:Generated_Source\PSoC5/USB_Dp.c ****     uint8 staticBits = (USB_Dp_DR & (uint8)(~USB_Dp_MASK));
  38              		.loc 1 41 0
  39 0004 1378     		ldrb	r3, [r2]	@ zero_extendqisi2
  40              	.LVL2:
  41              		.loc 1 42 0
  42 0006 00F04000 		and	r0, r0, #64
  41:Generated_Source\PSoC5/USB_Dp.c ****     uint8 staticBits = (USB_Dp_DR & (uint8)(~USB_Dp_MASK));
  43              		.loc 1 41 0
  44 000a 03F0BF03 		and	r3, r3, #191
  45              	.LVL3:
  46              		.loc 1 42 0
  47 000e 1843     		orrs	r0, r0, r3
  48 0010 1070     		strb	r0, [r2]
  49 0012 7047     		bx	lr
  50              	.L3:
  51              		.align	2
  52              	.L2:
  53 0014 F0510040 		.word	1073762800
  54              		.cfi_endproc
  55              	.LFE0:
  56              		.size	USB_Dp_Write, .-USB_Dp_Write
  57              		.section	.text.USB_Dp_SetDriveMode,"ax",%progbits
  58              		.align	2
  59              		.global	USB_Dp_SetDriveMode
  60              		.thumb
  61              		.thumb_func
  62              		.type	USB_Dp_SetDriveMode, %function
  63              	USB_Dp_SetDriveMode:
  64              	.LFB1:
  43:Generated_Source\PSoC5/USB_Dp.c **** }
  44:Generated_Source\PSoC5/USB_Dp.c **** 
  45:Generated_Source\PSoC5/USB_Dp.c **** 
  46:Generated_Source\PSoC5/USB_Dp.c **** /*******************************************************************************
  47:Generated_Source\PSoC5/USB_Dp.c **** * Function Name: USB_Dp_SetDriveMode
  48:Generated_Source\PSoC5/USB_Dp.c **** ********************************************************************************
ARM GAS  C:\Users\mgronber\AppData\Local\Temp\ccnLME07.s 			page 3


  49:Generated_Source\PSoC5/USB_Dp.c **** *
  50:Generated_Source\PSoC5/USB_Dp.c **** * Summary:
  51:Generated_Source\PSoC5/USB_Dp.c **** *  Change the drive mode on the pins of the port.
  52:Generated_Source\PSoC5/USB_Dp.c **** * 
  53:Generated_Source\PSoC5/USB_Dp.c **** * Parameters:  
  54:Generated_Source\PSoC5/USB_Dp.c **** *  mode:  Change the pins to one of the following drive modes.
  55:Generated_Source\PSoC5/USB_Dp.c **** *
  56:Generated_Source\PSoC5/USB_Dp.c **** *  USB_Dp_DM_STRONG     Strong Drive 
  57:Generated_Source\PSoC5/USB_Dp.c **** *  USB_Dp_DM_OD_HI      Open Drain, Drives High 
  58:Generated_Source\PSoC5/USB_Dp.c **** *  USB_Dp_DM_OD_LO      Open Drain, Drives Low 
  59:Generated_Source\PSoC5/USB_Dp.c **** *  USB_Dp_DM_RES_UP     Resistive Pull Up 
  60:Generated_Source\PSoC5/USB_Dp.c **** *  USB_Dp_DM_RES_DWN    Resistive Pull Down 
  61:Generated_Source\PSoC5/USB_Dp.c **** *  USB_Dp_DM_RES_UPDWN  Resistive Pull Up/Down 
  62:Generated_Source\PSoC5/USB_Dp.c **** *  USB_Dp_DM_DIG_HIZ    High Impedance Digital 
  63:Generated_Source\PSoC5/USB_Dp.c **** *  USB_Dp_DM_ALG_HIZ    High Impedance Analog 
  64:Generated_Source\PSoC5/USB_Dp.c **** *
  65:Generated_Source\PSoC5/USB_Dp.c **** * Return: 
  66:Generated_Source\PSoC5/USB_Dp.c **** *  None
  67:Generated_Source\PSoC5/USB_Dp.c **** *
  68:Generated_Source\PSoC5/USB_Dp.c **** *******************************************************************************/
  69:Generated_Source\PSoC5/USB_Dp.c **** void USB_Dp_SetDriveMode(uint8 mode) 
  70:Generated_Source\PSoC5/USB_Dp.c **** {
  65              		.loc 1 70 0
  66              		.cfi_startproc
  67              		@ args = 0, pretend = 0, frame = 0
  68              		@ frame_needed = 0, uses_anonymous_args = 0
  69              		@ link register save eliminated.
  70              	.LVL4:
  71:Generated_Source\PSoC5/USB_Dp.c **** 	CyPins_SetPinDriveMode(USB_Dp_0, mode);
  71              		.loc 1 71 0
  72 0000 044A     		ldr	r2, .L5
  73 0002 00F00E00 		and	r0, r0, #14
  74              	.LVL5:
  75 0006 1378     		ldrb	r3, [r2]	@ zero_extendqisi2
  76 0008 03F0F103 		and	r3, r3, #241
  77 000c 1843     		orrs	r0, r0, r3
  78 000e 1070     		strb	r0, [r2]
  79 0010 7047     		bx	lr
  80              	.L6:
  81 0012 00BF     		.align	2
  82              	.L5:
  83 0014 7E500040 		.word	1073762430
  84              		.cfi_endproc
  85              	.LFE1:
  86              		.size	USB_Dp_SetDriveMode, .-USB_Dp_SetDriveMode
  87              		.section	.text.USB_Dp_Read,"ax",%progbits
  88              		.align	2
  89              		.global	USB_Dp_Read
  90              		.thumb
  91              		.thumb_func
  92              		.type	USB_Dp_Read, %function
  93              	USB_Dp_Read:
  94              	.LFB2:
  72:Generated_Source\PSoC5/USB_Dp.c **** }
  73:Generated_Source\PSoC5/USB_Dp.c **** 
  74:Generated_Source\PSoC5/USB_Dp.c **** 
  75:Generated_Source\PSoC5/USB_Dp.c **** /*******************************************************************************
ARM GAS  C:\Users\mgronber\AppData\Local\Temp\ccnLME07.s 			page 4


  76:Generated_Source\PSoC5/USB_Dp.c **** * Function Name: USB_Dp_Read
  77:Generated_Source\PSoC5/USB_Dp.c **** ********************************************************************************
  78:Generated_Source\PSoC5/USB_Dp.c **** *
  79:Generated_Source\PSoC5/USB_Dp.c **** * Summary:
  80:Generated_Source\PSoC5/USB_Dp.c **** *  Read the current value on the pins of the Digital Port in right justified 
  81:Generated_Source\PSoC5/USB_Dp.c **** *  form.
  82:Generated_Source\PSoC5/USB_Dp.c **** *
  83:Generated_Source\PSoC5/USB_Dp.c **** * Parameters:  
  84:Generated_Source\PSoC5/USB_Dp.c **** *  None
  85:Generated_Source\PSoC5/USB_Dp.c **** *
  86:Generated_Source\PSoC5/USB_Dp.c **** * Return: 
  87:Generated_Source\PSoC5/USB_Dp.c **** *  Returns the current value of the Digital Port as a right justified number
  88:Generated_Source\PSoC5/USB_Dp.c **** *  
  89:Generated_Source\PSoC5/USB_Dp.c **** * Note:
  90:Generated_Source\PSoC5/USB_Dp.c **** *  Macro USB_Dp_ReadPS calls this function. 
  91:Generated_Source\PSoC5/USB_Dp.c **** *  
  92:Generated_Source\PSoC5/USB_Dp.c **** *******************************************************************************/
  93:Generated_Source\PSoC5/USB_Dp.c **** uint8 USB_Dp_Read(void) 
  94:Generated_Source\PSoC5/USB_Dp.c **** {
  95              		.loc 1 94 0
  96              		.cfi_startproc
  97              		@ args = 0, pretend = 0, frame = 0
  98              		@ frame_needed = 0, uses_anonymous_args = 0
  99              		@ link register save eliminated.
  95:Generated_Source\PSoC5/USB_Dp.c ****     return (USB_Dp_PS & USB_Dp_MASK) >> USB_Dp_SHIFT;
 100              		.loc 1 95 0
 101 0000 024B     		ldr	r3, .L8
 102 0002 1878     		ldrb	r0, [r3]	@ zero_extendqisi2
  96:Generated_Source\PSoC5/USB_Dp.c **** }
 103              		.loc 1 96 0
 104 0004 C0F38010 		ubfx	r0, r0, #6, #1
 105 0008 7047     		bx	lr
 106              	.L9:
 107 000a 00BF     		.align	2
 108              	.L8:
 109 000c F1510040 		.word	1073762801
 110              		.cfi_endproc
 111              	.LFE2:
 112              		.size	USB_Dp_Read, .-USB_Dp_Read
 113              		.section	.text.USB_Dp_ReadDataReg,"ax",%progbits
 114              		.align	2
 115              		.global	USB_Dp_ReadDataReg
 116              		.thumb
 117              		.thumb_func
 118              		.type	USB_Dp_ReadDataReg, %function
 119              	USB_Dp_ReadDataReg:
 120              	.LFB3:
  97:Generated_Source\PSoC5/USB_Dp.c **** 
  98:Generated_Source\PSoC5/USB_Dp.c **** 
  99:Generated_Source\PSoC5/USB_Dp.c **** /*******************************************************************************
 100:Generated_Source\PSoC5/USB_Dp.c **** * Function Name: USB_Dp_ReadDataReg
 101:Generated_Source\PSoC5/USB_Dp.c **** ********************************************************************************
 102:Generated_Source\PSoC5/USB_Dp.c **** *
 103:Generated_Source\PSoC5/USB_Dp.c **** * Summary:
 104:Generated_Source\PSoC5/USB_Dp.c **** *  Read the current value assigned to a Digital Port's data output register
 105:Generated_Source\PSoC5/USB_Dp.c **** *
 106:Generated_Source\PSoC5/USB_Dp.c **** * Parameters:  
ARM GAS  C:\Users\mgronber\AppData\Local\Temp\ccnLME07.s 			page 5


 107:Generated_Source\PSoC5/USB_Dp.c **** *  None 
 108:Generated_Source\PSoC5/USB_Dp.c **** *
 109:Generated_Source\PSoC5/USB_Dp.c **** * Return: 
 110:Generated_Source\PSoC5/USB_Dp.c **** *  Returns the current value assigned to the Digital Port's data output register
 111:Generated_Source\PSoC5/USB_Dp.c **** *  
 112:Generated_Source\PSoC5/USB_Dp.c **** *******************************************************************************/
 113:Generated_Source\PSoC5/USB_Dp.c **** uint8 USB_Dp_ReadDataReg(void) 
 114:Generated_Source\PSoC5/USB_Dp.c **** {
 121              		.loc 1 114 0
 122              		.cfi_startproc
 123              		@ args = 0, pretend = 0, frame = 0
 124              		@ frame_needed = 0, uses_anonymous_args = 0
 125              		@ link register save eliminated.
 115:Generated_Source\PSoC5/USB_Dp.c ****     return (USB_Dp_DR & USB_Dp_MASK) >> USB_Dp_SHIFT;
 126              		.loc 1 115 0
 127 0000 024B     		ldr	r3, .L11
 128 0002 1878     		ldrb	r0, [r3]	@ zero_extendqisi2
 116:Generated_Source\PSoC5/USB_Dp.c **** }
 129              		.loc 1 116 0
 130 0004 C0F38010 		ubfx	r0, r0, #6, #1
 131 0008 7047     		bx	lr
 132              	.L12:
 133 000a 00BF     		.align	2
 134              	.L11:
 135 000c F0510040 		.word	1073762800
 136              		.cfi_endproc
 137              	.LFE3:
 138              		.size	USB_Dp_ReadDataReg, .-USB_Dp_ReadDataReg
 139              		.section	.text.USB_Dp_ClearInterrupt,"ax",%progbits
 140              		.align	2
 141              		.global	USB_Dp_ClearInterrupt
 142              		.thumb
 143              		.thumb_func
 144              		.type	USB_Dp_ClearInterrupt, %function
 145              	USB_Dp_ClearInterrupt:
 146              	.LFB4:
 117:Generated_Source\PSoC5/USB_Dp.c **** 
 118:Generated_Source\PSoC5/USB_Dp.c **** 
 119:Generated_Source\PSoC5/USB_Dp.c **** /* If Interrupts Are Enabled for this Pins component */ 
 120:Generated_Source\PSoC5/USB_Dp.c **** #if defined(USB_Dp_INTSTAT) 
 121:Generated_Source\PSoC5/USB_Dp.c **** 
 122:Generated_Source\PSoC5/USB_Dp.c ****     /*******************************************************************************
 123:Generated_Source\PSoC5/USB_Dp.c ****     * Function Name: USB_Dp_ClearInterrupt
 124:Generated_Source\PSoC5/USB_Dp.c ****     ********************************************************************************
 125:Generated_Source\PSoC5/USB_Dp.c ****     * Summary:
 126:Generated_Source\PSoC5/USB_Dp.c ****     *  Clears any active interrupts attached to port and returns the value of the 
 127:Generated_Source\PSoC5/USB_Dp.c ****     *  interrupt status register.
 128:Generated_Source\PSoC5/USB_Dp.c ****     *
 129:Generated_Source\PSoC5/USB_Dp.c ****     * Parameters:  
 130:Generated_Source\PSoC5/USB_Dp.c ****     *  None 
 131:Generated_Source\PSoC5/USB_Dp.c ****     *
 132:Generated_Source\PSoC5/USB_Dp.c ****     * Return: 
 133:Generated_Source\PSoC5/USB_Dp.c ****     *  Returns the value of the interrupt status register
 134:Generated_Source\PSoC5/USB_Dp.c ****     *  
 135:Generated_Source\PSoC5/USB_Dp.c ****     *******************************************************************************/
 136:Generated_Source\PSoC5/USB_Dp.c ****     uint8 USB_Dp_ClearInterrupt(void) 
 137:Generated_Source\PSoC5/USB_Dp.c ****     {
ARM GAS  C:\Users\mgronber\AppData\Local\Temp\ccnLME07.s 			page 6


 147              		.loc 1 137 0
 148              		.cfi_startproc
 149              		@ args = 0, pretend = 0, frame = 0
 150              		@ frame_needed = 0, uses_anonymous_args = 0
 151              		@ link register save eliminated.
 138:Generated_Source\PSoC5/USB_Dp.c ****         return (USB_Dp_INTSTAT & USB_Dp_MASK) >> USB_Dp_SHIFT;
 152              		.loc 1 138 0
 153 0000 024B     		ldr	r3, .L14
 154 0002 1878     		ldrb	r0, [r3]	@ zero_extendqisi2
 139:Generated_Source\PSoC5/USB_Dp.c ****     }
 155              		.loc 1 139 0
 156 0004 C0F38010 		ubfx	r0, r0, #6, #1
 157 0008 7047     		bx	lr
 158              	.L15:
 159 000a 00BF     		.align	2
 160              	.L14:
 161 000c 8F450040 		.word	1073759631
 162              		.cfi_endproc
 163              	.LFE4:
 164              		.size	USB_Dp_ClearInterrupt, .-USB_Dp_ClearInterrupt
 165              		.text
 166              	.Letext0:
 167              		.file 2 "Generated_Source\\PSoC5\\cytypes.h"
 168              		.section	.debug_info,"",%progbits
 169              	.Ldebug_info0:
 170 0000 30010000 		.4byte	0x130
 171 0004 0400     		.2byte	0x4
 172 0006 00000000 		.4byte	.Ldebug_abbrev0
 173 000a 04       		.byte	0x4
 174 000b 01       		.uleb128 0x1
 175 000c 7E000000 		.4byte	.LASF21
 176 0010 01       		.byte	0x1
 177 0011 AE010000 		.4byte	.LASF22
 178 0015 33000000 		.4byte	.LASF23
 179 0019 00000000 		.4byte	.Ldebug_ranges0+0
 180 001d 00000000 		.4byte	0
 181 0021 00000000 		.4byte	.Ldebug_line0
 182 0025 02       		.uleb128 0x2
 183 0026 01       		.byte	0x1
 184 0027 06       		.byte	0x6
 185 0028 E7010000 		.4byte	.LASF0
 186 002c 02       		.uleb128 0x2
 187 002d 01       		.byte	0x1
 188 002e 08       		.byte	0x8
 189 002f 12010000 		.4byte	.LASF1
 190 0033 02       		.uleb128 0x2
 191 0034 02       		.byte	0x2
 192 0035 05       		.byte	0x5
 193 0036 CE010000 		.4byte	.LASF2
 194 003a 02       		.uleb128 0x2
 195 003b 02       		.byte	0x2
 196 003c 07       		.byte	0x7
 197 003d 37010000 		.4byte	.LASF3
 198 0041 02       		.uleb128 0x2
 199 0042 04       		.byte	0x4
 200 0043 05       		.byte	0x5
 201 0044 DE010000 		.4byte	.LASF4
ARM GAS  C:\Users\mgronber\AppData\Local\Temp\ccnLME07.s 			page 7


 202 0048 02       		.uleb128 0x2
 203 0049 04       		.byte	0x4
 204 004a 07       		.byte	0x7
 205 004b 25010000 		.4byte	.LASF5
 206 004f 02       		.uleb128 0x2
 207 0050 08       		.byte	0x8
 208 0051 05       		.byte	0x5
 209 0052 8E010000 		.4byte	.LASF6
 210 0056 02       		.uleb128 0x2
 211 0057 08       		.byte	0x8
 212 0058 07       		.byte	0x7
 213 0059 5E010000 		.4byte	.LASF7
 214 005d 03       		.uleb128 0x3
 215 005e 04       		.byte	0x4
 216 005f 05       		.byte	0x5
 217 0060 696E7400 		.ascii	"int\000"
 218 0064 02       		.uleb128 0x2
 219 0065 04       		.byte	0x4
 220 0066 07       		.byte	0x7
 221 0067 51010000 		.4byte	.LASF8
 222 006b 04       		.uleb128 0x4
 223 006c D8010000 		.4byte	.LASF12
 224 0070 02       		.byte	0x2
 225 0071 5B       		.byte	0x5b
 226 0072 2C000000 		.4byte	0x2c
 227 0076 02       		.uleb128 0x2
 228 0077 04       		.byte	0x4
 229 0078 04       		.byte	0x4
 230 0079 0C010000 		.4byte	.LASF9
 231 007d 02       		.uleb128 0x2
 232 007e 08       		.byte	0x8
 233 007f 04       		.byte	0x4
 234 0080 4A010000 		.4byte	.LASF10
 235 0084 02       		.uleb128 0x2
 236 0085 01       		.byte	0x1
 237 0086 08       		.byte	0x8
 238 0087 A9010000 		.4byte	.LASF11
 239 008b 04       		.uleb128 0x4
 240 008c 20010000 		.4byte	.LASF13
 241 0090 02       		.byte	0x2
 242 0091 F0       		.byte	0xf0
 243 0092 96000000 		.4byte	0x96
 244 0096 05       		.uleb128 0x5
 245 0097 6B000000 		.4byte	0x6b
 246 009b 06       		.uleb128 0x6
 247 009c 9C010000 		.4byte	.LASF14
 248 00a0 01       		.byte	0x1
 249 00a1 27       		.byte	0x27
 250 00a2 00000000 		.4byte	.LFB0
 251 00a6 18000000 		.4byte	.LFE0-.LFB0
 252 00aa 01       		.uleb128 0x1
 253 00ab 9C       		.byte	0x9c
 254 00ac CF000000 		.4byte	0xcf
 255 00b0 07       		.uleb128 0x7
 256 00b1 16000000 		.4byte	.LASF16
 257 00b5 01       		.byte	0x1
 258 00b6 27       		.byte	0x27
ARM GAS  C:\Users\mgronber\AppData\Local\Temp\ccnLME07.s 			page 8


 259 00b7 6B000000 		.4byte	0x6b
 260 00bb 00000000 		.4byte	.LLST0
 261 00bf 08       		.uleb128 0x8
 262 00c0 1C000000 		.4byte	.LASF24
 263 00c4 01       		.byte	0x1
 264 00c5 29       		.byte	0x29
 265 00c6 6B000000 		.4byte	0x6b
 266 00ca 21000000 		.4byte	.LLST1
 267 00ce 00       		.byte	0
 268 00cf 06       		.uleb128 0x6
 269 00d0 7A010000 		.4byte	.LASF15
 270 00d4 01       		.byte	0x1
 271 00d5 45       		.byte	0x45
 272 00d6 00000000 		.4byte	.LFB1
 273 00da 18000000 		.4byte	.LFE1-.LFB1
 274 00de 01       		.uleb128 0x1
 275 00df 9C       		.byte	0x9c
 276 00e0 F4000000 		.4byte	0xf4
 277 00e4 07       		.uleb128 0x7
 278 00e5 75010000 		.4byte	.LASF17
 279 00e9 01       		.byte	0x1
 280 00ea 45       		.byte	0x45
 281 00eb 6B000000 		.4byte	0x6b
 282 00ef 39000000 		.4byte	.LLST2
 283 00f3 00       		.byte	0
 284 00f4 09       		.uleb128 0x9
 285 00f5 27000000 		.4byte	.LASF18
 286 00f9 01       		.byte	0x1
 287 00fa 5D       		.byte	0x5d
 288 00fb 6B000000 		.4byte	0x6b
 289 00ff 00000000 		.4byte	.LFB2
 290 0103 10000000 		.4byte	.LFE2-.LFB2
 291 0107 01       		.uleb128 0x1
 292 0108 9C       		.byte	0x9c
 293 0109 09       		.uleb128 0x9
 294 010a F3010000 		.4byte	.LASF19
 295 010e 01       		.byte	0x1
 296 010f 71       		.byte	0x71
 297 0110 6B000000 		.4byte	0x6b
 298 0114 00000000 		.4byte	.LFB3
 299 0118 10000000 		.4byte	.LFE3-.LFB3
 300 011c 01       		.uleb128 0x1
 301 011d 9C       		.byte	0x9c
 302 011e 09       		.uleb128 0x9
 303 011f 00000000 		.4byte	.LASF20
 304 0123 01       		.byte	0x1
 305 0124 88       		.byte	0x88
 306 0125 6B000000 		.4byte	0x6b
 307 0129 00000000 		.4byte	.LFB4
 308 012d 10000000 		.4byte	.LFE4-.LFB4
 309 0131 01       		.uleb128 0x1
 310 0132 9C       		.byte	0x9c
 311 0133 00       		.byte	0
 312              		.section	.debug_abbrev,"",%progbits
 313              	.Ldebug_abbrev0:
 314 0000 01       		.uleb128 0x1
 315 0001 11       		.uleb128 0x11
ARM GAS  C:\Users\mgronber\AppData\Local\Temp\ccnLME07.s 			page 9


 316 0002 01       		.byte	0x1
 317 0003 25       		.uleb128 0x25
 318 0004 0E       		.uleb128 0xe
 319 0005 13       		.uleb128 0x13
 320 0006 0B       		.uleb128 0xb
 321 0007 03       		.uleb128 0x3
 322 0008 0E       		.uleb128 0xe
 323 0009 1B       		.uleb128 0x1b
 324 000a 0E       		.uleb128 0xe
 325 000b 55       		.uleb128 0x55
 326 000c 17       		.uleb128 0x17
 327 000d 11       		.uleb128 0x11
 328 000e 01       		.uleb128 0x1
 329 000f 10       		.uleb128 0x10
 330 0010 17       		.uleb128 0x17
 331 0011 00       		.byte	0
 332 0012 00       		.byte	0
 333 0013 02       		.uleb128 0x2
 334 0014 24       		.uleb128 0x24
 335 0015 00       		.byte	0
 336 0016 0B       		.uleb128 0xb
 337 0017 0B       		.uleb128 0xb
 338 0018 3E       		.uleb128 0x3e
 339 0019 0B       		.uleb128 0xb
 340 001a 03       		.uleb128 0x3
 341 001b 0E       		.uleb128 0xe
 342 001c 00       		.byte	0
 343 001d 00       		.byte	0
 344 001e 03       		.uleb128 0x3
 345 001f 24       		.uleb128 0x24
 346 0020 00       		.byte	0
 347 0021 0B       		.uleb128 0xb
 348 0022 0B       		.uleb128 0xb
 349 0023 3E       		.uleb128 0x3e
 350 0024 0B       		.uleb128 0xb
 351 0025 03       		.uleb128 0x3
 352 0026 08       		.uleb128 0x8
 353 0027 00       		.byte	0
 354 0028 00       		.byte	0
 355 0029 04       		.uleb128 0x4
 356 002a 16       		.uleb128 0x16
 357 002b 00       		.byte	0
 358 002c 03       		.uleb128 0x3
 359 002d 0E       		.uleb128 0xe
 360 002e 3A       		.uleb128 0x3a
 361 002f 0B       		.uleb128 0xb
 362 0030 3B       		.uleb128 0x3b
 363 0031 0B       		.uleb128 0xb
 364 0032 49       		.uleb128 0x49
 365 0033 13       		.uleb128 0x13
 366 0034 00       		.byte	0
 367 0035 00       		.byte	0
 368 0036 05       		.uleb128 0x5
 369 0037 35       		.uleb128 0x35
 370 0038 00       		.byte	0
 371 0039 49       		.uleb128 0x49
 372 003a 13       		.uleb128 0x13
ARM GAS  C:\Users\mgronber\AppData\Local\Temp\ccnLME07.s 			page 10


 373 003b 00       		.byte	0
 374 003c 00       		.byte	0
 375 003d 06       		.uleb128 0x6
 376 003e 2E       		.uleb128 0x2e
 377 003f 01       		.byte	0x1
 378 0040 3F       		.uleb128 0x3f
 379 0041 19       		.uleb128 0x19
 380 0042 03       		.uleb128 0x3
 381 0043 0E       		.uleb128 0xe
 382 0044 3A       		.uleb128 0x3a
 383 0045 0B       		.uleb128 0xb
 384 0046 3B       		.uleb128 0x3b
 385 0047 0B       		.uleb128 0xb
 386 0048 27       		.uleb128 0x27
 387 0049 19       		.uleb128 0x19
 388 004a 11       		.uleb128 0x11
 389 004b 01       		.uleb128 0x1
 390 004c 12       		.uleb128 0x12
 391 004d 06       		.uleb128 0x6
 392 004e 40       		.uleb128 0x40
 393 004f 18       		.uleb128 0x18
 394 0050 9742     		.uleb128 0x2117
 395 0052 19       		.uleb128 0x19
 396 0053 01       		.uleb128 0x1
 397 0054 13       		.uleb128 0x13
 398 0055 00       		.byte	0
 399 0056 00       		.byte	0
 400 0057 07       		.uleb128 0x7
 401 0058 05       		.uleb128 0x5
 402 0059 00       		.byte	0
 403 005a 03       		.uleb128 0x3
 404 005b 0E       		.uleb128 0xe
 405 005c 3A       		.uleb128 0x3a
 406 005d 0B       		.uleb128 0xb
 407 005e 3B       		.uleb128 0x3b
 408 005f 0B       		.uleb128 0xb
 409 0060 49       		.uleb128 0x49
 410 0061 13       		.uleb128 0x13
 411 0062 02       		.uleb128 0x2
 412 0063 17       		.uleb128 0x17
 413 0064 00       		.byte	0
 414 0065 00       		.byte	0
 415 0066 08       		.uleb128 0x8
 416 0067 34       		.uleb128 0x34
 417 0068 00       		.byte	0
 418 0069 03       		.uleb128 0x3
 419 006a 0E       		.uleb128 0xe
 420 006b 3A       		.uleb128 0x3a
 421 006c 0B       		.uleb128 0xb
 422 006d 3B       		.uleb128 0x3b
 423 006e 0B       		.uleb128 0xb
 424 006f 49       		.uleb128 0x49
 425 0070 13       		.uleb128 0x13
 426 0071 02       		.uleb128 0x2
 427 0072 17       		.uleb128 0x17
 428 0073 00       		.byte	0
 429 0074 00       		.byte	0
ARM GAS  C:\Users\mgronber\AppData\Local\Temp\ccnLME07.s 			page 11


 430 0075 09       		.uleb128 0x9
 431 0076 2E       		.uleb128 0x2e
 432 0077 00       		.byte	0
 433 0078 3F       		.uleb128 0x3f
 434 0079 19       		.uleb128 0x19
 435 007a 03       		.uleb128 0x3
 436 007b 0E       		.uleb128 0xe
 437 007c 3A       		.uleb128 0x3a
 438 007d 0B       		.uleb128 0xb
 439 007e 3B       		.uleb128 0x3b
 440 007f 0B       		.uleb128 0xb
 441 0080 27       		.uleb128 0x27
 442 0081 19       		.uleb128 0x19
 443 0082 49       		.uleb128 0x49
 444 0083 13       		.uleb128 0x13
 445 0084 11       		.uleb128 0x11
 446 0085 01       		.uleb128 0x1
 447 0086 12       		.uleb128 0x12
 448 0087 06       		.uleb128 0x6
 449 0088 40       		.uleb128 0x40
 450 0089 18       		.uleb128 0x18
 451 008a 9742     		.uleb128 0x2117
 452 008c 19       		.uleb128 0x19
 453 008d 00       		.byte	0
 454 008e 00       		.byte	0
 455 008f 00       		.byte	0
 456              		.section	.debug_loc,"",%progbits
 457              	.Ldebug_loc0:
 458              	.LLST0:
 459 0000 00000000 		.4byte	.LVL0
 460 0004 04000000 		.4byte	.LVL1
 461 0008 0100     		.2byte	0x1
 462 000a 50       		.byte	0x50
 463 000b 04000000 		.4byte	.LVL1
 464 000f 18000000 		.4byte	.LFE0
 465 0013 0400     		.2byte	0x4
 466 0015 F3       		.byte	0xf3
 467 0016 01       		.uleb128 0x1
 468 0017 50       		.byte	0x50
 469 0018 9F       		.byte	0x9f
 470 0019 00000000 		.4byte	0
 471 001d 00000000 		.4byte	0
 472              	.LLST1:
 473 0021 06000000 		.4byte	.LVL2
 474 0025 0E000000 		.4byte	.LVL3
 475 0029 0600     		.2byte	0x6
 476 002b 73       		.byte	0x73
 477 002c 00       		.sleb128 0
 478 002d 09       		.byte	0x9
 479 002e BF       		.byte	0xbf
 480 002f 1A       		.byte	0x1a
 481 0030 9F       		.byte	0x9f
 482 0031 00000000 		.4byte	0
 483 0035 00000000 		.4byte	0
 484              	.LLST2:
 485 0039 00000000 		.4byte	.LVL4
 486 003d 06000000 		.4byte	.LVL5
ARM GAS  C:\Users\mgronber\AppData\Local\Temp\ccnLME07.s 			page 12


 487 0041 0100     		.2byte	0x1
 488 0043 50       		.byte	0x50
 489 0044 06000000 		.4byte	.LVL5
 490 0048 18000000 		.4byte	.LFE1
 491 004c 0400     		.2byte	0x4
 492 004e F3       		.byte	0xf3
 493 004f 01       		.uleb128 0x1
 494 0050 50       		.byte	0x50
 495 0051 9F       		.byte	0x9f
 496 0052 00000000 		.4byte	0
 497 0056 00000000 		.4byte	0
 498              		.section	.debug_aranges,"",%progbits
 499 0000 3C000000 		.4byte	0x3c
 500 0004 0200     		.2byte	0x2
 501 0006 00000000 		.4byte	.Ldebug_info0
 502 000a 04       		.byte	0x4
 503 000b 00       		.byte	0
 504 000c 0000     		.2byte	0
 505 000e 0000     		.2byte	0
 506 0010 00000000 		.4byte	.LFB0
 507 0014 18000000 		.4byte	.LFE0-.LFB0
 508 0018 00000000 		.4byte	.LFB1
 509 001c 18000000 		.4byte	.LFE1-.LFB1
 510 0020 00000000 		.4byte	.LFB2
 511 0024 10000000 		.4byte	.LFE2-.LFB2
 512 0028 00000000 		.4byte	.LFB3
 513 002c 10000000 		.4byte	.LFE3-.LFB3
 514 0030 00000000 		.4byte	.LFB4
 515 0034 10000000 		.4byte	.LFE4-.LFB4
 516 0038 00000000 		.4byte	0
 517 003c 00000000 		.4byte	0
 518              		.section	.debug_ranges,"",%progbits
 519              	.Ldebug_ranges0:
 520 0000 00000000 		.4byte	.LFB0
 521 0004 18000000 		.4byte	.LFE0
 522 0008 00000000 		.4byte	.LFB1
 523 000c 18000000 		.4byte	.LFE1
 524 0010 00000000 		.4byte	.LFB2
 525 0014 10000000 		.4byte	.LFE2
 526 0018 00000000 		.4byte	.LFB3
 527 001c 10000000 		.4byte	.LFE3
 528 0020 00000000 		.4byte	.LFB4
 529 0024 10000000 		.4byte	.LFE4
 530 0028 00000000 		.4byte	0
 531 002c 00000000 		.4byte	0
 532              		.section	.debug_line,"",%progbits
 533              	.Ldebug_line0:
 534 0000 A5000000 		.section	.debug_str,"MS",%progbits,1
 534      02004300 
 534      00000201 
 534      FB0E0D00 
 534      01010101 
 535              	.LASF20:
 536 0000 5553425F 		.ascii	"USB_Dp_ClearInterrupt\000"
 536      44705F43 
 536      6C656172 
 536      496E7465 
ARM GAS  C:\Users\mgronber\AppData\Local\Temp\ccnLME07.s 			page 13


 536      72727570 
 537              	.LASF16:
 538 0016 76616C75 		.ascii	"value\000"
 538      6500
 539              	.LASF24:
 540 001c 73746174 		.ascii	"staticBits\000"
 540      69634269 
 540      747300
 541              	.LASF18:
 542 0027 5553425F 		.ascii	"USB_Dp_Read\000"
 542      44705F52 
 542      65616400 
 543              	.LASF23:
 544 0033 433A5C55 		.ascii	"C:\\Users\\mgronber\\Desktop\\Hummingbird\\Hummingb"
 544      73657273 
 544      5C6D6772 
 544      6F6E6265 
 544      725C4465 
 545 0061 69726428 		.ascii	"ird(Continuous Output).cydsn\000"
 545      436F6E74 
 545      696E756F 
 545      7573204F 
 545      75747075 
 546              	.LASF21:
 547 007e 474E5520 		.ascii	"GNU C 4.9.3 20150303 (release) [ARM/embedded-4_9-br"
 547      4320342E 
 547      392E3320 
 547      32303135 
 547      30333033 
 548 00b1 616E6368 		.ascii	"anch revision 221220] -mcpu=cortex-m3 -mthumb -g -O"
 548      20726576 
 548      6973696F 
 548      6E203232 
 548      31323230 
 549 00e4 32202D66 		.ascii	"2 -ffunction-sections -ffat-lto-objects\000"
 549      66756E63 
 549      74696F6E 
 549      2D736563 
 549      74696F6E 
 550              	.LASF9:
 551 010c 666C6F61 		.ascii	"float\000"
 551      7400
 552              	.LASF1:
 553 0112 756E7369 		.ascii	"unsigned char\000"
 553      676E6564 
 553      20636861 
 553      7200
 554              	.LASF13:
 555 0120 72656738 		.ascii	"reg8\000"
 555      00
 556              	.LASF5:
 557 0125 6C6F6E67 		.ascii	"long unsigned int\000"
 557      20756E73 
 557      69676E65 
 557      6420696E 
 557      7400
 558              	.LASF3:
ARM GAS  C:\Users\mgronber\AppData\Local\Temp\ccnLME07.s 			page 14


 559 0137 73686F72 		.ascii	"short unsigned int\000"
 559      7420756E 
 559      7369676E 
 559      65642069 
 559      6E7400
 560              	.LASF10:
 561 014a 646F7562 		.ascii	"double\000"
 561      6C6500
 562              	.LASF8:
 563 0151 756E7369 		.ascii	"unsigned int\000"
 563      676E6564 
 563      20696E74 
 563      00
 564              	.LASF7:
 565 015e 6C6F6E67 		.ascii	"long long unsigned int\000"
 565      206C6F6E 
 565      6720756E 
 565      7369676E 
 565      65642069 
 566              	.LASF17:
 567 0175 6D6F6465 		.ascii	"mode\000"
 567      00
 568              	.LASF15:
 569 017a 5553425F 		.ascii	"USB_Dp_SetDriveMode\000"
 569      44705F53 
 569      65744472 
 569      6976654D 
 569      6F646500 
 570              	.LASF6:
 571 018e 6C6F6E67 		.ascii	"long long int\000"
 571      206C6F6E 
 571      6720696E 
 571      7400
 572              	.LASF14:
 573 019c 5553425F 		.ascii	"USB_Dp_Write\000"
 573      44705F57 
 573      72697465 
 573      00
 574              	.LASF11:
 575 01a9 63686172 		.ascii	"char\000"
 575      00
 576              	.LASF22:
 577 01ae 47656E65 		.ascii	"Generated_Source\\PSoC5\\USB_Dp.c\000"
 577      72617465 
 577      645F536F 
 577      75726365 
 577      5C50536F 
 578              	.LASF2:
 579 01ce 73686F72 		.ascii	"short int\000"
 579      7420696E 
 579      7400
 580              	.LASF12:
 581 01d8 75696E74 		.ascii	"uint8\000"
 581      3800
 582              	.LASF4:
 583 01de 6C6F6E67 		.ascii	"long int\000"
 583      20696E74 
ARM GAS  C:\Users\mgronber\AppData\Local\Temp\ccnLME07.s 			page 15


 583      00
 584              	.LASF0:
 585 01e7 7369676E 		.ascii	"signed char\000"
 585      65642063 
 585      68617200 
 586              	.LASF19:
 587 01f3 5553425F 		.ascii	"USB_Dp_ReadDataReg\000"
 587      44705F52 
 587      65616444 
 587      61746152 
 587      656700
 588              		.ident	"GCC: (GNU Tools for ARM Embedded Processors) 4.9.3 20150303 (release) [ARM/embedded-4_9-br
