ARM GAS  C:\Users\mgronber\AppData\Local\Temp\ccubYw7i.s 			page 1


   1              		.syntax unified
   2              		.cpu cortex-m3
   3              		.fpu softvfp
   4              		.eabi_attribute 20, 1
   5              		.eabi_attribute 21, 1
   6              		.eabi_attribute 23, 3
   7              		.eabi_attribute 24, 1
   8              		.eabi_attribute 25, 1
   9              		.eabi_attribute 26, 1
  10              		.eabi_attribute 30, 2
  11              		.eabi_attribute 34, 1
  12              		.eabi_attribute 18, 4
  13              		.thumb
  14              		.file	"USB_vnd.c"
  15              		.text
  16              	.Ltext0:
  17              		.cfi_sections	.debug_frame
  18              		.section	.text.USB_HandleVendorRqst,"ax",%progbits
  19              		.align	2
  20              		.global	USB_HandleVendorRqst
  21              		.thumb
  22              		.thumb_func
  23              		.type	USB_HandleVendorRqst, %function
  24              	USB_HandleVendorRqst:
  25              	.LFB0:
  26              		.file 1 "Generated_Source\\PSoC5\\USB_vnd.c"
   1:Generated_Source\PSoC5/USB_vnd.c **** /*******************************************************************************
   2:Generated_Source\PSoC5/USB_vnd.c **** * File Name: USB_vnd.c
   3:Generated_Source\PSoC5/USB_vnd.c **** * Version 2.70
   4:Generated_Source\PSoC5/USB_vnd.c **** *
   5:Generated_Source\PSoC5/USB_vnd.c **** * Description:
   6:Generated_Source\PSoC5/USB_vnd.c **** *  USB vendor request handler.
   7:Generated_Source\PSoC5/USB_vnd.c **** *
   8:Generated_Source\PSoC5/USB_vnd.c **** * Note:
   9:Generated_Source\PSoC5/USB_vnd.c **** *
  10:Generated_Source\PSoC5/USB_vnd.c **** ********************************************************************************
  11:Generated_Source\PSoC5/USB_vnd.c **** * Copyright 2008-2013, Cypress Semiconductor Corporation.  All rights reserved.
  12:Generated_Source\PSoC5/USB_vnd.c **** * You may use this file only in accordance with the license, terms, conditions,
  13:Generated_Source\PSoC5/USB_vnd.c **** * disclaimers, and limitations in the end user license agreement accompanying
  14:Generated_Source\PSoC5/USB_vnd.c **** * the software package with which this file was provided.
  15:Generated_Source\PSoC5/USB_vnd.c **** *******************************************************************************/
  16:Generated_Source\PSoC5/USB_vnd.c **** 
  17:Generated_Source\PSoC5/USB_vnd.c **** #include "USB.h"
  18:Generated_Source\PSoC5/USB_vnd.c **** #include "USB_pvt.h"
  19:Generated_Source\PSoC5/USB_vnd.c **** 
  20:Generated_Source\PSoC5/USB_vnd.c **** #if(USB_EXTERN_VND == USB_FALSE)
  21:Generated_Source\PSoC5/USB_vnd.c **** 
  22:Generated_Source\PSoC5/USB_vnd.c **** 
  23:Generated_Source\PSoC5/USB_vnd.c **** /***************************************
  24:Generated_Source\PSoC5/USB_vnd.c **** * Vendor Specific Declarations
  25:Generated_Source\PSoC5/USB_vnd.c **** ***************************************/
  26:Generated_Source\PSoC5/USB_vnd.c **** 
  27:Generated_Source\PSoC5/USB_vnd.c **** /* `#START VENDOR_SPECIFIC_DECLARATIONS` Place your declaration here */
  28:Generated_Source\PSoC5/USB_vnd.c **** 
  29:Generated_Source\PSoC5/USB_vnd.c **** /* `#END` */
  30:Generated_Source\PSoC5/USB_vnd.c **** 
  31:Generated_Source\PSoC5/USB_vnd.c **** 
ARM GAS  C:\Users\mgronber\AppData\Local\Temp\ccubYw7i.s 			page 2


  32:Generated_Source\PSoC5/USB_vnd.c **** /*******************************************************************************
  33:Generated_Source\PSoC5/USB_vnd.c **** * Function Name: USB_HandleVendorRqst
  34:Generated_Source\PSoC5/USB_vnd.c **** ********************************************************************************
  35:Generated_Source\PSoC5/USB_vnd.c **** *
  36:Generated_Source\PSoC5/USB_vnd.c **** * Summary:
  37:Generated_Source\PSoC5/USB_vnd.c **** *  This routine provide users with a method to implement vendor specific
  38:Generated_Source\PSoC5/USB_vnd.c **** *  requests.
  39:Generated_Source\PSoC5/USB_vnd.c **** *
  40:Generated_Source\PSoC5/USB_vnd.c **** *  To implement vendor specific requests, add your code in this function to
  41:Generated_Source\PSoC5/USB_vnd.c **** *  decode and disposition the request.  If the request is handled, your code
  42:Generated_Source\PSoC5/USB_vnd.c **** *  must set the variable "requestHandled" to TRUE, indicating that the
  43:Generated_Source\PSoC5/USB_vnd.c **** *  request has been handled.
  44:Generated_Source\PSoC5/USB_vnd.c **** *
  45:Generated_Source\PSoC5/USB_vnd.c **** * Parameters:
  46:Generated_Source\PSoC5/USB_vnd.c **** *  None.
  47:Generated_Source\PSoC5/USB_vnd.c **** *
  48:Generated_Source\PSoC5/USB_vnd.c **** * Return:
  49:Generated_Source\PSoC5/USB_vnd.c **** *  requestHandled.
  50:Generated_Source\PSoC5/USB_vnd.c **** *
  51:Generated_Source\PSoC5/USB_vnd.c **** * Reentrant:
  52:Generated_Source\PSoC5/USB_vnd.c **** *  No.
  53:Generated_Source\PSoC5/USB_vnd.c **** *
  54:Generated_Source\PSoC5/USB_vnd.c **** *******************************************************************************/
  55:Generated_Source\PSoC5/USB_vnd.c **** uint8 USB_HandleVendorRqst(void) 
  56:Generated_Source\PSoC5/USB_vnd.c **** {
  27              		.loc 1 56 0
  28              		.cfi_startproc
  29              		@ args = 0, pretend = 0, frame = 0
  30              		@ frame_needed = 0, uses_anonymous_args = 0
  31              		@ link register save eliminated.
  32              	.LVL0:
  57:Generated_Source\PSoC5/USB_vnd.c ****     uint8 requestHandled = USB_FALSE;
  58:Generated_Source\PSoC5/USB_vnd.c **** 
  59:Generated_Source\PSoC5/USB_vnd.c ****     if ((CY_GET_REG8(USB_bmRequestType) & USB_RQST_DIR_MASK) == USB_RQST_DIR_D2H)
  33              		.loc 1 59 0
  34 0000 084B     		ldr	r3, .L8
  35 0002 1B78     		ldrb	r3, [r3]	@ zero_extendqisi2
  36 0004 1B06     		lsls	r3, r3, #24
  37 0006 01D4     		bmi	.L7
  38              	.L2:
  39              	.LVL1:
  60:Generated_Source\PSoC5/USB_vnd.c ****     {
  61:Generated_Source\PSoC5/USB_vnd.c ****         /* Control Read */
  62:Generated_Source\PSoC5/USB_vnd.c ****         switch (CY_GET_REG8(USB_bRequest))
  63:Generated_Source\PSoC5/USB_vnd.c ****         {
  64:Generated_Source\PSoC5/USB_vnd.c ****             case USB_GET_EXTENDED_CONFIG_DESCRIPTOR:
  65:Generated_Source\PSoC5/USB_vnd.c ****                 #if defined(USB_ENABLE_MSOS_STRING)
  66:Generated_Source\PSoC5/USB_vnd.c ****                     USB_currentTD.pData = (volatile uint8 *)&USB_MSOS_CONFIGURATION_DESCR[0u];
  67:Generated_Source\PSoC5/USB_vnd.c ****                     USB_currentTD.count = USB_MSOS_CONFIGURATION_DESCR[0u];
  68:Generated_Source\PSoC5/USB_vnd.c ****                     requestHandled  = USB_InitControlRead();
  69:Generated_Source\PSoC5/USB_vnd.c ****                 #endif /*  USB_ENABLE_MSOS_STRING */
  70:Generated_Source\PSoC5/USB_vnd.c ****                 break;
  71:Generated_Source\PSoC5/USB_vnd.c ****             default:
  72:Generated_Source\PSoC5/USB_vnd.c ****                 break;
  73:Generated_Source\PSoC5/USB_vnd.c ****         }
  74:Generated_Source\PSoC5/USB_vnd.c ****     }
  75:Generated_Source\PSoC5/USB_vnd.c **** 
ARM GAS  C:\Users\mgronber\AppData\Local\Temp\ccubYw7i.s 			page 3


  76:Generated_Source\PSoC5/USB_vnd.c ****     /* `#START VENDOR_SPECIFIC_CODE` Place your vendor specific request here */
  77:Generated_Source\PSoC5/USB_vnd.c **** 
  78:Generated_Source\PSoC5/USB_vnd.c ****     /* `#END` */
  79:Generated_Source\PSoC5/USB_vnd.c **** 
  80:Generated_Source\PSoC5/USB_vnd.c ****     return(requestHandled);
  81:Generated_Source\PSoC5/USB_vnd.c **** }
  40              		.loc 1 81 0
  41 0008 0020     		movs	r0, #0
  42 000a 7047     		bx	lr
  43              	.LVL2:
  44              	.L7:
  62:Generated_Source\PSoC5/USB_vnd.c ****         {
  45              		.loc 1 62 0
  46 000c 064B     		ldr	r3, .L8+4
  47 000e 1B78     		ldrb	r3, [r3]	@ zero_extendqisi2
  48 0010 012B     		cmp	r3, #1
  49 0012 F9D1     		bne	.L2
  66:Generated_Source\PSoC5/USB_vnd.c ****                     USB_currentTD.count = USB_MSOS_CONFIGURATION_DESCR[0u];
  50              		.loc 1 66 0
  51 0014 054A     		ldr	r2, .L8+8
  52 0016 064B     		ldr	r3, .L8+12
  67:Generated_Source\PSoC5/USB_vnd.c ****                     requestHandled  = USB_InitControlRead();
  53              		.loc 1 67 0
  54 0018 1178     		ldrb	r1, [r2]	@ zero_extendqisi2
  66:Generated_Source\PSoC5/USB_vnd.c ****                     USB_currentTD.count = USB_MSOS_CONFIGURATION_DESCR[0u];
  55              		.loc 1 66 0
  56 001a 5A60     		str	r2, [r3, #4]
  67:Generated_Source\PSoC5/USB_vnd.c ****                     requestHandled  = USB_InitControlRead();
  57              		.loc 1 67 0
  58 001c 1980     		strh	r1, [r3]	@ movhi
  68:Generated_Source\PSoC5/USB_vnd.c ****                 #endif /*  USB_ENABLE_MSOS_STRING */
  59              		.loc 1 68 0
  60 001e FFF7FEBF 		b	USB_InitControlRead
  61              	.LVL3:
  62              	.L9:
  63 0022 00BF     		.align	2
  64              	.L8:
  65 0024 00600040 		.word	1073766400
  66 0028 01600040 		.word	1073766401
  67 002c 00000000 		.word	USB_MSOS_CONFIGURATION_DESCR
  68 0030 00000000 		.word	USB_currentTD
  69              		.cfi_endproc
  70              	.LFE0:
  71              		.size	USB_HandleVendorRqst, .-USB_HandleVendorRqst
  72              		.text
  73              	.Letext0:
  74              		.file 2 "Generated_Source\\PSoC5\\cytypes.h"
  75              		.file 3 "Generated_Source\\PSoC5\\USB.h"
  76              		.file 4 "Generated_Source\\PSoC5\\USB_pvt.h"
  77              		.section	.debug_info,"",%progbits
  78              	.Ldebug_info0:
  79 0000 87010000 		.4byte	0x187
  80 0004 0400     		.2byte	0x4
  81 0006 00000000 		.4byte	.Ldebug_abbrev0
  82 000a 04       		.byte	0x4
  83 000b 01       		.uleb128 0x1
  84 000c 92000000 		.4byte	.LASF25
ARM GAS  C:\Users\mgronber\AppData\Local\Temp\ccubYw7i.s 			page 4


  85 0010 01       		.byte	0x1
  86 0011 74010000 		.4byte	.LASF26
  87 0015 33000000 		.4byte	.LASF27
  88 0019 00000000 		.4byte	.Ldebug_ranges0+0
  89 001d 00000000 		.4byte	0
  90 0021 00000000 		.4byte	.Ldebug_line0
  91 0025 02       		.uleb128 0x2
  92 0026 01       		.byte	0x1
  93 0027 06       		.byte	0x6
  94 0028 29020000 		.4byte	.LASF0
  95 002c 02       		.uleb128 0x2
  96 002d 01       		.byte	0x1
  97 002e 08       		.byte	0x8
  98 002f 26010000 		.4byte	.LASF1
  99 0033 02       		.uleb128 0x2
 100 0034 02       		.byte	0x2
 101 0035 05       		.byte	0x5
 102 0036 00020000 		.4byte	.LASF2
 103 003a 02       		.uleb128 0x2
 104 003b 02       		.byte	0x2
 105 003c 07       		.byte	0x7
 106 003d 13000000 		.4byte	.LASF3
 107 0041 02       		.uleb128 0x2
 108 0042 04       		.byte	0x4
 109 0043 05       		.byte	0x5
 110 0044 19020000 		.4byte	.LASF4
 111 0048 02       		.uleb128 0x2
 112 0049 04       		.byte	0x4
 113 004a 07       		.byte	0x7
 114 004b 39010000 		.4byte	.LASF5
 115 004f 02       		.uleb128 0x2
 116 0050 08       		.byte	0x8
 117 0051 05       		.byte	0x5
 118 0052 DF010000 		.4byte	.LASF6
 119 0056 02       		.uleb128 0x2
 120 0057 08       		.byte	0x8
 121 0058 07       		.byte	0x7
 122 0059 BF010000 		.4byte	.LASF7
 123 005d 03       		.uleb128 0x3
 124 005e 04       		.byte	0x4
 125 005f 05       		.byte	0x5
 126 0060 696E7400 		.ascii	"int\000"
 127 0064 02       		.uleb128 0x2
 128 0065 04       		.byte	0x4
 129 0066 07       		.byte	0x7
 130 0067 95010000 		.4byte	.LASF8
 131 006b 04       		.uleb128 0x4
 132 006c 4B010000 		.4byte	.LASF9
 133 0070 02       		.byte	0x2
 134 0071 5B       		.byte	0x5b
 135 0072 2C000000 		.4byte	0x2c
 136 0076 04       		.uleb128 0x4
 137 0077 6D010000 		.4byte	.LASF10
 138 007b 02       		.byte	0x2
 139 007c 5C       		.byte	0x5c
 140 007d 3A000000 		.4byte	0x3a
 141 0081 02       		.uleb128 0x2
ARM GAS  C:\Users\mgronber\AppData\Local\Temp\ccubYw7i.s 			page 5


 142 0082 04       		.byte	0x4
 143 0083 04       		.byte	0x4
 144 0084 20010000 		.4byte	.LASF11
 145 0088 02       		.uleb128 0x2
 146 0089 08       		.byte	0x8
 147 008a 04       		.byte	0x4
 148 008b 51010000 		.4byte	.LASF12
 149 008f 02       		.uleb128 0x2
 150 0090 01       		.byte	0x1
 151 0091 08       		.byte	0x8
 152 0092 ED010000 		.4byte	.LASF13
 153 0096 04       		.uleb128 0x4
 154 0097 34010000 		.4byte	.LASF14
 155 009b 02       		.byte	0x2
 156 009c F0       		.byte	0xf0
 157 009d A1000000 		.4byte	0xa1
 158 00a1 05       		.uleb128 0x5
 159 00a2 6B000000 		.4byte	0x6b
 160 00a6 02       		.uleb128 0x2
 161 00a7 04       		.byte	0x4
 162 00a8 07       		.byte	0x7
 163 00a9 D6010000 		.4byte	.LASF15
 164 00ad 06       		.uleb128 0x6
 165 00ae 04       		.byte	0x4
 166 00af 03       		.byte	0x3
 167 00b0 94       		.byte	0x94
 168 00b1 CE000000 		.4byte	0xce
 169 00b5 07       		.uleb128 0x7
 170 00b6 26000000 		.4byte	.LASF16
 171 00ba 03       		.byte	0x3
 172 00bb 96       		.byte	0x96
 173 00bc 6B000000 		.4byte	0x6b
 174 00c0 00       		.byte	0
 175 00c1 07       		.uleb128 0x7
 176 00c2 22020000 		.4byte	.LASF17
 177 00c6 03       		.byte	0x3
 178 00c7 97       		.byte	0x97
 179 00c8 76000000 		.4byte	0x76
 180 00cc 02       		.byte	0x2
 181 00cd 00       		.byte	0
 182 00ce 04       		.uleb128 0x4
 183 00cf 35020000 		.4byte	.LASF18
 184 00d3 03       		.byte	0x3
 185 00d4 98       		.byte	0x98
 186 00d5 AD000000 		.4byte	0xad
 187 00d9 06       		.uleb128 0x6
 188 00da 0C       		.byte	0xc
 189 00db 03       		.byte	0x3
 190 00dc 9A       		.byte	0x9a
 191 00dd 06010000 		.4byte	0x106
 192 00e1 07       		.uleb128 0x7
 193 00e2 0D000000 		.4byte	.LASF19
 194 00e6 03       		.byte	0x3
 195 00e7 9C       		.byte	0x9c
 196 00e8 76000000 		.4byte	0x76
 197 00ec 00       		.byte	0
 198 00ed 07       		.uleb128 0x7
ARM GAS  C:\Users\mgronber\AppData\Local\Temp\ccubYw7i.s 			page 6


 199 00ee 2D000000 		.4byte	.LASF20
 200 00f2 03       		.byte	0x3
 201 00f3 9D       		.byte	0x9d
 202 00f4 06010000 		.4byte	0x106
 203 00f8 04       		.byte	0x4
 204 00f9 07       		.uleb128 0x7
 205 00fa 00000000 		.4byte	.LASF21
 206 00fe 03       		.byte	0x3
 207 00ff 9E       		.byte	0x9e
 208 0100 0C010000 		.4byte	0x10c
 209 0104 08       		.byte	0x8
 210 0105 00       		.byte	0
 211 0106 08       		.uleb128 0x8
 212 0107 04       		.byte	0x4
 213 0108 A1000000 		.4byte	0xa1
 214 010c 08       		.uleb128 0x8
 215 010d 04       		.byte	0x4
 216 010e CE000000 		.4byte	0xce
 217 0112 04       		.uleb128 0x4
 218 0113 4D020000 		.4byte	.LASF22
 219 0117 03       		.byte	0x3
 220 0118 9F       		.byte	0x9f
 221 0119 D9000000 		.4byte	0xd9
 222 011d 09       		.uleb128 0x9
 223 011e 58010000 		.4byte	.LASF28
 224 0122 01       		.byte	0x1
 225 0123 37       		.byte	0x37
 226 0124 6B000000 		.4byte	0x6b
 227 0128 00000000 		.4byte	.LFB0
 228 012c 34000000 		.4byte	.LFE0-.LFB0
 229 0130 01       		.uleb128 0x1
 230 0131 9C       		.byte	0x9c
 231 0132 4F010000 		.4byte	0x14f
 232 0136 0A       		.uleb128 0xa
 233 0137 0A020000 		.4byte	.LASF29
 234 013b 01       		.byte	0x1
 235 013c 39       		.byte	0x39
 236 013d 6B000000 		.4byte	0x6b
 237 0141 00000000 		.4byte	.LLST0
 238 0145 0B       		.uleb128 0xb
 239 0146 22000000 		.4byte	.LVL3
 240 014a 7F010000 		.4byte	0x17f
 241 014e 00       		.byte	0
 242 014f 0C       		.uleb128 0xc
 243 0150 6B000000 		.4byte	0x6b
 244 0154 5F010000 		.4byte	0x15f
 245 0158 0D       		.uleb128 0xd
 246 0159 A6000000 		.4byte	0xa6
 247 015d 27       		.byte	0x27
 248 015e 00       		.byte	0
 249 015f 0E       		.uleb128 0xe
 250 0160 A2010000 		.4byte	.LASF23
 251 0164 04       		.byte	0x4
 252 0165 28       		.byte	0x28
 253 0166 6A010000 		.4byte	0x16a
 254 016a 0F       		.uleb128 0xf
 255 016b 4F010000 		.4byte	0x14f
ARM GAS  C:\Users\mgronber\AppData\Local\Temp\ccubYw7i.s 			page 7


 256 016f 0E       		.uleb128 0xe
 257 0170 F2010000 		.4byte	.LASF24
 258 0174 04       		.byte	0x4
 259 0175 35       		.byte	0x35
 260 0176 7A010000 		.4byte	0x17a
 261 017a 05       		.uleb128 0x5
 262 017b 12010000 		.4byte	0x112
 263 017f 10       		.uleb128 0x10
 264 0180 7E000000 		.4byte	.LASF30
 265 0184 04       		.byte	0x4
 266 0185 51       		.byte	0x51
 267 0186 6B000000 		.4byte	0x6b
 268 018a 00       		.byte	0
 269              		.section	.debug_abbrev,"",%progbits
 270              	.Ldebug_abbrev0:
 271 0000 01       		.uleb128 0x1
 272 0001 11       		.uleb128 0x11
 273 0002 01       		.byte	0x1
 274 0003 25       		.uleb128 0x25
 275 0004 0E       		.uleb128 0xe
 276 0005 13       		.uleb128 0x13
 277 0006 0B       		.uleb128 0xb
 278 0007 03       		.uleb128 0x3
 279 0008 0E       		.uleb128 0xe
 280 0009 1B       		.uleb128 0x1b
 281 000a 0E       		.uleb128 0xe
 282 000b 55       		.uleb128 0x55
 283 000c 17       		.uleb128 0x17
 284 000d 11       		.uleb128 0x11
 285 000e 01       		.uleb128 0x1
 286 000f 10       		.uleb128 0x10
 287 0010 17       		.uleb128 0x17
 288 0011 00       		.byte	0
 289 0012 00       		.byte	0
 290 0013 02       		.uleb128 0x2
 291 0014 24       		.uleb128 0x24
 292 0015 00       		.byte	0
 293 0016 0B       		.uleb128 0xb
 294 0017 0B       		.uleb128 0xb
 295 0018 3E       		.uleb128 0x3e
 296 0019 0B       		.uleb128 0xb
 297 001a 03       		.uleb128 0x3
 298 001b 0E       		.uleb128 0xe
 299 001c 00       		.byte	0
 300 001d 00       		.byte	0
 301 001e 03       		.uleb128 0x3
 302 001f 24       		.uleb128 0x24
 303 0020 00       		.byte	0
 304 0021 0B       		.uleb128 0xb
 305 0022 0B       		.uleb128 0xb
 306 0023 3E       		.uleb128 0x3e
 307 0024 0B       		.uleb128 0xb
 308 0025 03       		.uleb128 0x3
 309 0026 08       		.uleb128 0x8
 310 0027 00       		.byte	0
 311 0028 00       		.byte	0
 312 0029 04       		.uleb128 0x4
ARM GAS  C:\Users\mgronber\AppData\Local\Temp\ccubYw7i.s 			page 8


 313 002a 16       		.uleb128 0x16
 314 002b 00       		.byte	0
 315 002c 03       		.uleb128 0x3
 316 002d 0E       		.uleb128 0xe
 317 002e 3A       		.uleb128 0x3a
 318 002f 0B       		.uleb128 0xb
 319 0030 3B       		.uleb128 0x3b
 320 0031 0B       		.uleb128 0xb
 321 0032 49       		.uleb128 0x49
 322 0033 13       		.uleb128 0x13
 323 0034 00       		.byte	0
 324 0035 00       		.byte	0
 325 0036 05       		.uleb128 0x5
 326 0037 35       		.uleb128 0x35
 327 0038 00       		.byte	0
 328 0039 49       		.uleb128 0x49
 329 003a 13       		.uleb128 0x13
 330 003b 00       		.byte	0
 331 003c 00       		.byte	0
 332 003d 06       		.uleb128 0x6
 333 003e 13       		.uleb128 0x13
 334 003f 01       		.byte	0x1
 335 0040 0B       		.uleb128 0xb
 336 0041 0B       		.uleb128 0xb
 337 0042 3A       		.uleb128 0x3a
 338 0043 0B       		.uleb128 0xb
 339 0044 3B       		.uleb128 0x3b
 340 0045 0B       		.uleb128 0xb
 341 0046 01       		.uleb128 0x1
 342 0047 13       		.uleb128 0x13
 343 0048 00       		.byte	0
 344 0049 00       		.byte	0
 345 004a 07       		.uleb128 0x7
 346 004b 0D       		.uleb128 0xd
 347 004c 00       		.byte	0
 348 004d 03       		.uleb128 0x3
 349 004e 0E       		.uleb128 0xe
 350 004f 3A       		.uleb128 0x3a
 351 0050 0B       		.uleb128 0xb
 352 0051 3B       		.uleb128 0x3b
 353 0052 0B       		.uleb128 0xb
 354 0053 49       		.uleb128 0x49
 355 0054 13       		.uleb128 0x13
 356 0055 38       		.uleb128 0x38
 357 0056 0B       		.uleb128 0xb
 358 0057 00       		.byte	0
 359 0058 00       		.byte	0
 360 0059 08       		.uleb128 0x8
 361 005a 0F       		.uleb128 0xf
 362 005b 00       		.byte	0
 363 005c 0B       		.uleb128 0xb
 364 005d 0B       		.uleb128 0xb
 365 005e 49       		.uleb128 0x49
 366 005f 13       		.uleb128 0x13
 367 0060 00       		.byte	0
 368 0061 00       		.byte	0
 369 0062 09       		.uleb128 0x9
ARM GAS  C:\Users\mgronber\AppData\Local\Temp\ccubYw7i.s 			page 9


 370 0063 2E       		.uleb128 0x2e
 371 0064 01       		.byte	0x1
 372 0065 3F       		.uleb128 0x3f
 373 0066 19       		.uleb128 0x19
 374 0067 03       		.uleb128 0x3
 375 0068 0E       		.uleb128 0xe
 376 0069 3A       		.uleb128 0x3a
 377 006a 0B       		.uleb128 0xb
 378 006b 3B       		.uleb128 0x3b
 379 006c 0B       		.uleb128 0xb
 380 006d 27       		.uleb128 0x27
 381 006e 19       		.uleb128 0x19
 382 006f 49       		.uleb128 0x49
 383 0070 13       		.uleb128 0x13
 384 0071 11       		.uleb128 0x11
 385 0072 01       		.uleb128 0x1
 386 0073 12       		.uleb128 0x12
 387 0074 06       		.uleb128 0x6
 388 0075 40       		.uleb128 0x40
 389 0076 18       		.uleb128 0x18
 390 0077 9742     		.uleb128 0x2117
 391 0079 19       		.uleb128 0x19
 392 007a 01       		.uleb128 0x1
 393 007b 13       		.uleb128 0x13
 394 007c 00       		.byte	0
 395 007d 00       		.byte	0
 396 007e 0A       		.uleb128 0xa
 397 007f 34       		.uleb128 0x34
 398 0080 00       		.byte	0
 399 0081 03       		.uleb128 0x3
 400 0082 0E       		.uleb128 0xe
 401 0083 3A       		.uleb128 0x3a
 402 0084 0B       		.uleb128 0xb
 403 0085 3B       		.uleb128 0x3b
 404 0086 0B       		.uleb128 0xb
 405 0087 49       		.uleb128 0x49
 406 0088 13       		.uleb128 0x13
 407 0089 02       		.uleb128 0x2
 408 008a 17       		.uleb128 0x17
 409 008b 00       		.byte	0
 410 008c 00       		.byte	0
 411 008d 0B       		.uleb128 0xb
 412 008e 898201   		.uleb128 0x4109
 413 0091 00       		.byte	0
 414 0092 11       		.uleb128 0x11
 415 0093 01       		.uleb128 0x1
 416 0094 9542     		.uleb128 0x2115
 417 0096 19       		.uleb128 0x19
 418 0097 31       		.uleb128 0x31
 419 0098 13       		.uleb128 0x13
 420 0099 00       		.byte	0
 421 009a 00       		.byte	0
 422 009b 0C       		.uleb128 0xc
 423 009c 01       		.uleb128 0x1
 424 009d 01       		.byte	0x1
 425 009e 49       		.uleb128 0x49
 426 009f 13       		.uleb128 0x13
ARM GAS  C:\Users\mgronber\AppData\Local\Temp\ccubYw7i.s 			page 10


 427 00a0 01       		.uleb128 0x1
 428 00a1 13       		.uleb128 0x13
 429 00a2 00       		.byte	0
 430 00a3 00       		.byte	0
 431 00a4 0D       		.uleb128 0xd
 432 00a5 21       		.uleb128 0x21
 433 00a6 00       		.byte	0
 434 00a7 49       		.uleb128 0x49
 435 00a8 13       		.uleb128 0x13
 436 00a9 2F       		.uleb128 0x2f
 437 00aa 0B       		.uleb128 0xb
 438 00ab 00       		.byte	0
 439 00ac 00       		.byte	0
 440 00ad 0E       		.uleb128 0xe
 441 00ae 34       		.uleb128 0x34
 442 00af 00       		.byte	0
 443 00b0 03       		.uleb128 0x3
 444 00b1 0E       		.uleb128 0xe
 445 00b2 3A       		.uleb128 0x3a
 446 00b3 0B       		.uleb128 0xb
 447 00b4 3B       		.uleb128 0x3b
 448 00b5 0B       		.uleb128 0xb
 449 00b6 49       		.uleb128 0x49
 450 00b7 13       		.uleb128 0x13
 451 00b8 3F       		.uleb128 0x3f
 452 00b9 19       		.uleb128 0x19
 453 00ba 3C       		.uleb128 0x3c
 454 00bb 19       		.uleb128 0x19
 455 00bc 00       		.byte	0
 456 00bd 00       		.byte	0
 457 00be 0F       		.uleb128 0xf
 458 00bf 26       		.uleb128 0x26
 459 00c0 00       		.byte	0
 460 00c1 49       		.uleb128 0x49
 461 00c2 13       		.uleb128 0x13
 462 00c3 00       		.byte	0
 463 00c4 00       		.byte	0
 464 00c5 10       		.uleb128 0x10
 465 00c6 2E       		.uleb128 0x2e
 466 00c7 00       		.byte	0
 467 00c8 3F       		.uleb128 0x3f
 468 00c9 19       		.uleb128 0x19
 469 00ca 03       		.uleb128 0x3
 470 00cb 0E       		.uleb128 0xe
 471 00cc 3A       		.uleb128 0x3a
 472 00cd 0B       		.uleb128 0xb
 473 00ce 3B       		.uleb128 0x3b
 474 00cf 0B       		.uleb128 0xb
 475 00d0 27       		.uleb128 0x27
 476 00d1 19       		.uleb128 0x19
 477 00d2 49       		.uleb128 0x49
 478 00d3 13       		.uleb128 0x13
 479 00d4 3C       		.uleb128 0x3c
 480 00d5 19       		.uleb128 0x19
 481 00d6 00       		.byte	0
 482 00d7 00       		.byte	0
 483 00d8 00       		.byte	0
ARM GAS  C:\Users\mgronber\AppData\Local\Temp\ccubYw7i.s 			page 11


 484              		.section	.debug_loc,"",%progbits
 485              	.Ldebug_loc0:
 486              	.LLST0:
 487 0000 00000000 		.4byte	.LVL0
 488 0004 08000000 		.4byte	.LVL1
 489 0008 0200     		.2byte	0x2
 490 000a 30       		.byte	0x30
 491 000b 9F       		.byte	0x9f
 492 000c 0C000000 		.4byte	.LVL2
 493 0010 34000000 		.4byte	.LFE0
 494 0014 0200     		.2byte	0x2
 495 0016 30       		.byte	0x30
 496 0017 9F       		.byte	0x9f
 497 0018 00000000 		.4byte	0
 498 001c 00000000 		.4byte	0
 499              		.section	.debug_aranges,"",%progbits
 500 0000 1C000000 		.4byte	0x1c
 501 0004 0200     		.2byte	0x2
 502 0006 00000000 		.4byte	.Ldebug_info0
 503 000a 04       		.byte	0x4
 504 000b 00       		.byte	0
 505 000c 0000     		.2byte	0
 506 000e 0000     		.2byte	0
 507 0010 00000000 		.4byte	.LFB0
 508 0014 34000000 		.4byte	.LFE0-.LFB0
 509 0018 00000000 		.4byte	0
 510 001c 00000000 		.4byte	0
 511              		.section	.debug_ranges,"",%progbits
 512              	.Ldebug_ranges0:
 513 0000 00000000 		.4byte	.LFB0
 514 0004 34000000 		.4byte	.LFE0
 515 0008 00000000 		.4byte	0
 516 000c 00000000 		.4byte	0
 517              		.section	.debug_line,"",%progbits
 518              	.Ldebug_line0:
 519 0000 7B000000 		.section	.debug_str,"MS",%progbits,1
 519      02005A00 
 519      00000201 
 519      FB0E0D00 
 519      01010101 
 520              	.LASF21:
 521 0000 70537461 		.ascii	"pStatusBlock\000"
 521      74757342 
 521      6C6F636B 
 521      00
 522              	.LASF19:
 523 000d 636F756E 		.ascii	"count\000"
 523      7400
 524              	.LASF3:
 525 0013 73686F72 		.ascii	"short unsigned int\000"
 525      7420756E 
 525      7369676E 
 525      65642069 
 525      6E7400
 526              	.LASF16:
 527 0026 73746174 		.ascii	"status\000"
 527      757300
ARM GAS  C:\Users\mgronber\AppData\Local\Temp\ccubYw7i.s 			page 12


 528              	.LASF20:
 529 002d 70446174 		.ascii	"pData\000"
 529      6100
 530              	.LASF27:
 531 0033 433A5C55 		.ascii	"C:\\Users\\mgronber\\Desktop\\Hummingbird\\Hummingb"
 531      73657273 
 531      5C6D6772 
 531      6F6E6265 
 531      725C4465 
 532 0061 69726428 		.ascii	"ird(Continuous Output).cydsn\000"
 532      436F6E74 
 532      696E756F 
 532      7573204F 
 532      75747075 
 533              	.LASF30:
 534 007e 5553425F 		.ascii	"USB_InitControlRead\000"
 534      496E6974 
 534      436F6E74 
 534      726F6C52 
 534      65616400 
 535              	.LASF25:
 536 0092 474E5520 		.ascii	"GNU C 4.9.3 20150303 (release) [ARM/embedded-4_9-br"
 536      4320342E 
 536      392E3320 
 536      32303135 
 536      30333033 
 537 00c5 616E6368 		.ascii	"anch revision 221220] -mcpu=cortex-m3 -mthumb -g -O"
 537      20726576 
 537      6973696F 
 537      6E203232 
 537      31323230 
 538 00f8 32202D66 		.ascii	"2 -ffunction-sections -ffat-lto-objects\000"
 538      66756E63 
 538      74696F6E 
 538      2D736563 
 538      74696F6E 
 539              	.LASF11:
 540 0120 666C6F61 		.ascii	"float\000"
 540      7400
 541              	.LASF1:
 542 0126 756E7369 		.ascii	"unsigned char\000"
 542      676E6564 
 542      20636861 
 542      7200
 543              	.LASF14:
 544 0134 72656738 		.ascii	"reg8\000"
 544      00
 545              	.LASF5:
 546 0139 6C6F6E67 		.ascii	"long unsigned int\000"
 546      20756E73 
 546      69676E65 
 546      6420696E 
 546      7400
 547              	.LASF9:
 548 014b 75696E74 		.ascii	"uint8\000"
 548      3800
 549              	.LASF12:
ARM GAS  C:\Users\mgronber\AppData\Local\Temp\ccubYw7i.s 			page 13


 550 0151 646F7562 		.ascii	"double\000"
 550      6C6500
 551              	.LASF28:
 552 0158 5553425F 		.ascii	"USB_HandleVendorRqst\000"
 552      48616E64 
 552      6C655665 
 552      6E646F72 
 552      52717374 
 553              	.LASF10:
 554 016d 75696E74 		.ascii	"uint16\000"
 554      313600
 555              	.LASF26:
 556 0174 47656E65 		.ascii	"Generated_Source\\PSoC5\\USB_vnd.c\000"
 556      72617465 
 556      645F536F 
 556      75726365 
 556      5C50536F 
 557              	.LASF8:
 558 0195 756E7369 		.ascii	"unsigned int\000"
 558      676E6564 
 558      20696E74 
 558      00
 559              	.LASF23:
 560 01a2 5553425F 		.ascii	"USB_MSOS_CONFIGURATION_DESCR\000"
 560      4D534F53 
 560      5F434F4E 
 560      46494755 
 560      52415449 
 561              	.LASF7:
 562 01bf 6C6F6E67 		.ascii	"long long unsigned int\000"
 562      206C6F6E 
 562      6720756E 
 562      7369676E 
 562      65642069 
 563              	.LASF15:
 564 01d6 73697A65 		.ascii	"sizetype\000"
 564      74797065 
 564      00
 565              	.LASF6:
 566 01df 6C6F6E67 		.ascii	"long long int\000"
 566      206C6F6E 
 566      6720696E 
 566      7400
 567              	.LASF13:
 568 01ed 63686172 		.ascii	"char\000"
 568      00
 569              	.LASF24:
 570 01f2 5553425F 		.ascii	"USB_currentTD\000"
 570      63757272 
 570      656E7454 
 570      4400
 571              	.LASF2:
 572 0200 73686F72 		.ascii	"short int\000"
 572      7420696E 
 572      7400
 573              	.LASF29:
 574 020a 72657175 		.ascii	"requestHandled\000"
ARM GAS  C:\Users\mgronber\AppData\Local\Temp\ccubYw7i.s 			page 14


 574      65737448 
 574      616E646C 
 574      656400
 575              	.LASF4:
 576 0219 6C6F6E67 		.ascii	"long int\000"
 576      20696E74 
 576      00
 577              	.LASF17:
 578 0222 6C656E67 		.ascii	"length\000"
 578      746800
 579              	.LASF0:
 580 0229 7369676E 		.ascii	"signed char\000"
 580      65642063 
 580      68617200 
 581              	.LASF18:
 582 0235 545F5553 		.ascii	"T_USB_XFER_STATUS_BLOCK\000"
 582      425F5846 
 582      45525F53 
 582      54415455 
 582      535F424C 
 583              	.LASF22:
 584 024d 545F5553 		.ascii	"T_USB_TD\000"
 584      425F5444 
 584      00
 585              		.ident	"GCC: (GNU Tools for ARM Embedded Processors) 4.9.3 20150303 (release) [ARM/embedded-4_9-br
