ARM GAS  C:\Users\mgronber\AppData\Local\Temp\ccINogt5.s 			page 1


   1              		.syntax unified
   2              		.cpu cortex-m3
   3              		.fpu softvfp
   4              		.eabi_attribute 20, 1
   5              		.eabi_attribute 21, 1
   6              		.eabi_attribute 23, 3
   7              		.eabi_attribute 24, 1
   8              		.eabi_attribute 25, 1
   9              		.eabi_attribute 26, 1
  10              		.eabi_attribute 30, 2
  11              		.eabi_attribute 34, 1
  12              		.eabi_attribute 18, 4
  13              		.thumb
  14              		.file	"USB_audio.c"
  15              		.text
  16              	.Ltext0:
  17              		.cfi_sections	.debug_frame
  18              		.section	.text.USB_DispatchAUDIOClassRqst,"ax",%progbits
  19              		.align	2
  20              		.global	USB_DispatchAUDIOClassRqst
  21              		.thumb
  22              		.thumb_func
  23              		.type	USB_DispatchAUDIOClassRqst, %function
  24              	USB_DispatchAUDIOClassRqst:
  25              	.LFB0:
  26              		.file 1 "Generated_Source\\PSoC5\\USB_audio.c"
   1:Generated_Source\PSoC5/USB_audio.c **** /*******************************************************************************
   2:Generated_Source\PSoC5/USB_audio.c **** * File Name: USB_audio.c
   3:Generated_Source\PSoC5/USB_audio.c **** * Version 2.70
   4:Generated_Source\PSoC5/USB_audio.c **** *
   5:Generated_Source\PSoC5/USB_audio.c **** * Description:
   6:Generated_Source\PSoC5/USB_audio.c **** *  USB AUDIO Class request handler.
   7:Generated_Source\PSoC5/USB_audio.c **** *
   8:Generated_Source\PSoC5/USB_audio.c **** * Related Document:
   9:Generated_Source\PSoC5/USB_audio.c **** *  Universal Serial Bus Device Class Definition for Audio Devices Release 1.0
  10:Generated_Source\PSoC5/USB_audio.c **** *
  11:Generated_Source\PSoC5/USB_audio.c **** ********************************************************************************
  12:Generated_Source\PSoC5/USB_audio.c **** * Copyright 2008-2013, Cypress Semiconductor Corporation.  All rights reserved.
  13:Generated_Source\PSoC5/USB_audio.c **** * You may use this file only in accordance with the license, terms, conditions,
  14:Generated_Source\PSoC5/USB_audio.c **** * disclaimers, and limitations in the end user license agreement accompanying
  15:Generated_Source\PSoC5/USB_audio.c **** * the software package with which this file was provided.
  16:Generated_Source\PSoC5/USB_audio.c **** *******************************************************************************/
  17:Generated_Source\PSoC5/USB_audio.c **** 
  18:Generated_Source\PSoC5/USB_audio.c **** #include "USB.h"
  19:Generated_Source\PSoC5/USB_audio.c **** 
  20:Generated_Source\PSoC5/USB_audio.c **** #if defined(USB_ENABLE_AUDIO_CLASS)
  21:Generated_Source\PSoC5/USB_audio.c **** 
  22:Generated_Source\PSoC5/USB_audio.c **** #include "USB_audio.h"
  23:Generated_Source\PSoC5/USB_audio.c **** #include "USB_pvt.h"
  24:Generated_Source\PSoC5/USB_audio.c **** #if defined(USB_ENABLE_MIDI_STREAMING)
  25:Generated_Source\PSoC5/USB_audio.c ****     #include "USB_midi.h"
  26:Generated_Source\PSoC5/USB_audio.c **** #endif /*  USB_ENABLE_MIDI_STREAMING*/
  27:Generated_Source\PSoC5/USB_audio.c **** 
  28:Generated_Source\PSoC5/USB_audio.c **** 
  29:Generated_Source\PSoC5/USB_audio.c **** /***************************************
  30:Generated_Source\PSoC5/USB_audio.c **** * Custom Declarations
  31:Generated_Source\PSoC5/USB_audio.c **** ***************************************/
ARM GAS  C:\Users\mgronber\AppData\Local\Temp\ccINogt5.s 			page 2


  32:Generated_Source\PSoC5/USB_audio.c **** 
  33:Generated_Source\PSoC5/USB_audio.c **** /* `#START CUSTOM_DECLARATIONS` Place your declaration here */
  34:Generated_Source\PSoC5/USB_audio.c **** 
  35:Generated_Source\PSoC5/USB_audio.c **** /* `#END` */
  36:Generated_Source\PSoC5/USB_audio.c **** 
  37:Generated_Source\PSoC5/USB_audio.c **** 
  38:Generated_Source\PSoC5/USB_audio.c **** #if !defined(USER_SUPPLIED_AUDIO_HANDLER)
  39:Generated_Source\PSoC5/USB_audio.c **** 
  40:Generated_Source\PSoC5/USB_audio.c **** 
  41:Generated_Source\PSoC5/USB_audio.c **** /***************************************
  42:Generated_Source\PSoC5/USB_audio.c **** *    AUDIO Variables
  43:Generated_Source\PSoC5/USB_audio.c **** ***************************************/
  44:Generated_Source\PSoC5/USB_audio.c **** 
  45:Generated_Source\PSoC5/USB_audio.c **** #if defined(USB_ENABLE_AUDIO_STREAMING)
  46:Generated_Source\PSoC5/USB_audio.c ****     volatile uint8 USB_currentSampleFrequency[USB_MAX_EP][USB_SAMPLE_FREQ_LEN];
  47:Generated_Source\PSoC5/USB_audio.c ****     volatile uint8 USB_frequencyChanged;
  48:Generated_Source\PSoC5/USB_audio.c ****     volatile uint8 USB_currentMute;
  49:Generated_Source\PSoC5/USB_audio.c ****     volatile uint8 USB_currentVolume[USB_VOLUME_LEN];
  50:Generated_Source\PSoC5/USB_audio.c ****     volatile uint8 USB_minimumVolume[USB_VOLUME_LEN] = {USB_VOL_MIN_LSB,
  51:Generated_Source\PSoC5/USB_audio.c ****                                                                                   USB_VOL_MIN_MSB};
  52:Generated_Source\PSoC5/USB_audio.c ****     volatile uint8 USB_maximumVolume[USB_VOLUME_LEN] = {USB_VOL_MAX_LSB,
  53:Generated_Source\PSoC5/USB_audio.c ****                                                                                   USB_VOL_MAX_MSB};
  54:Generated_Source\PSoC5/USB_audio.c ****     volatile uint8 USB_resolutionVolume[USB_VOLUME_LEN] = {USB_VOL_RES_LSB,
  55:Generated_Source\PSoC5/USB_audio.c ****                                                                                      USB_VOL_RES_MS
  56:Generated_Source\PSoC5/USB_audio.c **** #endif /*  USB_ENABLE_AUDIO_STREAMING */
  57:Generated_Source\PSoC5/USB_audio.c **** 
  58:Generated_Source\PSoC5/USB_audio.c **** 
  59:Generated_Source\PSoC5/USB_audio.c **** /*******************************************************************************
  60:Generated_Source\PSoC5/USB_audio.c **** * Function Name: USB_DispatchAUDIOClassRqst
  61:Generated_Source\PSoC5/USB_audio.c **** ********************************************************************************
  62:Generated_Source\PSoC5/USB_audio.c **** *
  63:Generated_Source\PSoC5/USB_audio.c **** * Summary:
  64:Generated_Source\PSoC5/USB_audio.c **** *  This routine dispatches class requests
  65:Generated_Source\PSoC5/USB_audio.c **** *
  66:Generated_Source\PSoC5/USB_audio.c **** * Parameters:
  67:Generated_Source\PSoC5/USB_audio.c **** *  None.
  68:Generated_Source\PSoC5/USB_audio.c **** *
  69:Generated_Source\PSoC5/USB_audio.c **** * Return:
  70:Generated_Source\PSoC5/USB_audio.c **** *  requestHandled
  71:Generated_Source\PSoC5/USB_audio.c **** *
  72:Generated_Source\PSoC5/USB_audio.c **** * Global variables:
  73:Generated_Source\PSoC5/USB_audio.c **** *   USB_currentSampleFrequency: Contains the current audio Sample
  74:Generated_Source\PSoC5/USB_audio.c **** *       Frequency. It is set by the Host using SET_CUR request to the endpoint.
  75:Generated_Source\PSoC5/USB_audio.c **** *   USB_frequencyChanged: This variable is used as a flag for the
  76:Generated_Source\PSoC5/USB_audio.c **** *       user code, to be aware that Host has been sent request for changing
  77:Generated_Source\PSoC5/USB_audio.c **** *       Sample Frequency. Sample frequency will be sent on the next OUT
  78:Generated_Source\PSoC5/USB_audio.c **** *       transaction. It is contains endpoint address when set. The following
  79:Generated_Source\PSoC5/USB_audio.c **** *       code is recommended for detecting new Sample Frequency in main code:
  80:Generated_Source\PSoC5/USB_audio.c **** *       if((USB_frequencyChanged != 0) &&
  81:Generated_Source\PSoC5/USB_audio.c **** *       (USB_transferState == USB_TRANS_STATE_IDLE))
  82:Generated_Source\PSoC5/USB_audio.c **** *       {
  83:Generated_Source\PSoC5/USB_audio.c **** *          USB_frequencyChanged = 0;
  84:Generated_Source\PSoC5/USB_audio.c **** *       }
  85:Generated_Source\PSoC5/USB_audio.c **** *       USB_transferState variable is checked to be sure that
  86:Generated_Source\PSoC5/USB_audio.c **** *             transfer completes.
  87:Generated_Source\PSoC5/USB_audio.c **** *   USB_currentMute: Contains mute configuration set by Host.
  88:Generated_Source\PSoC5/USB_audio.c **** *   USB_currentVolume: Contains volume level set by Host.
ARM GAS  C:\Users\mgronber\AppData\Local\Temp\ccINogt5.s 			page 3


  89:Generated_Source\PSoC5/USB_audio.c **** *
  90:Generated_Source\PSoC5/USB_audio.c **** * Reentrant:
  91:Generated_Source\PSoC5/USB_audio.c **** *  No.
  92:Generated_Source\PSoC5/USB_audio.c **** *
  93:Generated_Source\PSoC5/USB_audio.c **** *******************************************************************************/
  94:Generated_Source\PSoC5/USB_audio.c **** uint8 USB_DispatchAUDIOClassRqst(void) 
  95:Generated_Source\PSoC5/USB_audio.c **** {
  27              		.loc 1 95 0
  28              		.cfi_startproc
  29              		@ args = 0, pretend = 0, frame = 0
  30              		@ frame_needed = 0, uses_anonymous_args = 0
  31              		@ link register save eliminated.
  32              	.LVL0:
  96:Generated_Source\PSoC5/USB_audio.c ****     uint8 requestHandled = USB_FALSE;
  97:Generated_Source\PSoC5/USB_audio.c ****     uint8 bmRequestType  = CY_GET_REG8(USB_bmRequestType);
  33              		.loc 1 97 0
  34 0000 0A4B     		ldr	r3, .L13
  35 0002 1B78     		ldrb	r3, [r3]	@ zero_extendqisi2
  36 0004 DBB2     		uxtb	r3, r3
  37              	.LVL1:
  98:Generated_Source\PSoC5/USB_audio.c ****     
  99:Generated_Source\PSoC5/USB_audio.c ****     #if defined(USB_ENABLE_AUDIO_STREAMING)
 100:Generated_Source\PSoC5/USB_audio.c ****         uint8 epNumber;
 101:Generated_Source\PSoC5/USB_audio.c ****         epNumber = CY_GET_REG8(USB_wIndexLo) & USB_DIR_UNUSED;
 102:Generated_Source\PSoC5/USB_audio.c ****     #endif /*  USB_ENABLE_AUDIO_STREAMING */
 103:Generated_Source\PSoC5/USB_audio.c ****     
 104:Generated_Source\PSoC5/USB_audio.c **** 
 105:Generated_Source\PSoC5/USB_audio.c ****     if ((bmRequestType & USB_RQST_DIR_MASK) == USB_RQST_DIR_D2H)
 106:Generated_Source\PSoC5/USB_audio.c ****     {
 107:Generated_Source\PSoC5/USB_audio.c ****         /* Control Read */
 108:Generated_Source\PSoC5/USB_audio.c ****         if((bmRequestType & USB_RQST_RCPT_MASK) == USB_RQST_RCPT_EP)
  38              		.loc 1 108 0
  39 0006 03F00303 		and	r3, r3, #3
  40              	.LVL2:
 109:Generated_Source\PSoC5/USB_audio.c ****         {
 110:Generated_Source\PSoC5/USB_audio.c ****             /* Endpoint */
 111:Generated_Source\PSoC5/USB_audio.c ****             switch (CY_GET_REG8(USB_bRequest))
 112:Generated_Source\PSoC5/USB_audio.c ****             {
 113:Generated_Source\PSoC5/USB_audio.c ****                 case USB_GET_CUR:
 114:Generated_Source\PSoC5/USB_audio.c ****                 #if defined(USB_ENABLE_AUDIO_STREAMING)
 115:Generated_Source\PSoC5/USB_audio.c ****                     if(CY_GET_REG8(USB_wValueHi) == USB_SAMPLING_FREQ_CONTROL)
 116:Generated_Source\PSoC5/USB_audio.c ****                     {
 117:Generated_Source\PSoC5/USB_audio.c ****                          /* point Control Selector is Sampling Frequency */
 118:Generated_Source\PSoC5/USB_audio.c ****                         USB_currentTD.wCount = USB_SAMPLE_FREQ_LEN;
 119:Generated_Source\PSoC5/USB_audio.c ****                         USB_currentTD.pData  = USB_currentSampleFrequency[epNumber];
 120:Generated_Source\PSoC5/USB_audio.c ****                         requestHandled   = USB_InitControlRead();
 121:Generated_Source\PSoC5/USB_audio.c ****                     }
 122:Generated_Source\PSoC5/USB_audio.c ****                 #endif /*  USB_ENABLE_AUDIO_STREAMING */
 123:Generated_Source\PSoC5/USB_audio.c **** 
 124:Generated_Source\PSoC5/USB_audio.c ****                 /* `#START AUDIO_READ_REQUESTS` Place other request handler here */
 125:Generated_Source\PSoC5/USB_audio.c **** 
 126:Generated_Source\PSoC5/USB_audio.c ****                 /* `#END` */
 127:Generated_Source\PSoC5/USB_audio.c ****                     break;
 128:Generated_Source\PSoC5/USB_audio.c ****                 default:
 129:Generated_Source\PSoC5/USB_audio.c ****                     break;
 130:Generated_Source\PSoC5/USB_audio.c ****             }
 131:Generated_Source\PSoC5/USB_audio.c ****         }
ARM GAS  C:\Users\mgronber\AppData\Local\Temp\ccINogt5.s 			page 4


 132:Generated_Source\PSoC5/USB_audio.c ****         else if((bmRequestType & USB_RQST_RCPT_MASK) == USB_RQST_RCPT_IFC)
 133:Generated_Source\PSoC5/USB_audio.c ****         {
 134:Generated_Source\PSoC5/USB_audio.c ****             /* Interface or Entity ID */
 135:Generated_Source\PSoC5/USB_audio.c ****             switch (CY_GET_REG8(USB_bRequest))
 136:Generated_Source\PSoC5/USB_audio.c ****             {
 137:Generated_Source\PSoC5/USB_audio.c ****                 case USB_GET_CUR:
 138:Generated_Source\PSoC5/USB_audio.c ****                 #if defined(USB_ENABLE_AUDIO_STREAMING)
 139:Generated_Source\PSoC5/USB_audio.c ****                     if(CY_GET_REG8(USB_wValueHi) == USB_MUTE_CONTROL)
 140:Generated_Source\PSoC5/USB_audio.c ****                     {
 141:Generated_Source\PSoC5/USB_audio.c ****                         /* `#START MUTE_CONTROL_GET_REQUEST` Place multi-channel handler here */
 142:Generated_Source\PSoC5/USB_audio.c **** 
 143:Generated_Source\PSoC5/USB_audio.c ****                         /* `#END` */
 144:Generated_Source\PSoC5/USB_audio.c **** 
 145:Generated_Source\PSoC5/USB_audio.c ****                          /* Entity ID Control Selector is MUTE */
 146:Generated_Source\PSoC5/USB_audio.c ****                         USB_currentTD.wCount = 1u;
 147:Generated_Source\PSoC5/USB_audio.c ****                         USB_currentTD.pData  = &USB_currentMute;
 148:Generated_Source\PSoC5/USB_audio.c ****                         requestHandled   = USB_InitControlRead();
 149:Generated_Source\PSoC5/USB_audio.c ****                     }
 150:Generated_Source\PSoC5/USB_audio.c ****                     else if(CY_GET_REG8(USB_wValueHi) == USB_VOLUME_CONTROL)
 151:Generated_Source\PSoC5/USB_audio.c ****                     {
 152:Generated_Source\PSoC5/USB_audio.c ****                         /* `#START VOLUME_CONTROL_GET_REQUEST` Place multi-channel handler here */
 153:Generated_Source\PSoC5/USB_audio.c **** 
 154:Generated_Source\PSoC5/USB_audio.c ****                         /* `#END` */
 155:Generated_Source\PSoC5/USB_audio.c **** 
 156:Generated_Source\PSoC5/USB_audio.c ****                         /* Entity ID Control Selector is VOLUME, */
 157:Generated_Source\PSoC5/USB_audio.c ****                         USB_currentTD.wCount = USB_VOLUME_LEN;
 158:Generated_Source\PSoC5/USB_audio.c ****                         USB_currentTD.pData  = USB_currentVolume;
 159:Generated_Source\PSoC5/USB_audio.c ****                         requestHandled   = USB_InitControlRead();
 160:Generated_Source\PSoC5/USB_audio.c ****                     }
 161:Generated_Source\PSoC5/USB_audio.c ****                     else
 162:Generated_Source\PSoC5/USB_audio.c ****                     {
 163:Generated_Source\PSoC5/USB_audio.c ****                         /* `#START OTHER_GET_CUR_REQUESTS` Place other request handler here */
 164:Generated_Source\PSoC5/USB_audio.c **** 
 165:Generated_Source\PSoC5/USB_audio.c ****                         /* `#END` */
 166:Generated_Source\PSoC5/USB_audio.c ****                     }
 167:Generated_Source\PSoC5/USB_audio.c ****                     break;
 168:Generated_Source\PSoC5/USB_audio.c ****                 case USB_GET_MIN:    /* GET_MIN */
 169:Generated_Source\PSoC5/USB_audio.c ****                     if(CY_GET_REG8(USB_wValueHi) == USB_VOLUME_CONTROL)
 170:Generated_Source\PSoC5/USB_audio.c ****                     {
 171:Generated_Source\PSoC5/USB_audio.c ****                         /* Entity ID Control Selector is VOLUME, */
 172:Generated_Source\PSoC5/USB_audio.c ****                         USB_currentTD.wCount = USB_VOLUME_LEN;
 173:Generated_Source\PSoC5/USB_audio.c ****                         USB_currentTD.pData  = &USB_minimumVolume[0];
 174:Generated_Source\PSoC5/USB_audio.c ****                         requestHandled   = USB_InitControlRead();
 175:Generated_Source\PSoC5/USB_audio.c ****                     }
 176:Generated_Source\PSoC5/USB_audio.c ****                     break;
 177:Generated_Source\PSoC5/USB_audio.c ****                 case USB_GET_MAX:    /* GET_MAX */
 178:Generated_Source\PSoC5/USB_audio.c ****                     if(CY_GET_REG8(USB_wValueHi) == USB_VOLUME_CONTROL)
 179:Generated_Source\PSoC5/USB_audio.c ****                     {
 180:Generated_Source\PSoC5/USB_audio.c ****                         /* Entity ID Control Selector is VOLUME, */
 181:Generated_Source\PSoC5/USB_audio.c ****                         USB_currentTD.wCount = USB_VOLUME_LEN;
 182:Generated_Source\PSoC5/USB_audio.c ****                         USB_currentTD.pData  = &USB_maximumVolume[0];
 183:Generated_Source\PSoC5/USB_audio.c ****                         requestHandled   = USB_InitControlRead();
 184:Generated_Source\PSoC5/USB_audio.c ****                     }
 185:Generated_Source\PSoC5/USB_audio.c ****                     break;
 186:Generated_Source\PSoC5/USB_audio.c ****                 case USB_GET_RES:    /* GET_RES */
 187:Generated_Source\PSoC5/USB_audio.c ****                     if(CY_GET_REG8(USB_wValueHi) == USB_VOLUME_CONTROL)
 188:Generated_Source\PSoC5/USB_audio.c ****                     {
ARM GAS  C:\Users\mgronber\AppData\Local\Temp\ccINogt5.s 			page 5


 189:Generated_Source\PSoC5/USB_audio.c ****                          /* Entity ID Control Selector is VOLUME, */
 190:Generated_Source\PSoC5/USB_audio.c ****                         USB_currentTD.wCount = USB_VOLUME_LEN;
 191:Generated_Source\PSoC5/USB_audio.c ****                         USB_currentTD.pData  = &USB_resolutionVolume[0];
 192:Generated_Source\PSoC5/USB_audio.c ****                         requestHandled   = USB_InitControlRead();
 193:Generated_Source\PSoC5/USB_audio.c ****                     }
 194:Generated_Source\PSoC5/USB_audio.c ****                     break;
 195:Generated_Source\PSoC5/USB_audio.c ****                 /* The contents of the status message is reserved for future use.
 196:Generated_Source\PSoC5/USB_audio.c ****                 *  For the time being, a null packet should be returned in the data stage of the
 197:Generated_Source\PSoC5/USB_audio.c ****                 *  control transfer, and the received null packet should be ACKed.
 198:Generated_Source\PSoC5/USB_audio.c ****                 */
 199:Generated_Source\PSoC5/USB_audio.c ****                 case USB_GET_STAT:
 200:Generated_Source\PSoC5/USB_audio.c ****                         USB_currentTD.wCount = 0u;
 201:Generated_Source\PSoC5/USB_audio.c ****                         requestHandled   = USB_InitControlWrite();
 202:Generated_Source\PSoC5/USB_audio.c **** 
 203:Generated_Source\PSoC5/USB_audio.c ****                 #endif /*  USB_ENABLE_AUDIO_STREAMING */
 204:Generated_Source\PSoC5/USB_audio.c **** 
 205:Generated_Source\PSoC5/USB_audio.c ****                 /* `#START AUDIO_WRITE_REQUESTS` Place other request handler here */
 206:Generated_Source\PSoC5/USB_audio.c **** 
 207:Generated_Source\PSoC5/USB_audio.c ****                 /* `#END` */
 208:Generated_Source\PSoC5/USB_audio.c ****                     break;
 209:Generated_Source\PSoC5/USB_audio.c ****                 default:
 210:Generated_Source\PSoC5/USB_audio.c ****                     break;
 211:Generated_Source\PSoC5/USB_audio.c ****             }
 212:Generated_Source\PSoC5/USB_audio.c ****         }
 213:Generated_Source\PSoC5/USB_audio.c ****         else
 214:Generated_Source\PSoC5/USB_audio.c ****         {   /* USB_RQST_RCPT_OTHER */
 215:Generated_Source\PSoC5/USB_audio.c ****         }
 216:Generated_Source\PSoC5/USB_audio.c ****     }
 217:Generated_Source\PSoC5/USB_audio.c ****     else if ((bmRequestType & USB_RQST_DIR_MASK) == USB_RQST_DIR_H2D)
 218:Generated_Source\PSoC5/USB_audio.c ****     {
 219:Generated_Source\PSoC5/USB_audio.c ****         /* Control Write */
 220:Generated_Source\PSoC5/USB_audio.c ****         if((bmRequestType & USB_RQST_RCPT_MASK) == USB_RQST_RCPT_EP)
  41              		.loc 1 220 0
  42 000a 022B     		cmp	r3, #2
  43 000c 0AD0     		beq	.L11
 221:Generated_Source\PSoC5/USB_audio.c ****         {
 222:Generated_Source\PSoC5/USB_audio.c ****             /* point */
 223:Generated_Source\PSoC5/USB_audio.c ****             switch (CY_GET_REG8(USB_bRequest))
 224:Generated_Source\PSoC5/USB_audio.c ****             {
 225:Generated_Source\PSoC5/USB_audio.c ****                 case USB_SET_CUR:
 226:Generated_Source\PSoC5/USB_audio.c ****                 #if defined(USB_ENABLE_AUDIO_STREAMING)
 227:Generated_Source\PSoC5/USB_audio.c ****                     if(CY_GET_REG8(USB_wValueHi) == USB_SAMPLING_FREQ_CONTROL)
 228:Generated_Source\PSoC5/USB_audio.c ****                     {
 229:Generated_Source\PSoC5/USB_audio.c ****                          /* point Control Selector is Sampling Frequency */
 230:Generated_Source\PSoC5/USB_audio.c ****                         USB_currentTD.wCount = USB_SAMPLE_FREQ_LEN;
 231:Generated_Source\PSoC5/USB_audio.c ****                         USB_currentTD.pData  = USB_currentSampleFrequency[epNumber];
 232:Generated_Source\PSoC5/USB_audio.c ****                         requestHandled   = USB_InitControlWrite();
 233:Generated_Source\PSoC5/USB_audio.c ****                         USB_frequencyChanged = epNumber;
 234:Generated_Source\PSoC5/USB_audio.c ****                     }
 235:Generated_Source\PSoC5/USB_audio.c ****                 #endif /*  USB_ENABLE_AUDIO_STREAMING */
 236:Generated_Source\PSoC5/USB_audio.c **** 
 237:Generated_Source\PSoC5/USB_audio.c ****                 /* `#START AUDIO_SAMPLING_FREQ_REQUESTS` Place other request handler here */
 238:Generated_Source\PSoC5/USB_audio.c **** 
 239:Generated_Source\PSoC5/USB_audio.c ****                 /* `#END` */
 240:Generated_Source\PSoC5/USB_audio.c ****                     break;
 241:Generated_Source\PSoC5/USB_audio.c ****                 default:
 242:Generated_Source\PSoC5/USB_audio.c ****                     break;
ARM GAS  C:\Users\mgronber\AppData\Local\Temp\ccINogt5.s 			page 6


 243:Generated_Source\PSoC5/USB_audio.c ****             }
 244:Generated_Source\PSoC5/USB_audio.c ****         }
 245:Generated_Source\PSoC5/USB_audio.c ****         else if((bmRequestType & USB_RQST_RCPT_MASK) == USB_RQST_RCPT_IFC)
  44              		.loc 1 245 0
  45 000e 012B     		cmp	r3, #1
  46 0010 01D0     		beq	.L12
 246:Generated_Source\PSoC5/USB_audio.c ****         {
 247:Generated_Source\PSoC5/USB_audio.c ****             /* Interface or Entity ID */
 248:Generated_Source\PSoC5/USB_audio.c ****             switch (CY_GET_REG8(USB_bRequest))
 249:Generated_Source\PSoC5/USB_audio.c ****             {
 250:Generated_Source\PSoC5/USB_audio.c ****                 case USB_SET_CUR:
 251:Generated_Source\PSoC5/USB_audio.c ****                 #if defined(USB_ENABLE_AUDIO_STREAMING)
 252:Generated_Source\PSoC5/USB_audio.c ****                     if(CY_GET_REG8(USB_wValueHi) == USB_MUTE_CONTROL)
 253:Generated_Source\PSoC5/USB_audio.c ****                     {
 254:Generated_Source\PSoC5/USB_audio.c ****                         /* `#START MUTE_SET_REQUEST` Place multi-channel handler here */
 255:Generated_Source\PSoC5/USB_audio.c **** 
 256:Generated_Source\PSoC5/USB_audio.c ****                         /* `#END` */
 257:Generated_Source\PSoC5/USB_audio.c **** 
 258:Generated_Source\PSoC5/USB_audio.c ****                         /* Entity ID Control Selector is MUTE */
 259:Generated_Source\PSoC5/USB_audio.c ****                         USB_currentTD.wCount = 1u;
 260:Generated_Source\PSoC5/USB_audio.c ****                         USB_currentTD.pData  = &USB_currentMute;
 261:Generated_Source\PSoC5/USB_audio.c ****                         requestHandled   = USB_InitControlWrite();
 262:Generated_Source\PSoC5/USB_audio.c ****                     }
 263:Generated_Source\PSoC5/USB_audio.c ****                     else if(CY_GET_REG8(USB_wValueHi) == USB_VOLUME_CONTROL)
 264:Generated_Source\PSoC5/USB_audio.c ****                     {
 265:Generated_Source\PSoC5/USB_audio.c ****                         /* `#START VOLUME_CONTROL_SET_REQUEST` Place multi-channel handler here */
 266:Generated_Source\PSoC5/USB_audio.c **** 
 267:Generated_Source\PSoC5/USB_audio.c ****                         /* `#END` */
 268:Generated_Source\PSoC5/USB_audio.c **** 
 269:Generated_Source\PSoC5/USB_audio.c ****                         /* Entity ID Control Selector is VOLUME */
 270:Generated_Source\PSoC5/USB_audio.c ****                         USB_currentTD.wCount = USB_VOLUME_LEN;
 271:Generated_Source\PSoC5/USB_audio.c ****                         USB_currentTD.pData  = USB_currentVolume;
 272:Generated_Source\PSoC5/USB_audio.c ****                         requestHandled   = USB_InitControlWrite();
 273:Generated_Source\PSoC5/USB_audio.c ****                     }
 274:Generated_Source\PSoC5/USB_audio.c ****                     else
 275:Generated_Source\PSoC5/USB_audio.c ****                     {
 276:Generated_Source\PSoC5/USB_audio.c ****                         /* `#START OTHER_SET_CUR_REQUESTS` Place other request handler here */
 277:Generated_Source\PSoC5/USB_audio.c **** 
 278:Generated_Source\PSoC5/USB_audio.c ****                         /* `#END` */
 279:Generated_Source\PSoC5/USB_audio.c ****                     }
 280:Generated_Source\PSoC5/USB_audio.c ****                 #endif /*  USB_ENABLE_AUDIO_STREAMING */
 281:Generated_Source\PSoC5/USB_audio.c **** 
 282:Generated_Source\PSoC5/USB_audio.c ****                 /* `#START AUDIO_CONTROL_SEL_REQUESTS` Place other request handler here */
 283:Generated_Source\PSoC5/USB_audio.c **** 
 284:Generated_Source\PSoC5/USB_audio.c ****                 /* `#END` */
 285:Generated_Source\PSoC5/USB_audio.c ****                     break;
 286:Generated_Source\PSoC5/USB_audio.c ****                 default:
 287:Generated_Source\PSoC5/USB_audio.c ****                     break;
 288:Generated_Source\PSoC5/USB_audio.c ****             }
 289:Generated_Source\PSoC5/USB_audio.c ****         }
 290:Generated_Source\PSoC5/USB_audio.c ****         else
 291:Generated_Source\PSoC5/USB_audio.c ****         {   
 292:Generated_Source\PSoC5/USB_audio.c ****             /* USB_RQST_RCPT_OTHER */
 293:Generated_Source\PSoC5/USB_audio.c ****         }
 294:Generated_Source\PSoC5/USB_audio.c ****     }
 295:Generated_Source\PSoC5/USB_audio.c ****     else
 296:Generated_Source\PSoC5/USB_audio.c ****     {   
ARM GAS  C:\Users\mgronber\AppData\Local\Temp\ccINogt5.s 			page 7


 297:Generated_Source\PSoC5/USB_audio.c ****         /* requestHandled is initialized as FALSE by default */
 298:Generated_Source\PSoC5/USB_audio.c ****     }
 299:Generated_Source\PSoC5/USB_audio.c **** 
 300:Generated_Source\PSoC5/USB_audio.c ****     return(requestHandled);
 301:Generated_Source\PSoC5/USB_audio.c **** }
  47              		.loc 1 301 0
  48 0012 0020     		movs	r0, #0
  49 0014 7047     		bx	lr
  50              	.L12:
 248:Generated_Source\PSoC5/USB_audio.c ****             {
  51              		.loc 1 248 0
  52 0016 03F18043 		add	r3, r3, #1073741824
  53 001a 03F5C043 		add	r3, r3, #24576
  54 001e 1B78     		ldrb	r3, [r3]	@ zero_extendqisi2
  55              		.loc 1 301 0
  56 0020 0020     		movs	r0, #0
  57 0022 7047     		bx	lr
  58              	.L11:
 223:Generated_Source\PSoC5/USB_audio.c ****             {
  59              		.loc 1 223 0
  60 0024 024B     		ldr	r3, .L13+4
  61              		.loc 1 301 0
  62 0026 0020     		movs	r0, #0
 223:Generated_Source\PSoC5/USB_audio.c ****             {
  63              		.loc 1 223 0
  64 0028 1B78     		ldrb	r3, [r3]	@ zero_extendqisi2
  65              		.loc 1 301 0
  66 002a 7047     		bx	lr
  67              	.L14:
  68              		.align	2
  69              	.L13:
  70 002c 00600040 		.word	1073766400
  71 0030 01600040 		.word	1073766401
  72              		.cfi_endproc
  73              	.LFE0:
  74              		.size	USB_DispatchAUDIOClassRqst, .-USB_DispatchAUDIOClassRqst
  75              		.text
  76              	.Letext0:
  77              		.file 2 "Generated_Source\\PSoC5\\cytypes.h"
  78              		.section	.debug_info,"",%progbits
  79              	.Ldebug_info0:
  80 0000 D0000000 		.4byte	0xd0
  81 0004 0400     		.2byte	0x4
  82 0006 00000000 		.4byte	.Ldebug_abbrev0
  83 000a 04       		.byte	0x4
  84 000b 01       		.uleb128 0x1
  85 000c 5E000000 		.4byte	.LASF17
  86 0010 01       		.byte	0x1
  87 0011 1D010000 		.4byte	.LASF18
  88 0015 8A010000 		.4byte	.LASF19
  89 0019 00000000 		.4byte	.Ldebug_ranges0+0
  90 001d 00000000 		.4byte	0
  91 0021 00000000 		.4byte	.Ldebug_line0
  92 0025 02       		.uleb128 0x2
  93 0026 01       		.byte	0x1
  94 0027 06       		.byte	0x6
  95 0028 53010000 		.4byte	.LASF0
ARM GAS  C:\Users\mgronber\AppData\Local\Temp\ccINogt5.s 			page 8


  96 002c 02       		.uleb128 0x2
  97 002d 01       		.byte	0x1
  98 002e 08       		.byte	0x8
  99 002f EC000000 		.4byte	.LASF1
 100 0033 02       		.uleb128 0x2
 101 0034 02       		.byte	0x2
 102 0035 05       		.byte	0x5
 103 0036 80010000 		.4byte	.LASF2
 104 003a 02       		.uleb128 0x2
 105 003b 02       		.byte	0x2
 106 003c 07       		.byte	0x7
 107 003d 40010000 		.4byte	.LASF3
 108 0041 02       		.uleb128 0x2
 109 0042 04       		.byte	0x4
 110 0043 05       		.byte	0x5
 111 0044 FF000000 		.4byte	.LASF4
 112 0048 02       		.uleb128 0x2
 113 0049 04       		.byte	0x4
 114 004a 07       		.byte	0x7
 115 004b 26000000 		.4byte	.LASF5
 116 004f 02       		.uleb128 0x2
 117 0050 08       		.byte	0x8
 118 0051 05       		.byte	0x5
 119 0052 00000000 		.4byte	.LASF6
 120 0056 02       		.uleb128 0x2
 121 0057 08       		.byte	0x8
 122 0058 07       		.byte	0x7
 123 0059 47000000 		.4byte	.LASF7
 124 005d 03       		.uleb128 0x3
 125 005e 04       		.byte	0x4
 126 005f 05       		.byte	0x5
 127 0060 696E7400 		.ascii	"int\000"
 128 0064 02       		.uleb128 0x2
 129 0065 04       		.byte	0x4
 130 0066 07       		.byte	0x7
 131 0067 0E000000 		.4byte	.LASF8
 132 006b 04       		.uleb128 0x4
 133 006c 20000000 		.4byte	.LASF12
 134 0070 02       		.byte	0x2
 135 0071 5B       		.byte	0x5b
 136 0072 2C000000 		.4byte	0x2c
 137 0076 02       		.uleb128 0x2
 138 0077 04       		.byte	0x4
 139 0078 04       		.byte	0x4
 140 0079 5F010000 		.4byte	.LASF9
 141 007d 02       		.uleb128 0x2
 142 007e 08       		.byte	0x8
 143 007f 04       		.byte	0x4
 144 0080 16010000 		.4byte	.LASF10
 145 0084 02       		.uleb128 0x2
 146 0085 01       		.byte	0x1
 147 0086 08       		.byte	0x8
 148 0087 FA000000 		.4byte	.LASF11
 149 008b 04       		.uleb128 0x4
 150 008c 1B000000 		.4byte	.LASF13
 151 0090 02       		.byte	0x2
 152 0091 F0       		.byte	0xf0
ARM GAS  C:\Users\mgronber\AppData\Local\Temp\ccINogt5.s 			page 9


 153 0092 96000000 		.4byte	0x96
 154 0096 05       		.uleb128 0x5
 155 0097 6B000000 		.4byte	0x6b
 156 009b 02       		.uleb128 0x2
 157 009c 04       		.byte	0x4
 158 009d 07       		.byte	0x7
 159 009e D5010000 		.4byte	.LASF14
 160 00a2 06       		.uleb128 0x6
 161 00a3 65010000 		.4byte	.LASF20
 162 00a7 01       		.byte	0x1
 163 00a8 5E       		.byte	0x5e
 164 00a9 6B000000 		.4byte	0x6b
 165 00ad 00000000 		.4byte	.LFB0
 166 00b1 34000000 		.4byte	.LFE0-.LFB0
 167 00b5 01       		.uleb128 0x1
 168 00b6 9C       		.byte	0x9c
 169 00b7 07       		.uleb128 0x7
 170 00b8 38000000 		.4byte	.LASF15
 171 00bc 01       		.byte	0x1
 172 00bd 60       		.byte	0x60
 173 00be 6B000000 		.4byte	0x6b
 174 00c2 00       		.byte	0
 175 00c3 08       		.uleb128 0x8
 176 00c4 08010000 		.4byte	.LASF16
 177 00c8 01       		.byte	0x1
 178 00c9 61       		.byte	0x61
 179 00ca 6B000000 		.4byte	0x6b
 180 00ce 00000000 		.4byte	.LLST0
 181 00d2 00       		.byte	0
 182 00d3 00       		.byte	0
 183              		.section	.debug_abbrev,"",%progbits
 184              	.Ldebug_abbrev0:
 185 0000 01       		.uleb128 0x1
 186 0001 11       		.uleb128 0x11
 187 0002 01       		.byte	0x1
 188 0003 25       		.uleb128 0x25
 189 0004 0E       		.uleb128 0xe
 190 0005 13       		.uleb128 0x13
 191 0006 0B       		.uleb128 0xb
 192 0007 03       		.uleb128 0x3
 193 0008 0E       		.uleb128 0xe
 194 0009 1B       		.uleb128 0x1b
 195 000a 0E       		.uleb128 0xe
 196 000b 55       		.uleb128 0x55
 197 000c 17       		.uleb128 0x17
 198 000d 11       		.uleb128 0x11
 199 000e 01       		.uleb128 0x1
 200 000f 10       		.uleb128 0x10
 201 0010 17       		.uleb128 0x17
 202 0011 00       		.byte	0
 203 0012 00       		.byte	0
 204 0013 02       		.uleb128 0x2
 205 0014 24       		.uleb128 0x24
 206 0015 00       		.byte	0
 207 0016 0B       		.uleb128 0xb
 208 0017 0B       		.uleb128 0xb
 209 0018 3E       		.uleb128 0x3e
ARM GAS  C:\Users\mgronber\AppData\Local\Temp\ccINogt5.s 			page 10


 210 0019 0B       		.uleb128 0xb
 211 001a 03       		.uleb128 0x3
 212 001b 0E       		.uleb128 0xe
 213 001c 00       		.byte	0
 214 001d 00       		.byte	0
 215 001e 03       		.uleb128 0x3
 216 001f 24       		.uleb128 0x24
 217 0020 00       		.byte	0
 218 0021 0B       		.uleb128 0xb
 219 0022 0B       		.uleb128 0xb
 220 0023 3E       		.uleb128 0x3e
 221 0024 0B       		.uleb128 0xb
 222 0025 03       		.uleb128 0x3
 223 0026 08       		.uleb128 0x8
 224 0027 00       		.byte	0
 225 0028 00       		.byte	0
 226 0029 04       		.uleb128 0x4
 227 002a 16       		.uleb128 0x16
 228 002b 00       		.byte	0
 229 002c 03       		.uleb128 0x3
 230 002d 0E       		.uleb128 0xe
 231 002e 3A       		.uleb128 0x3a
 232 002f 0B       		.uleb128 0xb
 233 0030 3B       		.uleb128 0x3b
 234 0031 0B       		.uleb128 0xb
 235 0032 49       		.uleb128 0x49
 236 0033 13       		.uleb128 0x13
 237 0034 00       		.byte	0
 238 0035 00       		.byte	0
 239 0036 05       		.uleb128 0x5
 240 0037 35       		.uleb128 0x35
 241 0038 00       		.byte	0
 242 0039 49       		.uleb128 0x49
 243 003a 13       		.uleb128 0x13
 244 003b 00       		.byte	0
 245 003c 00       		.byte	0
 246 003d 06       		.uleb128 0x6
 247 003e 2E       		.uleb128 0x2e
 248 003f 01       		.byte	0x1
 249 0040 3F       		.uleb128 0x3f
 250 0041 19       		.uleb128 0x19
 251 0042 03       		.uleb128 0x3
 252 0043 0E       		.uleb128 0xe
 253 0044 3A       		.uleb128 0x3a
 254 0045 0B       		.uleb128 0xb
 255 0046 3B       		.uleb128 0x3b
 256 0047 0B       		.uleb128 0xb
 257 0048 27       		.uleb128 0x27
 258 0049 19       		.uleb128 0x19
 259 004a 49       		.uleb128 0x49
 260 004b 13       		.uleb128 0x13
 261 004c 11       		.uleb128 0x11
 262 004d 01       		.uleb128 0x1
 263 004e 12       		.uleb128 0x12
 264 004f 06       		.uleb128 0x6
 265 0050 40       		.uleb128 0x40
 266 0051 18       		.uleb128 0x18
ARM GAS  C:\Users\mgronber\AppData\Local\Temp\ccINogt5.s 			page 11


 267 0052 9742     		.uleb128 0x2117
 268 0054 19       		.uleb128 0x19
 269 0055 00       		.byte	0
 270 0056 00       		.byte	0
 271 0057 07       		.uleb128 0x7
 272 0058 34       		.uleb128 0x34
 273 0059 00       		.byte	0
 274 005a 03       		.uleb128 0x3
 275 005b 0E       		.uleb128 0xe
 276 005c 3A       		.uleb128 0x3a
 277 005d 0B       		.uleb128 0xb
 278 005e 3B       		.uleb128 0x3b
 279 005f 0B       		.uleb128 0xb
 280 0060 49       		.uleb128 0x49
 281 0061 13       		.uleb128 0x13
 282 0062 1C       		.uleb128 0x1c
 283 0063 0B       		.uleb128 0xb
 284 0064 00       		.byte	0
 285 0065 00       		.byte	0
 286 0066 08       		.uleb128 0x8
 287 0067 34       		.uleb128 0x34
 288 0068 00       		.byte	0
 289 0069 03       		.uleb128 0x3
 290 006a 0E       		.uleb128 0xe
 291 006b 3A       		.uleb128 0x3a
 292 006c 0B       		.uleb128 0xb
 293 006d 3B       		.uleb128 0x3b
 294 006e 0B       		.uleb128 0xb
 295 006f 49       		.uleb128 0x49
 296 0070 13       		.uleb128 0x13
 297 0071 02       		.uleb128 0x2
 298 0072 17       		.uleb128 0x17
 299 0073 00       		.byte	0
 300 0074 00       		.byte	0
 301 0075 00       		.byte	0
 302              		.section	.debug_loc,"",%progbits
 303              	.Ldebug_loc0:
 304              	.LLST0:
 305 0000 06000000 		.4byte	.LVL1
 306 0004 0A000000 		.4byte	.LVL2
 307 0008 0100     		.2byte	0x1
 308 000a 53       		.byte	0x53
 309 000b 00000000 		.4byte	0
 310 000f 00000000 		.4byte	0
 311              		.section	.debug_aranges,"",%progbits
 312 0000 1C000000 		.4byte	0x1c
 313 0004 0200     		.2byte	0x2
 314 0006 00000000 		.4byte	.Ldebug_info0
 315 000a 04       		.byte	0x4
 316 000b 00       		.byte	0
 317 000c 0000     		.2byte	0
 318 000e 0000     		.2byte	0
 319 0010 00000000 		.4byte	.LFB0
 320 0014 34000000 		.4byte	.LFE0-.LFB0
 321 0018 00000000 		.4byte	0
 322 001c 00000000 		.4byte	0
 323              		.section	.debug_ranges,"",%progbits
ARM GAS  C:\Users\mgronber\AppData\Local\Temp\ccINogt5.s 			page 12


 324              	.Ldebug_ranges0:
 325 0000 00000000 		.4byte	.LFB0
 326 0004 34000000 		.4byte	.LFE0
 327 0008 00000000 		.4byte	0
 328 000c 00000000 		.4byte	0
 329              		.section	.debug_line,"",%progbits
 330              	.Ldebug_line0:
 331 0000 80000000 		.section	.debug_str,"MS",%progbits,1
 331      02004600 
 331      00000201 
 331      FB0E0D00 
 331      01010101 
 332              	.LASF6:
 333 0000 6C6F6E67 		.ascii	"long long int\000"
 333      206C6F6E 
 333      6720696E 
 333      7400
 334              	.LASF8:
 335 000e 756E7369 		.ascii	"unsigned int\000"
 335      676E6564 
 335      20696E74 
 335      00
 336              	.LASF13:
 337 001b 72656738 		.ascii	"reg8\000"
 337      00
 338              	.LASF12:
 339 0020 75696E74 		.ascii	"uint8\000"
 339      3800
 340              	.LASF5:
 341 0026 6C6F6E67 		.ascii	"long unsigned int\000"
 341      20756E73 
 341      69676E65 
 341      6420696E 
 341      7400
 342              	.LASF15:
 343 0038 72657175 		.ascii	"requestHandled\000"
 343      65737448 
 343      616E646C 
 343      656400
 344              	.LASF7:
 345 0047 6C6F6E67 		.ascii	"long long unsigned int\000"
 345      206C6F6E 
 345      6720756E 
 345      7369676E 
 345      65642069 
 346              	.LASF17:
 347 005e 474E5520 		.ascii	"GNU C 4.9.3 20150303 (release) [ARM/embedded-4_9-br"
 347      4320342E 
 347      392E3320 
 347      32303135 
 347      30333033 
 348 0091 616E6368 		.ascii	"anch revision 221220] -mcpu=cortex-m3 -mthumb -g -O"
 348      20726576 
 348      6973696F 
 348      6E203232 
 348      31323230 
 349 00c4 32202D66 		.ascii	"2 -ffunction-sections -ffat-lto-objects\000"
ARM GAS  C:\Users\mgronber\AppData\Local\Temp\ccINogt5.s 			page 13


 349      66756E63 
 349      74696F6E 
 349      2D736563 
 349      74696F6E 
 350              	.LASF1:
 351 00ec 756E7369 		.ascii	"unsigned char\000"
 351      676E6564 
 351      20636861 
 351      7200
 352              	.LASF11:
 353 00fa 63686172 		.ascii	"char\000"
 353      00
 354              	.LASF4:
 355 00ff 6C6F6E67 		.ascii	"long int\000"
 355      20696E74 
 355      00
 356              	.LASF16:
 357 0108 626D5265 		.ascii	"bmRequestType\000"
 357      71756573 
 357      74547970 
 357      6500
 358              	.LASF10:
 359 0116 646F7562 		.ascii	"double\000"
 359      6C6500
 360              	.LASF18:
 361 011d 47656E65 		.ascii	"Generated_Source\\PSoC5\\USB_audio.c\000"
 361      72617465 
 361      645F536F 
 361      75726365 
 361      5C50536F 
 362              	.LASF3:
 363 0140 73686F72 		.ascii	"short unsigned int\000"
 363      7420756E 
 363      7369676E 
 363      65642069 
 363      6E7400
 364              	.LASF0:
 365 0153 7369676E 		.ascii	"signed char\000"
 365      65642063 
 365      68617200 
 366              	.LASF9:
 367 015f 666C6F61 		.ascii	"float\000"
 367      7400
 368              	.LASF20:
 369 0165 5553425F 		.ascii	"USB_DispatchAUDIOClassRqst\000"
 369      44697370 
 369      61746368 
 369      41554449 
 369      4F436C61 
 370              	.LASF2:
 371 0180 73686F72 		.ascii	"short int\000"
 371      7420696E 
 371      7400
 372              	.LASF19:
 373 018a 433A5C55 		.ascii	"C:\\Users\\mgronber\\Desktop\\Hummingbird\\Hummingb"
 373      73657273 
 373      5C6D6772 
ARM GAS  C:\Users\mgronber\AppData\Local\Temp\ccINogt5.s 			page 14


 373      6F6E6265 
 373      725C4465 
 374 01b8 69726428 		.ascii	"ird(Continuous Output).cydsn\000"
 374      436F6E74 
 374      696E756F 
 374      7573204F 
 374      75747075 
 375              	.LASF14:
 376 01d5 73697A65 		.ascii	"sizetype\000"
 376      74797065 
 376      00
 377              		.ident	"GCC: (GNU Tools for ARM Embedded Processors) 4.9.3 20150303 (release) [ARM/embedded-4_9-br
