--------------- Clean Started: 05/02/2017 17:00:09 Project: Hummingbird(Continuous Output), Configuration: ARM GCC 4.9-2015-q1-update Debug ---------------
Deleting file ".\CortexM3\ARM_GCC_493\Debug\main.o"
Deleting file ".\CortexM3\ARM_GCC_493\Debug\fft.o"
Deleting file ".\CortexM3\ARM_GCC_493\Debug\midi.o"
Deleting file ".\CortexM3\ARM_GCC_493\Debug\pitch.o"
Deleting file ".\CortexM3\ARM_GCC_493\Debug\hbird.o"
Deleting file ".\CortexM3\ARM_GCC_493\Debug\MIDI1_UART_INT.o"
Deleting file ".\CortexM3\ARM_GCC_493\Debug\MIDI1_UART.o"
Deleting file ".\CortexM3\ARM_GCC_493\Debug\MIDI1_UART_PM.o"
Deleting file ".\CortexM3\ARM_GCC_493\Debug\MIDI1_UART_BOOT.o"
Deleting file ".\CortexM3\ARM_GCC_493\Debug\MIDI2_UART_INT.o"
Deleting file ".\CortexM3\ARM_GCC_493\Debug\MIDI2_UART.o"
Deleting file ".\CortexM3\ARM_GCC_493\Debug\MIDI2_UART_PM.o"
Deleting file ".\CortexM3\ARM_GCC_493\Debug\MIDI2_UART_BOOT.o"
Deleting file ".\CortexM3\ARM_GCC_493\Debug\cyfitter_cfg.o"
Deleting file ".\CortexM3\ARM_GCC_493\Debug\cymetadata.o"
Deleting file ".\CortexM3\ARM_GCC_493\Debug\SW2.o"
Deleting file ".\CortexM3\ARM_GCC_493\Debug\SleepTimer.o"
Deleting file ".\CortexM3\ARM_GCC_493\Debug\SW1.o"
Deleting file ".\CortexM3\ARM_GCC_493\Debug\MIDI_PWR.o"
Deleting file ".\CortexM3\ARM_GCC_493\Debug\LED_OutB.o"
Deleting file ".\CortexM3\ARM_GCC_493\Debug\LED_InB.o"
Deleting file ".\CortexM3\ARM_GCC_493\Debug\LED_OutA.o"
Deleting file ".\CortexM3\ARM_GCC_493\Debug\LED_InA.o"
Deleting file ".\CortexM3\ARM_GCC_493\Debug\Clock_1.o"
Deleting file ".\CortexM3\ARM_GCC_493\Debug\USB.o"
Deleting file ".\CortexM3\ARM_GCC_493\Debug\USB_audio.o"
Deleting file ".\CortexM3\ARM_GCC_493\Debug\USB_boot.o"
Deleting file ".\CortexM3\ARM_GCC_493\Debug\USB_cdc.o"
Deleting file ".\CortexM3\ARM_GCC_493\Debug\USB_cls.o"
Deleting file ".\CortexM3\ARM_GCC_493\Debug\USB_descr.o"
Deleting file ".\CortexM3\ARM_GCC_493\Debug\USB_drv.o"
Deleting file ".\CortexM3\ARM_GCC_493\Debug\USB_episr.o"
Deleting file ".\CortexM3\ARM_GCC_493\Debug\USB_hid.o"
Deleting file ".\CortexM3\ARM_GCC_493\Debug\USB_pm.o"
Deleting file ".\CortexM3\ARM_GCC_493\Debug\USB_std.o"
Deleting file ".\CortexM3\ARM_GCC_493\Debug\USB_vnd.o"
Deleting file ".\CortexM3\ARM_GCC_493\Debug\USB_midi.o"
Deleting file ".\CortexM3\ARM_GCC_493\Debug\Sleep_isr.o"
Deleting file ".\CortexM3\ARM_GCC_493\Debug\USB_Dm.o"
Deleting file ".\CortexM3\ARM_GCC_493\Debug\USB_Dp.o"
Deleting file ".\CortexM3\ARM_GCC_493\Debug\Cm3Start.o"
Deleting file ".\CortexM3\ARM_GCC_493\Debug\CyBootAsmGnu.o"
Deleting file ".\CortexM3\ARM_GCC_493\Debug\CyDmac.o"
Deleting file ".\CortexM3\ARM_GCC_493\Debug\CyFlash.o"
Deleting file ".\CortexM3\ARM_GCC_493\Debug\CyLib.o"
Deleting file ".\CortexM3\ARM_GCC_493\Debug\cyPm.o"
Deleting file ".\CortexM3\ARM_GCC_493\Debug\CySpc.o"
Deleting file ".\CortexM3\ARM_GCC_493\Debug\cyutils.o"
Deleting file ".\CortexM3\ARM_GCC_493\Debug\LCD_Char_1.o"
Deleting file ".\CortexM3\ARM_GCC_493\Debug\LCD_Char_1_PM.o"
Deleting file ".\CortexM3\ARM_GCC_493\Debug\LCD_Char_1_LCDPort.o"
Deleting file ".\CortexM3\ARM_GCC_493\Debug\ADC_SAR_1.o"
Deleting file ".\CortexM3\ARM_GCC_493\Debug\ADC_SAR_1_INT.o"
Deleting file ".\CortexM3\ARM_GCC_493\Debug\ADC_SAR_1_PM.o"
Deleting file ".\CortexM3\ARM_GCC_493\Debug\MIC_IN.o"
Deleting file ".\CortexM3\ARM_GCC_493\Debug\MIC_GND.o"
Deleting file ".\CortexM3\ARM_GCC_493\Debug\Timer_1.o"
Deleting file ".\CortexM3\ARM_GCC_493\Debug\Timer_1_PM.o"
Deleting file ".\CortexM3\ARM_GCC_493\Debug\isr_1.o"
Deleting file ".\CortexM3\ARM_GCC_493\Debug\ADC_SAR_1_IRQ.o"
Deleting file ".\CortexM3\ARM_GCC_493\Debug\ADC_SAR_1_theACLK.o"
Deleting file ".\CortexM3\ARM_GCC_493\Debug\UI_TIMER.o"
Deleting file ".\CortexM3\ARM_GCC_493\Debug\UI_TIMER_PM.o"
Deleting file ".\CortexM3\ARM_GCC_493\Debug\UI_isr.o"
Deleting file ".\CortexM3\ARM_GCC_493\Debug\POT_IN_KEY.o"
Deleting file ".\CortexM3\ARM_GCC_493\Debug\POT_IN_SCALE.o"
Deleting file ".\CortexM3\ARM_GCC_493\Debug\UI_ADC.o"
Deleting file ".\CortexM3\ARM_GCC_493\Debug\UI_ADC_PM.o"
Deleting file ".\CortexM3\ARM_GCC_493\Debug\UI_ADC_INT.o"
Deleting file ".\CortexM3\ARM_GCC_493\Debug\UI_ADC_SAR.o"
Deleting file ".\CortexM3\ARM_GCC_493\Debug\UI_ADC_SAR_INT.o"
Deleting file ".\CortexM3\ARM_GCC_493\Debug\UI_ADC_SAR_PM.o"
Deleting file ".\CortexM3\ARM_GCC_493\Debug\UI_ADC_IntClock.o"
Deleting file ".\CortexM3\ARM_GCC_493\Debug\UI_ADC_TempBuf_dma.o"
Deleting file ".\CortexM3\ARM_GCC_493\Debug\UI_ADC_FinalBuf_dma.o"
Deleting file ".\CortexM3\ARM_GCC_493\Debug\UI_ADC_IRQ.o"
Deleting file ".\CortexM3\ARM_GCC_493\Debug\UART.o"
Deleting file ".\CortexM3\ARM_GCC_493\Debug\UART_PM.o"
Deleting file ".\CortexM3\ARM_GCC_493\Debug\UART_INT.o"
Deleting file ".\CortexM3\ARM_GCC_493\Debug\UART_BOOT.o"
Deleting file ".\CortexM3\ARM_GCC_493\Debug\Hummingbird(Continuous Output).hex"
Deleting file ".\CortexM3\ARM_GCC_493\Debug\Hummingbird(Continuous Output).elf"
Deleting file ".\CortexM3\ARM_GCC_493\Debug\Hummingbird(Continuous Output).map"
Deleting file ".\Hummingbird(Continuous Output).cycdx"
Deleting file ".\Hummingbird(Continuous Output).svd"
Deleting file ".\Hummingbird(Continuous Output).rpt"
Deleting file ".\Hummingbird(Continuous Output)_timing.html"
Deleting file ".\CortexM3\ARM_GCC_493\Debug\.deps\SOURCE_C__ARM_GCC_GENERIC.P"
Deleting file ".\CortexM3\ARM_GCC_493\Debug\.deps\SOURCE_ASM__ARM_GCC_GENERIC.P"
--------------- Clean Succeeded: 05/02/2017 17:00:09 ---------------
