ARM GAS  C:\Users\jmdevoto\AppData\Local\Temp\ccATlupY.s 			page 1


   1              		.syntax unified
   2              		.cpu cortex-m3
   3              		.fpu softvfp
   4              		.eabi_attribute 20, 1
   5              		.eabi_attribute 21, 1
   6              		.eabi_attribute 23, 3
   7              		.eabi_attribute 24, 1
   8              		.eabi_attribute 25, 1
   9              		.eabi_attribute 26, 1
  10              		.eabi_attribute 30, 2
  11              		.eabi_attribute 34, 1
  12              		.eabi_attribute 18, 4
  13              		.thumb
  14              		.file	"LED_InA.c"
  15              		.text
  16              	.Ltext0:
  17              		.cfi_sections	.debug_frame
  18              		.section	.text.LED_InA_Write,"ax",%progbits
  19              		.align	2
  20              		.global	LED_InA_Write
  21              		.thumb
  22              		.thumb_func
  23              		.type	LED_InA_Write, %function
  24              	LED_InA_Write:
  25              	.LFB0:
  26              		.file 1 "Generated_Source\\PSoC5\\LED_InA.c"
   1:Generated_Source\PSoC5/LED_InA.c **** /*******************************************************************************
   2:Generated_Source\PSoC5/LED_InA.c **** * File Name: LED_InA.c  
   3:Generated_Source\PSoC5/LED_InA.c **** * Version 2.5
   4:Generated_Source\PSoC5/LED_InA.c **** *
   5:Generated_Source\PSoC5/LED_InA.c **** * Description:
   6:Generated_Source\PSoC5/LED_InA.c **** *  This file contains API to enable firmware control of a Pins component.
   7:Generated_Source\PSoC5/LED_InA.c **** *
   8:Generated_Source\PSoC5/LED_InA.c **** * Note:
   9:Generated_Source\PSoC5/LED_InA.c **** *
  10:Generated_Source\PSoC5/LED_InA.c **** ********************************************************************************
  11:Generated_Source\PSoC5/LED_InA.c **** * Copyright 2008-2014, Cypress Semiconductor Corporation.  All rights reserved.
  12:Generated_Source\PSoC5/LED_InA.c **** * You may use this file only in accordance with the license, terms, conditions, 
  13:Generated_Source\PSoC5/LED_InA.c **** * disclaimers, and limitations in the end user license agreement accompanying 
  14:Generated_Source\PSoC5/LED_InA.c **** * the software package with which this file was provided.
  15:Generated_Source\PSoC5/LED_InA.c **** *******************************************************************************/
  16:Generated_Source\PSoC5/LED_InA.c **** 
  17:Generated_Source\PSoC5/LED_InA.c **** #include "cytypes.h"
  18:Generated_Source\PSoC5/LED_InA.c **** #include "LED_InA.h"
  19:Generated_Source\PSoC5/LED_InA.c **** 
  20:Generated_Source\PSoC5/LED_InA.c **** /* APIs are not generated for P15[7:6] on PSoC 5 */
  21:Generated_Source\PSoC5/LED_InA.c **** #if !(CY_PSOC5A &&\
  22:Generated_Source\PSoC5/LED_InA.c **** 	 LED_InA__PORT == 15 && ((LED_InA__MASK & 0xC0) != 0))
  23:Generated_Source\PSoC5/LED_InA.c **** 
  24:Generated_Source\PSoC5/LED_InA.c **** 
  25:Generated_Source\PSoC5/LED_InA.c **** /*******************************************************************************
  26:Generated_Source\PSoC5/LED_InA.c **** * Function Name: LED_InA_Write
  27:Generated_Source\PSoC5/LED_InA.c **** ********************************************************************************
  28:Generated_Source\PSoC5/LED_InA.c **** *
  29:Generated_Source\PSoC5/LED_InA.c **** * Summary:
  30:Generated_Source\PSoC5/LED_InA.c **** *  Assign a new value to the digital port's data output register.  
  31:Generated_Source\PSoC5/LED_InA.c **** *
ARM GAS  C:\Users\jmdevoto\AppData\Local\Temp\ccATlupY.s 			page 2


  32:Generated_Source\PSoC5/LED_InA.c **** * Parameters:  
  33:Generated_Source\PSoC5/LED_InA.c **** *  prtValue:  The value to be assigned to the Digital Port. 
  34:Generated_Source\PSoC5/LED_InA.c **** *
  35:Generated_Source\PSoC5/LED_InA.c **** * Return: 
  36:Generated_Source\PSoC5/LED_InA.c **** *  None
  37:Generated_Source\PSoC5/LED_InA.c **** *  
  38:Generated_Source\PSoC5/LED_InA.c **** *******************************************************************************/
  39:Generated_Source\PSoC5/LED_InA.c **** void LED_InA_Write(uint8 value) 
  40:Generated_Source\PSoC5/LED_InA.c **** {
  27              		.loc 1 40 0
  28              		.cfi_startproc
  29              		@ args = 0, pretend = 0, frame = 0
  30              		@ frame_needed = 0, uses_anonymous_args = 0
  31              		@ link register save eliminated.
  32              	.LVL0:
  41:Generated_Source\PSoC5/LED_InA.c ****     uint8 staticBits = (LED_InA_DR & (uint8)(~LED_InA_MASK));
  33              		.loc 1 41 0
  34 0000 044A     		ldr	r2, .L2
  35 0002 1378     		ldrb	r3, [r2]	@ zero_extendqisi2
  36              	.LVL1:
  37 0004 03F07F03 		and	r3, r3, #127
  38              	.LVL2:
  42:Generated_Source\PSoC5/LED_InA.c ****     LED_InA_DR = staticBits | ((uint8)(value << LED_InA_SHIFT) & LED_InA_MASK);
  39              		.loc 1 42 0
  40 0008 43EAC010 		orr	r0, r3, r0, lsl #7
  41              	.LVL3:
  42 000c C0B2     		uxtb	r0, r0
  43 000e 1070     		strb	r0, [r2]
  44 0010 7047     		bx	lr
  45              	.L3:
  46 0012 00BF     		.align	2
  47              	.L2:
  48 0014 00510040 		.word	1073762560
  49              		.cfi_endproc
  50              	.LFE0:
  51              		.size	LED_InA_Write, .-LED_InA_Write
  52              		.section	.text.LED_InA_SetDriveMode,"ax",%progbits
  53              		.align	2
  54              		.global	LED_InA_SetDriveMode
  55              		.thumb
  56              		.thumb_func
  57              		.type	LED_InA_SetDriveMode, %function
  58              	LED_InA_SetDriveMode:
  59              	.LFB1:
  43:Generated_Source\PSoC5/LED_InA.c **** }
  44:Generated_Source\PSoC5/LED_InA.c **** 
  45:Generated_Source\PSoC5/LED_InA.c **** 
  46:Generated_Source\PSoC5/LED_InA.c **** /*******************************************************************************
  47:Generated_Source\PSoC5/LED_InA.c **** * Function Name: LED_InA_SetDriveMode
  48:Generated_Source\PSoC5/LED_InA.c **** ********************************************************************************
  49:Generated_Source\PSoC5/LED_InA.c **** *
  50:Generated_Source\PSoC5/LED_InA.c **** * Summary:
  51:Generated_Source\PSoC5/LED_InA.c **** *  Change the drive mode on the pins of the port.
  52:Generated_Source\PSoC5/LED_InA.c **** * 
  53:Generated_Source\PSoC5/LED_InA.c **** * Parameters:  
  54:Generated_Source\PSoC5/LED_InA.c **** *  mode:  Change the pins to one of the following drive modes.
  55:Generated_Source\PSoC5/LED_InA.c **** *
ARM GAS  C:\Users\jmdevoto\AppData\Local\Temp\ccATlupY.s 			page 3


  56:Generated_Source\PSoC5/LED_InA.c **** *  LED_InA_DM_STRONG     Strong Drive 
  57:Generated_Source\PSoC5/LED_InA.c **** *  LED_InA_DM_OD_HI      Open Drain, Drives High 
  58:Generated_Source\PSoC5/LED_InA.c **** *  LED_InA_DM_OD_LO      Open Drain, Drives Low 
  59:Generated_Source\PSoC5/LED_InA.c **** *  LED_InA_DM_RES_UP     Resistive Pull Up 
  60:Generated_Source\PSoC5/LED_InA.c **** *  LED_InA_DM_RES_DWN    Resistive Pull Down 
  61:Generated_Source\PSoC5/LED_InA.c **** *  LED_InA_DM_RES_UPDWN  Resistive Pull Up/Down 
  62:Generated_Source\PSoC5/LED_InA.c **** *  LED_InA_DM_DIG_HIZ    High Impedance Digital 
  63:Generated_Source\PSoC5/LED_InA.c **** *  LED_InA_DM_ALG_HIZ    High Impedance Analog 
  64:Generated_Source\PSoC5/LED_InA.c **** *
  65:Generated_Source\PSoC5/LED_InA.c **** * Return: 
  66:Generated_Source\PSoC5/LED_InA.c **** *  None
  67:Generated_Source\PSoC5/LED_InA.c **** *
  68:Generated_Source\PSoC5/LED_InA.c **** *******************************************************************************/
  69:Generated_Source\PSoC5/LED_InA.c **** void LED_InA_SetDriveMode(uint8 mode) 
  70:Generated_Source\PSoC5/LED_InA.c **** {
  60              		.loc 1 70 0
  61              		.cfi_startproc
  62              		@ args = 0, pretend = 0, frame = 0
  63              		@ frame_needed = 0, uses_anonymous_args = 0
  64              		@ link register save eliminated.
  65              	.LVL4:
  71:Generated_Source\PSoC5/LED_InA.c **** 	CyPins_SetPinDriveMode(LED_InA_0, mode);
  66              		.loc 1 71 0
  67 0000 044A     		ldr	r2, .L5
  68 0002 00F00E00 		and	r0, r0, #14
  69              	.LVL5:
  70 0006 1378     		ldrb	r3, [r2]	@ zero_extendqisi2
  71 0008 03F0F103 		and	r3, r3, #241
  72 000c 1843     		orrs	r0, r0, r3
  73 000e 1070     		strb	r0, [r2]
  74 0010 7047     		bx	lr
  75              	.L6:
  76 0012 00BF     		.align	2
  77              	.L5:
  78 0014 07500040 		.word	1073762311
  79              		.cfi_endproc
  80              	.LFE1:
  81              		.size	LED_InA_SetDriveMode, .-LED_InA_SetDriveMode
  82              		.section	.text.LED_InA_Read,"ax",%progbits
  83              		.align	2
  84              		.global	LED_InA_Read
  85              		.thumb
  86              		.thumb_func
  87              		.type	LED_InA_Read, %function
  88              	LED_InA_Read:
  89              	.LFB2:
  72:Generated_Source\PSoC5/LED_InA.c **** }
  73:Generated_Source\PSoC5/LED_InA.c **** 
  74:Generated_Source\PSoC5/LED_InA.c **** 
  75:Generated_Source\PSoC5/LED_InA.c **** /*******************************************************************************
  76:Generated_Source\PSoC5/LED_InA.c **** * Function Name: LED_InA_Read
  77:Generated_Source\PSoC5/LED_InA.c **** ********************************************************************************
  78:Generated_Source\PSoC5/LED_InA.c **** *
  79:Generated_Source\PSoC5/LED_InA.c **** * Summary:
  80:Generated_Source\PSoC5/LED_InA.c **** *  Read the current value on the pins of the Digital Port in right justified 
  81:Generated_Source\PSoC5/LED_InA.c **** *  form.
  82:Generated_Source\PSoC5/LED_InA.c **** *
ARM GAS  C:\Users\jmdevoto\AppData\Local\Temp\ccATlupY.s 			page 4


  83:Generated_Source\PSoC5/LED_InA.c **** * Parameters:  
  84:Generated_Source\PSoC5/LED_InA.c **** *  None
  85:Generated_Source\PSoC5/LED_InA.c **** *
  86:Generated_Source\PSoC5/LED_InA.c **** * Return: 
  87:Generated_Source\PSoC5/LED_InA.c **** *  Returns the current value of the Digital Port as a right justified number
  88:Generated_Source\PSoC5/LED_InA.c **** *  
  89:Generated_Source\PSoC5/LED_InA.c **** * Note:
  90:Generated_Source\PSoC5/LED_InA.c **** *  Macro LED_InA_ReadPS calls this function. 
  91:Generated_Source\PSoC5/LED_InA.c **** *  
  92:Generated_Source\PSoC5/LED_InA.c **** *******************************************************************************/
  93:Generated_Source\PSoC5/LED_InA.c **** uint8 LED_InA_Read(void) 
  94:Generated_Source\PSoC5/LED_InA.c **** {
  90              		.loc 1 94 0
  91              		.cfi_startproc
  92              		@ args = 0, pretend = 0, frame = 0
  93              		@ frame_needed = 0, uses_anonymous_args = 0
  94              		@ link register save eliminated.
  95:Generated_Source\PSoC5/LED_InA.c ****     return (LED_InA_PS & LED_InA_MASK) >> LED_InA_SHIFT;
  95              		.loc 1 95 0
  96 0000 014B     		ldr	r3, .L8
  97 0002 1878     		ldrb	r0, [r3]	@ zero_extendqisi2
  96:Generated_Source\PSoC5/LED_InA.c **** }
  98              		.loc 1 96 0
  99 0004 C009     		lsrs	r0, r0, #7
 100 0006 7047     		bx	lr
 101              	.L9:
 102              		.align	2
 103              	.L8:
 104 0008 01510040 		.word	1073762561
 105              		.cfi_endproc
 106              	.LFE2:
 107              		.size	LED_InA_Read, .-LED_InA_Read
 108              		.section	.text.LED_InA_ReadDataReg,"ax",%progbits
 109              		.align	2
 110              		.global	LED_InA_ReadDataReg
 111              		.thumb
 112              		.thumb_func
 113              		.type	LED_InA_ReadDataReg, %function
 114              	LED_InA_ReadDataReg:
 115              	.LFB3:
  97:Generated_Source\PSoC5/LED_InA.c **** 
  98:Generated_Source\PSoC5/LED_InA.c **** 
  99:Generated_Source\PSoC5/LED_InA.c **** /*******************************************************************************
 100:Generated_Source\PSoC5/LED_InA.c **** * Function Name: LED_InA_ReadDataReg
 101:Generated_Source\PSoC5/LED_InA.c **** ********************************************************************************
 102:Generated_Source\PSoC5/LED_InA.c **** *
 103:Generated_Source\PSoC5/LED_InA.c **** * Summary:
 104:Generated_Source\PSoC5/LED_InA.c **** *  Read the current value assigned to a Digital Port's data output register
 105:Generated_Source\PSoC5/LED_InA.c **** *
 106:Generated_Source\PSoC5/LED_InA.c **** * Parameters:  
 107:Generated_Source\PSoC5/LED_InA.c **** *  None 
 108:Generated_Source\PSoC5/LED_InA.c **** *
 109:Generated_Source\PSoC5/LED_InA.c **** * Return: 
 110:Generated_Source\PSoC5/LED_InA.c **** *  Returns the current value assigned to the Digital Port's data output register
 111:Generated_Source\PSoC5/LED_InA.c **** *  
 112:Generated_Source\PSoC5/LED_InA.c **** *******************************************************************************/
 113:Generated_Source\PSoC5/LED_InA.c **** uint8 LED_InA_ReadDataReg(void) 
ARM GAS  C:\Users\jmdevoto\AppData\Local\Temp\ccATlupY.s 			page 5


 114:Generated_Source\PSoC5/LED_InA.c **** {
 116              		.loc 1 114 0
 117              		.cfi_startproc
 118              		@ args = 0, pretend = 0, frame = 0
 119              		@ frame_needed = 0, uses_anonymous_args = 0
 120              		@ link register save eliminated.
 115:Generated_Source\PSoC5/LED_InA.c ****     return (LED_InA_DR & LED_InA_MASK) >> LED_InA_SHIFT;
 121              		.loc 1 115 0
 122 0000 014B     		ldr	r3, .L11
 123 0002 1878     		ldrb	r0, [r3]	@ zero_extendqisi2
 116:Generated_Source\PSoC5/LED_InA.c **** }
 124              		.loc 1 116 0
 125 0004 C009     		lsrs	r0, r0, #7
 126 0006 7047     		bx	lr
 127              	.L12:
 128              		.align	2
 129              	.L11:
 130 0008 00510040 		.word	1073762560
 131              		.cfi_endproc
 132              	.LFE3:
 133              		.size	LED_InA_ReadDataReg, .-LED_InA_ReadDataReg
 134              		.text
 135              	.Letext0:
 136              		.file 2 "Generated_Source\\PSoC5\\cytypes.h"
 137              		.section	.debug_info,"",%progbits
 138              	.Ldebug_info0:
 139 0000 1B010000 		.4byte	0x11b
 140 0004 0400     		.2byte	0x4
 141 0006 00000000 		.4byte	.Ldebug_abbrev0
 142 000a 04       		.byte	0x4
 143 000b 01       		.uleb128 0x1
 144 000c 11000000 		.4byte	.LASF20
 145 0010 01       		.byte	0x1
 146 0011 61010000 		.4byte	.LASF21
 147 0015 9D010000 		.4byte	.LASF22
 148 0019 00000000 		.4byte	.Ldebug_ranges0+0
 149 001d 00000000 		.4byte	0
 150 0021 00000000 		.4byte	.Ldebug_line0
 151 0025 02       		.uleb128 0x2
 152 0026 01       		.byte	0x1
 153 0027 06       		.byte	0x6
 154 0028 91010000 		.4byte	.LASF0
 155 002c 02       		.uleb128 0x2
 156 002d 01       		.byte	0x1
 157 002e 08       		.byte	0x8
 158 002f A5000000 		.4byte	.LASF1
 159 0033 02       		.uleb128 0x2
 160 0034 02       		.byte	0x2
 161 0035 05       		.byte	0x5
 162 0036 57010000 		.4byte	.LASF2
 163 003a 02       		.uleb128 0x2
 164 003b 02       		.byte	0x2
 165 003c 07       		.byte	0x7
 166 003d DE000000 		.4byte	.LASF3
 167 0041 02       		.uleb128 0x2
 168 0042 04       		.byte	0x4
 169 0043 05       		.byte	0x5
ARM GAS  C:\Users\jmdevoto\AppData\Local\Temp\ccATlupY.s 			page 6


 170 0044 88010000 		.4byte	.LASF4
 171 0048 02       		.uleb128 0x2
 172 0049 04       		.byte	0x4
 173 004a 07       		.byte	0x7
 174 004b CC000000 		.4byte	.LASF5
 175 004f 02       		.uleb128 0x2
 176 0050 08       		.byte	0x8
 177 0051 05       		.byte	0x5
 178 0052 44010000 		.4byte	.LASF6
 179 0056 02       		.uleb128 0x2
 180 0057 08       		.byte	0x8
 181 0058 07       		.byte	0x7
 182 0059 1A010000 		.4byte	.LASF7
 183 005d 03       		.uleb128 0x3
 184 005e 04       		.byte	0x4
 185 005f 05       		.byte	0x5
 186 0060 696E7400 		.ascii	"int\000"
 187 0064 02       		.uleb128 0x2
 188 0065 04       		.byte	0x4
 189 0066 07       		.byte	0x7
 190 0067 0D010000 		.4byte	.LASF8
 191 006b 04       		.uleb128 0x4
 192 006c 82010000 		.4byte	.LASF12
 193 0070 02       		.byte	0x2
 194 0071 5B       		.byte	0x5b
 195 0072 2C000000 		.4byte	0x2c
 196 0076 02       		.uleb128 0x2
 197 0077 04       		.byte	0x4
 198 0078 04       		.byte	0x4
 199 0079 9F000000 		.4byte	.LASF9
 200 007d 02       		.uleb128 0x2
 201 007e 08       		.byte	0x8
 202 007f 04       		.byte	0x4
 203 0080 06010000 		.4byte	.LASF10
 204 0084 02       		.uleb128 0x2
 205 0085 01       		.byte	0x1
 206 0086 08       		.byte	0x8
 207 0087 52010000 		.4byte	.LASF11
 208 008b 04       		.uleb128 0x4
 209 008c B3000000 		.4byte	.LASF13
 210 0090 02       		.byte	0x2
 211 0091 F0       		.byte	0xf0
 212 0092 96000000 		.4byte	0x96
 213 0096 05       		.uleb128 0x5
 214 0097 6B000000 		.4byte	0x6b
 215 009b 06       		.uleb128 0x6
 216 009c 31010000 		.4byte	.LASF14
 217 00a0 01       		.byte	0x1
 218 00a1 27       		.byte	0x27
 219 00a2 00000000 		.4byte	.LFB0
 220 00a6 18000000 		.4byte	.LFE0-.LFB0
 221 00aa 01       		.uleb128 0x1
 222 00ab 9C       		.byte	0x9c
 223 00ac CF000000 		.4byte	0xcf
 224 00b0 07       		.uleb128 0x7
 225 00b1 00000000 		.4byte	.LASF16
 226 00b5 01       		.byte	0x1
ARM GAS  C:\Users\jmdevoto\AppData\Local\Temp\ccATlupY.s 			page 7


 227 00b6 27       		.byte	0x27
 228 00b7 6B000000 		.4byte	0x6b
 229 00bb 00000000 		.4byte	.LLST0
 230 00bf 08       		.uleb128 0x8
 231 00c0 06000000 		.4byte	.LASF23
 232 00c4 01       		.byte	0x1
 233 00c5 29       		.byte	0x29
 234 00c6 6B000000 		.4byte	0x6b
 235 00ca 21000000 		.4byte	.LLST1
 236 00ce 00       		.byte	0
 237 00cf 06       		.uleb128 0x6
 238 00d0 F1000000 		.4byte	.LASF15
 239 00d4 01       		.byte	0x1
 240 00d5 45       		.byte	0x45
 241 00d6 00000000 		.4byte	.LFB1
 242 00da 18000000 		.4byte	.LFE1-.LFB1
 243 00de 01       		.uleb128 0x1
 244 00df 9C       		.byte	0x9c
 245 00e0 F4000000 		.4byte	0xf4
 246 00e4 07       		.uleb128 0x7
 247 00e5 3F010000 		.4byte	.LASF17
 248 00e9 01       		.byte	0x1
 249 00ea 45       		.byte	0x45
 250 00eb 6B000000 		.4byte	0x6b
 251 00ef 39000000 		.4byte	.LLST2
 252 00f3 00       		.byte	0
 253 00f4 09       		.uleb128 0x9
 254 00f5 FF010000 		.4byte	.LASF18
 255 00f9 01       		.byte	0x1
 256 00fa 5D       		.byte	0x5d
 257 00fb 6B000000 		.4byte	0x6b
 258 00ff 00000000 		.4byte	.LFB2
 259 0103 0C000000 		.4byte	.LFE2-.LFB2
 260 0107 01       		.uleb128 0x1
 261 0108 9C       		.byte	0x9c
 262 0109 09       		.uleb128 0x9
 263 010a B8000000 		.4byte	.LASF19
 264 010e 01       		.byte	0x1
 265 010f 71       		.byte	0x71
 266 0110 6B000000 		.4byte	0x6b
 267 0114 00000000 		.4byte	.LFB3
 268 0118 0C000000 		.4byte	.LFE3-.LFB3
 269 011c 01       		.uleb128 0x1
 270 011d 9C       		.byte	0x9c
 271 011e 00       		.byte	0
 272              		.section	.debug_abbrev,"",%progbits
 273              	.Ldebug_abbrev0:
 274 0000 01       		.uleb128 0x1
 275 0001 11       		.uleb128 0x11
 276 0002 01       		.byte	0x1
 277 0003 25       		.uleb128 0x25
 278 0004 0E       		.uleb128 0xe
 279 0005 13       		.uleb128 0x13
 280 0006 0B       		.uleb128 0xb
 281 0007 03       		.uleb128 0x3
 282 0008 0E       		.uleb128 0xe
 283 0009 1B       		.uleb128 0x1b
ARM GAS  C:\Users\jmdevoto\AppData\Local\Temp\ccATlupY.s 			page 8


 284 000a 0E       		.uleb128 0xe
 285 000b 55       		.uleb128 0x55
 286 000c 17       		.uleb128 0x17
 287 000d 11       		.uleb128 0x11
 288 000e 01       		.uleb128 0x1
 289 000f 10       		.uleb128 0x10
 290 0010 17       		.uleb128 0x17
 291 0011 00       		.byte	0
 292 0012 00       		.byte	0
 293 0013 02       		.uleb128 0x2
 294 0014 24       		.uleb128 0x24
 295 0015 00       		.byte	0
 296 0016 0B       		.uleb128 0xb
 297 0017 0B       		.uleb128 0xb
 298 0018 3E       		.uleb128 0x3e
 299 0019 0B       		.uleb128 0xb
 300 001a 03       		.uleb128 0x3
 301 001b 0E       		.uleb128 0xe
 302 001c 00       		.byte	0
 303 001d 00       		.byte	0
 304 001e 03       		.uleb128 0x3
 305 001f 24       		.uleb128 0x24
 306 0020 00       		.byte	0
 307 0021 0B       		.uleb128 0xb
 308 0022 0B       		.uleb128 0xb
 309 0023 3E       		.uleb128 0x3e
 310 0024 0B       		.uleb128 0xb
 311 0025 03       		.uleb128 0x3
 312 0026 08       		.uleb128 0x8
 313 0027 00       		.byte	0
 314 0028 00       		.byte	0
 315 0029 04       		.uleb128 0x4
 316 002a 16       		.uleb128 0x16
 317 002b 00       		.byte	0
 318 002c 03       		.uleb128 0x3
 319 002d 0E       		.uleb128 0xe
 320 002e 3A       		.uleb128 0x3a
 321 002f 0B       		.uleb128 0xb
 322 0030 3B       		.uleb128 0x3b
 323 0031 0B       		.uleb128 0xb
 324 0032 49       		.uleb128 0x49
 325 0033 13       		.uleb128 0x13
 326 0034 00       		.byte	0
 327 0035 00       		.byte	0
 328 0036 05       		.uleb128 0x5
 329 0037 35       		.uleb128 0x35
 330 0038 00       		.byte	0
 331 0039 49       		.uleb128 0x49
 332 003a 13       		.uleb128 0x13
 333 003b 00       		.byte	0
 334 003c 00       		.byte	0
 335 003d 06       		.uleb128 0x6
 336 003e 2E       		.uleb128 0x2e
 337 003f 01       		.byte	0x1
 338 0040 3F       		.uleb128 0x3f
 339 0041 19       		.uleb128 0x19
 340 0042 03       		.uleb128 0x3
ARM GAS  C:\Users\jmdevoto\AppData\Local\Temp\ccATlupY.s 			page 9


 341 0043 0E       		.uleb128 0xe
 342 0044 3A       		.uleb128 0x3a
 343 0045 0B       		.uleb128 0xb
 344 0046 3B       		.uleb128 0x3b
 345 0047 0B       		.uleb128 0xb
 346 0048 27       		.uleb128 0x27
 347 0049 19       		.uleb128 0x19
 348 004a 11       		.uleb128 0x11
 349 004b 01       		.uleb128 0x1
 350 004c 12       		.uleb128 0x12
 351 004d 06       		.uleb128 0x6
 352 004e 40       		.uleb128 0x40
 353 004f 18       		.uleb128 0x18
 354 0050 9742     		.uleb128 0x2117
 355 0052 19       		.uleb128 0x19
 356 0053 01       		.uleb128 0x1
 357 0054 13       		.uleb128 0x13
 358 0055 00       		.byte	0
 359 0056 00       		.byte	0
 360 0057 07       		.uleb128 0x7
 361 0058 05       		.uleb128 0x5
 362 0059 00       		.byte	0
 363 005a 03       		.uleb128 0x3
 364 005b 0E       		.uleb128 0xe
 365 005c 3A       		.uleb128 0x3a
 366 005d 0B       		.uleb128 0xb
 367 005e 3B       		.uleb128 0x3b
 368 005f 0B       		.uleb128 0xb
 369 0060 49       		.uleb128 0x49
 370 0061 13       		.uleb128 0x13
 371 0062 02       		.uleb128 0x2
 372 0063 17       		.uleb128 0x17
 373 0064 00       		.byte	0
 374 0065 00       		.byte	0
 375 0066 08       		.uleb128 0x8
 376 0067 34       		.uleb128 0x34
 377 0068 00       		.byte	0
 378 0069 03       		.uleb128 0x3
 379 006a 0E       		.uleb128 0xe
 380 006b 3A       		.uleb128 0x3a
 381 006c 0B       		.uleb128 0xb
 382 006d 3B       		.uleb128 0x3b
 383 006e 0B       		.uleb128 0xb
 384 006f 49       		.uleb128 0x49
 385 0070 13       		.uleb128 0x13
 386 0071 02       		.uleb128 0x2
 387 0072 17       		.uleb128 0x17
 388 0073 00       		.byte	0
 389 0074 00       		.byte	0
 390 0075 09       		.uleb128 0x9
 391 0076 2E       		.uleb128 0x2e
 392 0077 00       		.byte	0
 393 0078 3F       		.uleb128 0x3f
 394 0079 19       		.uleb128 0x19
 395 007a 03       		.uleb128 0x3
 396 007b 0E       		.uleb128 0xe
 397 007c 3A       		.uleb128 0x3a
ARM GAS  C:\Users\jmdevoto\AppData\Local\Temp\ccATlupY.s 			page 10


 398 007d 0B       		.uleb128 0xb
 399 007e 3B       		.uleb128 0x3b
 400 007f 0B       		.uleb128 0xb
 401 0080 27       		.uleb128 0x27
 402 0081 19       		.uleb128 0x19
 403 0082 49       		.uleb128 0x49
 404 0083 13       		.uleb128 0x13
 405 0084 11       		.uleb128 0x11
 406 0085 01       		.uleb128 0x1
 407 0086 12       		.uleb128 0x12
 408 0087 06       		.uleb128 0x6
 409 0088 40       		.uleb128 0x40
 410 0089 18       		.uleb128 0x18
 411 008a 9742     		.uleb128 0x2117
 412 008c 19       		.uleb128 0x19
 413 008d 00       		.byte	0
 414 008e 00       		.byte	0
 415 008f 00       		.byte	0
 416              		.section	.debug_loc,"",%progbits
 417              	.Ldebug_loc0:
 418              	.LLST0:
 419 0000 00000000 		.4byte	.LVL0
 420 0004 0C000000 		.4byte	.LVL3
 421 0008 0100     		.2byte	0x1
 422 000a 50       		.byte	0x50
 423 000b 0C000000 		.4byte	.LVL3
 424 000f 18000000 		.4byte	.LFE0
 425 0013 0400     		.2byte	0x4
 426 0015 F3       		.byte	0xf3
 427 0016 01       		.uleb128 0x1
 428 0017 50       		.byte	0x50
 429 0018 9F       		.byte	0x9f
 430 0019 00000000 		.4byte	0
 431 001d 00000000 		.4byte	0
 432              	.LLST1:
 433 0021 04000000 		.4byte	.LVL1
 434 0025 08000000 		.4byte	.LVL2
 435 0029 0600     		.2byte	0x6
 436 002b 73       		.byte	0x73
 437 002c 00       		.sleb128 0
 438 002d 08       		.byte	0x8
 439 002e 7F       		.byte	0x7f
 440 002f 1A       		.byte	0x1a
 441 0030 9F       		.byte	0x9f
 442 0031 00000000 		.4byte	0
 443 0035 00000000 		.4byte	0
 444              	.LLST2:
 445 0039 00000000 		.4byte	.LVL4
 446 003d 06000000 		.4byte	.LVL5
 447 0041 0100     		.2byte	0x1
 448 0043 50       		.byte	0x50
 449 0044 06000000 		.4byte	.LVL5
 450 0048 18000000 		.4byte	.LFE1
 451 004c 0400     		.2byte	0x4
 452 004e F3       		.byte	0xf3
 453 004f 01       		.uleb128 0x1
 454 0050 50       		.byte	0x50
ARM GAS  C:\Users\jmdevoto\AppData\Local\Temp\ccATlupY.s 			page 11


 455 0051 9F       		.byte	0x9f
 456 0052 00000000 		.4byte	0
 457 0056 00000000 		.4byte	0
 458              		.section	.debug_aranges,"",%progbits
 459 0000 34000000 		.4byte	0x34
 460 0004 0200     		.2byte	0x2
 461 0006 00000000 		.4byte	.Ldebug_info0
 462 000a 04       		.byte	0x4
 463 000b 00       		.byte	0
 464 000c 0000     		.2byte	0
 465 000e 0000     		.2byte	0
 466 0010 00000000 		.4byte	.LFB0
 467 0014 18000000 		.4byte	.LFE0-.LFB0
 468 0018 00000000 		.4byte	.LFB1
 469 001c 18000000 		.4byte	.LFE1-.LFB1
 470 0020 00000000 		.4byte	.LFB2
 471 0024 0C000000 		.4byte	.LFE2-.LFB2
 472 0028 00000000 		.4byte	.LFB3
 473 002c 0C000000 		.4byte	.LFE3-.LFB3
 474 0030 00000000 		.4byte	0
 475 0034 00000000 		.4byte	0
 476              		.section	.debug_ranges,"",%progbits
 477              	.Ldebug_ranges0:
 478 0000 00000000 		.4byte	.LFB0
 479 0004 18000000 		.4byte	.LFE0
 480 0008 00000000 		.4byte	.LFB1
 481 000c 18000000 		.4byte	.LFE1
 482 0010 00000000 		.4byte	.LFB2
 483 0014 0C000000 		.4byte	.LFE2
 484 0018 00000000 		.4byte	.LFB3
 485 001c 0C000000 		.4byte	.LFE3
 486 0020 00000000 		.4byte	0
 487 0024 00000000 		.4byte	0
 488              		.section	.debug_line,"",%progbits
 489              	.Ldebug_line0:
 490 0000 90000000 		.section	.debug_str,"MS",%progbits,1
 490      02004400 
 490      00000201 
 490      FB0E0D00 
 490      01010101 
 491              	.LASF16:
 492 0000 76616C75 		.ascii	"value\000"
 492      6500
 493              	.LASF23:
 494 0006 73746174 		.ascii	"staticBits\000"
 494      69634269 
 494      747300
 495              	.LASF20:
 496 0011 474E5520 		.ascii	"GNU C 4.9.3 20150303 (release) [ARM/embedded-4_9-br"
 496      4320342E 
 496      392E3320 
 496      32303135 
 496      30333033 
 497 0044 616E6368 		.ascii	"anch revision 221220] -mcpu=cortex-m3 -mthumb -g -O"
 497      20726576 
 497      6973696F 
 497      6E203232 
ARM GAS  C:\Users\jmdevoto\AppData\Local\Temp\ccATlupY.s 			page 12


 497      31323230 
 498 0077 32202D66 		.ascii	"2 -ffunction-sections -ffat-lto-objects\000"
 498      66756E63 
 498      74696F6E 
 498      2D736563 
 498      74696F6E 
 499              	.LASF9:
 500 009f 666C6F61 		.ascii	"float\000"
 500      7400
 501              	.LASF1:
 502 00a5 756E7369 		.ascii	"unsigned char\000"
 502      676E6564 
 502      20636861 
 502      7200
 503              	.LASF13:
 504 00b3 72656738 		.ascii	"reg8\000"
 504      00
 505              	.LASF19:
 506 00b8 4C45445F 		.ascii	"LED_InA_ReadDataReg\000"
 506      496E415F 
 506      52656164 
 506      44617461 
 506      52656700 
 507              	.LASF5:
 508 00cc 6C6F6E67 		.ascii	"long unsigned int\000"
 508      20756E73 
 508      69676E65 
 508      6420696E 
 508      7400
 509              	.LASF3:
 510 00de 73686F72 		.ascii	"short unsigned int\000"
 510      7420756E 
 510      7369676E 
 510      65642069 
 510      6E7400
 511              	.LASF15:
 512 00f1 4C45445F 		.ascii	"LED_InA_SetDriveMode\000"
 512      496E415F 
 512      53657444 
 512      72697665 
 512      4D6F6465 
 513              	.LASF10:
 514 0106 646F7562 		.ascii	"double\000"
 514      6C6500
 515              	.LASF8:
 516 010d 756E7369 		.ascii	"unsigned int\000"
 516      676E6564 
 516      20696E74 
 516      00
 517              	.LASF7:
 518 011a 6C6F6E67 		.ascii	"long long unsigned int\000"
 518      206C6F6E 
 518      6720756E 
 518      7369676E 
 518      65642069 
 519              	.LASF14:
 520 0131 4C45445F 		.ascii	"LED_InA_Write\000"
ARM GAS  C:\Users\jmdevoto\AppData\Local\Temp\ccATlupY.s 			page 13


 520      496E415F 
 520      57726974 
 520      6500
 521              	.LASF17:
 522 013f 6D6F6465 		.ascii	"mode\000"
 522      00
 523              	.LASF6:
 524 0144 6C6F6E67 		.ascii	"long long int\000"
 524      206C6F6E 
 524      6720696E 
 524      7400
 525              	.LASF11:
 526 0152 63686172 		.ascii	"char\000"
 526      00
 527              	.LASF2:
 528 0157 73686F72 		.ascii	"short int\000"
 528      7420696E 
 528      7400
 529              	.LASF21:
 530 0161 47656E65 		.ascii	"Generated_Source\\PSoC5\\LED_InA.c\000"
 530      72617465 
 530      645F536F 
 530      75726365 
 530      5C50536F 
 531              	.LASF12:
 532 0182 75696E74 		.ascii	"uint8\000"
 532      3800
 533              	.LASF4:
 534 0188 6C6F6E67 		.ascii	"long int\000"
 534      20696E74 
 534      00
 535              	.LASF0:
 536 0191 7369676E 		.ascii	"signed char\000"
 536      65642063 
 536      68617200 
 537              	.LASF22:
 538 019d 433A5C55 		.ascii	"C:\\Users\\jmdevoto\\Desktop\\Builds\\(4-24-17)Humm"
 538      73657273 
 538      5C6A6D64 
 538      65766F74 
 538      6F5C4465 
 539 01cb 696E6762 		.ascii	"ingbird-059-v1\\Hummingbird(Continuous Output).cyds"
 539      6972642D 
 539      3035392D 
 539      76315C48 
 539      756D6D69 
 540 01fd 6E00     		.ascii	"n\000"
 541              	.LASF18:
 542 01ff 4C45445F 		.ascii	"LED_InA_Read\000"
 542      496E415F 
 542      52656164 
 542      00
 543              		.ident	"GCC: (GNU Tools for ARM Embedded Processors) 4.9.3 20150303 (release) [ARM/embedded-4_9-br
