ARM GAS  C:\Users\jmdevoto\AppData\Local\Temp\ccNyAJUk.s 			page 1


   1              		.syntax unified
   2              		.cpu cortex-m3
   3              		.fpu softvfp
   4              		.eabi_attribute 20, 1
   5              		.eabi_attribute 21, 1
   6              		.eabi_attribute 23, 3
   7              		.eabi_attribute 24, 1
   8              		.eabi_attribute 25, 1
   9              		.eabi_attribute 26, 1
  10              		.eabi_attribute 30, 2
  11              		.eabi_attribute 34, 1
  12              		.eabi_attribute 18, 4
  13              		.thumb
  14              		.file	"UI_ADC_PM.c"
  15              		.text
  16              	.Ltext0:
  17              		.cfi_sections	.debug_frame
  18              		.section	.text.UI_ADC_Sleep,"ax",%progbits
  19              		.align	2
  20              		.global	UI_ADC_Sleep
  21              		.thumb
  22              		.thumb_func
  23              		.type	UI_ADC_Sleep, %function
  24              	UI_ADC_Sleep:
  25              	.LFB0:
  26              		.file 1 "Generated_Source\\PSoC5\\UI_ADC_PM.c"
   1:Generated_Source\PSoC5/UI_ADC_PM.c **** /*******************************************************************************
   2:Generated_Source\PSoC5/UI_ADC_PM.c **** * File Name: UI_ADC_PM.c
   3:Generated_Source\PSoC5/UI_ADC_PM.c **** * Version 2.0
   4:Generated_Source\PSoC5/UI_ADC_PM.c **** *
   5:Generated_Source\PSoC5/UI_ADC_PM.c **** * Description:
   6:Generated_Source\PSoC5/UI_ADC_PM.c **** *  This file contains the setup, control and status commands to support
   7:Generated_Source\PSoC5/UI_ADC_PM.c **** *  component operations in low power mode.
   8:Generated_Source\PSoC5/UI_ADC_PM.c **** *
   9:Generated_Source\PSoC5/UI_ADC_PM.c **** * Note:
  10:Generated_Source\PSoC5/UI_ADC_PM.c **** *
  11:Generated_Source\PSoC5/UI_ADC_PM.c **** ********************************************************************************
  12:Generated_Source\PSoC5/UI_ADC_PM.c **** * Copyright 2012-2015, Cypress Semiconductor Corporation.  All rights reserved.
  13:Generated_Source\PSoC5/UI_ADC_PM.c **** * You may use this file only in accordance with the license, terms, conditions,
  14:Generated_Source\PSoC5/UI_ADC_PM.c **** * disclaimers, and limitations in the end user license agreement accompanying
  15:Generated_Source\PSoC5/UI_ADC_PM.c **** * the software package with which this file was provided.
  16:Generated_Source\PSoC5/UI_ADC_PM.c **** *******************************************************************************/
  17:Generated_Source\PSoC5/UI_ADC_PM.c **** 
  18:Generated_Source\PSoC5/UI_ADC_PM.c **** #include "UI_ADC.h"
  19:Generated_Source\PSoC5/UI_ADC_PM.c **** #include "UI_ADC_SAR.h"
  20:Generated_Source\PSoC5/UI_ADC_PM.c **** #if(UI_ADC_CLOCK_SOURCE == UI_ADC_CLOCK_INTERNAL)
  21:Generated_Source\PSoC5/UI_ADC_PM.c ****     #include "UI_ADC_IntClock.h"
  22:Generated_Source\PSoC5/UI_ADC_PM.c **** #endif   /* UI_ADC_CLOCK_SOURCE == UI_ADC_CLOCK_INTERNAL */
  23:Generated_Source\PSoC5/UI_ADC_PM.c **** 
  24:Generated_Source\PSoC5/UI_ADC_PM.c **** 
  25:Generated_Source\PSoC5/UI_ADC_PM.c **** /*******************************************************************************
  26:Generated_Source\PSoC5/UI_ADC_PM.c **** * Function Name: UI_ADC_Sleep
  27:Generated_Source\PSoC5/UI_ADC_PM.c **** ********************************************************************************
  28:Generated_Source\PSoC5/UI_ADC_PM.c **** *
  29:Generated_Source\PSoC5/UI_ADC_PM.c **** * Summary:
  30:Generated_Source\PSoC5/UI_ADC_PM.c **** *  Stops the ADC operation and saves the configuration registers and component
  31:Generated_Source\PSoC5/UI_ADC_PM.c **** *  enable state. Should be called just prior to entering sleep
ARM GAS  C:\Users\jmdevoto\AppData\Local\Temp\ccNyAJUk.s 			page 2


  32:Generated_Source\PSoC5/UI_ADC_PM.c **** *
  33:Generated_Source\PSoC5/UI_ADC_PM.c **** * Parameters:
  34:Generated_Source\PSoC5/UI_ADC_PM.c **** *  None.
  35:Generated_Source\PSoC5/UI_ADC_PM.c **** *
  36:Generated_Source\PSoC5/UI_ADC_PM.c **** * Return:
  37:Generated_Source\PSoC5/UI_ADC_PM.c **** *  None.
  38:Generated_Source\PSoC5/UI_ADC_PM.c **** *
  39:Generated_Source\PSoC5/UI_ADC_PM.c **** * Side Effects:
  40:Generated_Source\PSoC5/UI_ADC_PM.c **** *  None.
  41:Generated_Source\PSoC5/UI_ADC_PM.c **** *
  42:Generated_Source\PSoC5/UI_ADC_PM.c **** * Reentrant:
  43:Generated_Source\PSoC5/UI_ADC_PM.c **** *  No.
  44:Generated_Source\PSoC5/UI_ADC_PM.c **** *
  45:Generated_Source\PSoC5/UI_ADC_PM.c **** *******************************************************************************/
  46:Generated_Source\PSoC5/UI_ADC_PM.c **** void UI_ADC_Sleep(void)
  47:Generated_Source\PSoC5/UI_ADC_PM.c **** {
  27              		.loc 1 47 0
  28              		.cfi_startproc
  29              		@ args = 0, pretend = 0, frame = 0
  30              		@ frame_needed = 0, uses_anonymous_args = 0
  31 0000 08B5     		push	{r3, lr}
  32              		.cfi_def_cfa_offset 8
  33              		.cfi_offset 3, -8
  34              		.cfi_offset 14, -4
  48:Generated_Source\PSoC5/UI_ADC_PM.c ****     UI_ADC_SAR_Stop();
  35              		.loc 1 48 0
  36 0002 FFF7FEFF 		bl	UI_ADC_SAR_Stop
  37              	.LVL0:
  49:Generated_Source\PSoC5/UI_ADC_PM.c ****     UI_ADC_SAR_Sleep();
  38              		.loc 1 49 0
  39 0006 FFF7FEFF 		bl	UI_ADC_SAR_Sleep
  40              	.LVL1:
  50:Generated_Source\PSoC5/UI_ADC_PM.c ****     UI_ADC_Disable();
  41              		.loc 1 50 0
  42 000a FFF7FEFF 		bl	UI_ADC_Disable
  43              	.LVL2:
  51:Generated_Source\PSoC5/UI_ADC_PM.c **** 
  52:Generated_Source\PSoC5/UI_ADC_PM.c ****     #if(UI_ADC_CLOCK_SOURCE == UI_ADC_CLOCK_INTERNAL)
  53:Generated_Source\PSoC5/UI_ADC_PM.c ****         UI_ADC_IntClock_Stop();
  54:Generated_Source\PSoC5/UI_ADC_PM.c ****     #endif   /* UI_ADC_CLOCK_SOURCE == UI_ADC_CLOCK_INTERNAL */
  55:Generated_Source\PSoC5/UI_ADC_PM.c **** }
  44              		.loc 1 55 0
  45 000e BDE80840 		pop	{r3, lr}
  46              		.cfi_restore 14
  47              		.cfi_restore 3
  48              		.cfi_def_cfa_offset 0
  53:Generated_Source\PSoC5/UI_ADC_PM.c ****     #endif   /* UI_ADC_CLOCK_SOURCE == UI_ADC_CLOCK_INTERNAL */
  49              		.loc 1 53 0
  50 0012 FFF7FEBF 		b	UI_ADC_IntClock_Stop
  51              	.LVL3:
  52              		.cfi_endproc
  53              	.LFE0:
  54              		.size	UI_ADC_Sleep, .-UI_ADC_Sleep
  55 0016 00BF     		.section	.text.UI_ADC_Wakeup,"ax",%progbits
  56              		.align	2
  57              		.global	UI_ADC_Wakeup
  58              		.thumb
ARM GAS  C:\Users\jmdevoto\AppData\Local\Temp\ccNyAJUk.s 			page 3


  59              		.thumb_func
  60              		.type	UI_ADC_Wakeup, %function
  61              	UI_ADC_Wakeup:
  62              	.LFB1:
  56:Generated_Source\PSoC5/UI_ADC_PM.c **** 
  57:Generated_Source\PSoC5/UI_ADC_PM.c **** 
  58:Generated_Source\PSoC5/UI_ADC_PM.c **** /*******************************************************************************
  59:Generated_Source\PSoC5/UI_ADC_PM.c **** * Function Name: UI_ADC_Wakeup
  60:Generated_Source\PSoC5/UI_ADC_PM.c **** ********************************************************************************
  61:Generated_Source\PSoC5/UI_ADC_PM.c **** *
  62:Generated_Source\PSoC5/UI_ADC_PM.c **** * Summary:
  63:Generated_Source\PSoC5/UI_ADC_PM.c **** *  Restores the component enable state and configuration registers. This should
  64:Generated_Source\PSoC5/UI_ADC_PM.c **** *  be called just after awaking from sleep mode
  65:Generated_Source\PSoC5/UI_ADC_PM.c **** *
  66:Generated_Source\PSoC5/UI_ADC_PM.c **** * Parameters:
  67:Generated_Source\PSoC5/UI_ADC_PM.c **** *  None.
  68:Generated_Source\PSoC5/UI_ADC_PM.c **** *
  69:Generated_Source\PSoC5/UI_ADC_PM.c **** * Return:
  70:Generated_Source\PSoC5/UI_ADC_PM.c **** *  None.
  71:Generated_Source\PSoC5/UI_ADC_PM.c **** *
  72:Generated_Source\PSoC5/UI_ADC_PM.c **** * Side Effects:
  73:Generated_Source\PSoC5/UI_ADC_PM.c **** *  None.
  74:Generated_Source\PSoC5/UI_ADC_PM.c **** *
  75:Generated_Source\PSoC5/UI_ADC_PM.c **** * Reentrant:
  76:Generated_Source\PSoC5/UI_ADC_PM.c **** *  No.
  77:Generated_Source\PSoC5/UI_ADC_PM.c **** *
  78:Generated_Source\PSoC5/UI_ADC_PM.c **** *******************************************************************************/
  79:Generated_Source\PSoC5/UI_ADC_PM.c **** void UI_ADC_Wakeup(void)
  80:Generated_Source\PSoC5/UI_ADC_PM.c **** {
  63              		.loc 1 80 0
  64              		.cfi_startproc
  65              		@ args = 0, pretend = 0, frame = 0
  66              		@ frame_needed = 0, uses_anonymous_args = 0
  67 0000 08B5     		push	{r3, lr}
  68              		.cfi_def_cfa_offset 8
  69              		.cfi_offset 3, -8
  70              		.cfi_offset 14, -4
  81:Generated_Source\PSoC5/UI_ADC_PM.c ****     UI_ADC_SAR_Wakeup();
  71              		.loc 1 81 0
  72 0002 FFF7FEFF 		bl	UI_ADC_SAR_Wakeup
  73              	.LVL4:
  82:Generated_Source\PSoC5/UI_ADC_PM.c ****     UI_ADC_SAR_Enable();
  74              		.loc 1 82 0
  75 0006 FFF7FEFF 		bl	UI_ADC_SAR_Enable
  76              	.LVL5:
  83:Generated_Source\PSoC5/UI_ADC_PM.c **** 
  84:Generated_Source\PSoC5/UI_ADC_PM.c ****     #if(UI_ADC_CLOCK_SOURCE == UI_ADC_CLOCK_INTERNAL)
  85:Generated_Source\PSoC5/UI_ADC_PM.c ****         UI_ADC_IntClock_Start();
  77              		.loc 1 85 0
  78 000a FFF7FEFF 		bl	UI_ADC_IntClock_Start
  79              	.LVL6:
  86:Generated_Source\PSoC5/UI_ADC_PM.c ****     #endif   /* UI_ADC_CLOCK_SOURCE == UI_ADC_CLOCK_INTERNAL */
  87:Generated_Source\PSoC5/UI_ADC_PM.c **** 
  88:Generated_Source\PSoC5/UI_ADC_PM.c ****     /* The block is ready to use 10 us after the SAR enable signal is set high. */
  89:Generated_Source\PSoC5/UI_ADC_PM.c ****     CyDelayUs(10u);
  80              		.loc 1 89 0
  81 000e 0A20     		movs	r0, #10
ARM GAS  C:\Users\jmdevoto\AppData\Local\Temp\ccNyAJUk.s 			page 4


  82 0010 FFF7FEFF 		bl	CyDelayUs
  83              	.LVL7:
  90:Generated_Source\PSoC5/UI_ADC_PM.c ****     
  91:Generated_Source\PSoC5/UI_ADC_PM.c ****     UI_ADC_Enable();
  84              		.loc 1 91 0
  85 0014 FFF7FEFF 		bl	UI_ADC_Enable
  86              	.LVL8:
  92:Generated_Source\PSoC5/UI_ADC_PM.c **** 
  93:Generated_Source\PSoC5/UI_ADC_PM.c ****     #if(UI_ADC_SAMPLE_MODE == UI_ADC_SAMPLE_MODE_FREE_RUNNING)
  94:Generated_Source\PSoC5/UI_ADC_PM.c ****         UI_ADC_SAR_StartConvert();
  87              		.loc 1 94 0
  88 0018 FFF7FEFF 		bl	UI_ADC_SAR_StartConvert
  89              	.LVL9:
  95:Generated_Source\PSoC5/UI_ADC_PM.c ****     #endif /* (UI_ADC_SAMPLE_MODE == UI_ADC_SAMPLE_MODE_FREE_RUNNING) */
  96:Generated_Source\PSoC5/UI_ADC_PM.c **** 
  97:Generated_Source\PSoC5/UI_ADC_PM.c ****     (void) CY_GET_REG8(UI_ADC_STATUS_PTR);
  90              		.loc 1 97 0
  91 001c 014B     		ldr	r3, .L5
  92 001e 1B78     		ldrb	r3, [r3]	@ zero_extendqisi2
  93 0020 08BD     		pop	{r3, pc}
  94              	.L6:
  95 0022 00BF     		.align	2
  96              	.L5:
  97 0024 68650040 		.word	1073767784
  98              		.cfi_endproc
  99              	.LFE1:
 100              		.size	UI_ADC_Wakeup, .-UI_ADC_Wakeup
 101              		.section	.text.UI_ADC_SaveConfig,"ax",%progbits
 102              		.align	2
 103              		.global	UI_ADC_SaveConfig
 104              		.thumb
 105              		.thumb_func
 106              		.type	UI_ADC_SaveConfig, %function
 107              	UI_ADC_SaveConfig:
 108              	.LFB2:
  98:Generated_Source\PSoC5/UI_ADC_PM.c **** }
  99:Generated_Source\PSoC5/UI_ADC_PM.c **** 
 100:Generated_Source\PSoC5/UI_ADC_PM.c **** 
 101:Generated_Source\PSoC5/UI_ADC_PM.c **** /*******************************************************************************
 102:Generated_Source\PSoC5/UI_ADC_PM.c **** * Function Name: UI_ADC_SaveConfig
 103:Generated_Source\PSoC5/UI_ADC_PM.c **** ********************************************************************************
 104:Generated_Source\PSoC5/UI_ADC_PM.c **** *
 105:Generated_Source\PSoC5/UI_ADC_PM.c **** * Summary:
 106:Generated_Source\PSoC5/UI_ADC_PM.c **** *  Save the current configuration of ADC non-retention registers
 107:Generated_Source\PSoC5/UI_ADC_PM.c **** *
 108:Generated_Source\PSoC5/UI_ADC_PM.c **** * Parameters:
 109:Generated_Source\PSoC5/UI_ADC_PM.c **** *  None.
 110:Generated_Source\PSoC5/UI_ADC_PM.c **** *
 111:Generated_Source\PSoC5/UI_ADC_PM.c **** * Return:
 112:Generated_Source\PSoC5/UI_ADC_PM.c **** *  None.
 113:Generated_Source\PSoC5/UI_ADC_PM.c **** *
 114:Generated_Source\PSoC5/UI_ADC_PM.c **** * Side Effects:
 115:Generated_Source\PSoC5/UI_ADC_PM.c **** *  None.
 116:Generated_Source\PSoC5/UI_ADC_PM.c **** *
 117:Generated_Source\PSoC5/UI_ADC_PM.c **** * Reentrant:
 118:Generated_Source\PSoC5/UI_ADC_PM.c **** *  No.
 119:Generated_Source\PSoC5/UI_ADC_PM.c **** *
ARM GAS  C:\Users\jmdevoto\AppData\Local\Temp\ccNyAJUk.s 			page 5


 120:Generated_Source\PSoC5/UI_ADC_PM.c **** *******************************************************************************/
 121:Generated_Source\PSoC5/UI_ADC_PM.c **** void UI_ADC_SaveConfig(void)
 122:Generated_Source\PSoC5/UI_ADC_PM.c **** {
 109              		.loc 1 122 0
 110              		.cfi_startproc
 111              		@ args = 0, pretend = 0, frame = 0
 112              		@ frame_needed = 0, uses_anonymous_args = 0
 113              		@ link register save eliminated.
 114 0000 7047     		bx	lr
 115              		.cfi_endproc
 116              	.LFE2:
 117              		.size	UI_ADC_SaveConfig, .-UI_ADC_SaveConfig
 118 0002 00BF     		.section	.text.UI_ADC_RestoreConfig,"ax",%progbits
 119              		.align	2
 120              		.global	UI_ADC_RestoreConfig
 121              		.thumb
 122              		.thumb_func
 123              		.type	UI_ADC_RestoreConfig, %function
 124              	UI_ADC_RestoreConfig:
 125              	.LFB3:
 123:Generated_Source\PSoC5/UI_ADC_PM.c **** 
 124:Generated_Source\PSoC5/UI_ADC_PM.c **** }
 125:Generated_Source\PSoC5/UI_ADC_PM.c **** 
 126:Generated_Source\PSoC5/UI_ADC_PM.c **** 
 127:Generated_Source\PSoC5/UI_ADC_PM.c **** /*******************************************************************************
 128:Generated_Source\PSoC5/UI_ADC_PM.c **** * Function Name: UI_ADC_RestoreConfig
 129:Generated_Source\PSoC5/UI_ADC_PM.c **** ********************************************************************************
 130:Generated_Source\PSoC5/UI_ADC_PM.c **** *
 131:Generated_Source\PSoC5/UI_ADC_PM.c **** * Summary:
 132:Generated_Source\PSoC5/UI_ADC_PM.c **** *  Restores the configuration of ADC non-retention registers
 133:Generated_Source\PSoC5/UI_ADC_PM.c **** *
 134:Generated_Source\PSoC5/UI_ADC_PM.c **** * Parameters:
 135:Generated_Source\PSoC5/UI_ADC_PM.c **** *  None.
 136:Generated_Source\PSoC5/UI_ADC_PM.c **** *
 137:Generated_Source\PSoC5/UI_ADC_PM.c **** * Return:
 138:Generated_Source\PSoC5/UI_ADC_PM.c **** *  None.
 139:Generated_Source\PSoC5/UI_ADC_PM.c **** *
 140:Generated_Source\PSoC5/UI_ADC_PM.c **** * Side Effects:
 141:Generated_Source\PSoC5/UI_ADC_PM.c **** *  None.
 142:Generated_Source\PSoC5/UI_ADC_PM.c **** *
 143:Generated_Source\PSoC5/UI_ADC_PM.c **** * Reentrant:
 144:Generated_Source\PSoC5/UI_ADC_PM.c **** *  No.
 145:Generated_Source\PSoC5/UI_ADC_PM.c **** *
 146:Generated_Source\PSoC5/UI_ADC_PM.c **** *******************************************************************************/
 147:Generated_Source\PSoC5/UI_ADC_PM.c **** void UI_ADC_RestoreConfig(void)
 148:Generated_Source\PSoC5/UI_ADC_PM.c **** {
 126              		.loc 1 148 0
 127              		.cfi_startproc
 128              		@ args = 0, pretend = 0, frame = 0
 129              		@ frame_needed = 0, uses_anonymous_args = 0
 130              		@ link register save eliminated.
 131 0000 7047     		bx	lr
 132              		.cfi_endproc
 133              	.LFE3:
 134              		.size	UI_ADC_RestoreConfig, .-UI_ADC_RestoreConfig
 135 0002 00BF     		.text
 136              	.Letext0:
ARM GAS  C:\Users\jmdevoto\AppData\Local\Temp\ccNyAJUk.s 			page 6


 137              		.file 2 "Generated_Source\\PSoC5\\cytypes.h"
 138              		.file 3 "Generated_Source\\PSoC5\\UI_ADC_SAR.h"
 139              		.file 4 "Generated_Source\\PSoC5\\UI_ADC.h"
 140              		.file 5 "Generated_Source\\PSoC5\\UI_ADC_IntClock.h"
 141              		.file 6 "Generated_Source\\PSoC5\\CyLib.h"
 142              		.section	.debug_info,"",%progbits
 143              	.Ldebug_info0:
 144 0000 AC010000 		.4byte	0x1ac
 145 0004 0400     		.2byte	0x4
 146 0006 00000000 		.4byte	.Ldebug_abbrev0
 147 000a 04       		.byte	0x4
 148 000b 01       		.uleb128 0x1
 149 000c BB000000 		.4byte	.LASF29
 150 0010 01       		.byte	0x1
 151 0011 C4010000 		.4byte	.LASF30
 152 0015 00000000 		.4byte	.LASF31
 153 0019 00000000 		.4byte	.Ldebug_ranges0+0
 154 001d 00000000 		.4byte	0
 155 0021 00000000 		.4byte	.Ldebug_line0
 156 0025 02       		.uleb128 0x2
 157 0026 01       		.byte	0x1
 158 0027 06       		.byte	0x6
 159 0028 8A020000 		.4byte	.LASF0
 160 002c 02       		.uleb128 0x2
 161 002d 01       		.byte	0x1
 162 002e 08       		.byte	0x8
 163 002f 5D010000 		.4byte	.LASF1
 164 0033 02       		.uleb128 0x2
 165 0034 02       		.byte	0x2
 166 0035 05       		.byte	0x5
 167 0036 58020000 		.4byte	.LASF2
 168 003a 02       		.uleb128 0x2
 169 003b 02       		.byte	0x2
 170 003c 07       		.byte	0x7
 171 003d 62000000 		.4byte	.LASF3
 172 0041 02       		.uleb128 0x2
 173 0042 04       		.byte	0x4
 174 0043 05       		.byte	0x5
 175 0044 62020000 		.4byte	.LASF4
 176 0048 02       		.uleb128 0x2
 177 0049 04       		.byte	0x4
 178 004a 07       		.byte	0x7
 179 004b 86010000 		.4byte	.LASF5
 180 004f 02       		.uleb128 0x2
 181 0050 08       		.byte	0x8
 182 0051 05       		.byte	0x5
 183 0052 3B020000 		.4byte	.LASF6
 184 0056 02       		.uleb128 0x2
 185 0057 08       		.byte	0x8
 186 0058 07       		.byte	0x7
 187 0059 F4010000 		.4byte	.LASF7
 188 005d 03       		.uleb128 0x3
 189 005e 04       		.byte	0x4
 190 005f 05       		.byte	0x5
 191 0060 696E7400 		.ascii	"int\000"
 192 0064 02       		.uleb128 0x2
 193 0065 04       		.byte	0x4
ARM GAS  C:\Users\jmdevoto\AppData\Local\Temp\ccNyAJUk.s 			page 7


 194 0066 07       		.byte	0x7
 195 0067 E7010000 		.4byte	.LASF8
 196 006b 04       		.uleb128 0x4
 197 006c 98010000 		.4byte	.LASF9
 198 0070 02       		.byte	0x2
 199 0071 5B       		.byte	0x5b
 200 0072 2C000000 		.4byte	0x2c
 201 0076 04       		.uleb128 0x4
 202 0077 BD010000 		.4byte	.LASF10
 203 007b 02       		.byte	0x2
 204 007c 5C       		.byte	0x5c
 205 007d 3A000000 		.4byte	0x3a
 206 0081 02       		.uleb128 0x2
 207 0082 04       		.byte	0x4
 208 0083 04       		.byte	0x4
 209 0084 49010000 		.4byte	.LASF11
 210 0088 02       		.uleb128 0x2
 211 0089 08       		.byte	0x8
 212 008a 04       		.byte	0x4
 213 008b B6010000 		.4byte	.LASF12
 214 008f 02       		.uleb128 0x2
 215 0090 01       		.byte	0x1
 216 0091 08       		.byte	0x8
 217 0092 53020000 		.4byte	.LASF13
 218 0096 04       		.uleb128 0x4
 219 0097 6B010000 		.4byte	.LASF14
 220 009b 02       		.byte	0x2
 221 009c F0       		.byte	0xf0
 222 009d A1000000 		.4byte	0xa1
 223 00a1 05       		.uleb128 0x5
 224 00a2 6B000000 		.4byte	0x6b
 225 00a6 02       		.uleb128 0x2
 226 00a7 04       		.byte	0x4
 227 00a8 07       		.byte	0x7
 228 00a9 32020000 		.4byte	.LASF15
 229 00ad 06       		.uleb128 0x6
 230 00ae 7D020000 		.4byte	.LASF16
 231 00b2 01       		.byte	0x1
 232 00b3 2E       		.byte	0x2e
 233 00b4 00000000 		.4byte	.LFB0
 234 00b8 16000000 		.4byte	.LFE0-.LFB0
 235 00bc 01       		.uleb128 0x1
 236 00bd 9C       		.byte	0x9c
 237 00be E7000000 		.4byte	0xe7
 238 00c2 07       		.uleb128 0x7
 239 00c3 06000000 		.4byte	.LVL0
 240 00c7 5F010000 		.4byte	0x15f
 241 00cb 07       		.uleb128 0x7
 242 00cc 0A000000 		.4byte	.LVL1
 243 00d0 66010000 		.4byte	0x166
 244 00d4 07       		.uleb128 0x7
 245 00d5 0E000000 		.4byte	.LVL2
 246 00d9 6D010000 		.4byte	0x16d
 247 00dd 08       		.uleb128 0x8
 248 00de 16000000 		.4byte	.LVL3
 249 00e2 74010000 		.4byte	0x174
 250 00e6 00       		.byte	0
ARM GAS  C:\Users\jmdevoto\AppData\Local\Temp\ccNyAJUk.s 			page 8


 251 00e7 06       		.uleb128 0x6
 252 00e8 96020000 		.4byte	.LASF17
 253 00ec 01       		.byte	0x1
 254 00ed 4F       		.byte	0x4f
 255 00ee 00000000 		.4byte	.LFB1
 256 00f2 28000000 		.4byte	.LFE1-.LFB1
 257 00f6 01       		.uleb128 0x1
 258 00f7 9C       		.byte	0x9c
 259 00f8 3D010000 		.4byte	0x13d
 260 00fc 07       		.uleb128 0x7
 261 00fd 06000000 		.4byte	.LVL4
 262 0101 7B010000 		.4byte	0x17b
 263 0105 07       		.uleb128 0x7
 264 0106 0A000000 		.4byte	.LVL5
 265 010a 82010000 		.4byte	0x182
 266 010e 07       		.uleb128 0x7
 267 010f 0E000000 		.4byte	.LVL6
 268 0113 89010000 		.4byte	0x189
 269 0117 09       		.uleb128 0x9
 270 0118 14000000 		.4byte	.LVL7
 271 011c 90010000 		.4byte	0x190
 272 0120 2A010000 		.4byte	0x12a
 273 0124 0A       		.uleb128 0xa
 274 0125 01       		.uleb128 0x1
 275 0126 50       		.byte	0x50
 276 0127 01       		.uleb128 0x1
 277 0128 3A       		.byte	0x3a
 278 0129 00       		.byte	0
 279 012a 07       		.uleb128 0x7
 280 012b 18000000 		.4byte	.LVL8
 281 012f A1010000 		.4byte	0x1a1
 282 0133 07       		.uleb128 0x7
 283 0134 1C000000 		.4byte	.LVL9
 284 0138 A8010000 		.4byte	0x1a8
 285 013c 00       		.byte	0
 286 013d 0B       		.uleb128 0xb
 287 013e 75000000 		.4byte	.LASF18
 288 0142 01       		.byte	0x1
 289 0143 79       		.byte	0x79
 290 0144 00000000 		.4byte	.LFB2
 291 0148 02000000 		.4byte	.LFE2-.LFB2
 292 014c 01       		.uleb128 0x1
 293 014d 9C       		.byte	0x9c
 294 014e 0B       		.uleb128 0xb
 295 014f 0B020000 		.4byte	.LASF19
 296 0153 01       		.byte	0x1
 297 0154 93       		.byte	0x93
 298 0155 00000000 		.4byte	.LFB3
 299 0159 02000000 		.4byte	.LFE3-.LFB3
 300 015d 01       		.uleb128 0x1
 301 015e 9C       		.byte	0x9c
 302 015f 0C       		.uleb128 0xc
 303 0160 87000000 		.4byte	.LASF20
 304 0164 03       		.byte	0x3
 305 0165 35       		.byte	0x35
 306 0166 0C       		.uleb128 0xc
 307 0167 A4020000 		.4byte	.LASF21
ARM GAS  C:\Users\jmdevoto\AppData\Local\Temp\ccNyAJUk.s 			page 9


 308 016b 03       		.byte	0x3
 309 016c 48       		.byte	0x48
 310 016d 0C       		.uleb128 0xc
 311 016e AC000000 		.4byte	.LASF22
 312 0172 04       		.byte	0x4
 313 0173 30       		.byte	0x30
 314 0174 0C       		.uleb128 0xc
 315 0175 97000000 		.4byte	.LASF23
 316 0179 05       		.byte	0x5
 317 017a 28       		.byte	0x28
 318 017b 0C       		.uleb128 0xc
 319 017c 20020000 		.4byte	.LASF24
 320 0180 03       		.byte	0x3
 321 0181 49       		.byte	0x49
 322 0182 0C       		.uleb128 0xc
 323 0183 6B020000 		.4byte	.LASF25
 324 0187 03       		.byte	0x3
 325 0188 44       		.byte	0x44
 326 0189 0C       		.uleb128 0xc
 327 018a 70010000 		.4byte	.LASF26
 328 018e 05       		.byte	0x5
 329 018f 27       		.byte	0x27
 330 0190 0D       		.uleb128 0xd
 331 0191 49020000 		.4byte	.LASF32
 332 0195 06       		.byte	0x6
 333 0196 78       		.byte	0x78
 334 0197 A1010000 		.4byte	0x1a1
 335 019b 0E       		.uleb128 0xe
 336 019c 76000000 		.4byte	0x76
 337 01a0 00       		.byte	0
 338 01a1 0C       		.uleb128 0xc
 339 01a2 4F010000 		.4byte	.LASF27
 340 01a6 04       		.byte	0x4
 341 01a7 2F       		.byte	0x2f
 342 01a8 0C       		.uleb128 0xc
 343 01a9 9E010000 		.4byte	.LASF28
 344 01ad 03       		.byte	0x3
 345 01ae D1       		.byte	0xd1
 346 01af 00       		.byte	0
 347              		.section	.debug_abbrev,"",%progbits
 348              	.Ldebug_abbrev0:
 349 0000 01       		.uleb128 0x1
 350 0001 11       		.uleb128 0x11
 351 0002 01       		.byte	0x1
 352 0003 25       		.uleb128 0x25
 353 0004 0E       		.uleb128 0xe
 354 0005 13       		.uleb128 0x13
 355 0006 0B       		.uleb128 0xb
 356 0007 03       		.uleb128 0x3
 357 0008 0E       		.uleb128 0xe
 358 0009 1B       		.uleb128 0x1b
 359 000a 0E       		.uleb128 0xe
 360 000b 55       		.uleb128 0x55
 361 000c 17       		.uleb128 0x17
 362 000d 11       		.uleb128 0x11
 363 000e 01       		.uleb128 0x1
 364 000f 10       		.uleb128 0x10
ARM GAS  C:\Users\jmdevoto\AppData\Local\Temp\ccNyAJUk.s 			page 10


 365 0010 17       		.uleb128 0x17
 366 0011 00       		.byte	0
 367 0012 00       		.byte	0
 368 0013 02       		.uleb128 0x2
 369 0014 24       		.uleb128 0x24
 370 0015 00       		.byte	0
 371 0016 0B       		.uleb128 0xb
 372 0017 0B       		.uleb128 0xb
 373 0018 3E       		.uleb128 0x3e
 374 0019 0B       		.uleb128 0xb
 375 001a 03       		.uleb128 0x3
 376 001b 0E       		.uleb128 0xe
 377 001c 00       		.byte	0
 378 001d 00       		.byte	0
 379 001e 03       		.uleb128 0x3
 380 001f 24       		.uleb128 0x24
 381 0020 00       		.byte	0
 382 0021 0B       		.uleb128 0xb
 383 0022 0B       		.uleb128 0xb
 384 0023 3E       		.uleb128 0x3e
 385 0024 0B       		.uleb128 0xb
 386 0025 03       		.uleb128 0x3
 387 0026 08       		.uleb128 0x8
 388 0027 00       		.byte	0
 389 0028 00       		.byte	0
 390 0029 04       		.uleb128 0x4
 391 002a 16       		.uleb128 0x16
 392 002b 00       		.byte	0
 393 002c 03       		.uleb128 0x3
 394 002d 0E       		.uleb128 0xe
 395 002e 3A       		.uleb128 0x3a
 396 002f 0B       		.uleb128 0xb
 397 0030 3B       		.uleb128 0x3b
 398 0031 0B       		.uleb128 0xb
 399 0032 49       		.uleb128 0x49
 400 0033 13       		.uleb128 0x13
 401 0034 00       		.byte	0
 402 0035 00       		.byte	0
 403 0036 05       		.uleb128 0x5
 404 0037 35       		.uleb128 0x35
 405 0038 00       		.byte	0
 406 0039 49       		.uleb128 0x49
 407 003a 13       		.uleb128 0x13
 408 003b 00       		.byte	0
 409 003c 00       		.byte	0
 410 003d 06       		.uleb128 0x6
 411 003e 2E       		.uleb128 0x2e
 412 003f 01       		.byte	0x1
 413 0040 3F       		.uleb128 0x3f
 414 0041 19       		.uleb128 0x19
 415 0042 03       		.uleb128 0x3
 416 0043 0E       		.uleb128 0xe
 417 0044 3A       		.uleb128 0x3a
 418 0045 0B       		.uleb128 0xb
 419 0046 3B       		.uleb128 0x3b
 420 0047 0B       		.uleb128 0xb
 421 0048 27       		.uleb128 0x27
ARM GAS  C:\Users\jmdevoto\AppData\Local\Temp\ccNyAJUk.s 			page 11


 422 0049 19       		.uleb128 0x19
 423 004a 11       		.uleb128 0x11
 424 004b 01       		.uleb128 0x1
 425 004c 12       		.uleb128 0x12
 426 004d 06       		.uleb128 0x6
 427 004e 40       		.uleb128 0x40
 428 004f 18       		.uleb128 0x18
 429 0050 9742     		.uleb128 0x2117
 430 0052 19       		.uleb128 0x19
 431 0053 01       		.uleb128 0x1
 432 0054 13       		.uleb128 0x13
 433 0055 00       		.byte	0
 434 0056 00       		.byte	0
 435 0057 07       		.uleb128 0x7
 436 0058 898201   		.uleb128 0x4109
 437 005b 00       		.byte	0
 438 005c 11       		.uleb128 0x11
 439 005d 01       		.uleb128 0x1
 440 005e 31       		.uleb128 0x31
 441 005f 13       		.uleb128 0x13
 442 0060 00       		.byte	0
 443 0061 00       		.byte	0
 444 0062 08       		.uleb128 0x8
 445 0063 898201   		.uleb128 0x4109
 446 0066 00       		.byte	0
 447 0067 11       		.uleb128 0x11
 448 0068 01       		.uleb128 0x1
 449 0069 9542     		.uleb128 0x2115
 450 006b 19       		.uleb128 0x19
 451 006c 31       		.uleb128 0x31
 452 006d 13       		.uleb128 0x13
 453 006e 00       		.byte	0
 454 006f 00       		.byte	0
 455 0070 09       		.uleb128 0x9
 456 0071 898201   		.uleb128 0x4109
 457 0074 01       		.byte	0x1
 458 0075 11       		.uleb128 0x11
 459 0076 01       		.uleb128 0x1
 460 0077 31       		.uleb128 0x31
 461 0078 13       		.uleb128 0x13
 462 0079 01       		.uleb128 0x1
 463 007a 13       		.uleb128 0x13
 464 007b 00       		.byte	0
 465 007c 00       		.byte	0
 466 007d 0A       		.uleb128 0xa
 467 007e 8A8201   		.uleb128 0x410a
 468 0081 00       		.byte	0
 469 0082 02       		.uleb128 0x2
 470 0083 18       		.uleb128 0x18
 471 0084 9142     		.uleb128 0x2111
 472 0086 18       		.uleb128 0x18
 473 0087 00       		.byte	0
 474 0088 00       		.byte	0
 475 0089 0B       		.uleb128 0xb
 476 008a 2E       		.uleb128 0x2e
 477 008b 00       		.byte	0
 478 008c 3F       		.uleb128 0x3f
ARM GAS  C:\Users\jmdevoto\AppData\Local\Temp\ccNyAJUk.s 			page 12


 479 008d 19       		.uleb128 0x19
 480 008e 03       		.uleb128 0x3
 481 008f 0E       		.uleb128 0xe
 482 0090 3A       		.uleb128 0x3a
 483 0091 0B       		.uleb128 0xb
 484 0092 3B       		.uleb128 0x3b
 485 0093 0B       		.uleb128 0xb
 486 0094 27       		.uleb128 0x27
 487 0095 19       		.uleb128 0x19
 488 0096 11       		.uleb128 0x11
 489 0097 01       		.uleb128 0x1
 490 0098 12       		.uleb128 0x12
 491 0099 06       		.uleb128 0x6
 492 009a 40       		.uleb128 0x40
 493 009b 18       		.uleb128 0x18
 494 009c 9742     		.uleb128 0x2117
 495 009e 19       		.uleb128 0x19
 496 009f 00       		.byte	0
 497 00a0 00       		.byte	0
 498 00a1 0C       		.uleb128 0xc
 499 00a2 2E       		.uleb128 0x2e
 500 00a3 00       		.byte	0
 501 00a4 3F       		.uleb128 0x3f
 502 00a5 19       		.uleb128 0x19
 503 00a6 03       		.uleb128 0x3
 504 00a7 0E       		.uleb128 0xe
 505 00a8 3A       		.uleb128 0x3a
 506 00a9 0B       		.uleb128 0xb
 507 00aa 3B       		.uleb128 0x3b
 508 00ab 0B       		.uleb128 0xb
 509 00ac 27       		.uleb128 0x27
 510 00ad 19       		.uleb128 0x19
 511 00ae 3C       		.uleb128 0x3c
 512 00af 19       		.uleb128 0x19
 513 00b0 00       		.byte	0
 514 00b1 00       		.byte	0
 515 00b2 0D       		.uleb128 0xd
 516 00b3 2E       		.uleb128 0x2e
 517 00b4 01       		.byte	0x1
 518 00b5 3F       		.uleb128 0x3f
 519 00b6 19       		.uleb128 0x19
 520 00b7 03       		.uleb128 0x3
 521 00b8 0E       		.uleb128 0xe
 522 00b9 3A       		.uleb128 0x3a
 523 00ba 0B       		.uleb128 0xb
 524 00bb 3B       		.uleb128 0x3b
 525 00bc 0B       		.uleb128 0xb
 526 00bd 27       		.uleb128 0x27
 527 00be 19       		.uleb128 0x19
 528 00bf 3C       		.uleb128 0x3c
 529 00c0 19       		.uleb128 0x19
 530 00c1 01       		.uleb128 0x1
 531 00c2 13       		.uleb128 0x13
 532 00c3 00       		.byte	0
 533 00c4 00       		.byte	0
 534 00c5 0E       		.uleb128 0xe
 535 00c6 05       		.uleb128 0x5
ARM GAS  C:\Users\jmdevoto\AppData\Local\Temp\ccNyAJUk.s 			page 13


 536 00c7 00       		.byte	0
 537 00c8 49       		.uleb128 0x49
 538 00c9 13       		.uleb128 0x13
 539 00ca 00       		.byte	0
 540 00cb 00       		.byte	0
 541 00cc 00       		.byte	0
 542              		.section	.debug_aranges,"",%progbits
 543 0000 34000000 		.4byte	0x34
 544 0004 0200     		.2byte	0x2
 545 0006 00000000 		.4byte	.Ldebug_info0
 546 000a 04       		.byte	0x4
 547 000b 00       		.byte	0
 548 000c 0000     		.2byte	0
 549 000e 0000     		.2byte	0
 550 0010 00000000 		.4byte	.LFB0
 551 0014 16000000 		.4byte	.LFE0-.LFB0
 552 0018 00000000 		.4byte	.LFB1
 553 001c 28000000 		.4byte	.LFE1-.LFB1
 554 0020 00000000 		.4byte	.LFB2
 555 0024 02000000 		.4byte	.LFE2-.LFB2
 556 0028 00000000 		.4byte	.LFB3
 557 002c 02000000 		.4byte	.LFE3-.LFB3
 558 0030 00000000 		.4byte	0
 559 0034 00000000 		.4byte	0
 560              		.section	.debug_ranges,"",%progbits
 561              	.Ldebug_ranges0:
 562 0000 00000000 		.4byte	.LFB0
 563 0004 16000000 		.4byte	.LFE0
 564 0008 00000000 		.4byte	.LFB1
 565 000c 28000000 		.4byte	.LFE1
 566 0010 00000000 		.4byte	.LFB2
 567 0014 02000000 		.4byte	.LFE2
 568 0018 00000000 		.4byte	.LFB3
 569 001c 02000000 		.4byte	.LFE3
 570 0020 00000000 		.4byte	0
 571 0024 00000000 		.4byte	0
 572              		.section	.debug_line,"",%progbits
 573              	.Ldebug_line0:
 574 0000 D3000000 		.section	.debug_str,"MS",%progbits,1
 574      02008200 
 574      00000201 
 574      FB0E0D00 
 574      01010101 
 575              	.LASF31:
 576 0000 433A5C55 		.ascii	"C:\\Users\\jmdevoto\\Desktop\\Builds\\(4-24-17)Humm"
 576      73657273 
 576      5C6A6D64 
 576      65766F74 
 576      6F5C4465 
 577 002e 696E6762 		.ascii	"ingbird-059-v1\\Hummingbird(Continuous Output).cyds"
 577      6972642D 
 577      3035392D 
 577      76315C48 
 577      756D6D69 
 578 0060 6E00     		.ascii	"n\000"
 579              	.LASF3:
 580 0062 73686F72 		.ascii	"short unsigned int\000"
ARM GAS  C:\Users\jmdevoto\AppData\Local\Temp\ccNyAJUk.s 			page 14


 580      7420756E 
 580      7369676E 
 580      65642069 
 580      6E7400
 581              	.LASF18:
 582 0075 55495F41 		.ascii	"UI_ADC_SaveConfig\000"
 582      44435F53 
 582      61766543 
 582      6F6E6669 
 582      6700
 583              	.LASF20:
 584 0087 55495F41 		.ascii	"UI_ADC_SAR_Stop\000"
 584      44435F53 
 584      41525F53 
 584      746F7000 
 585              	.LASF23:
 586 0097 55495F41 		.ascii	"UI_ADC_IntClock_Stop\000"
 586      44435F49 
 586      6E74436C 
 586      6F636B5F 
 586      53746F70 
 587              	.LASF22:
 588 00ac 55495F41 		.ascii	"UI_ADC_Disable\000"
 588      44435F44 
 588      69736162 
 588      6C6500
 589              	.LASF29:
 590 00bb 474E5520 		.ascii	"GNU C 4.9.3 20150303 (release) [ARM/embedded-4_9-br"
 590      4320342E 
 590      392E3320 
 590      32303135 
 590      30333033 
 591 00ee 616E6368 		.ascii	"anch revision 221220] -mcpu=cortex-m3 -mthumb -g -O"
 591      20726576 
 591      6973696F 
 591      6E203232 
 591      31323230 
 592 0121 32202D66 		.ascii	"2 -ffunction-sections -ffat-lto-objects\000"
 592      66756E63 
 592      74696F6E 
 592      2D736563 
 592      74696F6E 
 593              	.LASF11:
 594 0149 666C6F61 		.ascii	"float\000"
 594      7400
 595              	.LASF27:
 596 014f 55495F41 		.ascii	"UI_ADC_Enable\000"
 596      44435F45 
 596      6E61626C 
 596      6500
 597              	.LASF1:
 598 015d 756E7369 		.ascii	"unsigned char\000"
 598      676E6564 
 598      20636861 
 598      7200
 599              	.LASF14:
 600 016b 72656738 		.ascii	"reg8\000"
ARM GAS  C:\Users\jmdevoto\AppData\Local\Temp\ccNyAJUk.s 			page 15


 600      00
 601              	.LASF26:
 602 0170 55495F41 		.ascii	"UI_ADC_IntClock_Start\000"
 602      44435F49 
 602      6E74436C 
 602      6F636B5F 
 602      53746172 
 603              	.LASF5:
 604 0186 6C6F6E67 		.ascii	"long unsigned int\000"
 604      20756E73 
 604      69676E65 
 604      6420696E 
 604      7400
 605              	.LASF9:
 606 0198 75696E74 		.ascii	"uint8\000"
 606      3800
 607              	.LASF28:
 608 019e 55495F41 		.ascii	"UI_ADC_SAR_StartConvert\000"
 608      44435F53 
 608      41525F53 
 608      74617274 
 608      436F6E76 
 609              	.LASF12:
 610 01b6 646F7562 		.ascii	"double\000"
 610      6C6500
 611              	.LASF10:
 612 01bd 75696E74 		.ascii	"uint16\000"
 612      313600
 613              	.LASF30:
 614 01c4 47656E65 		.ascii	"Generated_Source\\PSoC5\\UI_ADC_PM.c\000"
 614      72617465 
 614      645F536F 
 614      75726365 
 614      5C50536F 
 615              	.LASF8:
 616 01e7 756E7369 		.ascii	"unsigned int\000"
 616      676E6564 
 616      20696E74 
 616      00
 617              	.LASF7:
 618 01f4 6C6F6E67 		.ascii	"long long unsigned int\000"
 618      206C6F6E 
 618      6720756E 
 618      7369676E 
 618      65642069 
 619              	.LASF19:
 620 020b 55495F41 		.ascii	"UI_ADC_RestoreConfig\000"
 620      44435F52 
 620      6573746F 
 620      7265436F 
 620      6E666967 
 621              	.LASF24:
 622 0220 55495F41 		.ascii	"UI_ADC_SAR_Wakeup\000"
 622      44435F53 
 622      41525F57 
 622      616B6575 
 622      7000
ARM GAS  C:\Users\jmdevoto\AppData\Local\Temp\ccNyAJUk.s 			page 16


 623              	.LASF15:
 624 0232 73697A65 		.ascii	"sizetype\000"
 624      74797065 
 624      00
 625              	.LASF6:
 626 023b 6C6F6E67 		.ascii	"long long int\000"
 626      206C6F6E 
 626      6720696E 
 626      7400
 627              	.LASF32:
 628 0249 43794465 		.ascii	"CyDelayUs\000"
 628      6C617955 
 628      7300
 629              	.LASF13:
 630 0253 63686172 		.ascii	"char\000"
 630      00
 631              	.LASF2:
 632 0258 73686F72 		.ascii	"short int\000"
 632      7420696E 
 632      7400
 633              	.LASF4:
 634 0262 6C6F6E67 		.ascii	"long int\000"
 634      20696E74 
 634      00
 635              	.LASF25:
 636 026b 55495F41 		.ascii	"UI_ADC_SAR_Enable\000"
 636      44435F53 
 636      41525F45 
 636      6E61626C 
 636      6500
 637              	.LASF16:
 638 027d 55495F41 		.ascii	"UI_ADC_Sleep\000"
 638      44435F53 
 638      6C656570 
 638      00
 639              	.LASF0:
 640 028a 7369676E 		.ascii	"signed char\000"
 640      65642063 
 640      68617200 
 641              	.LASF17:
 642 0296 55495F41 		.ascii	"UI_ADC_Wakeup\000"
 642      44435F57 
 642      616B6575 
 642      7000
 643              	.LASF21:
 644 02a4 55495F41 		.ascii	"UI_ADC_SAR_Sleep\000"
 644      44435F53 
 644      41525F53 
 644      6C656570 
 644      00
 645              		.ident	"GCC: (GNU Tools for ARM Embedded Processors) 4.9.3 20150303 (release) [ARM/embedded-4_9-br
